Log file open, 12/12/16 23:33:59
LogInit:Display: Running engine for game: Dissolving_Gradients
LogPlatformFile: Not using cached read wrapper
LogInit:Display: RandInit(-1525650183) SRandInit(-1525650183).
LogTaskGraph: Started task graph with 5 named threads and 8 total threads with 1 sets of task threads.
LogStats: Stats thread started at 0.724354
LogPluginManager: Loaded Plugin Paper2D, From C:/Program Files (x86)/Epic Games/4.14/Engine/Plugins/2D/Paper2D/Paper2D.uplugin
LogPluginManager: Loaded Plugin LightPropagationVolume, From C:/Program Files (x86)/Epic Games/4.14/Engine/Plugins/Blendables/LightPropagationVolume/LightPropagationVolume.uplugin
LogPluginManager: Loaded Plugin BlankPlugin, From C:/Program Files (x86)/Epic Games/4.14/Engine/Plugins/Developer/BlankPlugin/BlankPlugin.uplugin
LogPluginManager: Loaded Plugin CodeLiteSourceCodeAccess, From C:/Program Files (x86)/Epic Games/4.14/Engine/Plugins/Developer/CodeLiteSourceCodeAccess/CodeLiteSourceCodeAccess.uplugin
LogPluginManager: Loaded Plugin GitSourceControl, From C:/Program Files (x86)/Epic Games/4.14/Engine/Plugins/Developer/GitSourceControl/GitSourceControl.uplugin
LogPluginManager: Loaded Plugin KDevelopSourceCodeAccess, From C:/Program Files (x86)/Epic Games/4.14/Engine/Plugins/Developer/KDevelopSourceCodeAccess/KDevelopSourceCodeAccess.uplugin
LogPluginManager: Loaded Plugin NullSourceCodeAccess, From C:/Program Files (x86)/Epic Games/4.14/Engine/Plugins/Developer/NullSourceCodeAccess/NullSourceCodeAccess.uplugin
LogPluginManager: Loaded Plugin OneSkyLocalizationService, From C:/Program Files (x86)/Epic Games/4.14/Engine/Plugins/Developer/OneSkyLocalizationService/OneSkyLocalizationService.uplugin
LogPluginManager: Loaded Plugin PerforceSourceControl, From C:/Program Files (x86)/Epic Games/4.14/Engine/Plugins/Developer/PerforceSourceControl/PerforceSourceControl.uplugin
LogPluginManager: Loaded Plugin SubversionSourceControl, From C:/Program Files (x86)/Epic Games/4.14/Engine/Plugins/Developer/SubversionSourceControl/SubversionSourceControl.uplugin
LogPluginManager: Loaded Plugin UObjectPlugin, From C:/Program Files (x86)/Epic Games/4.14/Engine/Plugins/Developer/UObjectPlugin/UObjectPlugin.uplugin
LogPluginManager: Loaded Plugin VisualStudioSourceCodeAccess, From C:/Program Files (x86)/Epic Games/4.14/Engine/Plugins/Developer/VisualStudioSourceCodeAccess/VisualStudioSourceCodeAccess.uplugin
LogPluginManager: Loaded Plugin XCodeSourceCodeAccess, From C:/Program Files (x86)/Epic Games/4.14/Engine/Plugins/Developer/XCodeSourceCodeAccess/XCodeSourceCodeAccess.uplugin
LogPluginManager: Loaded Plugin AudioCapture, From C:/Program Files (x86)/Epic Games/4.14/Engine/Plugins/Editor/AudioCapture/AudioCapture.uplugin
LogPluginManager: Loaded Plugin EpicSurvey, From C:/Program Files (x86)/Epic Games/4.14/Engine/Plugins/Editor/EpicSurvey/EpicSurvey.uplugin
LogPluginManager: Loaded Plugin MacGraphicsSwitching, From C:/Program Files (x86)/Epic Games/4.14/Engine/Plugins/Editor/MacGraphicsSwitching/MacGraphicsSwitching.uplugin
LogPluginManager: Loaded Plugin MobileLauncherProfileWizard, From C:/Program Files (x86)/Epic Games/4.14/Engine/Plugins/Editor/MobileLauncherProfileWizard/MobileLauncherProfileWizard.uplugin
LogPluginManager: Loaded Plugin PluginBrowser, From C:/Program Files (x86)/Epic Games/4.14/Engine/Plugins/Editor/PluginBrowser/PluginBrowser.uplugin
LogPluginManager: Loaded Plugin SpeedTreeImporter, From C:/Program Files (x86)/Epic Games/4.14/Engine/Plugins/Editor/SpeedTreeImporter/SpeedTreeImporter.uplugin
LogPluginManager: Loaded Plugin SuperSearchEditor, From C:/Program Files (x86)/Epic Games/4.14/Engine/Plugins/Editor/SuperSearchEditor/SuperSearchEditor.uplugin
LogPluginManager: Loaded Plugin AlembicImporter, From C:/Program Files (x86)/Epic Games/4.14/Engine/Plugins/Experimental/AlembicImporter/AlembicImporter.uplugin
LogPluginManager: Loaded Plugin BlueprintStats, From C:/Program Files (x86)/Epic Games/4.14/Engine/Plugins/Experimental/BlueprintStats/BlueprintStats.uplugin
LogPluginManager: Loaded Plugin CharacterAI, From C:/Program Files (x86)/Epic Games/4.14/Engine/Plugins/Experimental/CharacterAI/CharacterAI.uplugin
LogPluginManager: Loaded Plugin CodeEditor, From C:/Program Files (x86)/Epic Games/4.14/Engine/Plugins/Experimental/CodeEditor/CodeEditor.uplugin
LogPluginManager: Loaded Plugin CodeView, From C:/Program Files (x86)/Epic Games/4.14/Engine/Plugins/Experimental/CodeView/CodeView.uplugin
LogPluginManager: Loaded Plugin HTML5Networking, From C:/Program Files (x86)/Epic Games/4.14/Engine/Plugins/Experimental/HTML5Networking/HTML5Networking.uplugin
LogPluginManager: Loaded Plugin OSVR, From C:/Program Files (x86)/Epic Games/4.14/Engine/Plugins/Experimental/OSVR/OSVR.uplugin
LogPluginManager: Loaded Plugin Phya, From C:/Program Files (x86)/Epic Games/4.14/Engine/Plugins/Experimental/Phya/Phya.uplugin
LogPluginManager: Loaded Plugin SignificanceManager, From C:/Program Files (x86)/Epic Games/4.14/Engine/Plugins/Experimental/SignificanceManager/SignificanceManager.uplugin
LogPluginManager: Loaded Plugin SimpleHMD, From C:/Program Files (x86)/Epic Games/4.14/Engine/Plugins/Experimental/SimpleHMD/SimpleHMD.uplugin
LogPluginManager: Loaded Plugin StereoPanorama, From C:/Program Files (x86)/Epic Games/4.14/Engine/Plugins/Experimental/StereoPanorama/StereoPanorama.uplugin
LogPluginManager: Loaded Plugin StructBox, From C:/Program Files (x86)/Epic Games/4.14/Engine/Plugins/Experimental/StructBox/StructBox.uplugin
LogPluginManager: Loaded Plugin HorizonUIPlugin, From C:/Program Files (x86)/Epic Games/4.14/Engine/Plugins/Marketplace/HorizonUIPlugin/HorizonUIPlugin.uplugin
LogPluginManager: Loaded Plugin Substance, From C:/Program Files (x86)/Epic Games/4.14/Engine/Plugins/Marketplace/Substance/Substance.uplugin
LogPluginManager: Loaded Plugin AndroidMedia, From C:/Program Files (x86)/Epic Games/4.14/Engine/Plugins/Media/AndroidMedia/AndroidMedia.uplugin
LogPluginManager: Loaded Plugin AvfMedia, From C:/Program Files (x86)/Epic Games/4.14/Engine/Plugins/Media/AvfMedia/AvfMedia.uplugin
LogPluginManager: Loaded Plugin MediaPlayerEditor, From C:/Program Files (x86)/Epic Games/4.14/Engine/Plugins/Media/MediaPlayerEditor/MediaPlayerEditor.uplugin
LogPluginManager: Loaded Plugin WmfMedia, From C:/Program Files (x86)/Epic Games/4.14/Engine/Plugins/Media/WmfMedia/WmfMedia.uplugin
LogPluginManager: Loaded Plugin MessagingDebugger, From C:/Program Files (x86)/Epic Games/4.14/Engine/Plugins/Messaging/MessagingDebugger/MessagingDebugger.uplugin
LogPluginManager: Loaded Plugin TcpMessaging, From C:/Program Files (x86)/Epic Games/4.14/Engine/Plugins/Messaging/TcpMessaging/TcpMessaging.uplugin
LogPluginManager: Loaded Plugin UdpMessaging, From C:/Program Files (x86)/Epic Games/4.14/Engine/Plugins/Messaging/UdpMessaging/UdpMessaging.uplugin
LogPluginManager: Loaded Plugin LevelSequenceEditor, From C:/Program Files (x86)/Epic Games/4.14/Engine/Plugins/MovieScene/LevelSequenceEditor/LevelSequenceEditor.uplugin
LogPluginManager: Loaded Plugin MatineeToLevelSequence, From C:/Program Files (x86)/Epic Games/4.14/Engine/Plugins/MovieScene/MatineeToLevelSequence/MatineeToLevelSequence.uplugin
LogPluginManager: Loaded Plugin NetcodeUnitTest, From C:/Program Files (x86)/Epic Games/4.14/Engine/Plugins/NetcodeUnitTest/NetcodeUnitTest/NetcodeUnitTest.uplugin
LogPluginManager: Loaded Plugin NUTUnrealEngine4, From C:/Program Files (x86)/Epic Games/4.14/Engine/Plugins/NetcodeUnitTest/NUTUnrealEngine4/NUTUnrealEngine4.uplugin
LogPluginManager: Loaded Plugin OnlineSubsystemGameCircle, From C:/Program Files (x86)/Epic Games/4.14/Engine/Plugins/Online/Android/OnlineSubsystemGameCircle/OnlineSubsystemGameCircle.uplugin
LogPluginManager: Loaded Plugin OnlineSubsystemGooglePlay, From C:/Program Files (x86)/Epic Games/4.14/Engine/Plugins/Online/Android/OnlineSubsystemGooglePlay/OnlineSubsystemGooglePlay.uplugin
LogPluginManager: Loaded Plugin OnlineSubsystemIOS, From C:/Program Files (x86)/Epic Games/4.14/Engine/Plugins/Online/IOS/OnlineSubsystemIOS/OnlineSubsystemIOS.uplugin
LogPluginManager: Loaded Plugin OnlineFramework, From C:/Program Files (x86)/Epic Games/4.14/Engine/Plugins/Online/OnlineFramework/OnlineFramework.uplugin
LogPluginManager: Loaded Plugin OnlineSubsystem, From C:/Program Files (x86)/Epic Games/4.14/Engine/Plugins/Online/OnlineSubsystem/OnlineSubsystem.uplugin
LogPluginManager: Loaded Plugin OnlineSubsystemAmazon, From C:/Program Files (x86)/Epic Games/4.14/Engine/Plugins/Online/OnlineSubsystemAmazon/OnlineSubsystemAmazon.uplugin
LogPluginManager: Loaded Plugin OnlineSubsystemFacebook, From C:/Program Files (x86)/Epic Games/4.14/Engine/Plugins/Online/OnlineSubsystemFacebook/OnlineSubsystemFacebook.uplugin
LogPluginManager: Loaded Plugin OnlineSubsystemNull, From C:/Program Files (x86)/Epic Games/4.14/Engine/Plugins/Online/OnlineSubsystemNull/OnlineSubsystemNull.uplugin
LogPluginManager: Loaded Plugin OnlineSubsystemOculus, From C:/Program Files (x86)/Epic Games/4.14/Engine/Plugins/Online/OnlineSubsystemOculus/OnlineSubsystemOculus.uplugin
LogPluginManager: Loaded Plugin OnlineSubsystemSteam, From C:/Program Files (x86)/Epic Games/4.14/Engine/Plugins/Online/OnlineSubsystemSteam/OnlineSubsystemSteam.uplugin
LogPluginManager: Loaded Plugin OnlineSubsystemUtils, From C:/Program Files (x86)/Epic Games/4.14/Engine/Plugins/Online/OnlineSubsystemUtils/OnlineSubsystemUtils.uplugin
LogPluginManager: Loaded Plugin IOSTapJoy, From C:/Program Files (x86)/Epic Games/4.14/Engine/Plugins/Runtime/Advertising/IOSTapJoy/IOSTapJoy.uplugin
LogPluginManager: Loaded Plugin AnalyticsBlueprintLibrary, From C:/Program Files (x86)/Epic Games/4.14/Engine/Plugins/Runtime/Analytics/AnalyticsBlueprintLibrary/AnalyticsBlueprintLibrary.uplugin
LogPluginManager: Loaded Plugin AnalyticsMulticast, From C:/Program Files (x86)/Epic Games/4.14/Engine/Plugins/Runtime/Analytics/AnalyticsMulticast/AnalyticsMulticast.uplugin
LogPluginManager: Loaded Plugin Apsalar, From C:/Program Files (x86)/Epic Games/4.14/Engine/Plugins/Runtime/Analytics/Apsalar/Apsalar.uplugin
LogPluginManager: Loaded Plugin FileLogging, From C:/Program Files (x86)/Epic Games/4.14/Engine/Plugins/Runtime/Analytics/FileLogging/FileLogging.uplugin
LogPluginManager: Loaded Plugin Flurry, From C:/Program Files (x86)/Epic Games/4.14/Engine/Plugins/Runtime/Analytics/Flurry/Flurry.uplugin
LogPluginManager: Loaded Plugin AndroidDeviceProfileSelector, From C:/Program Files (x86)/Epic Games/4.14/Engine/Plugins/Runtime/AndroidDeviceProfileSelector/AndroidDeviceProfileSelector.uplugin
LogPluginManager: Loaded Plugin AndroidMoviePlayer, From C:/Program Files (x86)/Epic Games/4.14/Engine/Plugins/Runtime/AndroidMoviePlayer/AndroidMoviePlayer.uplugin
LogPluginManager: Loaded Plugin AppleMoviePlayer, From C:/Program Files (x86)/Epic Games/4.14/Engine/Plugins/Runtime/AppleMoviePlayer/AppleMoviePlayer.uplugin
LogPluginManager: Loaded Plugin ArchVisCharacter, From C:/Program Files (x86)/Epic Games/4.14/Engine/Plugins/Runtime/ArchVisCharacter/ArchVisCharacter.uplugin
LogPluginManager: Loaded Plugin CableComponent, From C:/Program Files (x86)/Epic Games/4.14/Engine/Plugins/Runtime/CableComponent/CableComponent.uplugin
LogPluginManager: Loaded Plugin CustomMeshComponent, From C:/Program Files (x86)/Epic Games/4.14/Engine/Plugins/Runtime/CustomMeshComponent/CustomMeshComponent.uplugin
LogPluginManager: Loaded Plugin ExampleDeviceProfileSelector, From C:/Program Files (x86)/Epic Games/4.14/Engine/Plugins/Runtime/ExampleDeviceProfileSelector/ExampleDeviceProfileSelector.uplugin
LogPluginManager: Loaded Plugin GearVR, From C:/Program Files (x86)/Epic Games/4.14/Engine/Plugins/Runtime/GearVR/GearVR.uplugin
LogPluginManager: Loaded Plugin GoogleVRController, From C:/Program Files (x86)/Epic Games/4.14/Engine/Plugins/Runtime/GoogleVR/GoogleVRController/GoogleVRController.uplugin
LogPluginManager: Loaded Plugin GoogleVRHMD, From C:/Program Files (x86)/Epic Games/4.14/Engine/Plugins/Runtime/GoogleVR/GoogleVRHMD/GoogleVRHMD.uplugin
LogPluginManager: Loaded Plugin IOSDeviceProfileSelector, From C:/Program Files (x86)/Epic Games/4.14/Engine/Plugins/Runtime/IOSDeviceProfileSelector/IOSDeviceProfileSelector.uplugin
LogPluginManager: Loaded Plugin LeapMotion, From C:/Program Files (x86)/Epic Games/4.14/Engine/Plugins/Runtime/LeapMotion/LeapMotion.uplugin
LogPluginManager: Loaded Plugin LinuxDeviceProfileSelector, From C:/Program Files (x86)/Epic Games/4.14/Engine/Plugins/Runtime/LinuxDeviceProfileSelector/LinuxDeviceProfileSelector.uplugin
LogPluginManager: Loaded Plugin MIDIDevice, From C:/Program Files (x86)/Epic Games/4.14/Engine/Plugins/Runtime/MIDIDevice/MIDIDevice.uplugin
LogPluginManager: Loaded Plugin MobilePatchingUtils, From C:/Program Files (x86)/Epic Games/4.14/Engine/Plugins/Runtime/MobilePatchingUtils/MobilePatchingUtils.uplugin
LogPluginManager: Loaded Plugin Ansel, From C:/Program Files (x86)/Epic Games/4.14/Engine/Plugins/Runtime/Nvidia/Ansel/Ansel.uplugin
LogPluginManager: Loaded Plugin OculusAudio, From C:/Program Files (x86)/Epic Games/4.14/Engine/Plugins/Runtime/OculusAudio/OculusAudio.uplugin
LogPluginManager: Loaded Plugin OculusInput, From C:/Program Files (x86)/Epic Games/4.14/Engine/Plugins/Runtime/OculusInput/OculusInput.uplugin
LogPluginManager: Loaded Plugin OculusLibrary, From C:/Program Files (x86)/Epic Games/4.14/Engine/Plugins/Runtime/OculusLibrary/OculusLibrary.uplugin
LogPluginManager: Loaded Plugin OculusRift, From C:/Program Files (x86)/Epic Games/4.14/Engine/Plugins/Runtime/OculusRift/OculusRift.uplugin
LogPluginManager: Loaded Plugin Oodle, From C:/Program Files (x86)/Epic Games/4.14/Engine/Plugins/Runtime/PacketHandlers/CompressionComponents/Oodle/Oodle.uplugin
LogPluginManager: Loaded Plugin ProceduralMeshComponent, From C:/Program Files (x86)/Epic Games/4.14/Engine/Plugins/Runtime/ProceduralMeshComponent/ProceduralMeshComponent.uplugin
LogPluginManager: Loaded Plugin SoundMod, From C:/Program Files (x86)/Epic Games/4.14/Engine/Plugins/Runtime/SoundMod/SoundMod.uplugin
LogPluginManager: Loaded Plugin SoundVisualizations, From C:/Program Files (x86)/Epic Games/4.14/Engine/Plugins/Runtime/SoundVisualizations/SoundVisualizations.uplugin
LogPluginManager: Loaded Plugin SteamController, From C:/Program Files (x86)/Epic Games/4.14/Engine/Plugins/Runtime/Steam/SteamController/SteamController.uplugin
LogPluginManager: Loaded Plugin SteamVR, From C:/Program Files (x86)/Epic Games/4.14/Engine/Plugins/Runtime/Steam/SteamVR/SteamVR.uplugin
LogPluginManager: Loaded Plugin WebBrowserWidget, From C:/Program Files (x86)/Epic Games/4.14/Engine/Plugins/Runtime/WebBrowserWidget/WebBrowserWidget.uplugin
LogPluginManager: Loaded Plugin WindowsDeviceProfileSelector, From C:/Program Files (x86)/Epic Games/4.14/Engine/Plugins/Runtime/WindowsDeviceProfileSelector/WindowsDeviceProfileSelector.uplugin
LogPluginManager: Loaded Plugin WindowsMoviePlayer, From C:/Program Files (x86)/Epic Games/4.14/Engine/Plugins/Runtime/WindowsMoviePlayer/WindowsMoviePlayer.uplugin
LogPluginManager: Loaded Plugin ScriptPlugin, From C:/Program Files (x86)/Epic Games/4.14/Engine/Plugins/ScriptPlugin/ScriptPlugin.uplugin
LogPluginManager: Loaded Plugin SlateRemote, From C:/Program Files (x86)/Epic Games/4.14/Engine/Plugins/Slate/SlateRemote/SlateRemote.uplugin
LogPluginManager: Loaded Plugin EditorTests, From C:/Program Files (x86)/Epic Games/4.14/Engine/Plugins/Tests/EditorTests/EditorTests.uplugin
LogPluginManager: Loaded Plugin FbxAutomationTestBuilder, From C:/Program Files (x86)/Epic Games/4.14/Engine/Plugins/Tests/FbxAutomationTestBuilder/FbxAutomationTestBuilder.uplugin
LogPluginManager: Loaded Plugin FunctionalTestingEditor, From C:/Program Files (x86)/Epic Games/4.14/Engine/Plugins/Tests/FunctionalTestingEditor/FunctionalTestingEditor.uplugin
LogPluginManager: Loaded Plugin RuntimeTests, From C:/Program Files (x86)/Epic Games/4.14/Engine/Plugins/Tests/RuntimeTests/RuntimeTests.uplugin
LogPluginManager: Loaded Plugin ScreenshotTools, From C:/Program Files (x86)/Epic Games/4.14/Engine/Plugins/Tests/ScreenshotTools/ScreenshotTools.uplugin
LogInit: Using libcurl 7.47.1
LogInit:  - built for x86_64-pc-win32
LogInit:  - supports SSL with OpenSSL/1.0.2g
LogInit:  - supports HTTP deflate (compression) using libz 1.2.8
LogInit:  - other features:
LogInit:      CURL_VERSION_SSL
LogInit:      CURL_VERSION_LIBZ
LogInit:      CURL_VERSION_IPV6
LogInit:      CURL_VERSION_ASYNCHDNS
LogInit:      CURL_VERSION_LARGEFILE
LogInit:      CURL_VERSION_IDN
LogInit:  CurlRequestOptions (configurable via config and command line):
LogInit:  - bVerifyPeer = false  - Libcurl will NOT verify peer certificate
LogInit:  - bUseHttpProxy = false  - Libcurl will NOT use HTTP proxy
LogInit:  - bDontReuseConnections = false  - Libcurl will reuse connections
LogInit:  - CertBundlePath = nullptr  - Libcurl will use whatever was configured at build time.
LogInit: Build: ++UE4+Release-4.14-CL-3224400
LogInit: Engine Version: 4.14.1-3224400+++UE4+Release-4.14
LogInit: Compatible Engine Version: 4.14.0-3195953+++UE4+Release-4.14
LogInit: Net CL: 3195953
LogDevObjectVersion: Number of dev versions registered: 13
LogDevObjectVersion:   Dev-Blueprints (B0D832E4-1F89-4F0D-ACCF-7EB736FD4AA2): 7
LogDevObjectVersion:   Dev-Build (E1C64328-A22C-4D53-A36C-8E866417BD8C): 0
LogDevObjectVersion:   Dev-Core (375EC13C-06E4-48FB-B500-84F0262A717E): 1
LogDevObjectVersion:   Dev-Editor (E4B068ED-F494-42E9-A231-DA0B2E46BB41): 8
LogDevObjectVersion:   Dev-Framework (CFFC743F-43B0-4480-9391-14DF171D2073): 17
LogDevObjectVersion:   Dev-Mobile (B02B49B5-BB20-44E9-A304-32B752E40360): 0
LogDevObjectVersion:   Dev-Networking (A4E4105C-59A1-49B5-A7C5-40C4547EDFEE): 0
LogDevObjectVersion:   Dev-Online (39C831C9-5AE6-47DC-9A44-9C173E1C8E7C): 0
LogDevObjectVersion:   Dev-Physics (78F01B33-EBEA-4F98-B9B4-84EACCB95AA2): 0
LogDevObjectVersion:   Dev-Platform (6631380F-2D4D-43E0-8009-CF276956A95A): 0
LogDevObjectVersion:   Dev-Rendering (12F88B9F-8875-4AFC-A67C-D90C383ABD29): 12
LogDevObjectVersion:   Dev-Sequencer (7B5AE74C-D270-4C10-A958-57980B212A5A): 1
LogDevObjectVersion:   Dev-VR (D7296918-1DD6-4BDD-9DE2-64A83CC13884): 0
LogInit: Compiled (64-bit): Dec  7 2016 02:14:32
LogInit: Compiled with Visual C++: 19.00.23026.00
LogInit: Build Configuration: Development
LogInit: Branch Name: ++UE4+Release-4.14
LogInit: Command line:  
LogInit: Base directory: C:/Program Files (x86)/Epic Games/4.14/Engine/Binaries/Win64/
LogInit: Installed Engine Build: 1
LogInit: Presizing for max 8388607 objects, including 0 objects not considered by GC, pre-allocating 0 bytes for permanent pool.
LogInit: Object subsystem initialized
[2016.12.13-07.34.00:083][  0]LogInit: Selected Device Profile: [Windows]
[2016.12.13-07.34.00:083][  0]LogInit: Applying CVar settings loaded from the selected device profile: [Windows]
[2016.12.13-07.34.00:091][  0]LogInit: Computer: CEREBRO
[2016.12.13-07.34.00:091][  0]LogInit: User: Dan
[2016.12.13-07.34.00:091][  0]LogInit: CPU Page size=65536, Cores=4
[2016.12.13-07.34.00:091][  0]LogInit: High frequency timer resolution =3.906328 MHz
[2016.12.13-07.34.00:091][  0]LogMemory: Memory total: Physical=31.9GB (32GB approx)
[2016.12.13-07.34.00:091][  0]LogMemory: Platform Memory Stats for Windows
[2016.12.13-07.34.00:091][  0]LogMemory: Process Physical Memory: 266.68 MB used, 266.68 MB peak
[2016.12.13-07.34.00:091][  0]LogMemory: Process Virtual Memory: 265.49 MB used, 265.49 MB peak
[2016.12.13-07.34.00:091][  0]LogMemory: Physical Memory: 8246.52 MB used,  24470.10 MB free, 32716.63 MB total
[2016.12.13-07.34.00:091][  0]LogMemory: Virtual Memory: 664.58 MB used,  24470.10 MB free, 8388608.00 MB total
[2016.12.13-07.34.00:248][  0]LogTextLocalizationManager: No specific translations for ('en-US') exist, so ('en') translations will be used.
[2016.12.13-07.34.00:875][  0]LogD3D11RHI: D3D11 adapters:
[2016.12.13-07.34.00:911][  0]LogD3D11RHI:    0. 'NVIDIA GeForce GTX 970' (Feature Level 11_0)
[2016.12.13-07.34.00:911][  0]LogD3D11RHI:       4007/0/16102 MB DedicatedVideo/DedicatedSystem/SharedSystem, Outputs:3, VendorId:0x10de
[2016.12.13-07.34.00:911][  0]LogD3D11RHI: Chosen D3D11 Adapter: 0
[2016.12.13-07.34.00:915][  0]LogD3D11RHI: Creating new Direct3DDevice
[2016.12.13-07.34.00:915][  0]LogD3D11RHI:     GPU DeviceId: 0x13c2 (for the marketing name, search the web for "GPU Device Id")
[2016.12.13-07.34.00:915][  0]LogWindows: EnumDisplayDevices:
[2016.12.13-07.34.00:915][  0]LogWindows:    0. 'NVIDIA GeForce GTX 970' (P:1 D:1)
[2016.12.13-07.34.00:915][  0]LogWindows:    1. 'NVIDIA GeForce GTX 970' (P:0 D:1)
[2016.12.13-07.34.00:915][  0]LogWindows:    2. 'NVIDIA GeForce GTX 970' (P:0 D:1)
[2016.12.13-07.34.00:916][  0]LogWindows:    3. 'NVIDIA GeForce GTX 970' (P:0 D:0)
[2016.12.13-07.34.00:916][  0]LogWindows:    4. 'RDPDD Chained DD' (P:0 D:0)
[2016.12.13-07.34.00:916][  0]LogWindows:    5. 'RDP Encoder Mirror Driver' (P:0 D:0)
[2016.12.13-07.34.00:916][  0]LogWindows:    6. 'RDP Reflector Display Driver' (P:0 D:0)
[2016.12.13-07.34.00:916][  0]LogWindows: DebugString: GetVideoDriverDetailsInvalid PrimaryIsNotTheChoosenAdapter GetVideoDriverDetailsInvalid PrimaryIsNotTheChoosenAdapter GetVideoDriverDetailsInvalid PrimaryIsNotTheChoosenAdapter FoundDriverCount:4 
[2016.12.13-07.34.00:916][  0]LogD3D11RHI:     Adapter Name: NVIDIA GeForce GTX 970
[2016.12.13-07.34.00:916][  0]LogD3D11RHI:   Driver Version: 375.70 (internal:21.21.13.7570, unified:375.70)
[2016.12.13-07.34.00:916][  0]LogD3D11RHI:      Driver Date: 10-25-2016
[2016.12.13-07.34.00:916][  0]LogRHI: Texture pool is 1361 MB (70% of 1945 MB)
[2016.12.13-07.34.00:924][  0]LogD3D11RHI: Async texture creation enabled
[2016.12.13-07.34.00:961][  0]LogD3D11RHI: GPU Timing Frequency: 1000.000000 (Debug: 2 2)
[2016.12.13-07.34.00:969][  0]LogShaderCompilers: Guid format shader working directory is -38 characters bigger than the processId version (E:/For_UE_Marketplace/Dissolving_Gradients/Final_Package/Dissolving_Gradients_4_14/Intermediate/Shaders/WorkingDirectory/8896/).
[2016.12.13-07.34.00:969][  0]LogShaderCompilers: Cleaned the shader compiler working directory 'C:/Users/Dan/AppData/Local/Temp/UnrealShaderWorkingDir/420EA2454D702F70E7A70DA759B9B52C/'.
[2016.12.13-07.34.00:970][  0]LogShaderCompilers:Display: Using Local Shader Compiler.
[2016.12.13-07.34.01:957][  0]LogTemp:Display: Loaded TP AllDesktopTargetPlatform
[2016.12.13-07.34.01:993][  0]LogTemp:Display: Loaded TP MacClientTargetPlatform
[2016.12.13-07.34.02:028][  0]LogTemp:Display: Loaded TP MacNoEditorTargetPlatform
[2016.12.13-07.34.02:062][  0]LogTemp:Display: Loaded TP MacServerTargetPlatform
[2016.12.13-07.34.02:098][  0]LogTemp:Display: Loaded TP MacTargetPlatform
[2016.12.13-07.34.02:133][  0]LogTemp:Display: Loaded TP WindowsClientTargetPlatform
[2016.12.13-07.34.02:168][  0]LogTemp:Display: Loaded TP WindowsNoEditorTargetPlatform
[2016.12.13-07.34.02:203][  0]LogTemp:Display: Loaded TP WindowsServerTargetPlatform
[2016.12.13-07.34.02:232][  0]LogTemp:Display: Loaded TP WindowsTargetPlatform
[2016.12.13-07.34.02:267][  0]LogTemp:Display: Loaded TP AndroidTargetPlatform
[2016.12.13-07.34.02:302][  0]LogTemp:Display: Loaded TP Android_ASTCTargetPlatform
[2016.12.13-07.34.02:336][  0]LogTemp:Display: Loaded TP Android_ATCTargetPlatform
[2016.12.13-07.34.02:370][  0]LogTemp:Display: Loaded TP Android_DXTTargetPlatform
[2016.12.13-07.34.02:405][  0]LogTemp:Display: Loaded TP Android_ETC1TargetPlatform
[2016.12.13-07.34.02:440][  0]LogTemp:Display: Loaded TP Android_ETC2TargetPlatform
[2016.12.13-07.34.02:509][  0]LogTemp:Display: Loaded TP Android_MultiTargetPlatform
[2016.12.13-07.34.02:509][  0]LogTemp:Display: Loaded TP Android_PVRTCTargetPlatform
[2016.12.13-07.34.02:530][  0]LogTemp:Display: Loaded TP HTML5TargetPlatform
[2016.12.13-07.34.02:594][  0]LogTemp:Display: Loaded TP IOSTargetPlatform
[2016.12.13-07.34.02:616][  0]LogTemp:Display: Loaded TP TVOSTargetPlatform
[2016.12.13-07.34.02:649][  0]LogTemp:Display: Loaded TP LinuxClientTargetPlatform
[2016.12.13-07.34.02:683][  0]LogTemp:Display: Loaded TP LinuxNoEditorTargetPlatform
[2016.12.13-07.34.02:716][  0]LogTemp:Display: Loaded TP LinuxServerTargetPlatform
[2016.12.13-07.34.02:751][  0]LogTemp:Display: Loaded TP LinuxTargetPlatform
[2016.12.13-07.34.02:751][  0]LogTargetPlatformManager:Display: Building Assets For Windows
[2016.12.13-07.34.03:029][  0]LogDerivedDataCache:Display: Max Cache Size: 512 MB
[2016.12.13-07.34.03:029][  0]LogDerivedDataCache:Display: Starting with empty Boot cache
[2016.12.13-07.34.03:030][  0]LogDerivedDataCache: FDerivedDataBackendGraph:  Pak pak cache file E:/For_UE_Marketplace/Dissolving_Gradients/Final_Package/Dissolving_Gradients_4_14/DerivedDataCache/DDC.ddp not found, will not use a pak cache.
[2016.12.13-07.34.03:030][  0]LogDerivedDataCache: Unable to find inner node Pak for hierarchical cache Hierarchy.
[2016.12.13-07.34.03:030][  0]LogDerivedDataCache: FDerivedDataBackendGraph:  CompressedPak pak cache file E:/For_UE_Marketplace/Dissolving_Gradients/Final_Package/Dissolving_Gradients_4_14/DerivedDataCache/Compressed.ddp not found, will not use a pak cache.
[2016.12.13-07.34.03:030][  0]LogDerivedDataCache: Unable to find inner node CompressedPak for hierarchical cache Hierarchy.
[2016.12.13-07.34.03:047][  0]LogDerivedDataCache:Display: Pak cache opened for reading ../../../Engine/DerivedDataCache/Compressed.ddp.
[2016.12.13-07.34.03:058][  0]LogDerivedDataCache: Using Local data cache path C:/Users/Dan/AppData/Local/UnrealEngine/Common/DerivedDataCache: Writable
[2016.12.13-07.34.03:801][  0]LogInit: Selected Device Profile: [Windows]
[2016.12.13-07.34.03:809][  0]LogContentStreaming: Texture pool size is 0.00 MB
[2016.12.13-07.34.04:037][  0]LogMeshUtilities: Using QuadricMeshReduction for automatic static mesh reduction
[2016.12.13-07.34.04:075][  0]LogSimplygon: Simplygon DLL not present - disabling.
[2016.12.13-07.34.04:105][  0]LogMeshUtilities: Using SimplygonSwarm for distributed automatic mesh merging
[2016.12.13-07.34.04:105][  0]LogMeshUtilities: No automatic skeletal mesh reduction module available
[2016.12.13-07.34.04:105][  0]LogMeshUtilities: No automatic mesh merging module available
[2016.12.13-07.34.04:611][  0]LogExec:Warning: Cannot perform text import on property 'EnvironmentCubeMap' here: EnvironmentCubeMap=TextureCube'/Engine/EditorMaterials/AssetViewer/EpicQuadPanorama_CC+EV1.EpicQuadPanorama_CC+EV1',PostProcessingSettings=(bOverride_WhiteTemp=True,bOverride_WhiteTint=False,bOverride_ColorSaturation=True,bOverride_ColorContrast=True,bOverride_ColorGamma=True,bOverride_ColorGain=True,bOverride_ColorOffset=True,bOverride_FilmWhitePoint=False,bOverride_FilmSaturation=False,bOverride_FilmChannelMixerRed=False,bOverride_FilmChannelMixerGreen=False,bOverride_FilmChannelMixerBlue=False,bOverride_FilmContrast=False,bOverride_FilmDynamicRange=False,bOverride_FilmHealAmount=False,bOverride_FilmToeAmount=False,bOverride_FilmShadowTint=False,bOverride_FilmShadowTintBlend=False,bOverride_FilmShadowTintAmount=False,bOverride_FilmSlope=True,bOverride_FilmToe=True,bOverride_FilmShoulder=True,bOverride_FilmBlackClip=True,bOverride_FilmWhiteClip=True,bOverride_SceneColorTint=False,bOverride_SceneFringeIntensity=False,bOverride_AmbientCubemapTint=False,bOverride_AmbientCubemapIntensity=False,bOverride_BloomIntensity=True,bOverride_BloomThreshold=False,bOverride_Bloom1Tint=False,bOverride_Bloom1Size=False,bOverride_Bloom2Size=False,bOverride_Bloom2Tint=False,bOverride_Bloom3Tint=False,bOverride_Bloom3Size=False,bOverride_Bloom4Tint=False,bOverride_Bloom4Size=False,bOverride_Bloom5Tint=False,bOverride_Bloom5Size=False,bOverride_Bloom6Tint=False,bOverride_Bloom6Size=False,bOverride_BloomSizeScale=False,bOverride_BloomDirtMaskIntensity=False,bOverride_BloomDirtMaskTint=False,bOverride_BloomDirtMask=False,bOverride_AutoExposureMethod=True,bOverride_AutoExposureLowPercent=False,bOverride_AutoExposureHighPercent=False,bOverride_AutoExposureMinBrightness=True,bOverride_AutoExposureMaxBrightness=True,bOverride_AutoExposureSpeedUp=False,bOverride_AutoExposureSpeedDown=False,bOverride_AutoExposureBias=True,bOverride_HistogramLogMin=True,bOverride_HistogramLogMax=True,bOverride_LensFlareIntensity=False,bOverride_LensFlareTint=False,bOverride_LensFlareTints=False,bOverride_LensFlareBokehSize=False,bOverride_LensFlareBokehShape=False,bOverride_LensFlareThreshold=False,bOverride_VignetteIntensity=True,bOverride_GrainIntensity=False,bOverride_GrainJitter=False,bOverride_AmbientOcclusionIntensity=True,bOverride_AmbientOcclusionStaticFraction=True,bOverride_AmbientOcclusionRadius=True,bOverride_AmbientOcclusionFadeDistance=False,bOverride_AmbientOcclusionFadeRadius=False,bOverride_AmbientOcclusionDistance=False,bOverride_AmbientOcclusionRadiusInWS=False,bOverride_AmbientOcclusionPower=True,bOverride_AmbientOcclusionBias=True,bOverride_AmbientOcclusionQuality=True,bOverride_AmbientOcclusionMipBlend=True,bOverride_AmbientOcclusionMipScale=True,bOverride_AmbientOcclusionMipThreshold=True,bOverride_LPVIntensity=False,bOverride_LPVDirectionalOcclusionIntensity=False,bOverride_LPVDirectionalOcclusionRadius=False,bOverride_LPVDiffuseOcclusionExponent=False,bOverride_LPVSpecularOcclusionExponent=False,bOverride_LPVDiffuseOcclusionIntensity=False,bOverride_LPVSpecularOcclusionIntensity=False,bOverride_LPVSize=False,bOverride_LPVSecondaryOcclusionIntensity=False,bOverride_LPVSecondaryBounceIntensity=False,bOverride_LPVGeometryVolumeBias=False,bOverride_LPVVplInjectionBias=False,bOverride_LPVEmissiveInjectionIntensity=False,bOverride_IndirectLightingColor=False,bOverride_IndirectLightingIntensity=False,bOverride_ColorGradingIntensity=True,bOverride_ColorGradingLUT=True,bOverride_DepthOfFieldFocalDistance=False,bOverride_DepthOfFieldFstop=False,bOverride_DepthOfFieldSensorWidth=False,bOverride_DepthOfFieldDepthBlurRadius=False,bOverride_DepthOfFieldDepthBlurAmount=False,bOverride_DepthOfFieldFocalRegion=False,bOverride_DepthOfFieldNearTransitionRegion=False,bOverride_DepthOfFieldFarTransitionRegion=False,bOverride_DepthOfFieldScale=True,bOverride_DepthOfFieldMaxBokehSize=False,bOverride_DepthOfFieldNearBlurSize=False,bOverride_DepthOfFieldFarBlurSize=False,bOverride_DepthOfFieldMethod=True,bOverride_MobileHQGaussian=False,bOverride_DepthOfFieldBokehShape=False,bOverride_DepthOfFieldOcclusion=False,bOverride_DepthOfFieldColorThreshold=False,bOverride_DepthOfFieldSizeThreshold=False,bOverride_DepthOfFieldSkyFocusDistance=False,bOverride_DepthOfFieldVignetteSize=False,bOverride_MotionBlurAmount=False,bOverride_MotionBlurMax=False,bOverride_MotionBlurPerObjectSize=False,bOverride_ScreenPercentage=False,bOverride_AntiAliasingMethod=False,bOverride_ScreenSpaceReflectionIntensity=True,bOverride_ScreenSpaceReflectionQuality=True,bOverride_ScreenSpaceReflectionMaxRoughness=True,bOverride_ScreenSpaceReflectionRoughnessScale=False,WhiteTemp=6700.000000,WhiteTint=0.000000,ColorSaturation=(X=1.000000,Y=1.000000,Z=1.000000),ColorContrast=(X=1.000000,Y=1.000000,Z=1.000000),ColorGamma=(X=1.000000,Y=1.000000,Z=1.000000),ColorGain=(X=1.000000,Y=1.000000,Z=1.000000),ColorOffset=(X=0.005000,Y=0.005000,Z=0.005000),FilmWhitePoint=(R=1.000000,G=1.000000,B=1.000000,A=1.000000),FilmShadowTint=(R=1.000000,G=1.000000,B=1.000000,A=1.000000),FilmShadowTintBlend=0.500000,FilmShadowTintAmount=0.000000,FilmSaturation=1.000000,FilmChannelMixerRed=(R=1.000000,G=0.000000,B=0.000000,A=1.000000),FilmChannelMixerGreen=(R=0.000000,G=1.000000,B=0.000000,A=1.000000),FilmChannelMixerBlue=(R=0.000000,G=0.000000,B=1.000000,A=1.000000),FilmContrast=0.030000,FilmToeAmount=1.000000,FilmHealAmount=0.180000,FilmDynamicRange=4.000000,FilmSlope=0.880000,FilmToe=0.550000,FilmShoulder=0.260000,FilmBlackClip=0.000000,FilmWhiteClip=0.040000,SceneColorTint=(R=1.000000,G=1.000000,B=1.000000,A=1.000000),SceneFringeIntensity=0.000000,BloomIntensity=1.000000,BloomThreshold=1.000000,BloomSizeScale=4.000000,Bloom1Size=1.000000,Bloom2Size=4.000000,Bloom3Size=16.000000,Bloom4Size=32.000000,Bloom5Size=64.000000,Bloom6Size=64.000000,Bloom1Tint=(R=0.500000,G=0.500000,B=0.500000,A=1.000000),Bloom2Tint=(R=0.500000,G=0.500000,B=0.500000,A=1.000000),Bloom3Tint=(R=0.500000,G=0.500000,B=0.500000,A=1.000000),Bloom4Tint=(R=0.500000,G=0.500000,B=0.500000,A=1.000000),Bloom5Tint=(R=0.500000,G=0.500000,B=0.500000,A=1.000000),Bloom6Tint=(R=0.500000,G=0.500000,B=0.500000,A=1.000000),BloomDirtMaskIntensity=1.000000,BloomDirtMaskTint=(R=0.500000,G=0.500000,B=0.500000,A=1.000000),BloomDirtMask=None,LPVIntensity=1.000000,LPVVplInjectionBias=0.640000,LPVSize=5312.000000,LPVSecondaryOcclusionIntensity=0.000000,LPVSecondaryBounceIntensity=0.000000,LPVGeometryVolumeBias=0.384000,LPVEmissiveInjectionIntensity=1.000000,LPVDirectionalOcclusionIntensity=0.000000,LPVDirectionalOcclusionRadius=8.000000,LPVDiffuseOcclusionExponent=1.000000,LPVSpecularOcclusionExponent=7.000000,LPVDiffuseOcclusionIntensity=1.000000,LPVSpecularOcclusionIntensity=1.000000,AmbientCubemapTint=(R=1.000000,G=1.000000,B=1.000000,A=1.000000),AmbientCubemapIntensity=1.000000,AmbientCubemap=None,AutoExposureMethod=AEM_Histogram,AutoExposureLowPercent=80.000000,AutoExposureHighPercent=98.300003,AutoExposureMinBrightness=1.000000,AutoExposureMaxBrightness=1.000000,AutoExposureSpeedUp=3.000000,AutoExposureSpeedDown=1.000000,AutoExposureBias=0.330000,HistogramLogMin=-8.000000,HistogramLogMax=4.000000,LensFlareIntensity=1.000000,LensFlareTint=(R=1.000000,G=1.000000,B=1.000000,A=1.000000),LensFlareBokehSize=3.000000,LensFlareThreshold=8.000000,LensFlareBokehShape=None,LensFlareTints[0]=(R=1.000000,G=0.800000,B=0.400000,A=0.600000),LensFlareTints[1]=(R=1.000000,G=1.000000,B=0.600000,A=0.530000),LensFlareTints[2]=(R=0.800000,G=0.800000,B=1.000000,A=0.460000),LensFlareTints[3]=(R=0.500000,G=1.000000,B=0.400000,A=0.390000),LensFlareTints[4]=(R=0.500000,G=0.800000,B=1.000000,A=0.310000),LensFlareTints[5]=(R=0.900000,G=1.000000,B=0.800000,A=0.270000),LensFlareTints[6]=(R=1.000000,G=0.800000,B=0.400000,A=0.220000),LensFlareTints[7]=(R=0.900000,G=0.700000,B=0.700000,A=0.150000),VignetteIntensity=0.161468,GrainJitter=0.000000,GrainIntensity=0.000000,AmbientOcclusionIntensity=1.000000,AmbientOcclusionStaticFraction=1.000000,AmbientOcclusionRadius=73.477997,AmbientOcclusionRadiusInWS=False,AmbientOcclusionFadeDistance=8000.000000,AmbientOcclusionFadeRadius=5000.000000,AmbientOcclusionDistance=80.000000,AmbientOcclusionPower=1.200000,AmbientOcclusionBias=3.000000,AmbientOcclusionQuality=100.000000,AmbientOcclusionMipBlend=0.600000,AmbientOcclusionMipScale=1.700000,AmbientOcclusionMipThreshold=0.010000,IndirectLightingColor=(R=1.000000,G=1.000000,B=1.000000,A=1.000000),IndirectLightingIntensity=1.000000,ColorGradingIntensity=0.000000,ColorGradingLUT=Texture2D'/Engine/EditorResources/RGBTable16x1_AssetViewer.RGBTable16x1_AssetViewer',DepthOfFieldMethod=DOFM_BokehDOF,bMobileHQGaussian=False,DepthOfFieldFstop=4.000000,DepthOfFieldSensorWidth=24.576000,DepthOfFieldFocalDistance=1000.000000,DepthOfFieldDepthBlurAmount=1.000000,DepthOfFieldDepthBlurRadius=0.000000,DepthOfFieldFocalRegion=0.000000,DepthOfFieldNearTransitionRegion=300.000000,DepthOfFieldFarTransitionRegion=500.000000,DepthOfFieldScale=0.000000,DepthOfFieldMaxBokehSize=15.000000,DepthOfFieldNearBlurSize=15.000000,DepthOfFieldFarBlurSize=15.000000,DepthOfFieldBokehShape=None,DepthOfFieldOcclusion=0.400000,DepthOfFieldColorThreshold=1.000000,DepthOfFieldSizeThreshold=0.080000,DepthOfFieldSkyFocusDistance=0.000000,DepthOfFieldVignetteSize=200.000000,MotionBlurAmount=0.500000,MotionBlurMax=5.000000,MotionBlurPerObjectSize=0.500000,ScreenPercentage=100.000000,AntiAliasingMethod=AAM_TemporalAA,ScreenSpaceReflectionIntensity=100.000000,ScreenSpaceReflectionQuality=100.000000,ScreenSpaceReflectionMaxRoughness=1.000000,WeightedBlendables=(Array=),Blendables=),bPostProcessingEnabled=True,LightingRigRotation=109.389069,RotationSpeed=2.000000,DirectionalLightRotation=(Pitch=-39.999985,Yaw=-67.500015,Roll=0.000000))
[2016.12.13-07.34.04:958][  0]LogTexture:Display: Building textures: S_LightDirectional (BGRA8)
[2016.12.13-07.34.04:968][  0]LogTexture:Display: Building textures: S_LightDirectionalMove (BGRA8)
[2016.12.13-07.34.05:079][  0]LogNetVersion: GetLocalNetworkVersion: CL: 3195953, ProjectName: dissolving_gradients, ProjectVersion: , EngineNetworkVersion: 2, GameNetworkVersion: 0, NetworkChecksum: 2445979858
[2016.12.13-07.34.05:141][  0]LogAssetRegistry: FAssetRegistry took 0.0239 seconds to start up
[2016.12.13-07.34.05:171][  0]LogPackageLocalizationCache: Processed 3 localized package path(s) for 2 prioritized culture(s) in 0.014624 seconds
[2016.12.13-07.34.05:176][  0]LogUObjectArray: 31946 objects as part of root set at end of initial load.
[2016.12.13-07.34.05:176][  0]LogUObjectAllocator: 6935840 out of 0 bytes used by permanent object pool.
[2016.12.13-07.34.05:176][  0]LogUObjectArray: CloseDisregardForGC: 0/0 objects in disregard for GC pool
[2016.12.13-07.34.05:213][  0]LogInit: WinSock: version 1.1 (2.2), MaxSocks=32767, MaxUdp=65467
[2016.12.13-07.34.05:837][  0]LogSlate: Using Freetype 2.6.0
[2016.12.13-07.34.05:840][  0]LogSlate: SlateFontCache - WITH_FREETYPE: 1, WITH_HARFBUZZ: 1
[2016.12.13-07.34.05:840][  0]LogSlate: SlateFontCache - WITH_FREETYPE: 1, WITH_HARFBUZZ: 1
[2016.12.13-07.34.07:072][  0]LogTcpMessaging: Initializing TcpMessaging bridge
[2016.12.13-07.34.07:116][  0]LogUdpMessaging: Initializing bridge on interface 0.0.0.0:0 to multicast group 230.0.0.1:6666.
[2016.12.13-07.34.07:406][  0]LogMaterial: Uniform references updated for custom material expression Custom.
[2016.12.13-07.34.07:700][  0]SourceControl: Info Source control is disabled
[2016.12.13-07.34.07:700][  0]SourceControl: Info Source control is disabled
[2016.12.13-07.34.07:738][  0]SourceControl: Info Source control is disabled
[2016.12.13-07.34.07:768][  0]SourceControl: Info Source control is disabled
[2016.12.13-07.34.07:976][  0]LogLinker:Warning: Can't find file '/Game/LaserBurn/FirstPersonExampleAssets/FirstPersonBP/FirstPersonOverview'
[2016.12.13-07.34.07:976][  0]LogLinker:Warning: Can't find file '/Game/LaserBurn/FirstPersonExampleAssets/FirstPersonBP/FirstPersonOverview'
[2016.12.13-07.34.07:976][  0]LogUObjectGlobals:Warning: Failed to find object 'Class /Game/LaserBurn/FirstPersonExampleAssets/FirstPersonBP/FirstPersonOverview.FirstPersonOverview_C'
[2016.12.13-07.34.08:628][  0]LogEngine: Initializing Engine...
[2016.12.13-07.34.08:630][  0]LogHMD: Failed to initialize OpenVR with code 110
[2016.12.13-07.34.08:875][  0]LogAIModule: Creating AISystem for world Untitled
[2016.12.13-07.34.08:892][  0]LogInit: XAudio2 using 'Speakers (Logitech Wireless Headset)' : 2 channels at 48 kHz using 16 bits per sample (channel mask 0x3)
[2016.12.13-07.34.08:897][  0]LogInit: FAudioDevice initialized.
[2016.12.13-07.34.08:915][  0]LogDerivedDataCache: Saved boot cache 0.02s 50MB C:/Users/Dan/AppData/Local/UnrealEngine/4.14/DerivedDataCache/Boot.ddc.
[2016.12.13-07.34.08:919][  0]LogInit: Texture streaming: Enabled
[2016.12.13-07.34.09:050][  0]LogInit: Transaction tracking system initialized
[2016.12.13-07.34.09:287][  0]BlueprintLog: New page: Editor Load
[2016.12.13-07.34.09:954][  0]LocalizationService: Info Localization service is disabled
[2016.12.13-07.34.10:428][  0]LogConsoleResponse:Display: 
[2016.12.13-07.34.10:547][  0]LogFileCache: Scanning file cache for directory 'E:/For_UE_Marketplace/Dissolving_Gradients/Final_Package/Dissolving_Gradients_4_14/Content/' took 0.01s
[2016.12.13-07.34.10:547][  0]LogCook:Display: Max memory allowance for cook 16384mb min free memory 0mb
[2016.12.13-07.34.10:547][  0]LogCook:Display: Mobile HDR setting 1
[2016.12.13-07.34.10:636][  0]LogTexture:Display: Building textures: Countdown (AutoDXT)
[2016.12.13-07.34.11:225][  0]SourceControl: Info Source control is disabled
[2016.12.13-07.34.11:226][  0]Cmd: MAP LOAD FILE="E:/For_UE_Marketplace/Dissolving_Gradients/Final_Package/Dissolving_Gradients_4_14/Content/Dissolving_Gradients/Maps/Overview.umap" TEMPLATE=0 SHOWPROGRESS=1 FEATURELEVEL=3
[2016.12.13-07.34.11:228][  0]LightingResults: New page: Lighting Build
[2016.12.13-07.34.11:260][  0]MapCheck: New page: Map Check
[2016.12.13-07.34.11:260][  0]LightingResults: New page: Lighting Build
[2016.12.13-07.34.11:493][  0]LogMaterial: Missing cached shader map for material M_Dissolve_Gradient_Bubble, compiling. 
[2016.12.13-07.34.11:543][  0]LogMaterial: Missing cached shader map for material M_Dissolve_Gradient_Bubble, compiling. 
[2016.12.13-07.34.11:570][  0]LogMaterial: Missing cached shader map for material M_Dissolve_Gradient_Water, compiling. 
[2016.12.13-07.34.11:596][  0]LogMaterial: Missing cached shader map for material M_Dissolve_Gradient_Water, compiling. 
[2016.12.13-07.34.11:621][  0]LogMaterial: Missing cached shader map for material M_Dissolve_Gradient_Water, compiling. 
[2016.12.13-07.34.11:651][  0]LogMaterial: Missing cached shader map for material M_Dissolve_Gradient_Metal, compiling. 
[2016.12.13-07.34.11:715][  0]LogMaterial: Missing cached shader map for material M_Dissolve_Gradient_Metal, compiling. 
[2016.12.13-07.34.11:749][  0]LogMaterial: Missing cached shader map for material M_Dissolve_Gradient_Metal, compiling. 
[2016.12.13-07.34.11:782][  0]LogMaterial: Missing cached shader map for material M_Dissolve_Gradient_Metal, compiling. 
[2016.12.13-07.34.11:832][  0]LogMaterial: Missing cached shader map for material M_Dissolve_Gradient_Metal, compiling. 
[2016.12.13-07.34.11:871][  0]LogMaterial: Missing cached shader map for material M_Dissolve_Gradient_Metal, compiling. 
[2016.12.13-07.34.11:917][  0]LogMaterial: Missing cached shader map for material M_Dissolve_Gradient_Metal, compiling. 
[2016.12.13-07.34.11:967][  0]LogMaterial: Missing cached shader map for material M_Dissolve_Gradient_Metal, compiling. 
[2016.12.13-07.34.12:041][  0]LogMaterial: Missing cached shader map for material M_Dissolve_Gradient_Metal, compiling. 
[2016.12.13-07.34.12:122][  0]LogMaterial: Missing cached shader map for material M_Dissolve_Gradient_Metal, compiling. 
[2016.12.13-07.34.12:187][  0]LogMaterial: Missing cached shader map for material M_Dissolve_Gradient_Metal, compiling. 
[2016.12.13-07.34.12:272][  0]LogMaterial: Missing cached shader map for material M_Dissolve_Gradient_Water, compiling. 
[2016.12.13-07.34.12:327][  0]LogMaterial: Missing cached shader map for material M_Dissolve_Gradient_Water, compiling. 
[2016.12.13-07.34.12:378][  0]LogMaterial: Missing cached shader map for material M_Dissolve_Gradient_Bubble, compiling. 
[2016.12.13-07.34.12:549][  0]LogMaterial: Missing cached shader map for material M_Basic_Hull, compiling. 
[2016.12.13-07.34.12:580][  0]LogAIModule: Creating AISystem for world Overview
[2016.12.13-07.34.12:583][  0]LogActorComponent: RegisterComponentWithWorld: (/Game/Dissolving_Gradients/Maps/Overview.Overview:PersistentLevel.WorldSettings_1.StaticMeshComponent0) Trying to register component with IsPendingKill() == true. Aborting.
[2016.12.13-07.34.12:606][  0]LogEditorServer: Finished looking for orphan Actors (0.000 secs)
[2016.12.13-07.34.12:611][  0]Cmd: MAP CHECKDEP NOCLEARLOG
[2016.12.13-07.34.12:670][  0]MapCheck: Info Map check complete: 0 Error(s), 0 Warning(s), took 58.696ms to complete.
[2016.12.13-07.34.12:670][  0]LogFileHelpers: Loading map 'Overview' took 1.444
[2016.12.13-07.34.13:280][  0]LogCrashTracker: Crashtracker disabled due to settings.
[2016.12.13-07.34.13:377][  0]LogCollectionManager: Loaded 0 collections in 0.001672 seconds
[2016.12.13-07.34.13:522][  0]LogFileCache: Scanning file cache for directory 'E:/For_UE_Marketplace/Dissolving_Gradients/Final_Package/Dissolving_Gradients_4_14/Saved/Collections/' took 0.01s
[2016.12.13-07.34.13:522][  0]LogFileCache: Scanning file cache for directory 'E:/For_UE_Marketplace/Dissolving_Gradients/Final_Package/Dissolving_Gradients_4_14/Content/Developers/Dan/Collections/' took 0.01s
[2016.12.13-07.34.13:522][  0]LogFileCache: Scanning file cache for directory 'E:/For_UE_Marketplace/Dissolving_Gradients/Final_Package/Dissolving_Gradients_4_14/Content/Collections/' took 0.01s
[2016.12.13-07.34.13:522][  0]LogCollectionManager: Rebuilt the GUID cache for 0 collections in 0.000002 seconds
[2016.12.13-07.34.13:541][  0]LogContentBrowser: Native class hierarchy populated in 0.0156 seconds. Added 2191 classes and 430 folders.
[2016.12.13-07.34.13:602][  0]LogStats: UGameplayTagsManager::ConstructGameplayTagTree: Construct from data asset -  0.000 s
[2016.12.13-07.34.13:602][  0]LogStats: UGameplayTagsManager::ConstructGameplayTagTree: GameplayTagTreeChangedEvent.Broadcast -  0.000 s
[2016.12.13-07.34.13:604][  0]LogContentBrowser: Native class hierarchy updated for 'GameplayTags' in 0.0010 seconds. Added 13 classes and 0 folders.
[2016.12.13-07.34.13:684][  0]LogContentBrowser: Native class hierarchy updated for 'WidgetCarousel' in 0.0005 seconds. Added 0 classes and 0 folders.
[2016.12.13-07.34.13:836][  0]LogContentBrowser: Native class hierarchy updated for 'AddContentDialog' in 0.0009 seconds. Added 0 classes and 0 folders.
[2016.12.13-07.34.13:847][  0]LogUObjectGlobals:Warning: Failed to find object 'Class None.'
[2016.12.13-07.34.13:930][  0]LogContentBrowser: Native class hierarchy updated for 'HierarchicalLODOutliner' in 0.0009 seconds. Added 1 classes and 2 folders.
[2016.12.13-07.34.13:931][  0]LogLoad: (Engine Initialization) Total time: 15.99 seconds
[2016.12.13-07.34.13:931][  0]LogLoad: (Engine Initialization) Total Blueprint compile time: 0.10 seconds
[2016.12.13-07.34.13:931][  0]LogExternalProfiler: Found external profiler: VSPerf
[2016.12.13-07.34.13:931][  0]LogExternalProfiler: Using external profiler: VSPerf
[2016.12.13-07.34.13:941][  0]LogOcInput: OculusInput pre-init called
[2016.12.13-07.34.13:974][  0]LogContentStreaming: Texture pool size now 1000 MB
[2016.12.13-07.34.14:197][  0]LogRenderer: Reallocating scene render targets to support 1204x964 NumSamples 1 (Frame:2).
[2016.12.13-07.34.14:512][  1]LogAssetRegistry: Asset discovery search completed in 9.3932 seconds
[2016.12.13-07.34.14:512][  1]LogCollectionManager: Rebuilt the object cache for 0 collections in 0.000002 seconds (found 0 objects)
[2016.12.13-07.34.14:512][  1]LogCollectionManager: Fixed up redirectors for 0 collections in 0.000029 seconds (updated 0 objects)
[2016.12.13-07.34.25:468][891]LogRenderer: Reallocating scene render targets to support 1332x964 NumSamples 1 (Frame:879).
[2016.12.13-07.36.00:419][540]Cmd: QUIT_EDITOR
[2016.12.13-07.36.00:489][540]LogExit: Preparing to exit.
[2016.12.13-07.36.01:284][540]LogExit: Editor shut down
[2016.12.13-07.36.01:285][540]LogExit: Transaction tracking system shut down
[2016.12.13-07.36.01:399][540]LogObj: Freed 0b from 0 cluster array pools.
[2016.12.13-07.36.01:399][540]LogExit: Object subsystem successfully closed.
[2016.12.13-07.36.01:411][540]LogD3D11RHI: Shutdown
[2016.12.13-07.36.01:411][540]LogD3D11RHI: CleanupD3DDevice
[2016.12.13-07.36.01:459][540]LogD3D11RHI: ~FD3D11DynamicRHI
[2016.12.13-07.36.01:477][540]LogHttp:Display: Http module shutting down, but needs to wait on 1 outstanding Http requests:
[2016.12.13-07.36.01:477][540]LogHttp:Display: 	verb=[POST] url=[https://datarouter.ol.epicgames.com/datarouter/api/v1/public/data?SessionID=%7B2BB1E53B-43DC-AE95-39C3-C997B73A4153%7D&AppID=UEEditor.Rocket.Release&AppVersion=4.14.1-3224400%2B%2B%2BUE4%2BRelease-4.14&UserID=5f3a5aa149702f861ad2339a6778e2ba%7Cf31931b2ca3d4a009697dd4b9723d349%7C4e89f28b-a1aa-40f8-87c0-4c2385689278&AppEnvironment=datacollector-binary&UploadType=eteventstream] status=Processing
[2016.12.13-07.36.01:503][540]LogModuleManager: Shutting down and abandoning module MaterialEditor (242)
[2016.12.13-07.36.01:503][540]LogModuleManager: Shutting down and abandoning module HierarchicalLODOutliner (241)
[2016.12.13-07.36.01:503][540]LogModuleManager: Shutting down and abandoning module WidgetCarousel (240)
[2016.12.13-07.36.01:503][540]LogModuleManager: Shutting down and abandoning module AddContentDialog (239)
[2016.12.13-07.36.01:503][540]LogDirectoryWatcher: A directory notification for 'C:/Program Files (x86)/Epic Games/4.14/FeaturePacks/' was aborted.
[2016.12.13-07.36.01:504][540]LogModuleManager: Shutting down and abandoning module GameplayTags (238)
[2016.12.13-07.36.01:504][540]LogModuleManager: Shutting down and abandoning module EditorWidgets (237)
[2016.12.13-07.36.01:504][540]LogModuleManager: Shutting down and abandoning module CollectionManager (236)
[2016.12.13-07.36.01:504][540]LogDirectoryWatcher: A directory notification for 'E:/For_UE_Marketplace/Dissolving_Gradients/Final_Package/Dissolving_Gradients_4_14/Content/Collections/' was aborted.
[2016.12.13-07.36.01:504][540]LogDirectoryWatcher: A directory notification for 'E:/For_UE_Marketplace/Dissolving_Gradients/Final_Package/Dissolving_Gradients_4_14/Content/Developers/Dan/Collections/' was aborted.
[2016.12.13-07.36.01:504][540]LogDirectoryWatcher: A directory notification for 'E:/For_UE_Marketplace/Dissolving_Gradients/Final_Package/Dissolving_Gradients_4_14/Saved/Collections/' was aborted.
[2016.12.13-07.36.01:504][540]LogModuleManager: Shutting down and abandoning module CrashTracker (235)
[2016.12.13-07.36.01:504][540]LogModuleManager: Shutting down and abandoning module SceneOutliner (234)
[2016.12.13-07.36.01:504][540]LogModuleManager: Shutting down and abandoning module StatsViewer (233)
[2016.12.13-07.36.01:505][540]LogModuleManager: Shutting down and abandoning module FoliageEdit (232)
[2016.12.13-07.36.01:505][540]LogModuleManager: Shutting down and abandoning module LandscapeEditor (231)
[2016.12.13-07.36.01:505][540]LogModuleManager: Shutting down and abandoning module SceneDepthPickerMode (230)
[2016.12.13-07.36.01:505][540]LogModuleManager: Shutting down and abandoning module ActorPickerMode (229)
[2016.12.13-07.36.01:505][540]LogModuleManager: Shutting down and abandoning module GeometryMode (228)
[2016.12.13-07.36.01:505][540]LogModuleManager: Shutting down and abandoning module TextureAlignMode (227)
[2016.12.13-07.36.01:505][540]LogModuleManager: Shutting down and abandoning module BspMode (226)
[2016.12.13-07.36.01:505][540]LogModuleManager: Shutting down and abandoning module HardwareSurvey (225)
[2016.12.13-07.36.01:505][540]LogModuleManager: Shutting down and abandoning module SequenceRecorderSections (224)
[2016.12.13-07.36.01:505][540]LogModuleManager: Shutting down and abandoning module AutomationWorker (223)
[2016.12.13-07.36.01:505][540]LogModuleManager: Shutting down and abandoning module MatineeToLevelSequence (222)
[2016.12.13-07.36.01:505][540]LogModuleManager: Shutting down and abandoning module PlacementMode (221)
[2016.12.13-07.36.01:506][540]LogModuleManager: Shutting down and abandoning module LevelSequenceEditor (220)
[2016.12.13-07.36.01:506][540]LogModuleManager: Shutting down and abandoning module WmfMediaFactory (219)
[2016.12.13-07.36.01:506][540]LogModuleManager: Shutting down and abandoning module WmfMediaEditor (218)
[2016.12.13-07.36.01:506][540]LogModuleManager: Shutting down and abandoning module AvfMediaFactory (217)
[2016.12.13-07.36.01:506][540]LogModuleManager: Shutting down and abandoning module AvfMediaEditor (216)
[2016.12.13-07.36.01:506][540]LogModuleManager: Shutting down and abandoning module Media (215)
[2016.12.13-07.36.01:506][540]LogModuleManager: Shutting down and abandoning module AndroidMediaFactory (214)
[2016.12.13-07.36.01:506][540]LogModuleManager: Shutting down and abandoning module AndroidMediaEditor (213)
[2016.12.13-07.36.01:506][540]LogModuleManager: Shutting down and abandoning module CharacterAI (212)
[2016.12.13-07.36.01:506][540]LogModuleManager: Shutting down and abandoning module SequenceRecorder (211)
[2016.12.13-07.36.01:506][540]LogModuleManager: Shutting down and abandoning module AudioCapture (210)
[2016.12.13-07.36.01:506][540]LogModuleManager: Shutting down and abandoning module SmartSnapping (209)
[2016.12.13-07.36.01:506][540]LogModuleManager: Shutting down and abandoning module SessionServices (208)
[2016.12.13-07.36.01:506][540]LogModuleManager: Shutting down and abandoning module ViewportSnapping (207)
[2016.12.13-07.36.01:506][540]LogModuleManager: Shutting down and abandoning module ViewportInteraction (206)
[2016.12.13-07.36.01:506][540]LogModuleManager: Shutting down and abandoning module LogVisualizer (205)
[2016.12.13-07.36.01:507][540]LogModuleManager: Shutting down and abandoning module GameProjectGeneration (204)
[2016.12.13-07.36.01:508][540]LogModuleManager: Shutting down and abandoning module IntroTutorials (203)
[2016.12.13-07.36.01:508][540]LogModuleManager: Shutting down and abandoning module EditorLiveStreaming (202)
[2016.12.13-07.36.01:508][540]LogModuleManager: Shutting down and abandoning module IOSPlatformEditor (201)
[2016.12.13-07.36.01:508][540]LogModuleManager: Shutting down and abandoning module HTML5PlatformEditor (200)
[2016.12.13-07.36.01:508][540]LogModuleManager: Shutting down and abandoning module AndroidDeviceDetection (199)
[2016.12.13-07.36.02:261][540]LogModuleManager: Shutting down and abandoning module AndroidPlatformEditor (198)
[2016.12.13-07.36.02:261][540]LogModuleManager: Shutting down and abandoning module IOSRuntimeSettings (197)
[2016.12.13-07.36.02:261][540]LogModuleManager: Shutting down and abandoning module AndroidRuntimeSettings (196)
[2016.12.13-07.36.02:261][540]LogModuleManager: Shutting down and abandoning module InputBindingEditor (195)
[2016.12.13-07.36.02:261][540]LogModuleManager: Shutting down and abandoning module NiagaraEditor (194)
[2016.12.13-07.36.02:262][540]LogModuleManager: Shutting down and abandoning module MergeActors (193)
[2016.12.13-07.36.02:262][540]LogModuleManager: Shutting down and abandoning module SizeMap (192)
[2016.12.13-07.36.02:262][540]LogModuleManager: Shutting down and abandoning module TreeMap (191)
[2016.12.13-07.36.02:262][540]LogModuleManager: Shutting down and abandoning module ReferenceViewer (190)
[2016.12.13-07.36.02:262][540]LogModuleManager: Shutting down and abandoning module LocalizationService (189)
[2016.12.13-07.36.02:262][540]LogModuleManager: Shutting down and abandoning module LocalizationDashboard (188)
[2016.12.13-07.36.02:263][540]LogModuleManager: Shutting down and abandoning module HardwareTargeting (187)
[2016.12.13-07.36.02:263][540]LogModuleManager: Shutting down and abandoning module DeviceProfileEditor (186)
[2016.12.13-07.36.02:263][540]LogModuleManager: Shutting down and abandoning module UndoHistory (185)
[2016.12.13-07.36.02:264][540]LogModuleManager: Shutting down and abandoning module UserFeedback (184)
[2016.12.13-07.36.02:264][540]LogModuleManager: Shutting down and abandoning module XmlParser (183)
[2016.12.13-07.36.02:264][540]LogModuleManager: Shutting down and abandoning module Blutility (182)
[2016.12.13-07.36.02:264][540]LogModuleManager: Shutting down and abandoning module ProjectTargetPlatformEditor (181)
[2016.12.13-07.36.02:264][540]LogModuleManager: Shutting down and abandoning module ProjectSettingsViewer (180)
[2016.12.13-07.36.02:264][540]LogModuleManager: Shutting down and abandoning module EditorSettingsViewer (179)
[2016.12.13-07.36.02:264][540]LogModuleManager: Shutting down and abandoning module SettingsEditor (178)
[2016.12.13-07.36.02:265][540]LogModuleManager: Shutting down and abandoning module ProjectLauncher (177)
[2016.12.13-07.36.02:266][540]LogModuleManager: Shutting down and abandoning module SessionFrontend (176)
[2016.12.13-07.36.02:266][540]LogModuleManager: Shutting down and abandoning module ProfilerClient (175)
[2016.12.13-07.36.02:269][540]LogModuleManager: Shutting down and abandoning module TargetDeviceServices (174)
[2016.12.13-07.36.02:269][540]LogModuleManager: Shutting down and abandoning module DeviceManager (173)
[2016.12.13-07.36.02:309][540]LogModuleManager: Shutting down and abandoning module AutomationController (172)
[2016.12.13-07.36.02:309][540]LogModuleManager: Shutting down and abandoning module AutomationWindow (171)
[2016.12.13-07.36.02:310][540]LogModuleManager: Shutting down and abandoning module Layers (170)
[2016.12.13-07.36.02:311][540]LogModuleManager: Shutting down and abandoning module ComponentVisualizers (169)
[2016.12.13-07.36.02:311][540]LogModuleManager: Shutting down and abandoning module DetailCustomizations (168)
[2016.12.13-07.36.02:312][540]LogModuleManager: Shutting down and abandoning module PackagesDialog (167)
[2016.12.13-07.36.02:312][540]LogModuleManager: Shutting down and abandoning module AnimGraph (166)
[2016.12.13-07.36.02:312][540]LogModuleManager: Shutting down and abandoning module Persona (165)
[2016.12.13-07.36.02:312][540]LogModuleManager: Shutting down and abandoning module Kismet (164)
[2016.12.13-07.36.02:312][540]LogModuleManager: Shutting down and abandoning module GraphEditor (163)
[2016.12.13-07.36.02:315][540]LogModuleManager: Shutting down and abandoning module ClassViewer (162)
[2016.12.13-07.36.02:316][540]LogModuleManager: Shutting down and abandoning module Toolbox (161)
[2016.12.13-07.36.02:316][540]LogModuleManager: Shutting down and abandoning module ModuleUI (160)
[2016.12.13-07.36.02:316][540]LogModuleManager: Shutting down and abandoning module MovieSceneTools (159)
[2016.12.13-07.36.02:317][540]LogModuleManager: Shutting down and abandoning module OutputLog (158)
[2016.12.13-07.36.02:317][540]LogModuleManager: Shutting down and abandoning module GammaUI (157)
[2016.12.13-07.36.02:318][540]LogModuleManager: Shutting down and abandoning module Documentation (156)
[2016.12.13-07.36.02:318][540]LogModuleManager: Shutting down and abandoning module Niagara (155)
[2016.12.13-07.36.02:318][540]LogModuleManager: Shutting down and abandoning module StreamingPauseRendering (154)
[2016.12.13-07.36.02:318][540]LogModuleManager: Shutting down and abandoning module AnalyticsET (153)
[2016.12.13-07.36.02:318][540]LogModuleManager: Shutting down and abandoning module PortalServices (152)
[2016.12.13-07.36.02:318][540]LogModuleManager: Shutting down and abandoning module PortalRpc (151)
[2016.12.13-07.36.02:318][540]LogModuleManager: Shutting down and abandoning module MessagingRpc (150)
[2016.12.13-07.36.02:318][540]LogModuleManager: Shutting down and abandoning module GameplayDebugger (149)
[2016.12.13-07.36.02:318][540]LogModuleManager: Shutting down and abandoning module AITestSuite (148)
[2016.12.13-07.36.02:318][540]LogModuleManager: Shutting down and abandoning module AIModule (147)
[2016.12.13-07.36.02:318][540]LogModuleManager: Shutting down and abandoning module ProfilerService (146)
[2016.12.13-07.36.02:342][540]LogModuleManager: Shutting down and abandoning module TaskGraph (145)
[2016.12.13-07.36.02:342][540]LogModuleManager: Shutting down and abandoning module SlateRemote (144)
[2016.12.13-07.36.02:342][540]LogModuleManager: Shutting down and abandoning module SteamVRController (143)
[2016.12.13-07.36.02:342][540]LogModuleManager: Shutting down and abandoning module SteamVR (142)
[2016.12.13-07.36.02:343][540]LogModuleManager: Shutting down and abandoning module ProceduralMeshComponentEditor (141)
[2016.12.13-07.36.02:343][540]LogModuleManager: Shutting down and abandoning module ProceduralMeshComponent (140)
[2016.12.13-07.36.02:343][540]LogModuleManager: Shutting down and abandoning module OculusLibrary (139)
[2016.12.13-07.36.02:343][540]LogModuleManager: Shutting down and abandoning module OculusInput (138)
[2016.12.13-07.36.02:343][540]LogModuleManager: Shutting down and abandoning module MobilePatchingUtils (137)
[2016.12.13-07.36.02:343][540]LogModuleManager: Shutting down and abandoning module CustomMeshComponent (136)
[2016.12.13-07.36.02:343][540]LogModuleManager: Shutting down and abandoning module CableComponent (135)
[2016.12.13-07.36.02:343][540]LogModuleManager: Shutting down and abandoning module ArchVisCharacter (134)
[2016.12.13-07.36.02:343][540]LogModuleManager: Shutting down and abandoning module MediaPlayerEditor (132)
[2016.12.13-07.36.02:344][540]LogModuleManager: Shutting down and abandoning module HTML5Networking (131)
[2016.12.13-07.36.02:345][540]LogModuleManager: Shutting down and abandoning module GeometryCacheEd (130)
[2016.12.13-07.36.02:345][540]LogModuleManager: Shutting down and abandoning module GeometryCache (129)
[2016.12.13-07.36.02:345][540]LogModuleManager: Shutting down and abandoning module AlembicLibrary (128)
[2016.12.13-07.36.02:345][540]LogModuleManager: Shutting down and abandoning module AlembicImporter (127)
[2016.12.13-07.36.02:345][540]LogModuleManager: Shutting down and abandoning module SuperSearch (126)
[2016.12.13-07.36.02:345][540]LogModuleManager: Shutting down and abandoning module SuperSearchEditor (125)
[2016.12.13-07.36.02:345][540]LogModuleManager: Shutting down and abandoning module SpeedTreeImporter (124)
[2016.12.13-07.36.02:345][540]LogModuleManager: Shutting down and abandoning module PluginBrowser (123)
[2016.12.13-07.36.02:345][540]LogModuleManager: Shutting down and abandoning module MobileLauncherProfileWizard (122)
[2016.12.13-07.36.02:346][540]LogModuleManager: Shutting down and abandoning module EpicSurvey (121)
[2016.12.13-07.36.02:346][540]LogModuleManager: Shutting down and abandoning module DesktopPlatform (120)
[2016.12.13-07.36.02:346][540]LogModuleManager: Shutting down and abandoning module VisualStudioSourceCodeAccess (119)
[2016.12.13-07.36.02:346][540]LogModuleManager: Shutting down and abandoning module UObjectPlugin (118)
[2016.12.13-07.36.02:346][540]LogModuleManager: Shutting down and abandoning module SubversionSourceControl (117)
[2016.12.13-07.36.02:346][540]LogModuleManager: Shutting down and abandoning module PerforceSourceControl (116)
[2016.12.13-07.36.02:346][540]LogModuleManager: Shutting down and abandoning module SourceControl (115)
[2016.12.13-07.36.02:346][540]LogModuleManager: Shutting down and abandoning module GitSourceControl (114)
[2016.12.13-07.36.02:346][540]LogModuleManager: Shutting down and abandoning module LightPropagationVolumeEditor (113)
[2016.12.13-07.36.02:346][540]LogModuleManager: Shutting down and abandoning module PaperTiledImporter (112)
[2016.12.13-07.36.02:346][540]LogModuleManager: Shutting down and abandoning module PaperSpriteSheetImporter (111)
[2016.12.13-07.36.02:346][540]LogModuleManager: Shutting down and abandoning module MeshPaint (110)
[2016.12.13-07.36.02:346][540]LogModuleManager: Shutting down and abandoning module PixelInspectorModule (109)
[2016.12.13-07.36.02:346][540]LogModuleManager: Shutting down and abandoning module HotReload (108)
[2016.12.13-07.36.02:346][540]LogModuleManager: Shutting down and abandoning module MainFrame (107)
[2016.12.13-07.36.02:346][540]LogModuleManager: Shutting down and abandoning module LevelEditor (106)
[2016.12.13-07.36.02:347][540]LogModuleManager: Shutting down and abandoning module ContentBrowser (105)
[2016.12.13-07.36.02:347][540]LogModuleManager: Shutting down and abandoning module Paper2DEditor (104)
[2016.12.13-07.36.02:348][540]LogModuleManager: Shutting down and abandoning module UdpMessaging (103)
[2016.12.13-07.36.02:448][540]LogModuleManager: Shutting down and abandoning module TcpMessaging (102)
[2016.12.13-07.36.02:548][540]LogModuleManager: Shutting down and abandoning module LightPropagationVolumeRuntime (101)
[2016.12.13-07.36.02:548][540]LogModuleManager: Shutting down and abandoning module Paper2D (100)
[2016.12.13-07.36.02:548][540]LogModuleManager: Shutting down and abandoning module WindowsMoviePlayer (99)
[2016.12.13-07.36.02:548][540]LogModuleManager: Shutting down and abandoning module WmfMedia (98)
[2016.12.13-07.36.02:548][540]LogModuleManager: Shutting down and abandoning module MediaAssets (97)
[2016.12.13-07.36.02:549][540]LogModuleManager: Shutting down and abandoning module GameLiveStreaming (96)
[2016.12.13-07.36.02:549][540]LogModuleManager: Shutting down and abandoning module GameplayTagsEditor (95)
[2016.12.13-07.36.02:549][540]LogModuleManager: Shutting down and abandoning module VREditor (94)
[2016.12.13-07.36.02:549][540]LogModuleManager: Shutting down and abandoning module GameplayTasksEditor (93)
[2016.12.13-07.36.02:549][540]LogModuleManager: Shutting down and abandoning module BehaviorTreeEditor (92)
[2016.12.13-07.36.02:549][540]LogModuleManager: Shutting down and abandoning module FunctionalTesting (91)
[2016.12.13-07.36.02:549][540]LogModuleManager: Shutting down and abandoning module CollisionAnalyzer (90)
[2016.12.13-07.36.02:549][540]LogModuleManager: Shutting down and abandoning module Sequencer (89)
[2016.12.13-07.36.02:550][540]LogModuleManager: Shutting down and abandoning module WorkspaceMenuStructure (88)
[2016.12.13-07.36.02:550][540]LogModuleManager: Shutting down and abandoning module MessageLog (87)
[2016.12.13-07.36.02:550][540]LogModuleManager: Shutting down and abandoning module AssetTools (86)
[2016.12.13-07.36.02:552][540]LogModuleManager: Shutting down and abandoning module UMGEditor (85)
[2016.12.13-07.36.02:552][540]LogModuleManager: Shutting down and abandoning module UMG (84)
[2016.12.13-07.36.02:553][540]LogModuleManager: Shutting down and abandoning module SlateReflector (83)
[2016.12.13-07.36.02:553][540]LogModuleManager: Shutting down and abandoning module Slate (82)
[2016.12.13-07.36.02:553][540]LogModuleManager: Shutting down and abandoning module EditorStyle (81)
[2016.12.13-07.36.02:555][540]LogModuleManager: Shutting down and abandoning module SourceCodeAccess (80)
[2016.12.13-07.36.02:555][540]LogModuleManager: Shutting down and abandoning module HeadMountedDisplay (79)
[2016.12.13-07.36.02:555][540]LogModuleManager: Shutting down and abandoning module XAudio2 (78)
[2016.12.13-07.36.02:555][540]LogModuleManager: Shutting down and abandoning module Networking (76)
[2016.12.13-07.36.02:555][540]LogModuleManager: Shutting down and abandoning module Core (75)
[2016.12.13-07.36.02:555][540]LogModuleManager: Shutting down and abandoning module DirectoryWatcher (74)
[2016.12.13-07.36.02:555][540]LogDirectoryWatcher: A directory notification for '../../../Engine/Content/' was aborted.
[2016.12.13-07.36.02:555][540]LogDirectoryWatcher: A directory notification for 'E:/For_UE_Marketplace/Dissolving_Gradients/Final_Package/Dissolving_Gradients_4_14/Content/' was aborted.
[2016.12.13-07.36.02:555][540]LogDirectoryWatcher: A directory notification for '../../../Engine/Plugins/2D/Paper2D/Content/' was aborted.
[2016.12.13-07.36.02:555][540]LogModuleManager: Shutting down and abandoning module AssetRegistry (73)
[2016.12.13-07.36.02:756][540]LogModuleManager: Shutting down and abandoning module KismetCompiler (72)
[2016.12.13-07.36.02:756][540]LogModuleManager: Shutting down and abandoning module PhysXFormats (71)
[2016.12.13-07.36.02:756][540]LogModuleManager: Shutting down and abandoning module SimplygonSwarm (70)
[2016.12.13-07.36.02:756][540]LogModuleManager: Shutting down and abandoning module SimplygonMeshReduction (69)
[2016.12.13-07.36.02:756][540]LogModuleManager: Shutting down and abandoning module QuadricMeshReduction (68)
[2016.12.13-07.36.02:756][540]LogModuleManager: Shutting down and abandoning module PropertyEditor (67)
[2016.12.13-07.36.02:756][540]LogModuleManager: Shutting down and abandoning module MeshUtilities (66)
[2016.12.13-07.36.02:756][540]LogModuleManager: Shutting down and abandoning module DerivedDataCache (65)
[2016.12.13-07.36.03:063][540]LogDerivedDataCache: Shutdown
[2016.12.13-07.36.03:063][540]LogModuleManager: Shutting down and abandoning module VulkanShaderFormat (64)
[2016.12.13-07.36.03:063][540]LogModuleManager: Shutting down and abandoning module ShaderFormatOpenGL (63)
[2016.12.13-07.36.03:064][540]LogModuleManager: Shutting down and abandoning module ShaderFormatD3D (62)
[2016.12.13-07.36.03:064][540]LogModuleManager: Shutting down and abandoning module MetalShaderFormat (61)
[2016.12.13-07.36.03:065][540]LogModuleManager: Shutting down and abandoning module TextureFormatUncompressed (60)
[2016.12.13-07.36.03:065][540]LogModuleManager: Shutting down and abandoning module TextureFormatPVR (59)
[2016.12.13-07.36.03:065][540]LogModuleManager: Shutting down and abandoning module TextureFormatDXT (58)
[2016.12.13-07.36.03:065][540]LogModuleManager: Shutting down and abandoning module TextureFormatIntelISPCTexComp (57)
[2016.12.13-07.36.03:065][540]LogModuleManager: Shutting down and abandoning module ImageWrapper (56)
[2016.12.13-07.36.03:065][540]LogModuleManager: Shutting down and abandoning module TextureFormatASTC (55)
[2016.12.13-07.36.03:065][540]LogModuleManager: Shutting down and abandoning module TextureFormatAndroid (54)
[2016.12.13-07.36.03:065][540]LogModuleManager: Shutting down and abandoning module AudioFormatOpus (53)
[2016.12.13-07.36.03:065][540]LogModuleManager: Shutting down and abandoning module AudioFormatOgg (52)
[2016.12.13-07.36.03:065][540]LogModuleManager: Shutting down and abandoning module AudioFormatADPCM (51)
[2016.12.13-07.36.03:065][540]LogModuleManager: Shutting down and abandoning module LinuxTargetPlatform (50)
[2016.12.13-07.36.03:065][540]LogModuleManager: Shutting down and abandoning module LinuxServerTargetPlatform (49)
[2016.12.13-07.36.03:065][540]LogModuleManager: Shutting down and abandoning module LinuxNoEditorTargetPlatform (48)
[2016.12.13-07.36.03:065][540]LogModuleManager: Shutting down and abandoning module LinuxClientTargetPlatform (47)
[2016.12.13-07.36.03:065][540]LogModuleManager: Shutting down and abandoning module TVOSTargetPlatform (46)
[2016.12.13-07.36.03:065][540]LogModuleManager: Shutting down and abandoning module Messaging (45)
[2016.12.13-07.36.03:066][540]LogModuleManager: Shutting down and abandoning module IOSTargetPlatform (44)
[2016.12.13-07.36.03:066][540]LogModuleManager: Shutting down and abandoning module HTML5TargetPlatform (43)
[2016.12.13-07.36.03:066][540]LogModuleManager: Shutting down and abandoning module Android_PVRTCTargetPlatform (42)
[2016.12.13-07.36.03:066][540]LogModuleManager: Shutting down and abandoning module Android_MultiTargetPlatform (41)
[2016.12.13-07.36.03:066][540]LogModuleManager: Shutting down and abandoning module Android_ETC2TargetPlatform (40)
[2016.12.13-07.36.03:066][540]LogModuleManager: Shutting down and abandoning module Android_ETC1TargetPlatform (39)
[2016.12.13-07.36.03:066][540]LogModuleManager: Shutting down and abandoning module Android_DXTTargetPlatform (38)
[2016.12.13-07.36.03:066][540]LogModuleManager: Shutting down and abandoning module Android_ATCTargetPlatform (37)
[2016.12.13-07.36.03:066][540]LogModuleManager: Shutting down and abandoning module Android_ASTCTargetPlatform (36)
[2016.12.13-07.36.03:066][540]LogModuleManager: Shutting down and abandoning module AndroidTargetPlatform (35)
[2016.12.13-07.36.03:066][540]LogModuleManager: Shutting down and abandoning module WindowsTargetPlatform (34)
[2016.12.13-07.36.03:066][540]LogModuleManager: Shutting down and abandoning module WindowsServerTargetPlatform (33)
[2016.12.13-07.36.03:066][540]LogModuleManager: Shutting down and abandoning module WindowsNoEditorTargetPlatform (32)
[2016.12.13-07.36.03:066][540]LogModuleManager: Shutting down and abandoning module WindowsClientTargetPlatform (31)
[2016.12.13-07.36.03:066][540]LogModuleManager: Shutting down and abandoning module MacTargetPlatform (30)
[2016.12.13-07.36.03:066][540]LogModuleManager: Shutting down and abandoning module MacServerTargetPlatform (29)
[2016.12.13-07.36.03:066][540]LogModuleManager: Shutting down and abandoning module MacNoEditorTargetPlatform (28)
[2016.12.13-07.36.03:066][540]LogModuleManager: Shutting down and abandoning module MacClientTargetPlatform (27)
[2016.12.13-07.36.03:066][540]LogModuleManager: Shutting down and abandoning module AllDesktopTargetPlatform (26)
[2016.12.13-07.36.03:066][540]LogModuleManager: Shutting down and abandoning module TargetPlatform (25)
[2016.12.13-07.36.03:066][540]LogModuleManager: Shutting down and abandoning module InputCore (24)
[2016.12.13-07.36.03:066][540]LogModuleManager: Shutting down and abandoning module Settings (23)
[2016.12.13-07.36.03:066][540]LogModuleManager: Shutting down and abandoning module OculusRift (22)
[2016.12.13-07.36.03:066][540]LogModuleManager: Shutting down and abandoning module ExampleDeviceProfileSelector (21)
[2016.12.13-07.36.03:066][540]LogModuleManager: Shutting down and abandoning module OnlineBlueprintSupport (20)
[2016.12.13-07.36.03:066][540]LogModuleManager: Shutting down and abandoning module OnlineSubsystem (18)
[2016.12.13-07.36.03:066][540]LogOnline:Display: Unloading online subsystem: NULL
[2016.12.13-07.36.03:067][540]LogModuleManager: Shutting down and abandoning module SSL (17)
[2016.12.13-07.36.03:068][540]LogModuleManager: Shutting down and abandoning module HTTP (16)
[2016.12.13-07.36.03:068][540]LogModuleManager: Shutting down and abandoning module XMPP (15)
[2016.12.13-07.36.03:069][540]LogModuleManager: Shutting down and abandoning module TextureCompressor (14)
[2016.12.13-07.36.03:069][540]LogModuleManager: Shutting down and abandoning module ShaderCore (13)
[2016.12.13-07.36.03:069][540]LogModuleManager: Shutting down and abandoning module Landscape (12)
[2016.12.13-07.36.03:069][540]LogModuleManager: Shutting down and abandoning module SlateRHIRenderer (11)
[2016.12.13-07.36.03:074][540]LogModuleManager: Shutting down and abandoning module OpenGLDrv (10)
[2016.12.13-07.36.03:075][540]LogModuleManager: Shutting down and abandoning module D3D11RHI (9)
[2016.12.13-07.36.03:075][540]LogModuleManager: Shutting down and abandoning module AnimGraphRuntime (8)
[2016.12.13-07.36.03:075][540]LogModuleManager: Shutting down and abandoning module Renderer (7)
[2016.12.13-07.36.03:075][540]LogModuleManager: Shutting down and abandoning module Engine (6)
[2016.12.13-07.36.03:075][540]LogModuleManager: Shutting down and abandoning module CoreUObject (5)
[2016.12.13-07.36.03:075][540]LogModuleManager: Shutting down and abandoning module NetworkFile (4)
[2016.12.13-07.36.03:076][540]LogModuleManager: Shutting down and abandoning module StreamingFile (3)
[2016.12.13-07.36.03:076][540]LogModuleManager: Shutting down and abandoning module SandboxFile (2)
[2016.12.13-07.36.03:076][540]LogModuleManager: Shutting down and abandoning module PakFile (1)
[2016.12.13-07.36.03:077][540]LogExit: Exiting.
[2016.12.13-07.36.03:082][540]Log file closed, 12/12/16 23:36:03
