Log file open, 04/20/17 00:44:57
LogInit:Display: Running engine for game: magic_muffin
LogPlatformFile: Not using cached read wrapper
LogInit:Display: RandInit(-479175339) SRandInit(-479175339).
LogTaskGraph: Started task graph with 5 named threads and 8 total threads with 1 sets of task threads.
LogStats: Stats thread started at 0.075755
LogPluginManager: Loaded Plugin Paper2D, From C:/Program Files/Epic Games/UE_4.14/Engine/Plugins/2D/Paper2D/Paper2D.uplugin
LogPluginManager: Loaded Plugin LightPropagationVolume, From C:/Program Files/Epic Games/UE_4.14/Engine/Plugins/Blendables/LightPropagationVolume/LightPropagationVolume.uplugin
LogPluginManager: Loaded Plugin BlankPlugin, From C:/Program Files/Epic Games/UE_4.14/Engine/Plugins/Developer/BlankPlugin/BlankPlugin.uplugin
LogPluginManager: Loaded Plugin CodeLiteSourceCodeAccess, From C:/Program Files/Epic Games/UE_4.14/Engine/Plugins/Developer/CodeLiteSourceCodeAccess/CodeLiteSourceCodeAccess.uplugin
LogPluginManager: Loaded Plugin GitSourceControl, From C:/Program Files/Epic Games/UE_4.14/Engine/Plugins/Developer/GitSourceControl/GitSourceControl.uplugin
LogPluginManager: Loaded Plugin KDevelopSourceCodeAccess, From C:/Program Files/Epic Games/UE_4.14/Engine/Plugins/Developer/KDevelopSourceCodeAccess/KDevelopSourceCodeAccess.uplugin
LogPluginManager: Loaded Plugin NullSourceCodeAccess, From C:/Program Files/Epic Games/UE_4.14/Engine/Plugins/Developer/NullSourceCodeAccess/NullSourceCodeAccess.uplugin
LogPluginManager: Loaded Plugin OneSkyLocalizationService, From C:/Program Files/Epic Games/UE_4.14/Engine/Plugins/Developer/OneSkyLocalizationService/OneSkyLocalizationService.uplugin
LogPluginManager: Loaded Plugin PerforceSourceControl, From C:/Program Files/Epic Games/UE_4.14/Engine/Plugins/Developer/PerforceSourceControl/PerforceSourceControl.uplugin
LogPluginManager: Loaded Plugin SubversionSourceControl, From C:/Program Files/Epic Games/UE_4.14/Engine/Plugins/Developer/SubversionSourceControl/SubversionSourceControl.uplugin
LogPluginManager: Loaded Plugin UObjectPlugin, From C:/Program Files/Epic Games/UE_4.14/Engine/Plugins/Developer/UObjectPlugin/UObjectPlugin.uplugin
LogPluginManager: Loaded Plugin VisualStudioSourceCodeAccess, From C:/Program Files/Epic Games/UE_4.14/Engine/Plugins/Developer/VisualStudioSourceCodeAccess/VisualStudioSourceCodeAccess.uplugin
LogPluginManager: Loaded Plugin XCodeSourceCodeAccess, From C:/Program Files/Epic Games/UE_4.14/Engine/Plugins/Developer/XCodeSourceCodeAccess/XCodeSourceCodeAccess.uplugin
LogPluginManager: Loaded Plugin AudioCapture, From C:/Program Files/Epic Games/UE_4.14/Engine/Plugins/Editor/AudioCapture/AudioCapture.uplugin
LogPluginManager: Loaded Plugin EpicSurvey, From C:/Program Files/Epic Games/UE_4.14/Engine/Plugins/Editor/EpicSurvey/EpicSurvey.uplugin
LogPluginManager: Loaded Plugin MacGraphicsSwitching, From C:/Program Files/Epic Games/UE_4.14/Engine/Plugins/Editor/MacGraphicsSwitching/MacGraphicsSwitching.uplugin
LogPluginManager: Loaded Plugin MobileLauncherProfileWizard, From C:/Program Files/Epic Games/UE_4.14/Engine/Plugins/Editor/MobileLauncherProfileWizard/MobileLauncherProfileWizard.uplugin
LogPluginManager: Loaded Plugin PluginBrowser, From C:/Program Files/Epic Games/UE_4.14/Engine/Plugins/Editor/PluginBrowser/PluginBrowser.uplugin
LogPluginManager: Loaded Plugin SpeedTreeImporter, From C:/Program Files/Epic Games/UE_4.14/Engine/Plugins/Editor/SpeedTreeImporter/SpeedTreeImporter.uplugin
LogPluginManager: Loaded Plugin SuperSearchEditor, From C:/Program Files/Epic Games/UE_4.14/Engine/Plugins/Editor/SuperSearchEditor/SuperSearchEditor.uplugin
LogPluginManager: Loaded Plugin AlembicImporter, From C:/Program Files/Epic Games/UE_4.14/Engine/Plugins/Experimental/AlembicImporter/AlembicImporter.uplugin
LogPluginManager: Loaded Plugin BlueprintStats, From C:/Program Files/Epic Games/UE_4.14/Engine/Plugins/Experimental/BlueprintStats/BlueprintStats.uplugin
LogPluginManager: Loaded Plugin CharacterAI, From C:/Program Files/Epic Games/UE_4.14/Engine/Plugins/Experimental/CharacterAI/CharacterAI.uplugin
LogPluginManager: Loaded Plugin CodeEditor, From C:/Program Files/Epic Games/UE_4.14/Engine/Plugins/Experimental/CodeEditor/CodeEditor.uplugin
LogPluginManager: Loaded Plugin CodeView, From C:/Program Files/Epic Games/UE_4.14/Engine/Plugins/Experimental/CodeView/CodeView.uplugin
LogPluginManager: Loaded Plugin HTML5Networking, From C:/Program Files/Epic Games/UE_4.14/Engine/Plugins/Experimental/HTML5Networking/HTML5Networking.uplugin
LogPluginManager: Loaded Plugin OSVR, From C:/Program Files/Epic Games/UE_4.14/Engine/Plugins/Experimental/OSVR/OSVR.uplugin
LogPluginManager: Loaded Plugin Phya, From C:/Program Files/Epic Games/UE_4.14/Engine/Plugins/Experimental/Phya/Phya.uplugin
LogPluginManager: Loaded Plugin SignificanceManager, From C:/Program Files/Epic Games/UE_4.14/Engine/Plugins/Experimental/SignificanceManager/SignificanceManager.uplugin
LogPluginManager: Loaded Plugin SimpleHMD, From C:/Program Files/Epic Games/UE_4.14/Engine/Plugins/Experimental/SimpleHMD/SimpleHMD.uplugin
LogPluginManager: Loaded Plugin StereoPanorama, From C:/Program Files/Epic Games/UE_4.14/Engine/Plugins/Experimental/StereoPanorama/StereoPanorama.uplugin
LogPluginManager: Loaded Plugin StructBox, From C:/Program Files/Epic Games/UE_4.14/Engine/Plugins/Experimental/StructBox/StructBox.uplugin
LogPluginManager: Loaded Plugin Substance, From C:/Program Files/Epic Games/UE_4.14/Engine/Plugins/Marketplace/Substance/Substance.uplugin
LogPluginManager: Loaded Plugin AndroidMedia, From C:/Program Files/Epic Games/UE_4.14/Engine/Plugins/Media/AndroidMedia/AndroidMedia.uplugin
LogPluginManager: Loaded Plugin AvfMedia, From C:/Program Files/Epic Games/UE_4.14/Engine/Plugins/Media/AvfMedia/AvfMedia.uplugin
LogPluginManager: Loaded Plugin MediaPlayerEditor, From C:/Program Files/Epic Games/UE_4.14/Engine/Plugins/Media/MediaPlayerEditor/MediaPlayerEditor.uplugin
LogPluginManager: Loaded Plugin WmfMedia, From C:/Program Files/Epic Games/UE_4.14/Engine/Plugins/Media/WmfMedia/WmfMedia.uplugin
LogPluginManager: Loaded Plugin MessagingDebugger, From C:/Program Files/Epic Games/UE_4.14/Engine/Plugins/Messaging/MessagingDebugger/MessagingDebugger.uplugin
LogPluginManager: Loaded Plugin TcpMessaging, From C:/Program Files/Epic Games/UE_4.14/Engine/Plugins/Messaging/TcpMessaging/TcpMessaging.uplugin
LogPluginManager: Loaded Plugin UdpMessaging, From C:/Program Files/Epic Games/UE_4.14/Engine/Plugins/Messaging/UdpMessaging/UdpMessaging.uplugin
LogPluginManager: Loaded Plugin LevelSequenceEditor, From C:/Program Files/Epic Games/UE_4.14/Engine/Plugins/MovieScene/LevelSequenceEditor/LevelSequenceEditor.uplugin
LogPluginManager: Loaded Plugin MatineeToLevelSequence, From C:/Program Files/Epic Games/UE_4.14/Engine/Plugins/MovieScene/MatineeToLevelSequence/MatineeToLevelSequence.uplugin
LogPluginManager: Loaded Plugin NetcodeUnitTest, From C:/Program Files/Epic Games/UE_4.14/Engine/Plugins/NetcodeUnitTest/NetcodeUnitTest/NetcodeUnitTest.uplugin
LogPluginManager: Loaded Plugin NUTUnrealEngine4, From C:/Program Files/Epic Games/UE_4.14/Engine/Plugins/NetcodeUnitTest/NUTUnrealEngine4/NUTUnrealEngine4.uplugin
LogPluginManager: Loaded Plugin OnlineSubsystemGameCircle, From C:/Program Files/Epic Games/UE_4.14/Engine/Plugins/Online/Android/OnlineSubsystemGameCircle/OnlineSubsystemGameCircle.uplugin
LogPluginManager: Loaded Plugin OnlineSubsystemGooglePlay, From C:/Program Files/Epic Games/UE_4.14/Engine/Plugins/Online/Android/OnlineSubsystemGooglePlay/OnlineSubsystemGooglePlay.uplugin
LogPluginManager: Loaded Plugin OnlineSubsystemIOS, From C:/Program Files/Epic Games/UE_4.14/Engine/Plugins/Online/IOS/OnlineSubsystemIOS/OnlineSubsystemIOS.uplugin
LogPluginManager: Loaded Plugin OnlineFramework, From C:/Program Files/Epic Games/UE_4.14/Engine/Plugins/Online/OnlineFramework/OnlineFramework.uplugin
LogPluginManager: Loaded Plugin OnlineSubsystem, From C:/Program Files/Epic Games/UE_4.14/Engine/Plugins/Online/OnlineSubsystem/OnlineSubsystem.uplugin
LogPluginManager: Loaded Plugin OnlineSubsystemAmazon, From C:/Program Files/Epic Games/UE_4.14/Engine/Plugins/Online/OnlineSubsystemAmazon/OnlineSubsystemAmazon.uplugin
LogPluginManager: Loaded Plugin OnlineSubsystemFacebook, From C:/Program Files/Epic Games/UE_4.14/Engine/Plugins/Online/OnlineSubsystemFacebook/OnlineSubsystemFacebook.uplugin
LogPluginManager: Loaded Plugin OnlineSubsystemNull, From C:/Program Files/Epic Games/UE_4.14/Engine/Plugins/Online/OnlineSubsystemNull/OnlineSubsystemNull.uplugin
LogPluginManager: Loaded Plugin OnlineSubsystemOculus, From C:/Program Files/Epic Games/UE_4.14/Engine/Plugins/Online/OnlineSubsystemOculus/OnlineSubsystemOculus.uplugin
LogPluginManager: Loaded Plugin OnlineSubsystemSteam, From C:/Program Files/Epic Games/UE_4.14/Engine/Plugins/Online/OnlineSubsystemSteam/OnlineSubsystemSteam.uplugin
LogPluginManager: Loaded Plugin OnlineSubsystemUtils, From C:/Program Files/Epic Games/UE_4.14/Engine/Plugins/Online/OnlineSubsystemUtils/OnlineSubsystemUtils.uplugin
LogPluginManager: Loaded Plugin IOSTapJoy, From C:/Program Files/Epic Games/UE_4.14/Engine/Plugins/Runtime/Advertising/IOSTapJoy/IOSTapJoy.uplugin
LogPluginManager: Loaded Plugin AnalyticsBlueprintLibrary, From C:/Program Files/Epic Games/UE_4.14/Engine/Plugins/Runtime/Analytics/AnalyticsBlueprintLibrary/AnalyticsBlueprintLibrary.uplugin
LogPluginManager: Loaded Plugin AnalyticsMulticast, From C:/Program Files/Epic Games/UE_4.14/Engine/Plugins/Runtime/Analytics/AnalyticsMulticast/AnalyticsMulticast.uplugin
LogPluginManager: Loaded Plugin Apsalar, From C:/Program Files/Epic Games/UE_4.14/Engine/Plugins/Runtime/Analytics/Apsalar/Apsalar.uplugin
LogPluginManager: Loaded Plugin FileLogging, From C:/Program Files/Epic Games/UE_4.14/Engine/Plugins/Runtime/Analytics/FileLogging/FileLogging.uplugin
LogPluginManager: Loaded Plugin Flurry, From C:/Program Files/Epic Games/UE_4.14/Engine/Plugins/Runtime/Analytics/Flurry/Flurry.uplugin
LogPluginManager: Loaded Plugin AndroidDeviceProfileSelector, From C:/Program Files/Epic Games/UE_4.14/Engine/Plugins/Runtime/AndroidDeviceProfileSelector/AndroidDeviceProfileSelector.uplugin
LogPluginManager: Loaded Plugin AndroidMoviePlayer, From C:/Program Files/Epic Games/UE_4.14/Engine/Plugins/Runtime/AndroidMoviePlayer/AndroidMoviePlayer.uplugin
LogPluginManager: Loaded Plugin AppleMoviePlayer, From C:/Program Files/Epic Games/UE_4.14/Engine/Plugins/Runtime/AppleMoviePlayer/AppleMoviePlayer.uplugin
LogPluginManager: Loaded Plugin ArchVisCharacter, From C:/Program Files/Epic Games/UE_4.14/Engine/Plugins/Runtime/ArchVisCharacter/ArchVisCharacter.uplugin
LogPluginManager: Loaded Plugin CableComponent, From C:/Program Files/Epic Games/UE_4.14/Engine/Plugins/Runtime/CableComponent/CableComponent.uplugin
LogPluginManager: Loaded Plugin CustomMeshComponent, From C:/Program Files/Epic Games/UE_4.14/Engine/Plugins/Runtime/CustomMeshComponent/CustomMeshComponent.uplugin
LogPluginManager: Loaded Plugin ExampleDeviceProfileSelector, From C:/Program Files/Epic Games/UE_4.14/Engine/Plugins/Runtime/ExampleDeviceProfileSelector/ExampleDeviceProfileSelector.uplugin
LogPluginManager: Loaded Plugin GearVR, From C:/Program Files/Epic Games/UE_4.14/Engine/Plugins/Runtime/GearVR/GearVR.uplugin
LogPluginManager: Loaded Plugin GoogleVRController, From C:/Program Files/Epic Games/UE_4.14/Engine/Plugins/Runtime/GoogleVR/GoogleVRController/GoogleVRController.uplugin
LogPluginManager: Loaded Plugin GoogleVRHMD, From C:/Program Files/Epic Games/UE_4.14/Engine/Plugins/Runtime/GoogleVR/GoogleVRHMD/GoogleVRHMD.uplugin
LogPluginManager: Loaded Plugin IOSDeviceProfileSelector, From C:/Program Files/Epic Games/UE_4.14/Engine/Plugins/Runtime/IOSDeviceProfileSelector/IOSDeviceProfileSelector.uplugin
LogPluginManager: Loaded Plugin LeapMotion, From C:/Program Files/Epic Games/UE_4.14/Engine/Plugins/Runtime/LeapMotion/LeapMotion.uplugin
LogPluginManager: Loaded Plugin LinuxDeviceProfileSelector, From C:/Program Files/Epic Games/UE_4.14/Engine/Plugins/Runtime/LinuxDeviceProfileSelector/LinuxDeviceProfileSelector.uplugin
LogPluginManager: Loaded Plugin MIDIDevice, From C:/Program Files/Epic Games/UE_4.14/Engine/Plugins/Runtime/MIDIDevice/MIDIDevice.uplugin
LogPluginManager: Loaded Plugin MobilePatchingUtils, From C:/Program Files/Epic Games/UE_4.14/Engine/Plugins/Runtime/MobilePatchingUtils/MobilePatchingUtils.uplugin
LogPluginManager: Loaded Plugin Ansel, From C:/Program Files/Epic Games/UE_4.14/Engine/Plugins/Runtime/Nvidia/Ansel/Ansel.uplugin
LogPluginManager: Loaded Plugin OculusAudio, From C:/Program Files/Epic Games/UE_4.14/Engine/Plugins/Runtime/OculusAudio/OculusAudio.uplugin
LogPluginManager: Loaded Plugin OculusInput, From C:/Program Files/Epic Games/UE_4.14/Engine/Plugins/Runtime/OculusInput/OculusInput.uplugin
LogPluginManager: Loaded Plugin OculusLibrary, From C:/Program Files/Epic Games/UE_4.14/Engine/Plugins/Runtime/OculusLibrary/OculusLibrary.uplugin
LogPluginManager: Loaded Plugin OculusRift, From C:/Program Files/Epic Games/UE_4.14/Engine/Plugins/Runtime/OculusRift/OculusRift.uplugin
LogPluginManager: Loaded Plugin Oodle, From C:/Program Files/Epic Games/UE_4.14/Engine/Plugins/Runtime/PacketHandlers/CompressionComponents/Oodle/Oodle.uplugin
LogPluginManager: Loaded Plugin ProceduralMeshComponent, From C:/Program Files/Epic Games/UE_4.14/Engine/Plugins/Runtime/ProceduralMeshComponent/ProceduralMeshComponent.uplugin
LogPluginManager: Loaded Plugin SoundMod, From C:/Program Files/Epic Games/UE_4.14/Engine/Plugins/Runtime/SoundMod/SoundMod.uplugin
LogPluginManager: Loaded Plugin SoundVisualizations, From C:/Program Files/Epic Games/UE_4.14/Engine/Plugins/Runtime/SoundVisualizations/SoundVisualizations.uplugin
LogPluginManager: Loaded Plugin SteamController, From C:/Program Files/Epic Games/UE_4.14/Engine/Plugins/Runtime/Steam/SteamController/SteamController.uplugin
LogPluginManager: Loaded Plugin SteamVR, From C:/Program Files/Epic Games/UE_4.14/Engine/Plugins/Runtime/Steam/SteamVR/SteamVR.uplugin
LogPluginManager: Loaded Plugin WebBrowserWidget, From C:/Program Files/Epic Games/UE_4.14/Engine/Plugins/Runtime/WebBrowserWidget/WebBrowserWidget.uplugin
LogPluginManager: Loaded Plugin WindowsDeviceProfileSelector, From C:/Program Files/Epic Games/UE_4.14/Engine/Plugins/Runtime/WindowsDeviceProfileSelector/WindowsDeviceProfileSelector.uplugin
LogPluginManager: Loaded Plugin WindowsMoviePlayer, From C:/Program Files/Epic Games/UE_4.14/Engine/Plugins/Runtime/WindowsMoviePlayer/WindowsMoviePlayer.uplugin
LogPluginManager: Loaded Plugin ScriptPlugin, From C:/Program Files/Epic Games/UE_4.14/Engine/Plugins/ScriptPlugin/ScriptPlugin.uplugin
LogPluginManager: Loaded Plugin SlateRemote, From C:/Program Files/Epic Games/UE_4.14/Engine/Plugins/Slate/SlateRemote/SlateRemote.uplugin
LogPluginManager: Loaded Plugin EditorTests, From C:/Program Files/Epic Games/UE_4.14/Engine/Plugins/Tests/EditorTests/EditorTests.uplugin
LogPluginManager: Loaded Plugin FbxAutomationTestBuilder, From C:/Program Files/Epic Games/UE_4.14/Engine/Plugins/Tests/FbxAutomationTestBuilder/FbxAutomationTestBuilder.uplugin
LogPluginManager: Loaded Plugin FunctionalTestingEditor, From C:/Program Files/Epic Games/UE_4.14/Engine/Plugins/Tests/FunctionalTestingEditor/FunctionalTestingEditor.uplugin
LogPluginManager: Loaded Plugin RuntimeTests, From C:/Program Files/Epic Games/UE_4.14/Engine/Plugins/Tests/RuntimeTests/RuntimeTests.uplugin
LogPluginManager: Loaded Plugin ScreenshotTools, From C:/Program Files/Epic Games/UE_4.14/Engine/Plugins/Tests/ScreenshotTools/ScreenshotTools.uplugin
LogInit: Using libcurl 7.47.1
LogInit:  - built for x86_64-pc-win32
LogInit:  - supports SSL with OpenSSL/1.0.2g
LogInit:  - supports HTTP deflate (compression) using libz 1.2.8
LogInit:  - other features:
LogInit:      CURL_VERSION_SSL
LogInit:      CURL_VERSION_LIBZ
LogInit:      CURL_VERSION_IPV6
LogInit:      CURL_VERSION_ASYNCHDNS
LogInit:      CURL_VERSION_LARGEFILE
LogInit:      CURL_VERSION_IDN
LogInit:  CurlRequestOptions (configurable via config and command line):
LogInit:  - bVerifyPeer = false  - Libcurl will NOT verify peer certificate
LogInit:  - bUseHttpProxy = false  - Libcurl will NOT use HTTP proxy
LogInit:  - bDontReuseConnections = false  - Libcurl will reuse connections
LogInit:  - CertBundlePath = nullptr  - Libcurl will use whatever was configured at build time.
LogInit: Build: ++UE4+Release-4.14-CL-3249277
LogInit: Engine Version: 4.14.3-3249277+++UE4+Release-4.14
LogInit: Compatible Engine Version: 4.14.0-3195953+++UE4+Release-4.14
LogInit: Net CL: 3195953
LogDevObjectVersion: Number of dev versions registered: 13
LogDevObjectVersion:   Dev-Blueprints (B0D832E4-1F89-4F0D-ACCF-7EB736FD4AA2): 7
LogDevObjectVersion:   Dev-Build (E1C64328-A22C-4D53-A36C-8E866417BD8C): 0
LogDevObjectVersion:   Dev-Core (375EC13C-06E4-48FB-B500-84F0262A717E): 1
LogDevObjectVersion:   Dev-Editor (E4B068ED-F494-42E9-A231-DA0B2E46BB41): 8
LogDevObjectVersion:   Dev-Framework (CFFC743F-43B0-4480-9391-14DF171D2073): 17
LogDevObjectVersion:   Dev-Mobile (B02B49B5-BB20-44E9-A304-32B752E40360): 0
LogDevObjectVersion:   Dev-Networking (A4E4105C-59A1-49B5-A7C5-40C4547EDFEE): 0
LogDevObjectVersion:   Dev-Online (39C831C9-5AE6-47DC-9A44-9C173E1C8E7C): 0
LogDevObjectVersion:   Dev-Physics (78F01B33-EBEA-4F98-B9B4-84EACCB95AA2): 0
LogDevObjectVersion:   Dev-Platform (6631380F-2D4D-43E0-8009-CF276956A95A): 0
LogDevObjectVersion:   Dev-Rendering (12F88B9F-8875-4AFC-A67C-D90C383ABD29): 12
LogDevObjectVersion:   Dev-Sequencer (7B5AE74C-D270-4C10-A958-57980B212A5A): 1
LogDevObjectVersion:   Dev-VR (D7296918-1DD6-4BDD-9DE2-64A83CC13884): 0
LogInit: Compiled (64-bit): Jan  6 2017 10:49:43
LogInit: Compiled with Visual C++: 19.00.23026.00
LogInit: Build Configuration: Development
LogInit: Branch Name: ++UE4+Release-4.14
LogInit: Command line:  
LogInit: Base directory: C:/Program Files/Epic Games/UE_4.14/Engine/Binaries/Win64/
LogInit: Installed Engine Build: 1
LogInit: Presizing for max 8388607 objects, including 0 objects not considered by GC, pre-allocating 0 bytes for permanent pool.
LogInit: Object subsystem initialized
[2017.04.20-04.44.57:308][  0]LogInit: Selected Device Profile: [Windows]
[2017.04.20-04.44.57:308][  0]LogInit: Applying CVar settings loaded from the selected device profile: [Windows]
[2017.04.20-04.44.57:318][  0]LogInit: Computer: SIGLAB-VR2
[2017.04.20-04.44.57:318][  0]LogInit: User: SIG
[2017.04.20-04.44.57:318][  0]LogInit: CPU Page size=65536, Cores=4
[2017.04.20-04.44.57:318][  0]LogInit: High frequency timer resolution =3.604936 MHz
[2017.04.20-04.44.57:319][  0]LogMemory: Memory total: Physical=31.9GB (32GB approx)
[2017.04.20-04.44.57:319][  0]LogMemory: Platform Memory Stats for Windows
[2017.04.20-04.44.57:319][  0]LogMemory: Process Physical Memory: 264.74 MB used, 264.74 MB peak
[2017.04.20-04.44.57:319][  0]LogMemory: Process Virtual Memory: 262.74 MB used, 262.74 MB peak
[2017.04.20-04.44.57:319][  0]LogMemory: Physical Memory: 4223.09 MB used,  28467.31 MB free, 32690.41 MB total
[2017.04.20-04.44.57:319][  0]LogMemory: Virtual Memory: 676.63 MB used,  28467.31 MB free, 134217728.00 MB total
[2017.04.20-04.44.57:344][  0]LogTextLocalizationManager: No specific translations for ('en-US') exist, so ('en') translations will be used.
[2017.04.20-04.44.57:891][  0]LogD3D11RHI: D3D11 adapters:
[2017.04.20-04.44.57:919][  0]LogD3D11RHI:    0. 'NVIDIA GeForce GTX 1070' (Feature Level 11_0)
[2017.04.20-04.44.57:919][  0]LogD3D11RHI:       8120/0/16345 MB DedicatedVideo/DedicatedSystem/SharedSystem, Outputs:2, VendorId:0x10de
[2017.04.20-04.44.57:920][  0]LogD3D11RHI:    1. 'Microsoft Basic Render Driver' (Feature Level 11_0)
[2017.04.20-04.44.57:920][  0]LogD3D11RHI:       0/0/16345 MB DedicatedVideo/DedicatedSystem/SharedSystem, Outputs:0, VendorId:0x1414
[2017.04.20-04.44.57:920][  0]LogD3D11RHI: Chosen D3D11 Adapter: 0
[2017.04.20-04.44.57:924][  0]LogD3D11RHI: Creating new Direct3DDevice
[2017.04.20-04.44.57:924][  0]LogD3D11RHI:     GPU DeviceId: 0x1b81 (for the marketing name, search the web for "GPU Device Id")
[2017.04.20-04.44.57:924][  0]LogWindows: EnumDisplayDevices:
[2017.04.20-04.44.57:924][  0]LogWindows:    0. 'NVIDIA GeForce GTX 1070' (P:1 D:1)
[2017.04.20-04.44.57:924][  0]LogWindows:    1. 'NVIDIA GeForce GTX 1070' (P:0 D:1)
[2017.04.20-04.44.57:924][  0]LogWindows:    2. 'NVIDIA GeForce GTX 1070' (P:0 D:0)
[2017.04.20-04.44.57:924][  0]LogWindows:    3. 'NVIDIA GeForce GTX 1070' (P:0 D:0)
[2017.04.20-04.44.57:924][  0]LogWindows: DebugString: FoundDriverCount:4 
[2017.04.20-04.44.57:925][  0]LogD3D11RHI:     Adapter Name: NVIDIA GeForce GTX 1070
[2017.04.20-04.44.57:925][  0]LogD3D11RHI:   Driver Version: 378.49 (internal:21.21.13.7849, unified:378.49)
[2017.04.20-04.44.57:925][  0]LogD3D11RHI:      Driver Date: 1-20-2017
[2017.04.20-04.44.57:925][  0]LogRHI: Texture pool is 1361 MB (70% of 1945 MB)
[2017.04.20-04.44.57:941][  0]LogD3D11RHI: Async texture creation enabled
[2017.04.20-04.44.57:951][  0]LogD3D11RHI: GPU Timing Frequency: 1000.000000 (Debug: 2 1)
[2017.04.20-04.44.57:951][  0]LogShaderCompilers: Guid format shader working directory is -19 characters bigger than the processId version (../../../../../../Users/SIG/Desktop/final-project-magic-muffin/Intermediate/Shaders/WorkingDirectory/10752/).
[2017.04.20-04.44.57:951][  0]LogShaderCompilers: Cleaned the shader compiler working directory 'C:/Users/SIG/AppData/Local/Temp/UnrealShaderWorkingDir/3C55365646170293A46684BFA6853A49/'.
[2017.04.20-04.44.57:951][  0]LogShaderCompilers:Display: Using Local Shader Compiler.
[2017.04.20-04.44.58:885][  0]LogTemp:Display: Loaded TP AllDesktopTargetPlatform
[2017.04.20-04.44.58:934][  0]LogTemp:Display: Loaded TP MacClientTargetPlatform
[2017.04.20-04.44.58:983][  0]LogTemp:Display: Loaded TP MacNoEditorTargetPlatform
[2017.04.20-04.44.59:031][  0]LogTemp:Display: Loaded TP MacServerTargetPlatform
[2017.04.20-04.44.59:079][  0]LogTemp:Display: Loaded TP MacTargetPlatform
[2017.04.20-04.44.59:126][  0]LogTemp:Display: Loaded TP WindowsClientTargetPlatform
[2017.04.20-04.44.59:173][  0]LogTemp:Display: Loaded TP WindowsNoEditorTargetPlatform
[2017.04.20-04.44.59:221][  0]LogTemp:Display: Loaded TP WindowsServerTargetPlatform
[2017.04.20-04.44.59:260][  0]LogTemp:Display: Loaded TP WindowsTargetPlatform
[2017.04.20-04.44.59:307][  0]LogTemp:Display: Loaded TP AndroidTargetPlatform
[2017.04.20-04.44.59:353][  0]LogTemp:Display: Loaded TP Android_ASTCTargetPlatform
[2017.04.20-04.44.59:401][  0]LogTemp:Display: Loaded TP Android_ATCTargetPlatform
[2017.04.20-04.44.59:448][  0]LogTemp:Display: Loaded TP Android_DXTTargetPlatform
[2017.04.20-04.44.59:495][  0]LogTemp:Display: Loaded TP Android_ETC1TargetPlatform
[2017.04.20-04.44.59:542][  0]LogTemp:Display: Loaded TP Android_ETC2TargetPlatform
[2017.04.20-04.44.59:634][  0]LogTemp:Display: Loaded TP Android_MultiTargetPlatform
[2017.04.20-04.44.59:634][  0]LogTemp:Display: Loaded TP Android_PVRTCTargetPlatform
[2017.04.20-04.44.59:668][  0]LogTemp:Display: Loaded TP HTML5TargetPlatform
[2017.04.20-04.44.59:746][  0]LogTemp:Display: Loaded TP IOSTargetPlatform
[2017.04.20-04.44.59:779][  0]LogTemp:Display: Loaded TP TVOSTargetPlatform
[2017.04.20-04.44.59:827][  0]LogTemp:Display: Loaded TP LinuxClientTargetPlatform
[2017.04.20-04.44.59:873][  0]LogTemp:Display: Loaded TP LinuxNoEditorTargetPlatform
[2017.04.20-04.44.59:918][  0]LogTemp:Display: Loaded TP LinuxServerTargetPlatform
[2017.04.20-04.44.59:967][  0]LogTemp:Display: Loaded TP LinuxTargetPlatform
[2017.04.20-04.44.59:967][  0]LogTargetPlatformManager:Display: Building Assets For Windows
[2017.04.20-04.45.00:329][  0]LogDerivedDataCache:Display: Max Cache Size: 512 MB
[2017.04.20-04.45.00:381][  0]LogDerivedDataCache: Loaded boot cache 0.05s 50MB C:/Users/SIG/AppData/Local/UnrealEngine/4.14/DerivedDataCache/Boot.ddc.
[2017.04.20-04.45.00:381][  0]LogDerivedDataCache:Display: Loaded Boot cache: C:/Users/SIG/AppData/Local/UnrealEngine/4.14/DerivedDataCache/Boot.ddc
[2017.04.20-04.45.00:382][  0]LogDerivedDataCache: FDerivedDataBackendGraph:  Pak pak cache file ../../../../../../Users/SIG/Desktop/final-project-magic-muffin/DerivedDataCache/DDC.ddp not found, will not use a pak cache.
[2017.04.20-04.45.00:382][  0]LogDerivedDataCache: Unable to find inner node Pak for hierarchical cache Hierarchy.
[2017.04.20-04.45.00:382][  0]LogDerivedDataCache: FDerivedDataBackendGraph:  CompressedPak pak cache file ../../../../../../Users/SIG/Desktop/final-project-magic-muffin/DerivedDataCache/Compressed.ddp not found, will not use a pak cache.
[2017.04.20-04.45.00:382][  0]LogDerivedDataCache: Unable to find inner node CompressedPak for hierarchical cache Hierarchy.
[2017.04.20-04.45.00:397][  0]LogDerivedDataCache:Display: Pak cache opened for reading ../../../Engine/DerivedDataCache/Compressed.ddp.
[2017.04.20-04.45.00:408][  0]LogDerivedDataCache: Using Local data cache path C:/Users/SIG/AppData/Local/UnrealEngine/Common/DerivedDataCache: Writable
[2017.04.20-04.45.00:586][  0]LogInit: Selected Device Profile: [Windows]
[2017.04.20-04.45.00:588][  0]LogContentStreaming: Texture pool size is 0.00 MB
[2017.04.20-04.45.00:773][  0]LogMeshUtilities: Using QuadricMeshReduction for automatic static mesh reduction
[2017.04.20-04.45.00:812][  0]LogSimplygon: Simplygon DLL not present - disabling.
[2017.04.20-04.45.00:854][  0]LogMeshUtilities: Using SimplygonSwarm for distributed automatic mesh merging
[2017.04.20-04.45.00:854][  0]LogMeshUtilities: No automatic skeletal mesh reduction module available
[2017.04.20-04.45.00:854][  0]LogMeshUtilities: No automatic mesh merging module available
[2017.04.20-04.45.01:299][  0]LogNetVersion: GetLocalNetworkVersion: CL: 3195953, ProjectName: magic_muffin, ProjectVersion: , EngineNetworkVersion: 2, GameNetworkVersion: 0, NetworkChecksum: 3102453254
[2017.04.20-04.45.01:350][  0]LogAssetRegistry: FAssetRegistry took 0.0214 seconds to start up
[2017.04.20-04.45.01:400][  0]LogPackageLocalizationCache: Processed 3 localized package path(s) for 2 prioritized culture(s) in 0.029280 seconds
[2017.04.20-04.45.01:405][  0]LogUObjectArray: 31946 objects as part of root set at end of initial load.
[2017.04.20-04.45.01:405][  0]LogUObjectAllocator: 6935848 out of 0 bytes used by permanent object pool.
[2017.04.20-04.45.01:405][  0]LogUObjectArray: CloseDisregardForGC: 0/0 objects in disregard for GC pool
[2017.04.20-04.45.01:462][  0]LogInit: WinSock: version 1.1 (2.2), MaxSocks=32767, MaxUdp=65467
[2017.04.20-04.45.02:155][  0]LogSlate: Using Freetype 2.6.0
[2017.04.20-04.45.02:156][  0]LogSlate: SlateFontCache - WITH_FREETYPE: 1, WITH_HARFBUZZ: 1
[2017.04.20-04.45.02:156][  0]LogSlate: SlateFontCache - WITH_FREETYPE: 1, WITH_HARFBUZZ: 1
[2017.04.20-04.45.02:860][  0]LogSubstanceCoreModule: Substance [CPU] Engine Loaded, Max Texture Size = 2048
[2017.04.20-04.45.02:886][  0]LogTcpMessaging: Initializing TcpMessaging bridge
[2017.04.20-04.45.02:923][  0]LogUdpMessaging: Initializing bridge on interface 0.0.0.0:0 to multicast group 230.0.0.1:6666.
[2017.04.20-04.45.03:197][  0]LogMaterial: Uniform references updated for custom material expression Custom.
[2017.04.20-04.45.03:536][  0]SourceControl: Info Source control is disabled
[2017.04.20-04.45.03:558][  0]SourceControl: Info Source control is disabled
[2017.04.20-04.45.03:601][  0]SourceControl: Info Source control is disabled
[2017.04.20-04.45.03:642][  0]SourceControl: Info Source control is disabled
[2017.04.20-04.45.04:870][  0]LogEngine: Initializing Engine...
[2017.04.20-04.45.04:888][  0]LogHMD: SteamVR initialized.  Driver: lighthouse  Display: LHR-8813B57A
[2017.04.20-04.45.05:105][  0]LogAIModule: Creating AISystem for world Untitled
[2017.04.20-04.45.05:128][  0]LogInit: XAudio2 using 'Speakers / Headphones (Realtek Audio)' : 2 channels at 48 kHz using 32 bits per sample (channel mask 0x3)
[2017.04.20-04.45.05:142][  0]LogInit: FAudioDevice initialized.
[2017.04.20-04.45.05:167][  0]LogDerivedDataCache: Saved boot cache 0.02s 50MB C:/Users/SIG/AppData/Local/UnrealEngine/4.14/DerivedDataCache/Boot.ddc.
[2017.04.20-04.45.05:175][  0]LogInit: Texture streaming: Enabled
[2017.04.20-04.45.05:345][  0]LogInit: Transaction tracking system initialized
[2017.04.20-04.45.05:653][  0]BlueprintLog: New page: Editor Load
[2017.04.20-04.45.06:459][  0]LocalizationService: Info Localization service is disabled
[2017.04.20-04.45.07:033][  0]LogConsoleResponse:Display: 
[2017.04.20-04.45.07:159][  0]LogCook:Display: Max memory allowance for cook 16384mb min free memory 0mb
[2017.04.20-04.45.07:159][  0]LogCook:Display: Mobile HDR setting 1
[2017.04.20-04.45.07:995][  0]LogFileCache: Scanning file cache for directory 'C:/Users/SIG/Desktop/final-project-magic-muffin/Content/' took 0.02s
[2017.04.20-04.45.07:995][  0]SourceControl: Info Source control is disabled
[2017.04.20-04.45.07:995][  0]Cmd: MAP LOAD FILE="../../../../../../Users/SIG/Desktop/final-project-magic-muffin/Content/FirstPersonBP/Maps/OfficeRoom.umap" TEMPLATE=0 SHOWPROGRESS=1 FEATURELEVEL=3
[2017.04.20-04.45.07:996][  0]LightingResults: New page: Lighting Build
[2017.04.20-04.45.08:034][  0]MapCheck: New page: Map Check
[2017.04.20-04.45.08:034][  0]LightingResults: New page: Lighting Build
[2017.04.20-04.45.08:091][  0]LogAIModule: Creating AISystem for world OfficeRoom
[2017.04.20-04.45.08:096][  0]LogEditorServer: Finished looking for orphan Actors (0.000 secs)
[2017.04.20-04.45.08:096][  0]Cmd: MAP CHECKDEP NOCLEARLOG
[2017.04.20-04.45.08:136][  0]MapCheck: Info Map check complete: 0 Error(s), 0 Warning(s), took 39.036ms to complete.
[2017.04.20-04.45.08:136][  0]LogFileHelpers: Loading map 'OfficeRoom' took 0.140
[2017.04.20-04.45.08:199][  0]LogWindowsTextInputMethodSystem:Display: IME system now deactivated.
[2017.04.20-04.45.08:233][  0]LogCollectionManager: Loaded 0 collections in 0.002545 seconds
[2017.04.20-04.45.08:307][  0]LogFileCache: Scanning file cache for directory 'C:/Users/SIG/Desktop/final-project-magic-muffin/Saved/Collections/' took 0.01s
[2017.04.20-04.45.08:307][  0]LogFileCache: Scanning file cache for directory 'C:/Users/SIG/Desktop/final-project-magic-muffin/Content/Developers/SIG/Collections/' took 0.01s
[2017.04.20-04.45.08:307][  0]LogFileCache: Scanning file cache for directory 'C:/Users/SIG/Desktop/final-project-magic-muffin/Content/Collections/' took 0.01s
[2017.04.20-04.45.08:307][  0]LogCollectionManager: Rebuilt the GUID cache for 0 collections in 0.000002 seconds
[2017.04.20-04.45.08:315][  0]LogContentBrowser: Native class hierarchy populated in 0.0074 seconds. Added 2205 classes and 437 folders.
[2017.04.20-04.45.08:350][  0]LogStats: UGameplayTagsManager::ConstructGameplayTagTree: Construct from data asset -  0.000 s
[2017.04.20-04.45.08:350][  0]LogStats: UGameplayTagsManager::ConstructGameplayTagTree: GameplayTagTreeChangedEvent.Broadcast -  0.000 s
[2017.04.20-04.45.08:350][  0]LogContentBrowser: Native class hierarchy updated for 'GameplayTags' in 0.0005 seconds. Added 13 classes and 0 folders.
[2017.04.20-04.45.08:404][  0]LogContentBrowser: Native class hierarchy updated for 'WidgetCarousel' in 0.0004 seconds. Added 0 classes and 0 folders.
[2017.04.20-04.45.08:436][  0]LogContentBrowser: Native class hierarchy updated for 'AddContentDialog' in 0.0004 seconds. Added 0 classes and 0 folders.
[2017.04.20-04.45.08:515][  0]LogContentBrowser: Native class hierarchy updated for 'SceneOutliner' in 0.0004 seconds. Added 1 classes and 2 folders.
[2017.04.20-04.45.08:581][  0]LogCrashTracker: Crashtracker disabled due to settings.
[2017.04.20-04.45.08:585][  0]LogUObjectGlobals:Warning: Failed to find object 'Class None.'
[2017.04.20-04.45.08:648][  0]LogContentBrowser: Native class hierarchy updated for 'HierarchicalLODOutliner' in 0.0005 seconds. Added 1 classes and 2 folders.
[2017.04.20-04.45.08:648][  0]LogLoad: (Engine Initialization) Total time: 12.66 seconds
[2017.04.20-04.45.08:648][  0]LogLoad: (Engine Initialization) Total Blueprint compile time: 0.04 seconds
[2017.04.20-04.45.08:648][  0]LogExternalProfiler: Found external profiler: VSPerf
[2017.04.20-04.45.08:648][  0]LogExternalProfiler: Using external profiler: VSPerf
[2017.04.20-04.45.08:657][  0]LogOcInput: OculusInput pre-init called
[2017.04.20-04.45.08:687][  0]LogContentStreaming: Texture pool size now 1000 MB
[2017.04.20-04.45.08:804][  0]LogRenderer: Reallocating scene render targets to support 1440x444 NumSamples 1 (Frame:2).
[2017.04.20-04.45.08:869][  1]LogFileCache: Retrieving MD5 hashes for directory 'C:/Users/SIG/Desktop/final-project-magic-muffin/Content/' took 0.20s
[2017.04.20-04.45.08:887][  1]LogAssetRegistry: Asset discovery search completed in 7.5586 seconds
[2017.04.20-04.45.08:887][  1]LogCollectionManager: Rebuilt the object cache for 0 collections in 0.000001 seconds (found 0 objects)
[2017.04.20-04.45.08:887][  1]LogCollectionManager: Fixed up redirectors for 0 collections in 0.000017 seconds (updated 0 objects)
[2017.04.20-04.45.45:252][327]LogBlueprint:Warning: [Compiler Viz_Cylinder_BP] Warning Node  K2Node_EaseFunction_0 . The node won't be pruned as isolated one. The node is not pure, but it has no exec pin(s). Verify IsNodePure implementation in K2Node Ease Function.
[2017.04.20-04.45.45:252][327]LogBlueprint:Warning: [Compiler Viz_Cylinder_BP] Warning Node  K2Node_EaseFunction_0 . The node won't be pruned as isolated one. The node is not pure, but it has no exec pin(s). Verify IsNodePure implementation in K2Node Ease Function.
[2017.04.20-04.45.45:253][327]LogBlueprint:Warning: [Compiler Viz_Cylinder_BP] Warning [0049.26] Compile of Viz_Cylinder_BP successful, but with 2 Warning(s) [in 3 ms] (/Game/FirstPersonBP/Blueprints/Viz_Cylinder_BP.Viz_Cylinder_BP)
[2017.04.20-04.45.45:253][327]LogBlueprint:Warning: [Compiler Viz_Cylinder_BP] Warning [0049.26] Compile of Viz_Cylinder_BP successful, but with 3 Warning(s) [in 0 ms] (/Game/FirstPersonBP/Blueprints/Viz_Cylinder_BP.Viz_Cylinder_BP)
[2017.04.20-04.45.45:253][327]LogBlueprint:Warning: [Compiler Viz_Cylinder_BP] Warning [0049.26] Compile of Viz_Cylinder_BP successful, but with 4 Warning(s) [in 0 ms] (/Game/FirstPersonBP/Blueprints/Viz_Cylinder_BP.Viz_Cylinder_BP)
[2017.04.20-04.45.45:271][327]LogBlueprint:Warning: [Compiler Viz_Cylinder_BP] Warning Node  K2Node_EaseFunction_0 . The node won't be pruned as isolated one. The node is not pure, but it has no exec pin(s). Verify IsNodePure implementation in K2Node Ease Function.
[2017.04.20-04.45.45:272][327]LogBlueprint:Warning: [Compiler Viz_Cylinder_BP] Warning Node  K2Node_EaseFunction_0 . The node won't be pruned as isolated one. The node is not pure, but it has no exec pin(s). Verify IsNodePure implementation in K2Node Ease Function.
[2017.04.20-04.45.45:273][327]LogBlueprint:Warning: [Compiler Viz_Cylinder_BP] Warning [0049.28] Compile of Viz_Cylinder_BP successful, but with 2 Warning(s) [in 3 ms] (/Game/FirstPersonBP/Blueprints/Viz_Cylinder_BP.Viz_Cylinder_BP)
[2017.04.20-04.45.45:273][327]LogBlueprint:Warning: [Compiler Viz_Cylinder_BP] Warning [0049.28] Compile of Viz_Cylinder_BP successful, but with 3 Warning(s) [in 0 ms] (/Game/FirstPersonBP/Blueprints/Viz_Cylinder_BP.Viz_Cylinder_BP)
[2017.04.20-04.45.45:273][327]LogBlueprint:Warning: [Compiler Viz_Cylinder_BP] Warning [0049.28] Compile of Viz_Cylinder_BP successful, but with 4 Warning(s) [in 0 ms] (/Game/FirstPersonBP/Blueprints/Viz_Cylinder_BP.Viz_Cylinder_BP)
[2017.04.20-04.45.46:265][327]LogTexture:Display: Building textures: T_UDK_Sky_CloudMask01_N (AutoDXT)
[2017.04.20-04.45.47:290][327]LogStaticMesh: Building static mesh SM_Couch_04...
[2017.04.20-04.45.47:290][327]LogStaticMesh: Built static mesh [0.00s] /Game/SimpleOffice/Meshes/SM_Couch_04.SM_Couch_04
[2017.04.20-04.45.47:292][327]LogStaticMesh: Building static mesh SM_Cloud_04...
[2017.04.20-04.45.47:311][327]LogStaticMesh: Built static mesh [0.02s] /Game/LowPolyAdventureEnvironment/Mesh/SM_Cloud_04.SM_Cloud_04
[2017.04.20-04.45.47:313][327]LogStaticMesh: Building static mesh SM_Cloud_03...
[2017.04.20-04.45.47:314][327]LogStaticMesh: Built static mesh [0.00s] /Game/LowPolyAdventureEnvironment/Mesh/SM_Cloud_03.SM_Cloud_03
[2017.04.20-04.45.47:315][327]LogStaticMesh: Building static mesh SM_Cloud_02...
[2017.04.20-04.45.47:317][327]LogStaticMesh: Built static mesh [0.00s] /Game/LowPolyAdventureEnvironment/Mesh/SM_Cloud_02.SM_Cloud_02
[2017.04.20-04.45.47:318][327]LogStaticMesh: Building static mesh SM_Cloud_01...
[2017.04.20-04.45.47:324][327]LogStaticMesh: Built static mesh [0.01s] /Game/LowPolyAdventureEnvironment/Mesh/SM_Cloud_01.SM_Cloud_01
[2017.04.20-04.45.47:328][327]LogTexture:Display: Building textures: ThumbnailTexture (DXT1)
[2017.04.20-04.45.47:456][327]LogStaticMesh: Building static mesh SM_Monitor_03...
[2017.04.20-04.45.47:457][327]LogStaticMesh: Built static mesh [0.00s] /Game/SimpleOffice/Meshes/SM_Monitor_03.SM_Monitor_03
[2017.04.20-04.45.47:932][327]LogAIModule: Creating AISystem for world TestRoom
[2017.04.20-04.45.47:981][327]Cmd: MAP LOAD FILE="../../../../../../Users/SIG/Desktop/final-project-magic-muffin/Content/FirstPersonBP/Maps/TestRoom.umap" TEMPLATE=0 SHOWPROGRESS=1 FEATURELEVEL=3
[2017.04.20-04.45.47:981][327]LightingResults: New page: Lighting Build
[2017.04.20-04.45.47:981][327]LoadErrors: New page: Loading map: TestRoom.umap
[2017.04.20-04.45.47:982][327]MapCheck: New page: Map Check
[2017.04.20-04.45.47:982][327]LightingResults: New page: Lighting Build
[2017.04.20-04.45.48:171][327]LogEditorServer: Finished looking for orphan Actors (0.000 secs)
[2017.04.20-04.45.48:199][327]Cmd: MAP CHECKDEP NOCLEARLOG
[2017.04.20-04.45.48:258][327]MapCheck: Info Map check complete: 0 Error(s), 0 Warning(s), took 58.656ms to complete.
[2017.04.20-04.45.48:258][327]LogFileHelpers: Loading map 'TestRoom' took 0.277
[2017.04.20-04.45.51:642][727]LogTemp: Repeting last play command: Selected Viewport
[2017.04.20-04.45.51:658][727]LogBlueprintUserMessages: Early PlayInEditor Detection: Level '/Game/FirstPersonBP/Maps/TestRoom.TestRoom:PersistentLevel' has LevelScriptBlueprint '/Game/FirstPersonBP/Maps/TestRoom.TestRoom:PersistentLevel.TestRoom' with GeneratedClass '/Game/FirstPersonBP/Maps/TestRoom.TestRoom_C' with ClassGeneratedBy '/Game/FirstPersonBP/Maps/TestRoom.TestRoom:PersistentLevel.TestRoom'
[2017.04.20-04.45.51:658][727]LogPlayLevel: PlayLevel: No blueprints needed recompiling
[2017.04.20-04.45.51:658][727]PIE: New page: PIE session: TestRoom (Apr 19, 2017, 8:45:51 PM)
[2017.04.20-04.45.51:658][727]LogPlayLevel: Creating play world package: /Game/FirstPersonBP/Maps/UEDPIE_0_TestRoom
[2017.04.20-04.45.51:692][727]LogPlayLevel: PIE: StaticDuplicateObject took: (0.034156s)
[2017.04.20-04.45.51:693][727]LogAIModule: Creating AISystem for world TestRoom
[2017.04.20-04.45.51:693][727]LogPlayLevel: PIE: World Init took: (0.000772s)
[2017.04.20-04.45.51:693][727]LogPlayLevel: PIE: Created PIE world by copying editor world from /Game/FirstPersonBP/Maps/TestRoom.TestRoom to /Game/FirstPersonBP/Maps/UEDPIE_0_TestRoom.TestRoom (0.035257s)
[2017.04.20-04.45.51:722][727]LogInit: XAudio2 using 'Speakers / Headphones (Realtek Audio)' : 2 channels at 48 kHz using 32 bits per sample (channel mask 0x3)
[2017.04.20-04.45.51:733][727]LogInit: FAudioDevice initialized.
[2017.04.20-04.45.51:777][727]LogLoad: Game class is 'FirstPersonGameMode_C'
[2017.04.20-04.45.51:783][727]LogWorld: Bringing World /Game/FirstPersonBP/Maps/UEDPIE_0_TestRoom.TestRoom up for play (max tick rate 0) at 2017.04.20-00.45.51
[2017.04.20-04.45.51:785][727]LogWorld: Bringing up level for play took: 0.007494
[2017.04.20-04.45.51:823][727]LogContentBrowser: Native class hierarchy updated for 'MovieSceneCapture' in 0.0005 seconds. Added 11 classes and 0 folders.
[2017.04.20-04.45.51:824][727]PIE: Info Play in editor start time for /Game/FirstPersonBP/Maps/UEDPIE_0_TestRoom 0.769
[2017.04.20-04.45.51:824][727]LogBlueprintUserMessages: Late PlayInEditor Detection: Level '/Game/FirstPersonBP/Maps/TestRoom.TestRoom:PersistentLevel' has LevelScriptBlueprint '/Game/FirstPersonBP/Maps/TestRoom.TestRoom:PersistentLevel.TestRoom' with GeneratedClass '/Game/FirstPersonBP/Maps/TestRoom.TestRoom_C' with ClassGeneratedBy '/Game/FirstPersonBP/Maps/TestRoom.TestRoom:PersistentLevel.TestRoom'
[2017.04.20-04.45.51:888][728]LogRenderer: Reallocating scene render targets to support 2016x624 NumSamples 1 (Frame:10).
[2017.04.20-04.46.09:148][975]LogBlueprintUserMessages: Early EndPlayMap Detection: Level '/Game/FirstPersonBP/Maps/TestRoom.TestRoom:PersistentLevel' has LevelScriptBlueprint '/Game/FirstPersonBP/Maps/TestRoom.TestRoom:PersistentLevel.TestRoom' with GeneratedClass '/Game/FirstPersonBP/Maps/TestRoom.TestRoom_C' with ClassGeneratedBy '/Game/FirstPersonBP/Maps/TestRoom.TestRoom:PersistentLevel.TestRoom'
