Log file open, 04/05/17 20:27:19
LogInit:Display: Running engine for game: magic_muffin
LogPlatformFile: Not using cached read wrapper
LogInit:Display: RandInit(1275267613) SRandInit(1275267613).
LogTaskGraph: Started task graph with 5 named threads and 8 total threads with 1 sets of task threads.
LogStats: Stats thread started at 0.077257
LogPluginManager: Loaded Plugin Paper2D, From C:/Program Files/Epic Games/UE_4.14/Engine/Plugins/2D/Paper2D/Paper2D.uplugin
LogPluginManager: Loaded Plugin LightPropagationVolume, From C:/Program Files/Epic Games/UE_4.14/Engine/Plugins/Blendables/LightPropagationVolume/LightPropagationVolume.uplugin
LogPluginManager: Loaded Plugin BlankPlugin, From C:/Program Files/Epic Games/UE_4.14/Engine/Plugins/Developer/BlankPlugin/BlankPlugin.uplugin
LogPluginManager: Loaded Plugin CodeLiteSourceCodeAccess, From C:/Program Files/Epic Games/UE_4.14/Engine/Plugins/Developer/CodeLiteSourceCodeAccess/CodeLiteSourceCodeAccess.uplugin
LogPluginManager: Loaded Plugin GitSourceControl, From C:/Program Files/Epic Games/UE_4.14/Engine/Plugins/Developer/GitSourceControl/GitSourceControl.uplugin
LogPluginManager: Loaded Plugin KDevelopSourceCodeAccess, From C:/Program Files/Epic Games/UE_4.14/Engine/Plugins/Developer/KDevelopSourceCodeAccess/KDevelopSourceCodeAccess.uplugin
LogPluginManager: Loaded Plugin NullSourceCodeAccess, From C:/Program Files/Epic Games/UE_4.14/Engine/Plugins/Developer/NullSourceCodeAccess/NullSourceCodeAccess.uplugin
LogPluginManager: Loaded Plugin OneSkyLocalizationService, From C:/Program Files/Epic Games/UE_4.14/Engine/Plugins/Developer/OneSkyLocalizationService/OneSkyLocalizationService.uplugin
LogPluginManager: Loaded Plugin PerforceSourceControl, From C:/Program Files/Epic Games/UE_4.14/Engine/Plugins/Developer/PerforceSourceControl/PerforceSourceControl.uplugin
LogPluginManager: Loaded Plugin SubversionSourceControl, From C:/Program Files/Epic Games/UE_4.14/Engine/Plugins/Developer/SubversionSourceControl/SubversionSourceControl.uplugin
LogPluginManager: Loaded Plugin UObjectPlugin, From C:/Program Files/Epic Games/UE_4.14/Engine/Plugins/Developer/UObjectPlugin/UObjectPlugin.uplugin
LogPluginManager: Loaded Plugin VisualStudioSourceCodeAccess, From C:/Program Files/Epic Games/UE_4.14/Engine/Plugins/Developer/VisualStudioSourceCodeAccess/VisualStudioSourceCodeAccess.uplugin
LogPluginManager: Loaded Plugin XCodeSourceCodeAccess, From C:/Program Files/Epic Games/UE_4.14/Engine/Plugins/Developer/XCodeSourceCodeAccess/XCodeSourceCodeAccess.uplugin
LogPluginManager: Loaded Plugin AudioCapture, From C:/Program Files/Epic Games/UE_4.14/Engine/Plugins/Editor/AudioCapture/AudioCapture.uplugin
LogPluginManager: Loaded Plugin EpicSurvey, From C:/Program Files/Epic Games/UE_4.14/Engine/Plugins/Editor/EpicSurvey/EpicSurvey.uplugin
LogPluginManager: Loaded Plugin MacGraphicsSwitching, From C:/Program Files/Epic Games/UE_4.14/Engine/Plugins/Editor/MacGraphicsSwitching/MacGraphicsSwitching.uplugin
LogPluginManager: Loaded Plugin MobileLauncherProfileWizard, From C:/Program Files/Epic Games/UE_4.14/Engine/Plugins/Editor/MobileLauncherProfileWizard/MobileLauncherProfileWizard.uplugin
LogPluginManager: Loaded Plugin PluginBrowser, From C:/Program Files/Epic Games/UE_4.14/Engine/Plugins/Editor/PluginBrowser/PluginBrowser.uplugin
LogPluginManager: Loaded Plugin SpeedTreeImporter, From C:/Program Files/Epic Games/UE_4.14/Engine/Plugins/Editor/SpeedTreeImporter/SpeedTreeImporter.uplugin
LogPluginManager: Loaded Plugin SuperSearchEditor, From C:/Program Files/Epic Games/UE_4.14/Engine/Plugins/Editor/SuperSearchEditor/SuperSearchEditor.uplugin
LogPluginManager: Loaded Plugin AlembicImporter, From C:/Program Files/Epic Games/UE_4.14/Engine/Plugins/Experimental/AlembicImporter/AlembicImporter.uplugin
LogPluginManager: Loaded Plugin BlueprintStats, From C:/Program Files/Epic Games/UE_4.14/Engine/Plugins/Experimental/BlueprintStats/BlueprintStats.uplugin
LogPluginManager: Loaded Plugin CharacterAI, From C:/Program Files/Epic Games/UE_4.14/Engine/Plugins/Experimental/CharacterAI/CharacterAI.uplugin
LogPluginManager: Loaded Plugin CodeEditor, From C:/Program Files/Epic Games/UE_4.14/Engine/Plugins/Experimental/CodeEditor/CodeEditor.uplugin
LogPluginManager: Loaded Plugin CodeView, From C:/Program Files/Epic Games/UE_4.14/Engine/Plugins/Experimental/CodeView/CodeView.uplugin
LogPluginManager: Loaded Plugin HTML5Networking, From C:/Program Files/Epic Games/UE_4.14/Engine/Plugins/Experimental/HTML5Networking/HTML5Networking.uplugin
LogPluginManager: Loaded Plugin OSVR, From C:/Program Files/Epic Games/UE_4.14/Engine/Plugins/Experimental/OSVR/OSVR.uplugin
LogPluginManager: Loaded Plugin Phya, From C:/Program Files/Epic Games/UE_4.14/Engine/Plugins/Experimental/Phya/Phya.uplugin
LogPluginManager: Loaded Plugin SignificanceManager, From C:/Program Files/Epic Games/UE_4.14/Engine/Plugins/Experimental/SignificanceManager/SignificanceManager.uplugin
LogPluginManager: Loaded Plugin SimpleHMD, From C:/Program Files/Epic Games/UE_4.14/Engine/Plugins/Experimental/SimpleHMD/SimpleHMD.uplugin
LogPluginManager: Loaded Plugin StereoPanorama, From C:/Program Files/Epic Games/UE_4.14/Engine/Plugins/Experimental/StereoPanorama/StereoPanorama.uplugin
LogPluginManager: Loaded Plugin StructBox, From C:/Program Files/Epic Games/UE_4.14/Engine/Plugins/Experimental/StructBox/StructBox.uplugin
LogPluginManager: Loaded Plugin Substance, From C:/Program Files/Epic Games/UE_4.14/Engine/Plugins/Marketplace/Substance/Substance.uplugin
LogPluginManager: Loaded Plugin AndroidMedia, From C:/Program Files/Epic Games/UE_4.14/Engine/Plugins/Media/AndroidMedia/AndroidMedia.uplugin
LogPluginManager: Loaded Plugin AvfMedia, From C:/Program Files/Epic Games/UE_4.14/Engine/Plugins/Media/AvfMedia/AvfMedia.uplugin
LogPluginManager: Loaded Plugin MediaPlayerEditor, From C:/Program Files/Epic Games/UE_4.14/Engine/Plugins/Media/MediaPlayerEditor/MediaPlayerEditor.uplugin
LogPluginManager: Loaded Plugin WmfMedia, From C:/Program Files/Epic Games/UE_4.14/Engine/Plugins/Media/WmfMedia/WmfMedia.uplugin
LogPluginManager: Loaded Plugin MessagingDebugger, From C:/Program Files/Epic Games/UE_4.14/Engine/Plugins/Messaging/MessagingDebugger/MessagingDebugger.uplugin
LogPluginManager: Loaded Plugin TcpMessaging, From C:/Program Files/Epic Games/UE_4.14/Engine/Plugins/Messaging/TcpMessaging/TcpMessaging.uplugin
LogPluginManager: Loaded Plugin UdpMessaging, From C:/Program Files/Epic Games/UE_4.14/Engine/Plugins/Messaging/UdpMessaging/UdpMessaging.uplugin
LogPluginManager: Loaded Plugin LevelSequenceEditor, From C:/Program Files/Epic Games/UE_4.14/Engine/Plugins/MovieScene/LevelSequenceEditor/LevelSequenceEditor.uplugin
LogPluginManager: Loaded Plugin MatineeToLevelSequence, From C:/Program Files/Epic Games/UE_4.14/Engine/Plugins/MovieScene/MatineeToLevelSequence/MatineeToLevelSequence.uplugin
LogPluginManager: Loaded Plugin NetcodeUnitTest, From C:/Program Files/Epic Games/UE_4.14/Engine/Plugins/NetcodeUnitTest/NetcodeUnitTest/NetcodeUnitTest.uplugin
LogPluginManager: Loaded Plugin NUTUnrealEngine4, From C:/Program Files/Epic Games/UE_4.14/Engine/Plugins/NetcodeUnitTest/NUTUnrealEngine4/NUTUnrealEngine4.uplugin
LogPluginManager: Loaded Plugin OnlineSubsystemGameCircle, From C:/Program Files/Epic Games/UE_4.14/Engine/Plugins/Online/Android/OnlineSubsystemGameCircle/OnlineSubsystemGameCircle.uplugin
LogPluginManager: Loaded Plugin OnlineSubsystemGooglePlay, From C:/Program Files/Epic Games/UE_4.14/Engine/Plugins/Online/Android/OnlineSubsystemGooglePlay/OnlineSubsystemGooglePlay.uplugin
LogPluginManager: Loaded Plugin OnlineSubsystemIOS, From C:/Program Files/Epic Games/UE_4.14/Engine/Plugins/Online/IOS/OnlineSubsystemIOS/OnlineSubsystemIOS.uplugin
LogPluginManager: Loaded Plugin OnlineFramework, From C:/Program Files/Epic Games/UE_4.14/Engine/Plugins/Online/OnlineFramework/OnlineFramework.uplugin
LogPluginManager: Loaded Plugin OnlineSubsystem, From C:/Program Files/Epic Games/UE_4.14/Engine/Plugins/Online/OnlineSubsystem/OnlineSubsystem.uplugin
LogPluginManager: Loaded Plugin OnlineSubsystemAmazon, From C:/Program Files/Epic Games/UE_4.14/Engine/Plugins/Online/OnlineSubsystemAmazon/OnlineSubsystemAmazon.uplugin
LogPluginManager: Loaded Plugin OnlineSubsystemFacebook, From C:/Program Files/Epic Games/UE_4.14/Engine/Plugins/Online/OnlineSubsystemFacebook/OnlineSubsystemFacebook.uplugin
LogPluginManager: Loaded Plugin OnlineSubsystemNull, From C:/Program Files/Epic Games/UE_4.14/Engine/Plugins/Online/OnlineSubsystemNull/OnlineSubsystemNull.uplugin
LogPluginManager: Loaded Plugin OnlineSubsystemOculus, From C:/Program Files/Epic Games/UE_4.14/Engine/Plugins/Online/OnlineSubsystemOculus/OnlineSubsystemOculus.uplugin
LogPluginManager: Loaded Plugin OnlineSubsystemSteam, From C:/Program Files/Epic Games/UE_4.14/Engine/Plugins/Online/OnlineSubsystemSteam/OnlineSubsystemSteam.uplugin
LogPluginManager: Loaded Plugin OnlineSubsystemUtils, From C:/Program Files/Epic Games/UE_4.14/Engine/Plugins/Online/OnlineSubsystemUtils/OnlineSubsystemUtils.uplugin
LogPluginManager: Loaded Plugin IOSTapJoy, From C:/Program Files/Epic Games/UE_4.14/Engine/Plugins/Runtime/Advertising/IOSTapJoy/IOSTapJoy.uplugin
LogPluginManager: Loaded Plugin AnalyticsBlueprintLibrary, From C:/Program Files/Epic Games/UE_4.14/Engine/Plugins/Runtime/Analytics/AnalyticsBlueprintLibrary/AnalyticsBlueprintLibrary.uplugin
LogPluginManager: Loaded Plugin AnalyticsMulticast, From C:/Program Files/Epic Games/UE_4.14/Engine/Plugins/Runtime/Analytics/AnalyticsMulticast/AnalyticsMulticast.uplugin
LogPluginManager: Loaded Plugin Apsalar, From C:/Program Files/Epic Games/UE_4.14/Engine/Plugins/Runtime/Analytics/Apsalar/Apsalar.uplugin
LogPluginManager: Loaded Plugin FileLogging, From C:/Program Files/Epic Games/UE_4.14/Engine/Plugins/Runtime/Analytics/FileLogging/FileLogging.uplugin
LogPluginManager: Loaded Plugin Flurry, From C:/Program Files/Epic Games/UE_4.14/Engine/Plugins/Runtime/Analytics/Flurry/Flurry.uplugin
LogPluginManager: Loaded Plugin AndroidDeviceProfileSelector, From C:/Program Files/Epic Games/UE_4.14/Engine/Plugins/Runtime/AndroidDeviceProfileSelector/AndroidDeviceProfileSelector.uplugin
LogPluginManager: Loaded Plugin AndroidMoviePlayer, From C:/Program Files/Epic Games/UE_4.14/Engine/Plugins/Runtime/AndroidMoviePlayer/AndroidMoviePlayer.uplugin
LogPluginManager: Loaded Plugin AppleMoviePlayer, From C:/Program Files/Epic Games/UE_4.14/Engine/Plugins/Runtime/AppleMoviePlayer/AppleMoviePlayer.uplugin
LogPluginManager: Loaded Plugin ArchVisCharacter, From C:/Program Files/Epic Games/UE_4.14/Engine/Plugins/Runtime/ArchVisCharacter/ArchVisCharacter.uplugin
LogPluginManager: Loaded Plugin CableComponent, From C:/Program Files/Epic Games/UE_4.14/Engine/Plugins/Runtime/CableComponent/CableComponent.uplugin
LogPluginManager: Loaded Plugin CustomMeshComponent, From C:/Program Files/Epic Games/UE_4.14/Engine/Plugins/Runtime/CustomMeshComponent/CustomMeshComponent.uplugin
LogPluginManager: Loaded Plugin ExampleDeviceProfileSelector, From C:/Program Files/Epic Games/UE_4.14/Engine/Plugins/Runtime/ExampleDeviceProfileSelector/ExampleDeviceProfileSelector.uplugin
LogPluginManager: Loaded Plugin GearVR, From C:/Program Files/Epic Games/UE_4.14/Engine/Plugins/Runtime/GearVR/GearVR.uplugin
LogPluginManager: Loaded Plugin GoogleVRController, From C:/Program Files/Epic Games/UE_4.14/Engine/Plugins/Runtime/GoogleVR/GoogleVRController/GoogleVRController.uplugin
LogPluginManager: Loaded Plugin GoogleVRHMD, From C:/Program Files/Epic Games/UE_4.14/Engine/Plugins/Runtime/GoogleVR/GoogleVRHMD/GoogleVRHMD.uplugin
LogPluginManager: Loaded Plugin IOSDeviceProfileSelector, From C:/Program Files/Epic Games/UE_4.14/Engine/Plugins/Runtime/IOSDeviceProfileSelector/IOSDeviceProfileSelector.uplugin
LogPluginManager: Loaded Plugin LeapMotion, From C:/Program Files/Epic Games/UE_4.14/Engine/Plugins/Runtime/LeapMotion/LeapMotion.uplugin
LogPluginManager: Loaded Plugin LinuxDeviceProfileSelector, From C:/Program Files/Epic Games/UE_4.14/Engine/Plugins/Runtime/LinuxDeviceProfileSelector/LinuxDeviceProfileSelector.uplugin
LogPluginManager: Loaded Plugin MIDIDevice, From C:/Program Files/Epic Games/UE_4.14/Engine/Plugins/Runtime/MIDIDevice/MIDIDevice.uplugin
LogPluginManager: Loaded Plugin MobilePatchingUtils, From C:/Program Files/Epic Games/UE_4.14/Engine/Plugins/Runtime/MobilePatchingUtils/MobilePatchingUtils.uplugin
LogPluginManager: Loaded Plugin Ansel, From C:/Program Files/Epic Games/UE_4.14/Engine/Plugins/Runtime/Nvidia/Ansel/Ansel.uplugin
LogPluginManager: Loaded Plugin OculusAudio, From C:/Program Files/Epic Games/UE_4.14/Engine/Plugins/Runtime/OculusAudio/OculusAudio.uplugin
LogPluginManager: Loaded Plugin OculusInput, From C:/Program Files/Epic Games/UE_4.14/Engine/Plugins/Runtime/OculusInput/OculusInput.uplugin
LogPluginManager: Loaded Plugin OculusLibrary, From C:/Program Files/Epic Games/UE_4.14/Engine/Plugins/Runtime/OculusLibrary/OculusLibrary.uplugin
LogPluginManager: Loaded Plugin OculusRift, From C:/Program Files/Epic Games/UE_4.14/Engine/Plugins/Runtime/OculusRift/OculusRift.uplugin
LogPluginManager: Loaded Plugin Oodle, From C:/Program Files/Epic Games/UE_4.14/Engine/Plugins/Runtime/PacketHandlers/CompressionComponents/Oodle/Oodle.uplugin
LogPluginManager: Loaded Plugin ProceduralMeshComponent, From C:/Program Files/Epic Games/UE_4.14/Engine/Plugins/Runtime/ProceduralMeshComponent/ProceduralMeshComponent.uplugin
LogPluginManager: Loaded Plugin SoundMod, From C:/Program Files/Epic Games/UE_4.14/Engine/Plugins/Runtime/SoundMod/SoundMod.uplugin
LogPluginManager: Loaded Plugin SoundVisualizations, From C:/Program Files/Epic Games/UE_4.14/Engine/Plugins/Runtime/SoundVisualizations/SoundVisualizations.uplugin
LogPluginManager: Loaded Plugin SteamController, From C:/Program Files/Epic Games/UE_4.14/Engine/Plugins/Runtime/Steam/SteamController/SteamController.uplugin
LogPluginManager: Loaded Plugin SteamVR, From C:/Program Files/Epic Games/UE_4.14/Engine/Plugins/Runtime/Steam/SteamVR/SteamVR.uplugin
LogPluginManager: Loaded Plugin WebBrowserWidget, From C:/Program Files/Epic Games/UE_4.14/Engine/Plugins/Runtime/WebBrowserWidget/WebBrowserWidget.uplugin
LogPluginManager: Loaded Plugin WindowsDeviceProfileSelector, From C:/Program Files/Epic Games/UE_4.14/Engine/Plugins/Runtime/WindowsDeviceProfileSelector/WindowsDeviceProfileSelector.uplugin
LogPluginManager: Loaded Plugin WindowsMoviePlayer, From C:/Program Files/Epic Games/UE_4.14/Engine/Plugins/Runtime/WindowsMoviePlayer/WindowsMoviePlayer.uplugin
LogPluginManager: Loaded Plugin ScriptPlugin, From C:/Program Files/Epic Games/UE_4.14/Engine/Plugins/ScriptPlugin/ScriptPlugin.uplugin
LogPluginManager: Loaded Plugin SlateRemote, From C:/Program Files/Epic Games/UE_4.14/Engine/Plugins/Slate/SlateRemote/SlateRemote.uplugin
LogPluginManager: Loaded Plugin EditorTests, From C:/Program Files/Epic Games/UE_4.14/Engine/Plugins/Tests/EditorTests/EditorTests.uplugin
LogPluginManager: Loaded Plugin FbxAutomationTestBuilder, From C:/Program Files/Epic Games/UE_4.14/Engine/Plugins/Tests/FbxAutomationTestBuilder/FbxAutomationTestBuilder.uplugin
LogPluginManager: Loaded Plugin FunctionalTestingEditor, From C:/Program Files/Epic Games/UE_4.14/Engine/Plugins/Tests/FunctionalTestingEditor/FunctionalTestingEditor.uplugin
LogPluginManager: Loaded Plugin RuntimeTests, From C:/Program Files/Epic Games/UE_4.14/Engine/Plugins/Tests/RuntimeTests/RuntimeTests.uplugin
LogPluginManager: Loaded Plugin ScreenshotTools, From C:/Program Files/Epic Games/UE_4.14/Engine/Plugins/Tests/ScreenshotTools/ScreenshotTools.uplugin
LogInit: Using libcurl 7.47.1
LogInit:  - built for x86_64-pc-win32
LogInit:  - supports SSL with OpenSSL/1.0.2g
LogInit:  - supports HTTP deflate (compression) using libz 1.2.8
LogInit:  - other features:
LogInit:      CURL_VERSION_SSL
LogInit:      CURL_VERSION_LIBZ
LogInit:      CURL_VERSION_IPV6
LogInit:      CURL_VERSION_ASYNCHDNS
LogInit:      CURL_VERSION_LARGEFILE
LogInit:      CURL_VERSION_IDN
LogInit:  CurlRequestOptions (configurable via config and command line):
LogInit:  - bVerifyPeer = false  - Libcurl will NOT verify peer certificate
LogInit:  - bUseHttpProxy = false  - Libcurl will NOT use HTTP proxy
LogInit:  - bDontReuseConnections = false  - Libcurl will reuse connections
LogInit:  - CertBundlePath = nullptr  - Libcurl will use whatever was configured at build time.
OCULUS: Info: [CAPI] LibOVR module is located at C:\Program Files\Oculus\Support\oculus-runtime\LibOVRRT64_1.dll
OCULUS: Debug: Connected to the server running version (prod = 1).1.13.0(build = 361842) feature version = 0. Client runs version (prod = 1).1.13.0(build = 361842) feature version = 0
LogInit: Build: ++UE4+Release-4.14-CL-3249277
LogInit: Engine Version: 4.14.3-3249277+++UE4+Release-4.14
LogInit: Compatible Engine Version: 4.14.0-3195953+++UE4+Release-4.14
LogInit: Net CL: 3195953
LogDevObjectVersion: Number of dev versions registered: 13
LogDevObjectVersion:   Dev-Blueprints (B0D832E4-1F89-4F0D-ACCF-7EB736FD4AA2): 7
LogDevObjectVersion:   Dev-Build (E1C64328-A22C-4D53-A36C-8E866417BD8C): 0
LogDevObjectVersion:   Dev-Core (375EC13C-06E4-48FB-B500-84F0262A717E): 1
LogDevObjectVersion:   Dev-Editor (E4B068ED-F494-42E9-A231-DA0B2E46BB41): 8
LogDevObjectVersion:   Dev-Framework (CFFC743F-43B0-4480-9391-14DF171D2073): 17
LogDevObjectVersion:   Dev-Mobile (B02B49B5-BB20-44E9-A304-32B752E40360): 0
LogDevObjectVersion:   Dev-Networking (A4E4105C-59A1-49B5-A7C5-40C4547EDFEE): 0
LogDevObjectVersion:   Dev-Online (39C831C9-5AE6-47DC-9A44-9C173E1C8E7C): 0
LogDevObjectVersion:   Dev-Physics (78F01B33-EBEA-4F98-B9B4-84EACCB95AA2): 0
LogDevObjectVersion:   Dev-Platform (6631380F-2D4D-43E0-8009-CF276956A95A): 0
LogDevObjectVersion:   Dev-Rendering (12F88B9F-8875-4AFC-A67C-D90C383ABD29): 12
LogDevObjectVersion:   Dev-Sequencer (7B5AE74C-D270-4C10-A958-57980B212A5A): 1
LogDevObjectVersion:   Dev-VR (D7296918-1DD6-4BDD-9DE2-64A83CC13884): 0
LogInit: Compiled (64-bit): Jan  6 2017 10:49:43
LogInit: Compiled with Visual C++: 19.00.23026.00
LogInit: Build Configuration: Development
LogInit: Branch Name: ++UE4+Release-4.14
LogInit: Command line:  
LogInit: Base directory: C:/Program Files/Epic Games/UE_4.14/Engine/Binaries/Win64/
LogInit: Installed Engine Build: 1
LogInit: Presizing for max 8388607 objects, including 0 objects not considered by GC, pre-allocating 0 bytes for permanent pool.
LogInit: Object subsystem initialized
[2017.04.06-00.27.20:727][  0]LogInit: Selected Device Profile: [Windows]
[2017.04.06-00.27.20:727][  0]LogInit: Applying CVar settings loaded from the selected device profile: [Windows]
[2017.04.06-00.27.20:737][  0]LogInit: Computer: SIGLAB-VR2
[2017.04.06-00.27.20:737][  0]LogInit: User: SIG
[2017.04.06-00.27.20:737][  0]LogInit: CPU Page size=65536, Cores=4
[2017.04.06-00.27.20:737][  0]LogInit: High frequency timer resolution =3.604930 MHz
[2017.04.06-00.27.20:737][  0]LogMemory: Memory total: Physical=31.9GB (32GB approx)
[2017.04.06-00.27.20:737][  0]LogMemory: Platform Memory Stats for Windows
[2017.04.06-00.27.20:737][  0]LogMemory: Process Physical Memory: 269.48 MB used, 269.48 MB peak
[2017.04.06-00.27.20:737][  0]LogMemory: Process Virtual Memory: 265.93 MB used, 265.93 MB peak
[2017.04.06-00.27.20:737][  0]LogMemory: Physical Memory: 4457.13 MB used,  28233.28 MB free, 32690.41 MB total
[2017.04.06-00.27.20:737][  0]LogMemory: Virtual Memory: 717.88 MB used,  28233.28 MB free, 134217728.00 MB total
[2017.04.06-00.27.20:759][  0]LogTextLocalizationManager: No specific translations for ('en-US') exist, so ('en') translations will be used.
[2017.04.06-00.27.21:309][  0]LogD3D11RHI: D3D11 adapters:
[2017.04.06-00.27.21:332][  0]LogD3D11RHI:    0. 'NVIDIA GeForce GTX 1070' (Feature Level 11_0)
[2017.04.06-00.27.21:332][  0]LogD3D11RHI:       8120/0/16345 MB DedicatedVideo/DedicatedSystem/SharedSystem, Outputs:2, VendorId:0x10de
[2017.04.06-00.27.21:334][  0]LogD3D11RHI:    1. 'Microsoft Basic Render Driver' (Feature Level 11_0)
[2017.04.06-00.27.21:334][  0]LogD3D11RHI:       0/0/16345 MB DedicatedVideo/DedicatedSystem/SharedSystem, Outputs:0, VendorId:0x1414
[2017.04.06-00.27.21:334][  0]LogD3D11RHI: Chosen D3D11 Adapter: 0
[2017.04.06-00.27.21:338][  0]LogD3D11RHI: Creating new Direct3DDevice
[2017.04.06-00.27.21:338][  0]LogD3D11RHI:     GPU DeviceId: 0x1b81 (for the marketing name, search the web for "GPU Device Id")
[2017.04.06-00.27.21:338][  0]LogWindows: EnumDisplayDevices:
[2017.04.06-00.27.21:338][  0]LogWindows:    0. 'NVIDIA GeForce GTX 1070' (P:0 D:1)
[2017.04.06-00.27.21:338][  0]LogWindows:    1. 'NVIDIA GeForce GTX 1070' (P:1 D:1)
[2017.04.06-00.27.21:338][  0]LogWindows:    2. 'NVIDIA GeForce GTX 1070' (P:0 D:0)
[2017.04.06-00.27.21:338][  0]LogWindows:    3. 'NVIDIA GeForce GTX 1070' (P:0 D:0)
[2017.04.06-00.27.21:338][  0]LogWindows: DebugString: FoundDriverCount:4 
[2017.04.06-00.27.21:338][  0]LogD3D11RHI:     Adapter Name: NVIDIA GeForce GTX 1070
[2017.04.06-00.27.21:338][  0]LogD3D11RHI:   Driver Version: 378.49 (internal:21.21.13.7849, unified:378.49)
[2017.04.06-00.27.21:338][  0]LogD3D11RHI:      Driver Date: 1-20-2017
[2017.04.06-00.27.21:338][  0]LogRHI: Texture pool is 1361 MB (70% of 1945 MB)
[2017.04.06-00.27.21:350][  0]LogD3D11RHI: Async texture creation enabled
[2017.04.06-00.27.21:360][  0]LogD3D11RHI: GPU Timing Frequency: 1000.000000 (Debug: 2 1)
[2017.04.06-00.27.21:360][  0]LogShaderCompilers: Guid format shader working directory is -61 characters bigger than the processId version (../../../../../../Users/SIG/Downloads/final-project-magic-muffin-master/final-project-magic-muffin-master/Intermediate/Shaders/WorkingDirectory/8216/).
[2017.04.06-00.27.21:360][  0]LogShaderCompilers: Cleaned the shader compiler working directory 'C:/Users/SIG/AppData/Local/Temp/UnrealShaderWorkingDir/8531C5DD4E1FA74C2AA7FA87B6CDD173/'.
[2017.04.06-00.27.21:360][  0]LogShaderCompilers:Display: Using Local Shader Compiler.
[2017.04.06-00.27.22:298][  0]LogTemp:Display: Loaded TP AllDesktopTargetPlatform
[2017.04.06-00.27.22:348][  0]LogTemp:Display: Loaded TP MacClientTargetPlatform
[2017.04.06-00.27.22:398][  0]LogTemp:Display: Loaded TP MacNoEditorTargetPlatform
[2017.04.06-00.27.22:448][  0]LogTemp:Display: Loaded TP MacServerTargetPlatform
[2017.04.06-00.27.22:499][  0]LogTemp:Display: Loaded TP MacTargetPlatform
[2017.04.06-00.27.22:549][  0]LogTemp:Display: Loaded TP WindowsClientTargetPlatform
[2017.04.06-00.27.22:597][  0]LogTemp:Display: Loaded TP WindowsNoEditorTargetPlatform
[2017.04.06-00.27.22:646][  0]LogTemp:Display: Loaded TP WindowsServerTargetPlatform
[2017.04.06-00.27.22:689][  0]LogTemp:Display: Loaded TP WindowsTargetPlatform
[2017.04.06-00.27.22:736][  0]LogTemp:Display: Loaded TP AndroidTargetPlatform
[2017.04.06-00.27.22:785][  0]LogTemp:Display: Loaded TP Android_ASTCTargetPlatform
[2017.04.06-00.27.22:833][  0]LogTemp:Display: Loaded TP Android_ATCTargetPlatform
[2017.04.06-00.27.22:881][  0]LogTemp:Display: Loaded TP Android_DXTTargetPlatform
[2017.04.06-00.27.22:928][  0]LogTemp:Display: Loaded TP Android_ETC1TargetPlatform
[2017.04.06-00.27.22:978][  0]LogTemp:Display: Loaded TP Android_ETC2TargetPlatform
[2017.04.06-00.27.23:073][  0]LogTemp:Display: Loaded TP Android_MultiTargetPlatform
[2017.04.06-00.27.23:073][  0]LogTemp:Display: Loaded TP Android_PVRTCTargetPlatform
[2017.04.06-00.27.23:108][  0]LogTemp:Display: Loaded TP HTML5TargetPlatform
[2017.04.06-00.27.23:189][  0]LogTemp:Display: Loaded TP IOSTargetPlatform
[2017.04.06-00.27.23:221][  0]LogTemp:Display: Loaded TP TVOSTargetPlatform
[2017.04.06-00.27.23:268][  0]LogTemp:Display: Loaded TP LinuxClientTargetPlatform
[2017.04.06-00.27.23:315][  0]LogTemp:Display: Loaded TP LinuxNoEditorTargetPlatform
[2017.04.06-00.27.23:362][  0]LogTemp:Display: Loaded TP LinuxServerTargetPlatform
[2017.04.06-00.27.23:411][  0]LogTemp:Display: Loaded TP LinuxTargetPlatform
[2017.04.06-00.27.23:411][  0]LogTargetPlatformManager:Display: Building Assets For Windows
[2017.04.06-00.27.23:783][  0]LogDerivedDataCache:Display: Max Cache Size: 512 MB
[2017.04.06-00.27.23:835][  0]LogDerivedDataCache: Loaded boot cache 0.05s 50MB C:/Users/SIG/AppData/Local/UnrealEngine/4.14/DerivedDataCache/Boot.ddc.
[2017.04.06-00.27.23:835][  0]LogDerivedDataCache:Display: Loaded Boot cache: C:/Users/SIG/AppData/Local/UnrealEngine/4.14/DerivedDataCache/Boot.ddc
[2017.04.06-00.27.23:835][  0]LogDerivedDataCache: FDerivedDataBackendGraph:  Pak pak cache file ../../../../../../Users/SIG/Downloads/final-project-magic-muffin-master/final-project-magic-muffin-master/DerivedDataCache/DDC.ddp not found, will not use a pak cache.
[2017.04.06-00.27.23:835][  0]LogDerivedDataCache: Unable to find inner node Pak for hierarchical cache Hierarchy.
[2017.04.06-00.27.23:835][  0]LogDerivedDataCache: FDerivedDataBackendGraph:  CompressedPak pak cache file ../../../../../../Users/SIG/Downloads/final-project-magic-muffin-master/final-project-magic-muffin-master/DerivedDataCache/Compressed.ddp not found, will not use a pak cache.
[2017.04.06-00.27.23:835][  0]LogDerivedDataCache: Unable to find inner node CompressedPak for hierarchical cache Hierarchy.
[2017.04.06-00.27.23:851][  0]LogDerivedDataCache:Display: Pak cache opened for reading ../../../Engine/DerivedDataCache/Compressed.ddp.
[2017.04.06-00.27.23:863][  0]LogDerivedDataCache: Using Local data cache path C:/Users/SIG/AppData/Local/UnrealEngine/Common/DerivedDataCache: Writable
[2017.04.06-00.27.24:039][  0]LogInit: Selected Device Profile: [Windows]
[2017.04.06-00.27.24:042][  0]LogContentStreaming: Texture pool size is 0.00 MB
[2017.04.06-00.27.24:233][  0]LogMeshUtilities: Using QuadricMeshReduction for automatic static mesh reduction
[2017.04.06-00.27.24:272][  0]LogSimplygon: Simplygon DLL not present - disabling.
[2017.04.06-00.27.24:315][  0]LogMeshUtilities: Using SimplygonSwarm for distributed automatic mesh merging
[2017.04.06-00.27.24:315][  0]LogMeshUtilities: No automatic skeletal mesh reduction module available
[2017.04.06-00.27.24:315][  0]LogMeshUtilities: No automatic mesh merging module available
[2017.04.06-00.27.24:764][  0]LogNetVersion: GetLocalNetworkVersion: CL: 3195953, ProjectName: magic_muffin, ProjectVersion: , EngineNetworkVersion: 2, GameNetworkVersion: 0, NetworkChecksum: 3102453254
[2017.04.06-00.27.24:816][  0]LogAssetRegistry: FAssetRegistry took 0.0212 seconds to start up
[2017.04.06-00.27.24:866][  0]LogPackageLocalizationCache: Processed 3 localized package path(s) for 2 prioritized culture(s) in 0.025390 seconds
[2017.04.06-00.27.24:871][  0]LogUObjectArray: 31946 objects as part of root set at end of initial load.
[2017.04.06-00.27.24:871][  0]LogUObjectAllocator: 6935848 out of 0 bytes used by permanent object pool.
[2017.04.06-00.27.24:871][  0]LogUObjectArray: CloseDisregardForGC: 0/0 objects in disregard for GC pool
[2017.04.06-00.27.24:929][  0]LogInit: WinSock: version 1.1 (2.2), MaxSocks=32767, MaxUdp=65467
[2017.04.06-00.27.25:588][  0]LogSlate: Using Freetype 2.6.0
[2017.04.06-00.27.25:588][  0]LogSlate: SlateFontCache - WITH_FREETYPE: 1, WITH_HARFBUZZ: 1
[2017.04.06-00.27.25:588][  0]LogSlate: SlateFontCache - WITH_FREETYPE: 1, WITH_HARFBUZZ: 1
[2017.04.06-00.27.26:290][  0]LogSubstanceCoreModule: Substance [CPU] Engine Loaded, Max Texture Size = 2048
[2017.04.06-00.27.26:317][  0]LogTcpMessaging: Initializing TcpMessaging bridge
[2017.04.06-00.27.26:355][  0]LogUdpMessaging: Initializing bridge on interface 0.0.0.0:0 to multicast group 230.0.0.1:6666.
[2017.04.06-00.27.26:639][  0]LogMaterial: Uniform references updated for custom material expression Custom.
[2017.04.06-00.27.26:983][  0]SourceControl: Info Source control is disabled
[2017.04.06-00.27.27:006][  0]SourceControl: Info Source control is disabled
[2017.04.06-00.27.27:050][  0]SourceControl: Info Source control is disabled
[2017.04.06-00.27.27:092][  0]SourceControl: Info Source control is disabled
[2017.04.06-00.27.28:345][  0]LogEngine: Initializing Engine...
[2017.04.06-00.27.28:362][  0]LogHMD: SteamVR initialized.  Driver: lighthouse  Display: LHR-8813B57A
[2017.04.06-00.27.28:577][  0]LogAIModule: Creating AISystem for world Untitled
[2017.04.06-00.27.28:594][  0]LogInit: XAudio2 using 'Speakers / Headphones (Realtek Audio)' : 2 channels at 48 kHz using 32 bits per sample (channel mask 0x3)
[2017.04.06-00.27.28:607][  0]LogInit: FAudioDevice initialized.
[2017.04.06-00.27.28:631][  0]LogDerivedDataCache: Saved boot cache 0.02s 50MB C:/Users/SIG/AppData/Local/UnrealEngine/4.14/DerivedDataCache/Boot.ddc.
[2017.04.06-00.27.28:640][  0]LogInit: Texture streaming: Enabled
[2017.04.06-00.27.28:811][  0]LogInit: Transaction tracking system initialized
[2017.04.06-00.27.29:124][  0]BlueprintLog: New page: Editor Load
[2017.04.06-00.27.29:926][  0]LocalizationService: Info Localization service is disabled
[2017.04.06-00.27.30:509][  0]LogConsoleResponse:Display: 
[2017.04.06-00.27.30:627][  0]LogCook:Display: Max memory allowance for cook 16384mb min free memory 0mb
[2017.04.06-00.27.30:627][  0]LogCook:Display: Mobile HDR setting 1
[2017.04.06-00.27.31:454][  0]LogFileCache: Scanning file cache for directory 'C:/Users/SIG/Downloads/final-project-magic-muffin-master/final-project-magic-muffin-master/Content/' took 0.01s
[2017.04.06-00.27.31:496][  0]SourceControl: Info Source control is disabled
[2017.04.06-00.27.31:497][  0]LightingResults: New page: Lighting Build
[2017.04.06-00.27.31:533][  0]MapCheck: New page: Map Check
[2017.04.06-00.27.31:533][  0]LightingResults: New page: Lighting Build
[2017.04.06-00.27.31:959][  0]LogAIModule: Creating AISystem for world FirstPersonExampleMap
[2017.04.06-00.27.31:966][  0]LogEditorServer: Finished looking for orphan Actors (0.000 secs)
[2017.04.06-00.27.31:967][  0]Cmd: MAP CHECKDEP NOCLEARLOG
[2017.04.06-00.27.32:008][  0]MapCheck: Info Map check complete: 0 Error(s), 0 Warning(s), took 41.128ms to complete.
[2017.04.06-00.27.32:008][  0]LogFileHelpers: Loading map 'FirstPersonExampleMap' took 0.511
[2017.04.06-00.27.32:060][  0]LogWindowsTextInputMethodSystem:Display: IME system now deactivated.
[2017.04.06-00.27.32:131][  0]LogCollectionManager: Loaded 0 collections in 0.001988 seconds
[2017.04.06-00.27.32:208][  0]LogFileCache: Scanning file cache for directory 'C:/Users/SIG/Downloads/final-project-magic-muffin-master/final-project-magic-muffin-master/Saved/Collections/' took 0.01s
[2017.04.06-00.27.32:209][  0]LogFileCache: Scanning file cache for directory 'C:/Users/SIG/Downloads/final-project-magic-muffin-master/final-project-magic-muffin-master/Content/Developers/SIG/Collections/' took 0.01s
[2017.04.06-00.27.32:209][  0]LogFileCache: Scanning file cache for directory 'C:/Users/SIG/Downloads/final-project-magic-muffin-master/final-project-magic-muffin-master/Content/Collections/' took 0.01s
[2017.04.06-00.27.32:209][  0]LogCollectionManager: Rebuilt the GUID cache for 0 collections in 0.000001 seconds
[2017.04.06-00.27.32:216][  0]LogContentBrowser: Native class hierarchy populated in 0.0074 seconds. Added 2205 classes and 437 folders.
[2017.04.06-00.27.32:254][  0]LogStats: UGameplayTagsManager::ConstructGameplayTagTree: Construct from data asset -  0.000 s
[2017.04.06-00.27.32:254][  0]LogStats: UGameplayTagsManager::ConstructGameplayTagTree: GameplayTagTreeChangedEvent.Broadcast -  0.000 s
[2017.04.06-00.27.32:254][  0]LogContentBrowser: Native class hierarchy updated for 'GameplayTags' in 0.0005 seconds. Added 13 classes and 0 folders.
[2017.04.06-00.27.32:309][  0]LogContentBrowser: Native class hierarchy updated for 'WidgetCarousel' in 0.0004 seconds. Added 0 classes and 0 folders.
[2017.04.06-00.27.32:342][  0]LogContentBrowser: Native class hierarchy updated for 'AddContentDialog' in 0.0004 seconds. Added 0 classes and 0 folders.
[2017.04.06-00.27.32:383][  0]LogContentBrowser: Native class hierarchy updated for 'SceneOutliner' in 0.0005 seconds. Added 1 classes and 2 folders.
[2017.04.06-00.27.32:417][  0]LogCrashTracker: Crashtracker disabled due to settings.
[2017.04.06-00.27.32:421][  0]LogUObjectGlobals:Warning: Failed to find object 'Class None.'
[2017.04.06-00.27.32:482][  0]LogContentBrowser: Native class hierarchy updated for 'HierarchicalLODOutliner' in 0.0005 seconds. Added 1 classes and 2 folders.
[2017.04.06-00.27.32:482][  0]LogLoad: (Engine Initialization) Total time: 13.62 seconds
[2017.04.06-00.27.32:482][  0]LogLoad: (Engine Initialization) Total Blueprint compile time: 0.17 seconds
[2017.04.06-00.27.32:482][  0]LogExternalProfiler: Found external profiler: VSPerf
[2017.04.06-00.27.32:482][  0]LogExternalProfiler: Using external profiler: VSPerf
[2017.04.06-00.27.32:491][  0]LogOcInput: OculusInput pre-init called
[2017.04.06-00.27.32:502][  0]LogOcInput: OculusInput is initialized. Init status 0. Runtime version: 1.13.0
[2017.04.06-00.27.32:520][  0]LogContentStreaming: Texture pool size now 1000 MB
[2017.04.06-00.27.32:645][  0]LogRenderer: Reallocating scene render targets to support 1136x580 NumSamples 1 (Frame:2).
[2017.04.06-00.27.32:692][  1]LogAssetRegistry: Asset discovery search completed in 7.8970 seconds
[2017.04.06-00.27.32:692][  1]LogCollectionManager: Rebuilt the object cache for 0 collections in 0.000001 seconds (found 0 objects)
[2017.04.06-00.27.32:692][  1]LogCollectionManager: Fixed up redirectors for 0 collections in 0.000016 seconds (updated 0 objects)
[2017.04.06-00.27.36:696][466]LogAIModule: Creating AISystem for world MusicRoom1
[2017.04.06-00.27.36:719][466]LightingResults: New page: Lighting Build
[2017.04.06-00.27.36:720][466]LoadErrors: New page: Loading map: MusicRoom1.umap
[2017.04.06-00.27.36:720][466]MapCheck: New page: Map Check
[2017.04.06-00.27.36:720][466]LightingResults: New page: Lighting Build
[2017.04.06-00.27.36:737][466]LogEditorServer: Finished looking for orphan Actors (0.000 secs)
[2017.04.06-00.27.36:758][466]Cmd: MAP CHECKDEP NOCLEARLOG
[2017.04.06-00.27.36:801][466]MapCheck: Info Map check complete: 0 Error(s), 0 Warning(s), took 43.211ms to complete.
[2017.04.06-00.27.36:802][466]LogFileHelpers: Loading map 'MusicRoom1' took 0.083
[2017.04.06-00.27.39:481][777]LogAIModule: Creating AISystem for world MainRoom
[2017.04.06-00.27.39:495][777]LightingResults: New page: Lighting Build
[2017.04.06-00.27.39:495][777]LoadErrors: New page: Loading map: MainRoom.umap
[2017.04.06-00.27.39:496][777]MapCheck: New page: Map Check
[2017.04.06-00.27.39:496][777]LightingResults: New page: Lighting Build
[2017.04.06-00.27.39:508][777]LogEditorServer: Finished looking for orphan Actors (0.000 secs)
[2017.04.06-00.27.39:528][777]Cmd: MAP CHECKDEP NOCLEARLOG
[2017.04.06-00.27.39:572][777]MapCheck: Info Map check complete: 0 Error(s), 0 Warning(s), took 44.375ms to complete.
[2017.04.06-00.27.39:572][777]LogFileHelpers: Loading map 'MainRoom' took 0.079
[2017.04.06-00.27.40:659][905]LogEditorViewport: Clicking on Actor (LMB): StaticMeshActor (old_wooden_table)
[2017.04.06-00.27.42:804][153]LogEditorViewport: Clicking on Actor (LMB): PlayerStart (PlayerStart)
[2017.04.06-00.27.50:793][103]LogEditorViewport: Clicking on Actor (LMB): StaticMeshActor (old_wooden_table)
[2017.04.06-00.27.54:917][592]LogEditorViewport: Clicking on Actor (LMB): StaticMeshActor (muffin)
[2017.04.06-00.28.12:714][719]LogEditorViewport: Clicking on Actor (LMB): StaticMeshActor (Floor)
[2017.04.06-00.28.13:273][783]LogEditorViewport: Clicking on Actor (LMB): PlayerStart (PlayerStart)
[2017.04.06-00.28.15:433][ 40]LogNavigationPoint: PostEditMove Clear paths rebuilt
[2017.04.06-00.35.53:594][998]LogEditorViewport: Clicking on Actor (double click): StaticMeshActor (Floor)
[2017.04.06-00.35.53:712][  9]LogEditorViewport: Clicking on Actor (LMB): StaticMeshActor (Floor)
[2017.04.06-00.35.54:043][ 48]LogEditorViewport: Clicking on Component (LMB): StaticMeshComponent (StaticMeshComponent0)
[2017.04.06-00.36.11:123][ 81]LogEditorViewport: Clicking on Actor (LMB): PlayerStart (PlayerStart)
[2017.04.06-00.36.15:666][624]LogNavigationPoint: PostEditMove Clear paths rebuilt
[2017.04.06-00.36.17:312][821]LogEditorViewport: Clicking on Actor (LMB): StaticMeshActor (Floor)
[2017.04.06-00.36.24:086][619]LogEditorViewport: Clicking on Actor (double click): StaticMeshActor (Floor2)
[2017.04.06-00.36.45:347][147]LogEditorViewport: Clicking on Actor (LMB): PlayerStart (PlayerStart)
[2017.04.06-00.37.18:261][506]LogEditorViewport: Clicking on Actor (LMB): PlayerStart (PlayerStart)
[2017.04.06-00.37.18:271][506]LogEditorViewport: Clicking on Component (LMB): CapsuleComponent (CollisionCapsule)
[2017.04.06-00.37.19:606][660]LogEditorViewport: Clicking on Actor (LMB): PlayerStart (PlayerStart)
[2017.04.06-00.37.31:781][115]LogEditorViewport: Clicking on Actor (LMB): PlayerStart (PlayerStart)
[2017.04.06-00.37.35:543][564]LogNavigationPoint: PostEditMove Clear paths rebuilt
[2017.04.06-00.37.37:746][817]LogSavePackage: Save=58.39ms
[2017.04.06-00.37.37:746][817]LogSavePackage: Moving '../../../../../../Users/SIG/Downloads/final-project-magic-muffin-master/final-project-magic-muffin-master/Saved/MainRoom95A37ED6469B69D1A0F16CA68DBFA69E.tmp' to '../../../../../../Users/SIG/Downloads/final-project-magic-muffin-master/final-project-magic-muffin-master/Content/FirstPersonBP/Maps/MainRoom.umap'
[2017.04.06-00.37.37:749][817]LogSavePackage:Display: Finished SavePackage ../../../../../../Users/SIG/Downloads/final-project-magic-muffin-master/final-project-magic-muffin-master/Content/FirstPersonBP/Maps/MainRoom.umap
[2017.04.06-00.37.37:850][817]LogSavePackage: Save=64.67ms
[2017.04.06-00.37.37:850][817]LogSavePackage: Moving '../../../../../../Users/SIG/Downloads/final-project-magic-muffin-master/final-project-magic-muffin-master/Saved/MainRoom_BuiltData1B772EC246D0D3DD93CBD1B4C4F8EA56.tmp' to '../../../../../../Users/SIG/Downloads/final-project-magic-muffin-master/final-project-magic-muffin-master/Content/FirstPersonBP/Maps/MainRoom_BuiltData.uasset'
[2017.04.06-00.37.37:851][817]LogSavePackage:Display: Finished SavePackage ../../../../../../Users/SIG/Downloads/final-project-magic-muffin-master/final-project-magic-muffin-master/Content/FirstPersonBP/Maps/MainRoom_BuiltData.uasset
[2017.04.06-00.37.38:620][909]LogTemp: Repeting last play command: VR Preview
[2017.04.06-00.37.38:631][909]LogBlueprintUserMessages: Early PlayInEditor Detection: Level '/Game/FirstPersonBP/Maps/MainRoom.MainRoom:PersistentLevel' has LevelScriptBlueprint '/Game/FirstPersonBP/Maps/MainRoom.MainRoom:PersistentLevel.MainRoom' with GeneratedClass '/Game/FirstPersonBP/Maps/MainRoom.MainRoom_C' with ClassGeneratedBy '/Game/FirstPersonBP/Maps/MainRoom.MainRoom:PersistentLevel.MainRoom'
[2017.04.06-00.37.38:631][909]LogPlayLevel: PlayLevel: No blueprints needed recompiling
[2017.04.06-00.37.38:631][909]PIE: New page: PIE session: MainRoom (Apr 5, 2017, 4:37:38 PM)
[2017.04.06-00.37.38:631][909]LogPlayLevel: Creating play world package: /Game/FirstPersonBP/Maps/UEDPIE_0_MainRoom
[2017.04.06-00.37.38:635][909]LogPlayLevel: PIE: StaticDuplicateObject took: (0.003950s)
[2017.04.06-00.37.38:636][909]LogAIModule: Creating AISystem for world MainRoom
[2017.04.06-00.37.38:636][909]LogPlayLevel: PIE: World Init took: (0.000655s)
[2017.04.06-00.37.38:636][909]LogPlayLevel: PIE: Created PIE world by copying editor world from /Game/FirstPersonBP/Maps/MainRoom.MainRoom to /Game/FirstPersonBP/Maps/UEDPIE_0_MainRoom.MainRoom (0.004816s)
[2017.04.06-00.37.38:659][909]LogInit: XAudio2 using 'Speakers / Headphones (Realtek Audio)' : 2 channels at 48 kHz using 32 bits per sample (channel mask 0x3)
[2017.04.06-00.37.38:670][909]LogInit: FAudioDevice initialized.
[2017.04.06-00.37.38:771][909]LogLoad: Game class is 'FirstPersonGameMode_C'
[2017.04.06-00.37.38:773][909]LogWorld: Bringing World /Game/FirstPersonBP/Maps/UEDPIE_0_MainRoom.MainRoom up for play (max tick rate 0) at 2017.04.05-20.37.38
[2017.04.06-00.37.38:773][909]LogWorld: Bringing up level for play took: 0.001222
[2017.04.06-00.37.38:814][909]LogContentBrowser: Native class hierarchy updated for 'MovieSceneCapture' in 0.0005 seconds. Added 11 classes and 0 folders.
[2017.04.06-00.37.38:820][909]PIE: Info Play in editor start time for /Game/FirstPersonBP/Maps/UEDPIE_0_MainRoom 0.143
[2017.04.06-00.37.38:821][909]LogBlueprintUserMessages: Late PlayInEditor Detection: Level '/Game/FirstPersonBP/Maps/MainRoom.MainRoom:PersistentLevel' has LevelScriptBlueprint '/Game/FirstPersonBP/Maps/MainRoom.MainRoom:PersistentLevel.MainRoom' with GeneratedClass '/Game/FirstPersonBP/Maps/MainRoom.MainRoom_C' with ClassGeneratedBy '/Game/FirstPersonBP/Maps/MainRoom.MainRoom:PersistentLevel.MainRoom'
[2017.04.06-00.37.38:856][910]LogRenderer: Reallocating scene render targets to support 3024x1680 NumSamples 1 (Frame:69261).
[2017.04.06-00.37.54:914][ 47]LogBlueprintUserMessages: Early EndPlayMap Detection: Level '/Game/FirstPersonBP/Maps/MainRoom.MainRoom:PersistentLevel' has LevelScriptBlueprint '/Game/FirstPersonBP/Maps/MainRoom.MainRoom:PersistentLevel.MainRoom' with GeneratedClass '/Game/FirstPersonBP/Maps/MainRoom.MainRoom_C' with ClassGeneratedBy '/Game/FirstPersonBP/Maps/MainRoom.MainRoom:PersistentLevel.MainRoom'
[2017.04.06-00.37.54:946][ 47]LogBlueprintUserMessages: Late EndPlayMap Detection: Level '/Game/FirstPersonBP/Maps/MainRoom.MainRoom:PersistentLevel' has LevelScriptBlueprint '/Game/FirstPersonBP/Maps/MainRoom.MainRoom:PersistentLevel.MainRoom' with GeneratedClass '/Game/FirstPersonBP/Maps/MainRoom.MainRoom_C' with ClassGeneratedBy '/Game/FirstPersonBP/Maps/MainRoom.MainRoom:PersistentLevel.MainRoom'
[2017.04.06-00.38.02:369][934]LogTemp: Repeting last play command: VR Preview
[2017.04.06-00.38.02:380][934]LogBlueprintUserMessages: Early PlayInEditor Detection: Level '/Game/FirstPersonBP/Maps/MainRoom.MainRoom:PersistentLevel' has LevelScriptBlueprint '/Game/FirstPersonBP/Maps/MainRoom.MainRoom:PersistentLevel.MainRoom' with GeneratedClass '/Game/FirstPersonBP/Maps/MainRoom.MainRoom_C' with ClassGeneratedBy '/Game/FirstPersonBP/Maps/MainRoom.MainRoom:PersistentLevel.MainRoom'
[2017.04.06-00.38.02:380][934]LogPlayLevel: PlayLevel: No blueprints needed recompiling
[2017.04.06-00.38.02:380][934]PIE: New page: PIE session: MainRoom (Apr 5, 2017, 4:38:02 PM)
[2017.04.06-00.38.02:380][934]LogPlayLevel: Creating play world package: /Game/FirstPersonBP/Maps/UEDPIE_0_MainRoom
[2017.04.06-00.38.02:384][934]LogPlayLevel: PIE: StaticDuplicateObject took: (0.004091s)
[2017.04.06-00.38.02:385][934]LogAIModule: Creating AISystem for world MainRoom
[2017.04.06-00.38.02:385][934]LogPlayLevel: PIE: World Init took: (0.000511s)
[2017.04.06-00.38.02:385][934]LogPlayLevel: PIE: Created PIE world by copying editor world from /Game/FirstPersonBP/Maps/MainRoom.MainRoom to /Game/FirstPersonBP/Maps/UEDPIE_0_MainRoom.MainRoom (0.004840s)
[2017.04.06-00.38.02:408][934]LogInit: XAudio2 using 'Speakers / Headphones (Realtek Audio)' : 2 channels at 48 kHz using 32 bits per sample (channel mask 0x3)
[2017.04.06-00.38.02:419][934]LogInit: FAudioDevice initialized.
[2017.04.06-00.38.02:524][934]LogLoad: Game class is 'FirstPersonGameMode_C'
[2017.04.06-00.38.02:525][934]LogWorld: Bringing World /Game/FirstPersonBP/Maps/UEDPIE_0_MainRoom.MainRoom up for play (max tick rate 0) at 2017.04.05-20.38.02
[2017.04.06-00.38.02:526][934]LogWorld: Bringing up level for play took: 0.001249
[2017.04.06-00.38.02:531][934]PIE: Info Play in editor start time for /Game/FirstPersonBP/Maps/UEDPIE_0_MainRoom -0.146
[2017.04.06-00.38.02:532][934]LogBlueprintUserMessages: Late PlayInEditor Detection: Level '/Game/FirstPersonBP/Maps/MainRoom.MainRoom:PersistentLevel' has LevelScriptBlueprint '/Game/FirstPersonBP/Maps/MainRoom.MainRoom:PersistentLevel.MainRoom' with GeneratedClass '/Game/FirstPersonBP/Maps/MainRoom.MainRoom_C' with ClassGeneratedBy '/Game/FirstPersonBP/Maps/MainRoom.MainRoom:PersistentLevel.MainRoom'
[2017.04.06-00.38.10:260][453]LogBlueprintUserMessages: Early EndPlayMap Detection: Level '/Game/FirstPersonBP/Maps/MainRoom.MainRoom:PersistentLevel' has LevelScriptBlueprint '/Game/FirstPersonBP/Maps/MainRoom.MainRoom:PersistentLevel.MainRoom' with GeneratedClass '/Game/FirstPersonBP/Maps/MainRoom.MainRoom_C' with ClassGeneratedBy '/Game/FirstPersonBP/Maps/MainRoom.MainRoom:PersistentLevel.MainRoom'
[2017.04.06-00.38.10:297][453]LogBlueprintUserMessages: Late EndPlayMap Detection: Level '/Game/FirstPersonBP/Maps/MainRoom.MainRoom:PersistentLevel' has LevelScriptBlueprint '/Game/FirstPersonBP/Maps/MainRoom.MainRoom:PersistentLevel.MainRoom' with GeneratedClass '/Game/FirstPersonBP/Maps/MainRoom.MainRoom_C' with ClassGeneratedBy '/Game/FirstPersonBP/Maps/MainRoom.MainRoom:PersistentLevel.MainRoom'
[2017.04.06-00.38.12:244][459]LogEditorViewport: Clicking on Actor (LMB): PlayerStart (PlayerStart)
[2017.04.06-00.38.12:429][476]LogEditorViewport: Clicking on Component (LMB): CapsuleComponent (CollisionCapsule)
[2017.04.06-00.38.15:533][836]LogEditorViewport: Clicking on Actor (LMB): PlayerStart (PlayerStart)
[2017.04.06-00.38.30:929][681]LogTemp: Repeting last play command: VR Preview
[2017.04.06-00.38.30:940][681]LogBlueprintUserMessages: Early PlayInEditor Detection: Level '/Game/FirstPersonBP/Maps/MainRoom.MainRoom:PersistentLevel' has LevelScriptBlueprint '/Game/FirstPersonBP/Maps/MainRoom.MainRoom:PersistentLevel.MainRoom' with GeneratedClass '/Game/FirstPersonBP/Maps/MainRoom.MainRoom_C' with ClassGeneratedBy '/Game/FirstPersonBP/Maps/MainRoom.MainRoom:PersistentLevel.MainRoom'
[2017.04.06-00.38.30:940][681]LogPlayLevel: PlayLevel: No blueprints needed recompiling
[2017.04.06-00.38.30:940][681]PIE: New page: PIE session: MainRoom (Apr 5, 2017, 4:38:30 PM)
[2017.04.06-00.38.30:940][681]LogPlayLevel: Creating play world package: /Game/FirstPersonBP/Maps/UEDPIE_0_MainRoom
[2017.04.06-00.38.30:944][681]LogPlayLevel: PIE: StaticDuplicateObject took: (0.003701s)
[2017.04.06-00.38.30:944][681]LogAIModule: Creating AISystem for world MainRoom
[2017.04.06-00.38.30:945][681]LogPlayLevel: PIE: World Init took: (0.000647s)
[2017.04.06-00.38.30:945][681]LogPlayLevel: PIE: Created PIE world by copying editor world from /Game/FirstPersonBP/Maps/MainRoom.MainRoom to /Game/FirstPersonBP/Maps/UEDPIE_0_MainRoom.MainRoom (0.004580s)
[2017.04.06-00.38.30:966][681]LogInit: XAudio2 using 'Speakers / Headphones (Realtek Audio)' : 2 channels at 48 kHz using 32 bits per sample (channel mask 0x3)
[2017.04.06-00.38.30:976][681]LogInit: FAudioDevice initialized.
[2017.04.06-00.38.31:085][681]LogLoad: Game class is 'FirstPersonGameMode_C'
[2017.04.06-00.38.31:087][681]LogWorld: Bringing World /Game/FirstPersonBP/Maps/UEDPIE_0_MainRoom.MainRoom up for play (max tick rate 0) at 2017.04.05-20.38.31
[2017.04.06-00.38.31:087][681]LogWorld: Bringing up level for play took: 0.001094
[2017.04.06-00.38.31:094][681]PIE: Info Play in editor start time for /Game/FirstPersonBP/Maps/UEDPIE_0_MainRoom 0.417
[2017.04.06-00.38.31:094][681]LogBlueprintUserMessages: Late PlayInEditor Detection: Level '/Game/FirstPersonBP/Maps/MainRoom.MainRoom:PersistentLevel' has LevelScriptBlueprint '/Game/FirstPersonBP/Maps/MainRoom.MainRoom:PersistentLevel.MainRoom' with GeneratedClass '/Game/FirstPersonBP/Maps/MainRoom.MainRoom_C' with ClassGeneratedBy '/Game/FirstPersonBP/Maps/MainRoom.MainRoom:PersistentLevel.MainRoom'
[2017.04.06-00.38.53:556][477]LogBlueprintUserMessages: Early EndPlayMap Detection: Level '/Game/FirstPersonBP/Maps/MainRoom.MainRoom:PersistentLevel' has LevelScriptBlueprint '/Game/FirstPersonBP/Maps/MainRoom.MainRoom:PersistentLevel.MainRoom' with GeneratedClass '/Game/FirstPersonBP/Maps/MainRoom.MainRoom_C' with ClassGeneratedBy '/Game/FirstPersonBP/Maps/MainRoom.MainRoom:PersistentLevel.MainRoom'
[2017.04.06-00.38.53:624][477]LogWindowsTextInputMethodSystem:Display: IME system now deactivated.
[2017.04.06-00.38.53:653][477]LogBlueprintUserMessages: Late EndPlayMap Detection: Level '/Game/FirstPersonBP/Maps/MainRoom.MainRoom:PersistentLevel' has LevelScriptBlueprint '/Game/FirstPersonBP/Maps/MainRoom.MainRoom:PersistentLevel.MainRoom' with GeneratedClass '/Game/FirstPersonBP/Maps/MainRoom.MainRoom_C' with ClassGeneratedBy '/Game/FirstPersonBP/Maps/MainRoom.MainRoom:PersistentLevel.MainRoom'
[2017.04.06-00.38.53:666][478]Cmd: QUIT_EDITOR
[2017.04.06-00.38.54:325][478]LogExit: Preparing to exit.
[2017.04.06-00.38.54:717][478]LogDirectoryWatcher: A directory notification for 'C:/Users/SIG/Downloads/final-project-magic-muffin-master/final-project-magic-muffin-master/Content/' was aborted.
[2017.04.06-00.38.54:736][478]LogExit: Editor shut down
[2017.04.06-00.38.54:736][478]LogExit: Transaction tracking system shut down
[2017.04.06-00.38.54:786][478]LogObj: Freed 0b from 0 cluster array pools.
[2017.04.06-00.38.54:786][478]LogExit: Object subsystem successfully closed.
[2017.04.06-00.38.54:802][478]LogD3D11RHI: Shutdown
[2017.04.06-00.38.54:803][478]LogD3D11RHI: CleanupD3DDevice
[2017.04.06-00.38.54:804][478]LogD3D11RHI: ~FD3D11DynamicRHI
[2017.04.06-00.38.54:815][478]LogHttp:Display: Http module shutting down, but needs to wait on 1 outstanding Http requests:
[2017.04.06-00.38.54:815][478]LogHttp:Display: 	verb=[POST] url=[https://datarouter.ol.epicgames.com/datarouter/api/v1/public/data?SessionID=%7BE822A7C0-4BD9-B9FC-0F0F-1181AD65F1CD%7D&AppID=UEEditor.Rocket.Release&AppVersion=4.14.3-3249277%2B%2B%2BUE4%2BRelease-4.14&UserID=7e93ef12497a2351dc5eed8d87531828%7Cad677797066041ec8c4c12047a57927f%7C88a06740-65ed-4850-9d98-4b8996ea80b4&AppEnvironment=datacollector-binary&UploadType=eteventstream] status=Processing
[2017.04.06-00.38.54:821][478]LogModuleManager: Shutting down and abandoning module MovieSceneCapture (245)
[2017.04.06-00.38.54:821][478]LogModuleManager: Shutting down and abandoning module HierarchicalLODOutliner (244)
[2017.04.06-00.38.54:821][478]LogModuleManager: Shutting down and abandoning module CrashTracker (243)
[2017.04.06-00.38.54:821][478]LogModuleManager: Shutting down and abandoning module SceneOutliner (242)
[2017.04.06-00.38.54:821][478]LogModuleManager: Shutting down and abandoning module WidgetCarousel (241)
[2017.04.06-00.38.54:821][478]LogModuleManager: Shutting down and abandoning module AddContentDialog (240)
[2017.04.06-00.38.54:821][478]LogDirectoryWatcher: A directory notification for 'C:/Program Files/Epic Games/UE_4.14/FeaturePacks/' was aborted.
[2017.04.06-00.38.54:822][478]LogModuleManager: Shutting down and abandoning module GameplayTags (239)
[2017.04.06-00.38.54:822][478]LogModuleManager: Shutting down and abandoning module EditorWidgets (238)
[2017.04.06-00.38.54:822][478]LogModuleManager: Shutting down and abandoning module CollectionManager (237)
[2017.04.06-00.38.54:822][478]LogDirectoryWatcher: A directory notification for 'C:/Users/SIG/Downloads/final-project-magic-muffin-master/final-project-magic-muffin-master/Content/Collections/' was aborted.
[2017.04.06-00.38.54:822][478]LogDirectoryWatcher: A directory notification for 'C:/Users/SIG/Downloads/final-project-magic-muffin-master/final-project-magic-muffin-master/Content/Developers/SIG/Collections/' was aborted.
[2017.04.06-00.38.54:822][478]LogDirectoryWatcher: A directory notification for 'C:/Users/SIG/Downloads/final-project-magic-muffin-master/final-project-magic-muffin-master/Saved/Collections/' was aborted.
[2017.04.06-00.38.54:822][478]LogModuleManager: Shutting down and abandoning module StatsViewer (236)
[2017.04.06-00.38.54:822][478]LogModuleManager: Shutting down and abandoning module FoliageEdit (235)
[2017.04.06-00.38.54:822][478]LogModuleManager: Shutting down and abandoning module LandscapeEditor (234)
[2017.04.06-00.38.54:822][478]LogModuleManager: Shutting down and abandoning module SceneDepthPickerMode (233)
[2017.04.06-00.38.54:822][478]LogModuleManager: Shutting down and abandoning module ActorPickerMode (232)
[2017.04.06-00.38.54:822][478]LogModuleManager: Shutting down and abandoning module GeometryMode (231)
[2017.04.06-00.38.54:822][478]LogModuleManager: Shutting down and abandoning module TextureAlignMode (230)
[2017.04.06-00.38.54:822][478]LogModuleManager: Shutting down and abandoning module BspMode (229)
[2017.04.06-00.38.54:822][478]LogModuleManager: Shutting down and abandoning module HardwareSurvey (228)
[2017.04.06-00.38.54:822][478]LogModuleManager: Shutting down and abandoning module SequenceRecorderSections (227)
[2017.04.06-00.38.54:822][478]LogModuleManager: Shutting down and abandoning module AutomationWorker (226)
[2017.04.06-00.38.54:822][478]LogModuleManager: Shutting down and abandoning module MatineeToLevelSequence (225)
[2017.04.06-00.38.54:822][478]LogModuleManager: Shutting down and abandoning module PlacementMode (224)
[2017.04.06-00.38.54:822][478]LogModuleManager: Shutting down and abandoning module LevelSequenceEditor (223)
[2017.04.06-00.38.54:822][478]LogModuleManager: Shutting down and abandoning module WmfMediaFactory (222)
[2017.04.06-00.38.54:822][478]LogModuleManager: Shutting down and abandoning module WmfMediaEditor (221)
[2017.04.06-00.38.54:822][478]LogModuleManager: Shutting down and abandoning module AvfMediaFactory (220)
[2017.04.06-00.38.54:822][478]LogModuleManager: Shutting down and abandoning module AvfMediaEditor (219)
[2017.04.06-00.38.54:822][478]LogModuleManager: Shutting down and abandoning module Media (218)
[2017.04.06-00.38.54:822][478]LogModuleManager: Shutting down and abandoning module AndroidMediaFactory (217)
[2017.04.06-00.38.54:822][478]LogModuleManager: Shutting down and abandoning module AndroidMediaEditor (216)
[2017.04.06-00.38.54:822][478]LogModuleManager: Shutting down and abandoning module CharacterAI (215)
[2017.04.06-00.38.54:822][478]LogModuleManager: Shutting down and abandoning module SequenceRecorder (214)
[2017.04.06-00.38.54:822][478]LogModuleManager: Shutting down and abandoning module AudioCapture (213)
[2017.04.06-00.38.54:822][478]LogModuleManager: Shutting down and abandoning module SmartSnapping (212)
[2017.04.06-00.38.54:822][478]LogModuleManager: Shutting down and abandoning module SessionServices (211)
[2017.04.06-00.38.54:822][478]LogModuleManager: Shutting down and abandoning module ViewportSnapping (210)
[2017.04.06-00.38.54:822][478]LogModuleManager: Shutting down and abandoning module ViewportInteraction (209)
[2017.04.06-00.38.54:823][478]LogModuleManager: Shutting down and abandoning module LogVisualizer (208)
[2017.04.06-00.38.54:823][478]LogModuleManager: Shutting down and abandoning module GameProjectGeneration (207)
[2017.04.06-00.38.54:823][478]LogModuleManager: Shutting down and abandoning module IntroTutorials (206)
[2017.04.06-00.38.54:823][478]LogModuleManager: Shutting down and abandoning module EditorLiveStreaming (205)
[2017.04.06-00.38.54:823][478]LogModuleManager: Shutting down and abandoning module IOSPlatformEditor (204)
[2017.04.06-00.38.54:823][478]LogModuleManager: Shutting down and abandoning module HTML5PlatformEditor (203)
[2017.04.06-00.38.54:823][478]LogModuleManager: Shutting down and abandoning module AndroidDeviceDetection (202)
[2017.04.06-00.38.55:475][478]LogModuleManager: Shutting down and abandoning module AndroidPlatformEditor (201)
[2017.04.06-00.38.55:475][478]LogModuleManager: Shutting down and abandoning module IOSRuntimeSettings (200)
[2017.04.06-00.38.55:475][478]LogModuleManager: Shutting down and abandoning module AndroidRuntimeSettings (199)
[2017.04.06-00.38.55:475][478]LogModuleManager: Shutting down and abandoning module InputBindingEditor (198)
[2017.04.06-00.38.55:475][478]LogModuleManager: Shutting down and abandoning module NiagaraEditor (197)
[2017.04.06-00.38.55:475][478]LogModuleManager: Shutting down and abandoning module MergeActors (196)
[2017.04.06-00.38.55:475][478]LogModuleManager: Shutting down and abandoning module SizeMap (195)
[2017.04.06-00.38.55:475][478]LogModuleManager: Shutting down and abandoning module TreeMap (194)
[2017.04.06-00.38.55:475][478]LogModuleManager: Shutting down and abandoning module ReferenceViewer (193)
[2017.04.06-00.38.55:475][478]LogModuleManager: Shutting down and abandoning module LocalizationService (192)
[2017.04.06-00.38.55:475][478]LogModuleManager: Shutting down and abandoning module LocalizationDashboard (191)
[2017.04.06-00.38.55:475][478]LogModuleManager: Shutting down and abandoning module HardwareTargeting (190)
[2017.04.06-00.38.55:475][478]LogModuleManager: Shutting down and abandoning module DeviceProfileEditor (189)
[2017.04.06-00.38.55:475][478]LogModuleManager: Shutting down and abandoning module UndoHistory (188)
[2017.04.06-00.38.55:475][478]LogModuleManager: Shutting down and abandoning module UserFeedback (187)
[2017.04.06-00.38.55:475][478]LogModuleManager: Shutting down and abandoning module XmlParser (186)
[2017.04.06-00.38.55:475][478]LogModuleManager: Shutting down and abandoning module Blutility (185)
[2017.04.06-00.38.55:475][478]LogModuleManager: Shutting down and abandoning module ProjectTargetPlatformEditor (184)
[2017.04.06-00.38.55:476][478]LogModuleManager: Shutting down and abandoning module ProjectSettingsViewer (183)
[2017.04.06-00.38.55:476][478]LogModuleManager: Shutting down and abandoning module EditorSettingsViewer (182)
[2017.04.06-00.38.55:476][478]LogModuleManager: Shutting down and abandoning module SettingsEditor (181)
[2017.04.06-00.38.55:476][478]LogModuleManager: Shutting down and abandoning module ProjectLauncher (180)
[2017.04.06-00.38.55:476][478]LogModuleManager: Shutting down and abandoning module SessionFrontend (179)
[2017.04.06-00.38.55:476][478]LogModuleManager: Shutting down and abandoning module ProfilerClient (178)
[2017.04.06-00.38.55:476][478]LogModuleManager: Shutting down and abandoning module TargetDeviceServices (177)
[2017.04.06-00.38.55:476][478]LogModuleManager: Shutting down and abandoning module DeviceManager (176)
[2017.04.06-00.38.55:528][478]LogModuleManager: Shutting down and abandoning module AutomationController (175)
[2017.04.06-00.38.55:528][478]LogModuleManager: Shutting down and abandoning module AutomationWindow (174)
[2017.04.06-00.38.55:528][478]LogModuleManager: Shutting down and abandoning module Layers (173)
[2017.04.06-00.38.55:528][478]LogModuleManager: Shutting down and abandoning module ComponentVisualizers (172)
[2017.04.06-00.38.55:528][478]LogModuleManager: Shutting down and abandoning module DetailCustomizations (171)
[2017.04.06-00.38.55:528][478]LogModuleManager: Shutting down and abandoning module PackagesDialog (170)
[2017.04.06-00.38.55:528][478]LogModuleManager: Shutting down and abandoning module AnimGraph (169)
[2017.04.06-00.38.55:528][478]LogModuleManager: Shutting down and abandoning module Persona (168)
[2017.04.06-00.38.55:528][478]LogModuleManager: Shutting down and abandoning module Kismet (167)
[2017.04.06-00.38.55:529][478]LogModuleManager: Shutting down and abandoning module GraphEditor (166)
[2017.04.06-00.38.55:529][478]LogModuleManager: Shutting down and abandoning module ClassViewer (165)
[2017.04.06-00.38.55:529][478]LogModuleManager: Shutting down and abandoning module Toolbox (164)
[2017.04.06-00.38.55:529][478]LogModuleManager: Shutting down and abandoning module ModuleUI (163)
[2017.04.06-00.38.55:529][478]LogModuleManager: Shutting down and abandoning module MovieSceneTools (162)
[2017.04.06-00.38.55:529][478]LogModuleManager: Shutting down and abandoning module OutputLog (161)
[2017.04.06-00.38.55:529][478]LogModuleManager: Shutting down and abandoning module GammaUI (160)
[2017.04.06-00.38.55:529][478]LogModuleManager: Shutting down and abandoning module Documentation (159)
[2017.04.06-00.38.55:529][478]LogModuleManager: Shutting down and abandoning module Niagara (158)
[2017.04.06-00.38.55:529][478]LogModuleManager: Shutting down and abandoning module StreamingPauseRendering (157)
[2017.04.06-00.38.55:529][478]LogModuleManager: Shutting down and abandoning module AnalyticsET (156)
[2017.04.06-00.38.55:529][478]LogModuleManager: Shutting down and abandoning module PortalServices (155)
[2017.04.06-00.38.55:529][478]LogModuleManager: Shutting down and abandoning module PortalRpc (154)
[2017.04.06-00.38.55:529][478]LogModuleManager: Shutting down and abandoning module MessagingRpc (153)
[2017.04.06-00.38.55:529][478]LogModuleManager: Shutting down and abandoning module GameplayDebugger (152)
[2017.04.06-00.38.55:529][478]LogModuleManager: Shutting down and abandoning module AITestSuite (151)
[2017.04.06-00.38.55:529][478]LogModuleManager: Shutting down and abandoning module AIModule (150)
[2017.04.06-00.38.55:529][478]LogModuleManager: Shutting down and abandoning module ProfilerService (149)
[2017.04.06-00.38.55:653][478]LogModuleManager: Shutting down and abandoning module TaskGraph (148)
[2017.04.06-00.38.55:653][478]LogModuleManager: Shutting down and abandoning module SubstanceEditor (147)
[2017.04.06-00.38.55:653][478]LogModuleManager: Shutting down and abandoning module SlateRemote (146)
[2017.04.06-00.38.55:653][478]LogModuleManager: Shutting down and abandoning module SteamVRController (145)
[2017.04.06-00.38.55:653][478]LogModuleManager: Shutting down and abandoning module SteamVR (144)
[2017.04.06-00.38.55:653][478]LogModuleManager: Shutting down and abandoning module SoundVisualizations (143)
[2017.04.06-00.38.55:653][478]LogModuleManager: Shutting down and abandoning module ProceduralMeshComponentEditor (142)
[2017.04.06-00.38.55:653][478]LogModuleManager: Shutting down and abandoning module ProceduralMeshComponent (141)
[2017.04.06-00.38.55:653][478]LogModuleManager: Shutting down and abandoning module OculusLibrary (140)
[2017.04.06-00.38.55:653][478]LogModuleManager: Shutting down and abandoning module OculusInput (139)
[2017.04.06-00.38.55:653][478]LogModuleManager: Shutting down and abandoning module MobilePatchingUtils (138)
[2017.04.06-00.38.55:653][478]LogModuleManager: Shutting down and abandoning module CustomMeshComponent (137)
[2017.04.06-00.38.55:653][478]LogModuleManager: Shutting down and abandoning module CableComponent (136)
[2017.04.06-00.38.55:653][478]LogModuleManager: Shutting down and abandoning module ArchVisCharacter (135)
[2017.04.06-00.38.55:653][478]LogModuleManager: Shutting down and abandoning module MediaPlayerEditor (133)
[2017.04.06-00.38.55:653][478]LogModuleManager: Shutting down and abandoning module HTML5Networking (132)
[2017.04.06-00.38.55:653][478]LogModuleManager: Shutting down and abandoning module GeometryCacheEd (131)
[2017.04.06-00.38.55:653][478]LogModuleManager: Shutting down and abandoning module GeometryCache (130)
[2017.04.06-00.38.55:653][478]LogModuleManager: Shutting down and abandoning module AlembicLibrary (129)
[2017.04.06-00.38.55:653][478]LogModuleManager: Shutting down and abandoning module AlembicImporter (128)
[2017.04.06-00.38.55:653][478]LogModuleManager: Shutting down and abandoning module SuperSearch (127)
[2017.04.06-00.38.55:653][478]LogModuleManager: Shutting down and abandoning module SuperSearchEditor (126)
[2017.04.06-00.38.55:653][478]LogModuleManager: Shutting down and abandoning module SpeedTreeImporter (125)
[2017.04.06-00.38.55:653][478]LogModuleManager: Shutting down and abandoning module PluginBrowser (124)
[2017.04.06-00.38.55:653][478]LogModuleManager: Shutting down and abandoning module MobileLauncherProfileWizard (123)
[2017.04.06-00.38.55:653][478]LogModuleManager: Shutting down and abandoning module EpicSurvey (122)
[2017.04.06-00.38.55:653][478]LogModuleManager: Shutting down and abandoning module DesktopPlatform (121)
[2017.04.06-00.38.55:653][478]LogModuleManager: Shutting down and abandoning module VisualStudioSourceCodeAccess (120)
[2017.04.06-00.38.55:653][478]LogModuleManager: Shutting down and abandoning module UObjectPlugin (119)
[2017.04.06-00.38.55:653][478]LogModuleManager: Shutting down and abandoning module SubversionSourceControl (118)
[2017.04.06-00.38.55:653][478]LogModuleManager: Shutting down and abandoning module PerforceSourceControl (117)
[2017.04.06-00.38.55:653][478]LogModuleManager: Shutting down and abandoning module SourceControl (116)
[2017.04.06-00.38.55:653][478]LogModuleManager: Shutting down and abandoning module GitSourceControl (115)
[2017.04.06-00.38.55:653][478]LogModuleManager: Shutting down and abandoning module LightPropagationVolumeEditor (114)
[2017.04.06-00.38.55:653][478]LogModuleManager: Shutting down and abandoning module PaperTiledImporter (113)
[2017.04.06-00.38.55:653][478]LogModuleManager: Shutting down and abandoning module PaperSpriteSheetImporter (112)
[2017.04.06-00.38.55:653][478]LogModuleManager: Shutting down and abandoning module MeshPaint (111)
[2017.04.06-00.38.55:653][478]LogModuleManager: Shutting down and abandoning module PixelInspectorModule (110)
[2017.04.06-00.38.55:653][478]LogModuleManager: Shutting down and abandoning module HotReload (109)
[2017.04.06-00.38.55:653][478]LogModuleManager: Shutting down and abandoning module MainFrame (108)
[2017.04.06-00.38.55:654][478]LogModuleManager: Shutting down and abandoning module LevelEditor (107)
[2017.04.06-00.38.55:654][478]LogModuleManager: Shutting down and abandoning module ContentBrowser (106)
[2017.04.06-00.38.55:655][478]LogModuleManager: Shutting down and abandoning module Paper2DEditor (105)
[2017.04.06-00.38.55:655][478]LogModuleManager: Shutting down and abandoning module UdpMessaging (104)
[2017.04.06-00.38.55:755][478]LogModuleManager: Shutting down and abandoning module TcpMessaging (103)
[2017.04.06-00.38.55:856][478]LogModuleManager: Shutting down and abandoning module SubstanceCore (102)
[2017.04.06-00.38.55:856][478]LogModuleManager: Shutting down and abandoning module LightPropagationVolumeRuntime (101)
[2017.04.06-00.38.55:856][478]LogModuleManager: Shutting down and abandoning module Paper2D (100)
[2017.04.06-00.38.55:856][478]LogModuleManager: Shutting down and abandoning module WindowsMoviePlayer (99)
[2017.04.06-00.38.55:856][478]LogModuleManager: Shutting down and abandoning module WmfMedia (98)
[2017.04.06-00.38.55:856][478]LogModuleManager: Shutting down and abandoning module MediaAssets (97)
[2017.04.06-00.38.55:856][478]LogModuleManager: Shutting down and abandoning module GameLiveStreaming (96)
[2017.04.06-00.38.55:856][478]LogModuleManager: Shutting down and abandoning module GameplayTagsEditor (95)
[2017.04.06-00.38.55:856][478]LogModuleManager: Shutting down and abandoning module VREditor (94)
[2017.04.06-00.38.55:856][478]LogModuleManager: Shutting down and abandoning module GameplayTasksEditor (93)
[2017.04.06-00.38.55:856][478]LogModuleManager: Shutting down and abandoning module BehaviorTreeEditor (92)
[2017.04.06-00.38.55:856][478]LogModuleManager: Shutting down and abandoning module FunctionalTesting (91)
[2017.04.06-00.38.55:856][478]LogModuleManager: Shutting down and abandoning module CollisionAnalyzer (90)
[2017.04.06-00.38.55:856][478]LogModuleManager: Shutting down and abandoning module Sequencer (89)
[2017.04.06-00.38.55:856][478]LogModuleManager: Shutting down and abandoning module WorkspaceMenuStructure (88)
[2017.04.06-00.38.55:856][478]LogModuleManager: Shutting down and abandoning module MessageLog (87)
[2017.04.06-00.38.55:856][478]LogModuleManager: Shutting down and abandoning module AssetTools (86)
[2017.04.06-00.38.55:856][478]LogModuleManager: Shutting down and abandoning module UMGEditor (85)
[2017.04.06-00.38.55:856][478]LogModuleManager: Shutting down and abandoning module UMG (84)
[2017.04.06-00.38.55:856][478]LogModuleManager: Shutting down and abandoning module SlateReflector (83)
[2017.04.06-00.38.55:856][478]LogModuleManager: Shutting down and abandoning module Slate (82)
[2017.04.06-00.38.55:856][478]LogModuleManager: Shutting down and abandoning module EditorStyle (81)
[2017.04.06-00.38.55:858][478]LogModuleManager: Shutting down and abandoning module SourceCodeAccess (80)
[2017.04.06-00.38.55:858][478]LogModuleManager: Shutting down and abandoning module HeadMountedDisplay (79)
[2017.04.06-00.38.55:858][478]LogModuleManager: Shutting down and abandoning module XAudio2 (78)
[2017.04.06-00.38.55:858][478]LogModuleManager: Shutting down and abandoning module Networking (76)
[2017.04.06-00.38.55:858][478]LogModuleManager: Shutting down and abandoning module Core (75)
[2017.04.06-00.38.55:858][478]LogModuleManager: Shutting down and abandoning module DirectoryWatcher (74)
[2017.04.06-00.38.55:858][478]LogDirectoryWatcher: A directory notification for '../../../Engine/Content/' was aborted.
[2017.04.06-00.38.55:858][478]LogDirectoryWatcher: A directory notification for '../../../../../../Users/SIG/Downloads/final-project-magic-muffin-master/final-project-magic-muffin-master/Content/' was aborted.
[2017.04.06-00.38.55:858][478]LogDirectoryWatcher: A directory notification for '../../../Engine/Plugins/2D/Paper2D/Content/' was aborted.
[2017.04.06-00.38.55:859][478]LogModuleManager: Shutting down and abandoning module AssetRegistry (73)
[2017.04.06-00.38.55:916][478]LogModuleManager: Shutting down and abandoning module KismetCompiler (72)
[2017.04.06-00.38.55:916][478]LogModuleManager: Shutting down and abandoning module PhysXFormats (71)
[2017.04.06-00.38.55:916][478]LogModuleManager: Shutting down and abandoning module SimplygonSwarm (70)
[2017.04.06-00.38.55:916][478]LogModuleManager: Shutting down and abandoning module SimplygonMeshReduction (69)
[2017.04.06-00.38.55:916][478]LogModuleManager: Shutting down and abandoning module QuadricMeshReduction (68)
[2017.04.06-00.38.55:916][478]LogModuleManager: Shutting down and abandoning module PropertyEditor (67)
[2017.04.06-00.38.55:916][478]LogModuleManager: Shutting down and abandoning module MeshUtilities (66)
[2017.04.06-00.38.55:916][478]LogModuleManager: Shutting down and abandoning module DerivedDataCache (65)
[2017.04.06-00.38.55:949][478]LogDerivedDataCache: Shutdown
[2017.04.06-00.38.55:949][478]LogModuleManager: Shutting down and abandoning module VulkanShaderFormat (64)
[2017.04.06-00.38.55:949][478]LogModuleManager: Shutting down and abandoning module ShaderFormatOpenGL (63)
[2017.04.06-00.38.55:949][478]LogModuleManager: Shutting down and abandoning module ShaderFormatD3D (62)
[2017.04.06-00.38.55:949][478]LogModuleManager: Shutting down and abandoning module MetalShaderFormat (61)
[2017.04.06-00.38.55:949][478]LogModuleManager: Shutting down and abandoning module TextureFormatUncompressed (60)
[2017.04.06-00.38.55:949][478]LogModuleManager: Shutting down and abandoning module TextureFormatPVR (59)
[2017.04.06-00.38.55:949][478]LogModuleManager: Shutting down and abandoning module TextureFormatDXT (58)
[2017.04.06-00.38.55:949][478]LogModuleManager: Shutting down and abandoning module TextureFormatIntelISPCTexComp (57)
[2017.04.06-00.38.55:949][478]LogModuleManager: Shutting down and abandoning module ImageWrapper (56)
[2017.04.06-00.38.55:949][478]LogModuleManager: Shutting down and abandoning module TextureFormatASTC (55)
[2017.04.06-00.38.55:949][478]LogModuleManager: Shutting down and abandoning module TextureFormatAndroid (54)
[2017.04.06-00.38.55:949][478]LogModuleManager: Shutting down and abandoning module AudioFormatOpus (53)
[2017.04.06-00.38.55:949][478]LogModuleManager: Shutting down and abandoning module AudioFormatOgg (52)
[2017.04.06-00.38.55:949][478]LogModuleManager: Shutting down and abandoning module AudioFormatADPCM (51)
[2017.04.06-00.38.55:949][478]LogModuleManager: Shutting down and abandoning module LinuxTargetPlatform (50)
[2017.04.06-00.38.55:949][478]LogModuleManager: Shutting down and abandoning module LinuxServerTargetPlatform (49)
[2017.04.06-00.38.55:949][478]LogModuleManager: Shutting down and abandoning module LinuxNoEditorTargetPlatform (48)
[2017.04.06-00.38.55:949][478]LogModuleManager: Shutting down and abandoning module LinuxClientTargetPlatform (47)
[2017.04.06-00.38.55:949][478]LogModuleManager: Shutting down and abandoning module TVOSTargetPlatform (46)
[2017.04.06-00.38.55:949][478]LogModuleManager: Shutting down and abandoning module Messaging (45)
[2017.04.06-00.38.55:950][478]LogModuleManager: Shutting down and abandoning module IOSTargetPlatform (44)
[2017.04.06-00.38.55:950][478]LogModuleManager: Shutting down and abandoning module HTML5TargetPlatform (43)
[2017.04.06-00.38.55:950][478]LogModuleManager: Shutting down and abandoning module Android_PVRTCTargetPlatform (42)
[2017.04.06-00.38.55:950][478]LogModuleManager: Shutting down and abandoning module Android_MultiTargetPlatform (41)
[2017.04.06-00.38.55:950][478]LogModuleManager: Shutting down and abandoning module Android_ETC2TargetPlatform (40)
[2017.04.06-00.38.55:950][478]LogModuleManager: Shutting down and abandoning module Android_ETC1TargetPlatform (39)
[2017.04.06-00.38.55:950][478]LogModuleManager: Shutting down and abandoning module Android_DXTTargetPlatform (38)
[2017.04.06-00.38.55:950][478]LogModuleManager: Shutting down and abandoning module Android_ATCTargetPlatform (37)
[2017.04.06-00.38.55:950][478]LogModuleManager: Shutting down and abandoning module Android_ASTCTargetPlatform (36)
[2017.04.06-00.38.55:950][478]LogModuleManager: Shutting down and abandoning module AndroidTargetPlatform (35)
[2017.04.06-00.38.55:950][478]LogModuleManager: Shutting down and abandoning module WindowsTargetPlatform (34)
[2017.04.06-00.38.55:950][478]LogModuleManager: Shutting down and abandoning module WindowsServerTargetPlatform (33)
[2017.04.06-00.38.55:950][478]LogModuleManager: Shutting down and abandoning module WindowsNoEditorTargetPlatform (32)
[2017.04.06-00.38.55:950][478]LogModuleManager: Shutting down and abandoning module WindowsClientTargetPlatform (31)
[2017.04.06-00.38.55:950][478]LogModuleManager: Shutting down and abandoning module MacTargetPlatform (30)
[2017.04.06-00.38.55:950][478]LogModuleManager: Shutting down and abandoning module MacServerTargetPlatform (29)
[2017.04.06-00.38.55:950][478]LogModuleManager: Shutting down and abandoning module MacNoEditorTargetPlatform (28)
[2017.04.06-00.38.55:950][478]LogModuleManager: Shutting down and abandoning module MacClientTargetPlatform (27)
[2017.04.06-00.38.55:950][478]LogModuleManager: Shutting down and abandoning module AllDesktopTargetPlatform (26)
[2017.04.06-00.38.55:950][478]LogModuleManager: Shutting down and abandoning module TargetPlatform (25)
[2017.04.06-00.38.55:950][478]LogModuleManager: Shutting down and abandoning module InputCore (24)
[2017.04.06-00.38.55:950][478]LogModuleManager: Shutting down and abandoning module Settings (23)
[2017.04.06-00.38.55:950][478]LogModuleManager: Shutting down and abandoning module OculusRift (22)
[2017.04.06-00.38.55:950][478]LogHMD: Oculus shutdown.
[2017.04.06-00.38.55:950][478]LogModuleManager: Shutting down and abandoning module ExampleDeviceProfileSelector (21)
[2017.04.06-00.38.55:950][478]LogModuleManager: Shutting down and abandoning module OnlineBlueprintSupport (20)
[2017.04.06-00.38.55:950][478]LogModuleManager: Shutting down and abandoning module OnlineSubsystem (18)
[2017.04.06-00.38.55:950][478]LogOnline:Display: Unloading online subsystem: NULL
[2017.04.06-00.38.55:950][478]LogModuleManager: Shutting down and abandoning module SSL (17)
[2017.04.06-00.38.55:951][478]LogModuleManager: Shutting down and abandoning module HTTP (16)
[2017.04.06-00.38.55:951][478]LogModuleManager: Shutting down and abandoning module XMPP (15)
[2017.04.06-00.38.55:951][478]LogModuleManager: Shutting down and abandoning module TextureCompressor (14)
[2017.04.06-00.38.55:951][478]LogModuleManager: Shutting down and abandoning module ShaderCore (13)
[2017.04.06-00.38.55:952][478]LogModuleManager: Shutting down and abandoning module Landscape (12)
[2017.04.06-00.38.55:952][478]LogModuleManager: Shutting down and abandoning module SlateRHIRenderer (11)
[2017.04.06-00.38.55:952][478]LogModuleManager: Shutting down and abandoning module OpenGLDrv (10)
[2017.04.06-00.38.55:952][478]LogModuleManager: Shutting down and abandoning module D3D11RHI (9)
[2017.04.06-00.38.55:952][478]LogModuleManager: Shutting down and abandoning module AnimGraphRuntime (8)
[2017.04.06-00.38.55:952][478]LogModuleManager: Shutting down and abandoning module Renderer (7)
[2017.04.06-00.38.55:952][478]LogModuleManager: Shutting down and abandoning module Engine (6)
[2017.04.06-00.38.55:952][478]LogModuleManager: Shutting down and abandoning module CoreUObject (5)
[2017.04.06-00.38.55:952][478]LogModuleManager: Shutting down and abandoning module NetworkFile (4)
[2017.04.06-00.38.55:952][478]LogModuleManager: Shutting down and abandoning module StreamingFile (3)
[2017.04.06-00.38.55:952][478]LogModuleManager: Shutting down and abandoning module SandboxFile (2)
[2017.04.06-00.38.55:952][478]LogModuleManager: Shutting down and abandoning module PakFile (1)
[2017.04.06-00.38.55:954][478]LogExit: Exiting.
[2017.04.06-00.38.55:955][478]Log file closed, 04/05/17 20:38:55
