Log file open, 04/05/17 19:28:26
LogInit:Display: Running engine for game: magic_muffin
LogPlatformFile: Not using cached read wrapper
LogInit:Display: RandInit(1422890703) SRandInit(1422890703).
LogTaskGraph: Started task graph with 5 named threads and 8 total threads with 1 sets of task threads.
LogStats: Stats thread started at 0.076337
LogPluginManager: Loaded Plugin Paper2D, From C:/Program Files/Epic Games/UE_4.14/Engine/Plugins/2D/Paper2D/Paper2D.uplugin
LogPluginManager: Loaded Plugin LightPropagationVolume, From C:/Program Files/Epic Games/UE_4.14/Engine/Plugins/Blendables/LightPropagationVolume/LightPropagationVolume.uplugin
LogPluginManager: Loaded Plugin BlankPlugin, From C:/Program Files/Epic Games/UE_4.14/Engine/Plugins/Developer/BlankPlugin/BlankPlugin.uplugin
LogPluginManager: Loaded Plugin CodeLiteSourceCodeAccess, From C:/Program Files/Epic Games/UE_4.14/Engine/Plugins/Developer/CodeLiteSourceCodeAccess/CodeLiteSourceCodeAccess.uplugin
LogPluginManager: Loaded Plugin GitSourceControl, From C:/Program Files/Epic Games/UE_4.14/Engine/Plugins/Developer/GitSourceControl/GitSourceControl.uplugin
LogPluginManager: Loaded Plugin KDevelopSourceCodeAccess, From C:/Program Files/Epic Games/UE_4.14/Engine/Plugins/Developer/KDevelopSourceCodeAccess/KDevelopSourceCodeAccess.uplugin
LogPluginManager: Loaded Plugin NullSourceCodeAccess, From C:/Program Files/Epic Games/UE_4.14/Engine/Plugins/Developer/NullSourceCodeAccess/NullSourceCodeAccess.uplugin
LogPluginManager: Loaded Plugin OneSkyLocalizationService, From C:/Program Files/Epic Games/UE_4.14/Engine/Plugins/Developer/OneSkyLocalizationService/OneSkyLocalizationService.uplugin
LogPluginManager: Loaded Plugin PerforceSourceControl, From C:/Program Files/Epic Games/UE_4.14/Engine/Plugins/Developer/PerforceSourceControl/PerforceSourceControl.uplugin
LogPluginManager: Loaded Plugin SubversionSourceControl, From C:/Program Files/Epic Games/UE_4.14/Engine/Plugins/Developer/SubversionSourceControl/SubversionSourceControl.uplugin
LogPluginManager: Loaded Plugin UObjectPlugin, From C:/Program Files/Epic Games/UE_4.14/Engine/Plugins/Developer/UObjectPlugin/UObjectPlugin.uplugin
LogPluginManager: Loaded Plugin VisualStudioSourceCodeAccess, From C:/Program Files/Epic Games/UE_4.14/Engine/Plugins/Developer/VisualStudioSourceCodeAccess/VisualStudioSourceCodeAccess.uplugin
LogPluginManager: Loaded Plugin XCodeSourceCodeAccess, From C:/Program Files/Epic Games/UE_4.14/Engine/Plugins/Developer/XCodeSourceCodeAccess/XCodeSourceCodeAccess.uplugin
LogPluginManager: Loaded Plugin AudioCapture, From C:/Program Files/Epic Games/UE_4.14/Engine/Plugins/Editor/AudioCapture/AudioCapture.uplugin
LogPluginManager: Loaded Plugin EpicSurvey, From C:/Program Files/Epic Games/UE_4.14/Engine/Plugins/Editor/EpicSurvey/EpicSurvey.uplugin
LogPluginManager: Loaded Plugin MacGraphicsSwitching, From C:/Program Files/Epic Games/UE_4.14/Engine/Plugins/Editor/MacGraphicsSwitching/MacGraphicsSwitching.uplugin
LogPluginManager: Loaded Plugin MobileLauncherProfileWizard, From C:/Program Files/Epic Games/UE_4.14/Engine/Plugins/Editor/MobileLauncherProfileWizard/MobileLauncherProfileWizard.uplugin
LogPluginManager: Loaded Plugin PluginBrowser, From C:/Program Files/Epic Games/UE_4.14/Engine/Plugins/Editor/PluginBrowser/PluginBrowser.uplugin
LogPluginManager: Loaded Plugin SpeedTreeImporter, From C:/Program Files/Epic Games/UE_4.14/Engine/Plugins/Editor/SpeedTreeImporter/SpeedTreeImporter.uplugin
LogPluginManager: Loaded Plugin SuperSearchEditor, From C:/Program Files/Epic Games/UE_4.14/Engine/Plugins/Editor/SuperSearchEditor/SuperSearchEditor.uplugin
LogPluginManager: Loaded Plugin AlembicImporter, From C:/Program Files/Epic Games/UE_4.14/Engine/Plugins/Experimental/AlembicImporter/AlembicImporter.uplugin
LogPluginManager: Loaded Plugin BlueprintStats, From C:/Program Files/Epic Games/UE_4.14/Engine/Plugins/Experimental/BlueprintStats/BlueprintStats.uplugin
LogPluginManager: Loaded Plugin CharacterAI, From C:/Program Files/Epic Games/UE_4.14/Engine/Plugins/Experimental/CharacterAI/CharacterAI.uplugin
LogPluginManager: Loaded Plugin CodeEditor, From C:/Program Files/Epic Games/UE_4.14/Engine/Plugins/Experimental/CodeEditor/CodeEditor.uplugin
LogPluginManager: Loaded Plugin CodeView, From C:/Program Files/Epic Games/UE_4.14/Engine/Plugins/Experimental/CodeView/CodeView.uplugin
LogPluginManager: Loaded Plugin HTML5Networking, From C:/Program Files/Epic Games/UE_4.14/Engine/Plugins/Experimental/HTML5Networking/HTML5Networking.uplugin
LogPluginManager: Loaded Plugin OSVR, From C:/Program Files/Epic Games/UE_4.14/Engine/Plugins/Experimental/OSVR/OSVR.uplugin
LogPluginManager: Loaded Plugin Phya, From C:/Program Files/Epic Games/UE_4.14/Engine/Plugins/Experimental/Phya/Phya.uplugin
LogPluginManager: Loaded Plugin SignificanceManager, From C:/Program Files/Epic Games/UE_4.14/Engine/Plugins/Experimental/SignificanceManager/SignificanceManager.uplugin
LogPluginManager: Loaded Plugin SimpleHMD, From C:/Program Files/Epic Games/UE_4.14/Engine/Plugins/Experimental/SimpleHMD/SimpleHMD.uplugin
LogPluginManager: Loaded Plugin StereoPanorama, From C:/Program Files/Epic Games/UE_4.14/Engine/Plugins/Experimental/StereoPanorama/StereoPanorama.uplugin
LogPluginManager: Loaded Plugin StructBox, From C:/Program Files/Epic Games/UE_4.14/Engine/Plugins/Experimental/StructBox/StructBox.uplugin
LogPluginManager: Loaded Plugin Substance, From C:/Program Files/Epic Games/UE_4.14/Engine/Plugins/Marketplace/Substance/Substance.uplugin
LogPluginManager: Loaded Plugin AndroidMedia, From C:/Program Files/Epic Games/UE_4.14/Engine/Plugins/Media/AndroidMedia/AndroidMedia.uplugin
LogPluginManager: Loaded Plugin AvfMedia, From C:/Program Files/Epic Games/UE_4.14/Engine/Plugins/Media/AvfMedia/AvfMedia.uplugin
LogPluginManager: Loaded Plugin MediaPlayerEditor, From C:/Program Files/Epic Games/UE_4.14/Engine/Plugins/Media/MediaPlayerEditor/MediaPlayerEditor.uplugin
LogPluginManager: Loaded Plugin WmfMedia, From C:/Program Files/Epic Games/UE_4.14/Engine/Plugins/Media/WmfMedia/WmfMedia.uplugin
LogPluginManager: Loaded Plugin MessagingDebugger, From C:/Program Files/Epic Games/UE_4.14/Engine/Plugins/Messaging/MessagingDebugger/MessagingDebugger.uplugin
LogPluginManager: Loaded Plugin TcpMessaging, From C:/Program Files/Epic Games/UE_4.14/Engine/Plugins/Messaging/TcpMessaging/TcpMessaging.uplugin
LogPluginManager: Loaded Plugin UdpMessaging, From C:/Program Files/Epic Games/UE_4.14/Engine/Plugins/Messaging/UdpMessaging/UdpMessaging.uplugin
LogPluginManager: Loaded Plugin LevelSequenceEditor, From C:/Program Files/Epic Games/UE_4.14/Engine/Plugins/MovieScene/LevelSequenceEditor/LevelSequenceEditor.uplugin
LogPluginManager: Loaded Plugin MatineeToLevelSequence, From C:/Program Files/Epic Games/UE_4.14/Engine/Plugins/MovieScene/MatineeToLevelSequence/MatineeToLevelSequence.uplugin
LogPluginManager: Loaded Plugin NetcodeUnitTest, From C:/Program Files/Epic Games/UE_4.14/Engine/Plugins/NetcodeUnitTest/NetcodeUnitTest/NetcodeUnitTest.uplugin
LogPluginManager: Loaded Plugin NUTUnrealEngine4, From C:/Program Files/Epic Games/UE_4.14/Engine/Plugins/NetcodeUnitTest/NUTUnrealEngine4/NUTUnrealEngine4.uplugin
LogPluginManager: Loaded Plugin OnlineSubsystemGameCircle, From C:/Program Files/Epic Games/UE_4.14/Engine/Plugins/Online/Android/OnlineSubsystemGameCircle/OnlineSubsystemGameCircle.uplugin
LogPluginManager: Loaded Plugin OnlineSubsystemGooglePlay, From C:/Program Files/Epic Games/UE_4.14/Engine/Plugins/Online/Android/OnlineSubsystemGooglePlay/OnlineSubsystemGooglePlay.uplugin
LogPluginManager: Loaded Plugin OnlineSubsystemIOS, From C:/Program Files/Epic Games/UE_4.14/Engine/Plugins/Online/IOS/OnlineSubsystemIOS/OnlineSubsystemIOS.uplugin
LogPluginManager: Loaded Plugin OnlineFramework, From C:/Program Files/Epic Games/UE_4.14/Engine/Plugins/Online/OnlineFramework/OnlineFramework.uplugin
LogPluginManager: Loaded Plugin OnlineSubsystem, From C:/Program Files/Epic Games/UE_4.14/Engine/Plugins/Online/OnlineSubsystem/OnlineSubsystem.uplugin
LogPluginManager: Loaded Plugin OnlineSubsystemAmazon, From C:/Program Files/Epic Games/UE_4.14/Engine/Plugins/Online/OnlineSubsystemAmazon/OnlineSubsystemAmazon.uplugin
LogPluginManager: Loaded Plugin OnlineSubsystemFacebook, From C:/Program Files/Epic Games/UE_4.14/Engine/Plugins/Online/OnlineSubsystemFacebook/OnlineSubsystemFacebook.uplugin
LogPluginManager: Loaded Plugin OnlineSubsystemNull, From C:/Program Files/Epic Games/UE_4.14/Engine/Plugins/Online/OnlineSubsystemNull/OnlineSubsystemNull.uplugin
LogPluginManager: Loaded Plugin OnlineSubsystemOculus, From C:/Program Files/Epic Games/UE_4.14/Engine/Plugins/Online/OnlineSubsystemOculus/OnlineSubsystemOculus.uplugin
LogPluginManager: Loaded Plugin OnlineSubsystemSteam, From C:/Program Files/Epic Games/UE_4.14/Engine/Plugins/Online/OnlineSubsystemSteam/OnlineSubsystemSteam.uplugin
LogPluginManager: Loaded Plugin OnlineSubsystemUtils, From C:/Program Files/Epic Games/UE_4.14/Engine/Plugins/Online/OnlineSubsystemUtils/OnlineSubsystemUtils.uplugin
LogPluginManager: Loaded Plugin IOSTapJoy, From C:/Program Files/Epic Games/UE_4.14/Engine/Plugins/Runtime/Advertising/IOSTapJoy/IOSTapJoy.uplugin
LogPluginManager: Loaded Plugin AnalyticsBlueprintLibrary, From C:/Program Files/Epic Games/UE_4.14/Engine/Plugins/Runtime/Analytics/AnalyticsBlueprintLibrary/AnalyticsBlueprintLibrary.uplugin
LogPluginManager: Loaded Plugin AnalyticsMulticast, From C:/Program Files/Epic Games/UE_4.14/Engine/Plugins/Runtime/Analytics/AnalyticsMulticast/AnalyticsMulticast.uplugin
LogPluginManager: Loaded Plugin Apsalar, From C:/Program Files/Epic Games/UE_4.14/Engine/Plugins/Runtime/Analytics/Apsalar/Apsalar.uplugin
LogPluginManager: Loaded Plugin FileLogging, From C:/Program Files/Epic Games/UE_4.14/Engine/Plugins/Runtime/Analytics/FileLogging/FileLogging.uplugin
LogPluginManager: Loaded Plugin Flurry, From C:/Program Files/Epic Games/UE_4.14/Engine/Plugins/Runtime/Analytics/Flurry/Flurry.uplugin
LogPluginManager: Loaded Plugin AndroidDeviceProfileSelector, From C:/Program Files/Epic Games/UE_4.14/Engine/Plugins/Runtime/AndroidDeviceProfileSelector/AndroidDeviceProfileSelector.uplugin
LogPluginManager: Loaded Plugin AndroidMoviePlayer, From C:/Program Files/Epic Games/UE_4.14/Engine/Plugins/Runtime/AndroidMoviePlayer/AndroidMoviePlayer.uplugin
LogPluginManager: Loaded Plugin AppleMoviePlayer, From C:/Program Files/Epic Games/UE_4.14/Engine/Plugins/Runtime/AppleMoviePlayer/AppleMoviePlayer.uplugin
LogPluginManager: Loaded Plugin ArchVisCharacter, From C:/Program Files/Epic Games/UE_4.14/Engine/Plugins/Runtime/ArchVisCharacter/ArchVisCharacter.uplugin
LogPluginManager: Loaded Plugin CableComponent, From C:/Program Files/Epic Games/UE_4.14/Engine/Plugins/Runtime/CableComponent/CableComponent.uplugin
LogPluginManager: Loaded Plugin CustomMeshComponent, From C:/Program Files/Epic Games/UE_4.14/Engine/Plugins/Runtime/CustomMeshComponent/CustomMeshComponent.uplugin
LogPluginManager: Loaded Plugin ExampleDeviceProfileSelector, From C:/Program Files/Epic Games/UE_4.14/Engine/Plugins/Runtime/ExampleDeviceProfileSelector/ExampleDeviceProfileSelector.uplugin
LogPluginManager: Loaded Plugin GearVR, From C:/Program Files/Epic Games/UE_4.14/Engine/Plugins/Runtime/GearVR/GearVR.uplugin
LogPluginManager: Loaded Plugin GoogleVRController, From C:/Program Files/Epic Games/UE_4.14/Engine/Plugins/Runtime/GoogleVR/GoogleVRController/GoogleVRController.uplugin
LogPluginManager: Loaded Plugin GoogleVRHMD, From C:/Program Files/Epic Games/UE_4.14/Engine/Plugins/Runtime/GoogleVR/GoogleVRHMD/GoogleVRHMD.uplugin
LogPluginManager: Loaded Plugin IOSDeviceProfileSelector, From C:/Program Files/Epic Games/UE_4.14/Engine/Plugins/Runtime/IOSDeviceProfileSelector/IOSDeviceProfileSelector.uplugin
LogPluginManager: Loaded Plugin LeapMotion, From C:/Program Files/Epic Games/UE_4.14/Engine/Plugins/Runtime/LeapMotion/LeapMotion.uplugin
LogPluginManager: Loaded Plugin LinuxDeviceProfileSelector, From C:/Program Files/Epic Games/UE_4.14/Engine/Plugins/Runtime/LinuxDeviceProfileSelector/LinuxDeviceProfileSelector.uplugin
LogPluginManager: Loaded Plugin MIDIDevice, From C:/Program Files/Epic Games/UE_4.14/Engine/Plugins/Runtime/MIDIDevice/MIDIDevice.uplugin
LogPluginManager: Loaded Plugin MobilePatchingUtils, From C:/Program Files/Epic Games/UE_4.14/Engine/Plugins/Runtime/MobilePatchingUtils/MobilePatchingUtils.uplugin
LogPluginManager: Loaded Plugin Ansel, From C:/Program Files/Epic Games/UE_4.14/Engine/Plugins/Runtime/Nvidia/Ansel/Ansel.uplugin
LogPluginManager: Loaded Plugin OculusAudio, From C:/Program Files/Epic Games/UE_4.14/Engine/Plugins/Runtime/OculusAudio/OculusAudio.uplugin
LogPluginManager: Loaded Plugin OculusInput, From C:/Program Files/Epic Games/UE_4.14/Engine/Plugins/Runtime/OculusInput/OculusInput.uplugin
LogPluginManager: Loaded Plugin OculusLibrary, From C:/Program Files/Epic Games/UE_4.14/Engine/Plugins/Runtime/OculusLibrary/OculusLibrary.uplugin
LogPluginManager: Loaded Plugin OculusRift, From C:/Program Files/Epic Games/UE_4.14/Engine/Plugins/Runtime/OculusRift/OculusRift.uplugin
LogPluginManager: Loaded Plugin Oodle, From C:/Program Files/Epic Games/UE_4.14/Engine/Plugins/Runtime/PacketHandlers/CompressionComponents/Oodle/Oodle.uplugin
LogPluginManager: Loaded Plugin ProceduralMeshComponent, From C:/Program Files/Epic Games/UE_4.14/Engine/Plugins/Runtime/ProceduralMeshComponent/ProceduralMeshComponent.uplugin
LogPluginManager: Loaded Plugin SoundMod, From C:/Program Files/Epic Games/UE_4.14/Engine/Plugins/Runtime/SoundMod/SoundMod.uplugin
LogPluginManager: Loaded Plugin SoundVisualizations, From C:/Program Files/Epic Games/UE_4.14/Engine/Plugins/Runtime/SoundVisualizations/SoundVisualizations.uplugin
LogPluginManager: Loaded Plugin SteamController, From C:/Program Files/Epic Games/UE_4.14/Engine/Plugins/Runtime/Steam/SteamController/SteamController.uplugin
LogPluginManager: Loaded Plugin SteamVR, From C:/Program Files/Epic Games/UE_4.14/Engine/Plugins/Runtime/Steam/SteamVR/SteamVR.uplugin
LogPluginManager: Loaded Plugin WebBrowserWidget, From C:/Program Files/Epic Games/UE_4.14/Engine/Plugins/Runtime/WebBrowserWidget/WebBrowserWidget.uplugin
LogPluginManager: Loaded Plugin WindowsDeviceProfileSelector, From C:/Program Files/Epic Games/UE_4.14/Engine/Plugins/Runtime/WindowsDeviceProfileSelector/WindowsDeviceProfileSelector.uplugin
LogPluginManager: Loaded Plugin WindowsMoviePlayer, From C:/Program Files/Epic Games/UE_4.14/Engine/Plugins/Runtime/WindowsMoviePlayer/WindowsMoviePlayer.uplugin
LogPluginManager: Loaded Plugin ScriptPlugin, From C:/Program Files/Epic Games/UE_4.14/Engine/Plugins/ScriptPlugin/ScriptPlugin.uplugin
LogPluginManager: Loaded Plugin SlateRemote, From C:/Program Files/Epic Games/UE_4.14/Engine/Plugins/Slate/SlateRemote/SlateRemote.uplugin
LogPluginManager: Loaded Plugin EditorTests, From C:/Program Files/Epic Games/UE_4.14/Engine/Plugins/Tests/EditorTests/EditorTests.uplugin
LogPluginManager: Loaded Plugin FbxAutomationTestBuilder, From C:/Program Files/Epic Games/UE_4.14/Engine/Plugins/Tests/FbxAutomationTestBuilder/FbxAutomationTestBuilder.uplugin
LogPluginManager: Loaded Plugin FunctionalTestingEditor, From C:/Program Files/Epic Games/UE_4.14/Engine/Plugins/Tests/FunctionalTestingEditor/FunctionalTestingEditor.uplugin
LogPluginManager: Loaded Plugin RuntimeTests, From C:/Program Files/Epic Games/UE_4.14/Engine/Plugins/Tests/RuntimeTests/RuntimeTests.uplugin
LogPluginManager: Loaded Plugin ScreenshotTools, From C:/Program Files/Epic Games/UE_4.14/Engine/Plugins/Tests/ScreenshotTools/ScreenshotTools.uplugin
LogInit: Using libcurl 7.47.1
LogInit:  - built for x86_64-pc-win32
LogInit:  - supports SSL with OpenSSL/1.0.2g
LogInit:  - supports HTTP deflate (compression) using libz 1.2.8
LogInit:  - other features:
LogInit:      CURL_VERSION_SSL
LogInit:      CURL_VERSION_LIBZ
LogInit:      CURL_VERSION_IPV6
LogInit:      CURL_VERSION_ASYNCHDNS
LogInit:      CURL_VERSION_LARGEFILE
LogInit:      CURL_VERSION_IDN
LogInit:  CurlRequestOptions (configurable via config and command line):
LogInit:  - bVerifyPeer = false  - Libcurl will NOT verify peer certificate
LogInit:  - bUseHttpProxy = false  - Libcurl will NOT use HTTP proxy
LogInit:  - bDontReuseConnections = false  - Libcurl will reuse connections
LogInit:  - CertBundlePath = nullptr  - Libcurl will use whatever was configured at build time.
OCULUS: Info: [CAPI] LibOVR module is located at C:\Program Files\Oculus\Support\oculus-runtime\LibOVRRT64_1.dll
OCULUS: Debug: Connected to the server running version (prod = 1).1.13.0(build = 361842) feature version = 0. Client runs version (prod = 1).1.13.0(build = 361842) feature version = 0
LogInit: Build: ++UE4+Release-4.14-CL-3249277
LogInit: Engine Version: 4.14.3-3249277+++UE4+Release-4.14
LogInit: Compatible Engine Version: 4.14.0-3195953+++UE4+Release-4.14
LogInit: Net CL: 3195953
LogDevObjectVersion: Number of dev versions registered: 13
LogDevObjectVersion:   Dev-Blueprints (B0D832E4-1F89-4F0D-ACCF-7EB736FD4AA2): 7
LogDevObjectVersion:   Dev-Build (E1C64328-A22C-4D53-A36C-8E866417BD8C): 0
LogDevObjectVersion:   Dev-Core (375EC13C-06E4-48FB-B500-84F0262A717E): 1
LogDevObjectVersion:   Dev-Editor (E4B068ED-F494-42E9-A231-DA0B2E46BB41): 8
LogDevObjectVersion:   Dev-Framework (CFFC743F-43B0-4480-9391-14DF171D2073): 17
LogDevObjectVersion:   Dev-Mobile (B02B49B5-BB20-44E9-A304-32B752E40360): 0
LogDevObjectVersion:   Dev-Networking (A4E4105C-59A1-49B5-A7C5-40C4547EDFEE): 0
LogDevObjectVersion:   Dev-Online (39C831C9-5AE6-47DC-9A44-9C173E1C8E7C): 0
LogDevObjectVersion:   Dev-Physics (78F01B33-EBEA-4F98-B9B4-84EACCB95AA2): 0
LogDevObjectVersion:   Dev-Platform (6631380F-2D4D-43E0-8009-CF276956A95A): 0
LogDevObjectVersion:   Dev-Rendering (12F88B9F-8875-4AFC-A67C-D90C383ABD29): 12
LogDevObjectVersion:   Dev-Sequencer (7B5AE74C-D270-4C10-A958-57980B212A5A): 1
LogDevObjectVersion:   Dev-VR (D7296918-1DD6-4BDD-9DE2-64A83CC13884): 0
LogInit: Compiled (64-bit): Jan  6 2017 10:49:43
LogInit: Compiled with Visual C++: 19.00.23026.00
LogInit: Build Configuration: Development
LogInit: Branch Name: ++UE4+Release-4.14
LogInit: Command line:  
LogInit: Base directory: C:/Program Files/Epic Games/UE_4.14/Engine/Binaries/Win64/
LogInit: Installed Engine Build: 1
LogInit: Presizing for max 8388607 objects, including 0 objects not considered by GC, pre-allocating 0 bytes for permanent pool.
LogInit: Object subsystem initialized
[2017.04.05-23.28.27:408][  0]LogInit: Selected Device Profile: [Windows]
[2017.04.05-23.28.27:408][  0]LogInit: Applying CVar settings loaded from the selected device profile: [Windows]
[2017.04.05-23.28.27:418][  0]LogInit: Computer: SIGLAB-VR2
[2017.04.05-23.28.27:418][  0]LogInit: User: SIG
[2017.04.05-23.28.27:418][  0]LogInit: CPU Page size=65536, Cores=4
[2017.04.05-23.28.27:418][  0]LogInit: High frequency timer resolution =3.604930 MHz
[2017.04.05-23.28.27:419][  0]LogMemory: Memory total: Physical=31.9GB (32GB approx)
[2017.04.05-23.28.27:419][  0]LogMemory: Platform Memory Stats for Windows
[2017.04.05-23.28.27:419][  0]LogMemory: Process Physical Memory: 269.58 MB used, 269.58 MB peak
[2017.04.05-23.28.27:419][  0]LogMemory: Process Virtual Memory: 266.09 MB used, 266.09 MB peak
[2017.04.05-23.28.27:419][  0]LogMemory: Physical Memory: 5486.39 MB used,  27204.01 MB free, 32690.41 MB total
[2017.04.05-23.28.27:419][  0]LogMemory: Virtual Memory: 717.88 MB used,  27204.01 MB free, 134217728.00 MB total
[2017.04.05-23.28.27:441][  0]LogTextLocalizationManager: No specific translations for ('en-US') exist, so ('en') translations will be used.
[2017.04.05-23.28.27:985][  0]LogD3D11RHI: D3D11 adapters:
[2017.04.05-23.28.28:008][  0]LogD3D11RHI:    0. 'NVIDIA GeForce GTX 1070' (Feature Level 11_0)
[2017.04.05-23.28.28:008][  0]LogD3D11RHI:       8120/0/16345 MB DedicatedVideo/DedicatedSystem/SharedSystem, Outputs:2, VendorId:0x10de
[2017.04.05-23.28.28:009][  0]LogD3D11RHI:    1. 'Microsoft Basic Render Driver' (Feature Level 11_0)
[2017.04.05-23.28.28:009][  0]LogD3D11RHI:       0/0/16345 MB DedicatedVideo/DedicatedSystem/SharedSystem, Outputs:0, VendorId:0x1414
[2017.04.05-23.28.28:009][  0]LogD3D11RHI: Chosen D3D11 Adapter: 0
[2017.04.05-23.28.28:013][  0]LogD3D11RHI: Creating new Direct3DDevice
[2017.04.05-23.28.28:013][  0]LogD3D11RHI:     GPU DeviceId: 0x1b81 (for the marketing name, search the web for "GPU Device Id")
[2017.04.05-23.28.28:013][  0]LogWindows: EnumDisplayDevices:
[2017.04.05-23.28.28:014][  0]LogWindows:    0. 'NVIDIA GeForce GTX 1070' (P:0 D:1)
[2017.04.05-23.28.28:014][  0]LogWindows:    1. 'NVIDIA GeForce GTX 1070' (P:1 D:1)
[2017.04.05-23.28.28:014][  0]LogWindows:    2. 'NVIDIA GeForce GTX 1070' (P:0 D:0)
[2017.04.05-23.28.28:014][  0]LogWindows:    3. 'NVIDIA GeForce GTX 1070' (P:0 D:0)
[2017.04.05-23.28.28:014][  0]LogWindows: DebugString: FoundDriverCount:4 
[2017.04.05-23.28.28:014][  0]LogD3D11RHI:     Adapter Name: NVIDIA GeForce GTX 1070
[2017.04.05-23.28.28:014][  0]LogD3D11RHI:   Driver Version: 378.49 (internal:21.21.13.7849, unified:378.49)
[2017.04.05-23.28.28:014][  0]LogD3D11RHI:      Driver Date: 1-20-2017
[2017.04.05-23.28.28:014][  0]LogRHI: Texture pool is 1361 MB (70% of 1945 MB)
[2017.04.05-23.28.28:027][  0]LogD3D11RHI: Async texture creation enabled
[2017.04.05-23.28.28:037][  0]LogD3D11RHI: GPU Timing Frequency: 1000.000000 (Debug: 2 1)
[2017.04.05-23.28.28:037][  0]LogShaderCompilers: Guid format shader working directory is -62 characters bigger than the processId version (../../../../../../Users/SIG/Downloads/final-project-magic-muffin-master/final-project-magic-muffin-master/Intermediate/Shaders/WorkingDirectory/10912/).
[2017.04.05-23.28.28:038][  0]LogShaderCompilers: Cleaned the shader compiler working directory 'C:/Users/SIG/AppData/Local/Temp/UnrealShaderWorkingDir/20C7CA8A4CF1EA4516697982ED59A64D/'.
[2017.04.05-23.28.28:038][  0]LogShaderCompilers:Display: Using Local Shader Compiler.
[2017.04.05-23.28.28:971][  0]LogTemp:Display: Loaded TP AllDesktopTargetPlatform
[2017.04.05-23.28.29:020][  0]LogTemp:Display: Loaded TP MacClientTargetPlatform
[2017.04.05-23.28.29:068][  0]LogTemp:Display: Loaded TP MacNoEditorTargetPlatform
[2017.04.05-23.28.29:117][  0]LogTemp:Display: Loaded TP MacServerTargetPlatform
[2017.04.05-23.28.29:165][  0]LogTemp:Display: Loaded TP MacTargetPlatform
[2017.04.05-23.28.29:212][  0]LogTemp:Display: Loaded TP WindowsClientTargetPlatform
[2017.04.05-23.28.29:259][  0]LogTemp:Display: Loaded TP WindowsNoEditorTargetPlatform
[2017.04.05-23.28.29:308][  0]LogTemp:Display: Loaded TP WindowsServerTargetPlatform
[2017.04.05-23.28.29:349][  0]LogTemp:Display: Loaded TP WindowsTargetPlatform
[2017.04.05-23.28.29:396][  0]LogTemp:Display: Loaded TP AndroidTargetPlatform
[2017.04.05-23.28.29:443][  0]LogTemp:Display: Loaded TP Android_ASTCTargetPlatform
[2017.04.05-23.28.29:491][  0]LogTemp:Display: Loaded TP Android_ATCTargetPlatform
[2017.04.05-23.28.29:536][  0]LogTemp:Display: Loaded TP Android_DXTTargetPlatform
[2017.04.05-23.28.29:584][  0]LogTemp:Display: Loaded TP Android_ETC1TargetPlatform
[2017.04.05-23.28.29:629][  0]LogTemp:Display: Loaded TP Android_ETC2TargetPlatform
[2017.04.05-23.28.29:722][  0]LogTemp:Display: Loaded TP Android_MultiTargetPlatform
[2017.04.05-23.28.29:722][  0]LogTemp:Display: Loaded TP Android_PVRTCTargetPlatform
[2017.04.05-23.28.29:755][  0]LogTemp:Display: Loaded TP HTML5TargetPlatform
[2017.04.05-23.28.29:830][  0]LogTemp:Display: Loaded TP IOSTargetPlatform
[2017.04.05-23.28.29:861][  0]LogTemp:Display: Loaded TP TVOSTargetPlatform
[2017.04.05-23.28.29:907][  0]LogTemp:Display: Loaded TP LinuxClientTargetPlatform
[2017.04.05-23.28.29:953][  0]LogTemp:Display: Loaded TP LinuxNoEditorTargetPlatform
[2017.04.05-23.28.30:000][  0]LogTemp:Display: Loaded TP LinuxServerTargetPlatform
[2017.04.05-23.28.30:047][  0]LogTemp:Display: Loaded TP LinuxTargetPlatform
[2017.04.05-23.28.30:047][  0]LogTargetPlatformManager:Display: Building Assets For Windows
[2017.04.05-23.28.30:407][  0]LogDerivedDataCache:Display: Max Cache Size: 512 MB
[2017.04.05-23.28.30:458][  0]LogDerivedDataCache: Loaded boot cache 0.05s 50MB C:/Users/SIG/AppData/Local/UnrealEngine/4.14/DerivedDataCache/Boot.ddc.
[2017.04.05-23.28.30:458][  0]LogDerivedDataCache:Display: Loaded Boot cache: C:/Users/SIG/AppData/Local/UnrealEngine/4.14/DerivedDataCache/Boot.ddc
[2017.04.05-23.28.30:458][  0]LogDerivedDataCache: FDerivedDataBackendGraph:  Pak pak cache file ../../../../../../Users/SIG/Downloads/final-project-magic-muffin-master/final-project-magic-muffin-master/DerivedDataCache/DDC.ddp not found, will not use a pak cache.
[2017.04.05-23.28.30:458][  0]LogDerivedDataCache: Unable to find inner node Pak for hierarchical cache Hierarchy.
[2017.04.05-23.28.30:458][  0]LogDerivedDataCache: FDerivedDataBackendGraph:  CompressedPak pak cache file ../../../../../../Users/SIG/Downloads/final-project-magic-muffin-master/final-project-magic-muffin-master/DerivedDataCache/Compressed.ddp not found, will not use a pak cache.
[2017.04.05-23.28.30:458][  0]LogDerivedDataCache: Unable to find inner node CompressedPak for hierarchical cache Hierarchy.
[2017.04.05-23.28.30:473][  0]LogDerivedDataCache:Display: Pak cache opened for reading ../../../Engine/DerivedDataCache/Compressed.ddp.
[2017.04.05-23.28.30:485][  0]LogDerivedDataCache: Using Local data cache path C:/Users/SIG/AppData/Local/UnrealEngine/Common/DerivedDataCache: Writable
[2017.04.05-23.28.30:659][  0]LogInit: Selected Device Profile: [Windows]
[2017.04.05-23.28.30:661][  0]LogContentStreaming: Texture pool size is 0.00 MB
[2017.04.05-23.28.30:849][  0]LogMeshUtilities: Using QuadricMeshReduction for automatic static mesh reduction
[2017.04.05-23.28.30:890][  0]LogSimplygon: Simplygon DLL not present - disabling.
[2017.04.05-23.28.30:936][  0]LogMeshUtilities: Using SimplygonSwarm for distributed automatic mesh merging
[2017.04.05-23.28.30:936][  0]LogMeshUtilities: No automatic skeletal mesh reduction module available
[2017.04.05-23.28.30:936][  0]LogMeshUtilities: No automatic mesh merging module available
[2017.04.05-23.28.31:391][  0]LogNetVersion: GetLocalNetworkVersion: CL: 3195953, ProjectName: magic_muffin, ProjectVersion: , EngineNetworkVersion: 2, GameNetworkVersion: 0, NetworkChecksum: 3102453254
[2017.04.05-23.28.31:444][  0]LogAssetRegistry: FAssetRegistry took 0.0210 seconds to start up
[2017.04.05-23.28.31:489][  0]LogPackageLocalizationCache: Processed 3 localized package path(s) for 2 prioritized culture(s) in 0.023604 seconds
[2017.04.05-23.28.31:495][  0]LogUObjectArray: 31946 objects as part of root set at end of initial load.
[2017.04.05-23.28.31:495][  0]LogUObjectAllocator: 6935848 out of 0 bytes used by permanent object pool.
[2017.04.05-23.28.31:495][  0]LogUObjectArray: CloseDisregardForGC: 0/0 objects in disregard for GC pool
[2017.04.05-23.28.31:552][  0]LogInit: WinSock: version 1.1 (2.2), MaxSocks=32767, MaxUdp=65467
[2017.04.05-23.28.32:211][  0]LogSlate: Using Freetype 2.6.0
[2017.04.05-23.28.32:211][  0]LogSlate: SlateFontCache - WITH_FREETYPE: 1, WITH_HARFBUZZ: 1
[2017.04.05-23.28.32:211][  0]LogSlate: SlateFontCache - WITH_FREETYPE: 1, WITH_HARFBUZZ: 1
[2017.04.05-23.28.32:909][  0]LogSubstanceCoreModule: Substance [CPU] Engine Loaded, Max Texture Size = 2048
[2017.04.05-23.28.32:935][  0]LogTcpMessaging: Initializing TcpMessaging bridge
[2017.04.05-23.28.32:973][  0]LogUdpMessaging: Initializing bridge on interface 0.0.0.0:0 to multicast group 230.0.0.1:6666.
[2017.04.05-23.28.33:245][  0]LogMaterial: Uniform references updated for custom material expression Custom.
[2017.04.05-23.28.33:584][  0]SourceControl: Info Source control is disabled
[2017.04.05-23.28.33:606][  0]SourceControl: Info Source control is disabled
[2017.04.05-23.28.33:649][  0]SourceControl: Info Source control is disabled
[2017.04.05-23.28.33:688][  0]SourceControl: Info Source control is disabled
[2017.04.05-23.28.34:861][  0]LogEngine: Initializing Engine...
[2017.04.05-23.28.34:878][  0]LogHMD: SteamVR initialized.  Driver: lighthouse  Display: LHR-8813B57A
[2017.04.05-23.28.35:093][  0]LogAIModule: Creating AISystem for world Untitled
[2017.04.05-23.28.35:110][  0]LogInit: XAudio2 using 'Speakers / Headphones (Realtek Audio)' : 2 channels at 48 kHz using 32 bits per sample (channel mask 0x3)
[2017.04.05-23.28.35:123][  0]LogInit: FAudioDevice initialized.
[2017.04.05-23.28.35:149][  0]LogDerivedDataCache: Saved boot cache 0.03s 50MB C:/Users/SIG/AppData/Local/UnrealEngine/4.14/DerivedDataCache/Boot.ddc.
[2017.04.05-23.28.35:158][  0]LogInit: Texture streaming: Enabled
[2017.04.05-23.28.35:321][  0]LogInit: Transaction tracking system initialized
[2017.04.05-23.28.35:627][  0]BlueprintLog: New page: Editor Load
[2017.04.05-23.28.36:399][  0]LocalizationService: Info Localization service is disabled
[2017.04.05-23.28.36:981][  0]LogConsoleResponse:Display: 
[2017.04.05-23.28.37:098][  0]LogCook:Display: Max memory allowance for cook 16384mb min free memory 0mb
[2017.04.05-23.28.37:098][  0]LogCook:Display: Mobile HDR setting 1
[2017.04.05-23.28.37:937][  0]LogFileCache: Scanning file cache for directory 'C:/Users/SIG/Downloads/final-project-magic-muffin-master/final-project-magic-muffin-master/Content/' took 0.01s
[2017.04.05-23.28.37:937][  0]SourceControl: Info Source control is disabled
[2017.04.05-23.28.37:938][  0]LightingResults: New page: Lighting Build
[2017.04.05-23.28.37:973][  0]MapCheck: New page: Map Check
[2017.04.05-23.28.37:973][  0]LightingResults: New page: Lighting Build
[2017.04.05-23.28.38:388][  0]LogAIModule: Creating AISystem for world FirstPersonExampleMap
[2017.04.05-23.28.38:396][  0]LogEditorServer: Finished looking for orphan Actors (0.000 secs)
[2017.04.05-23.28.38:396][  0]Cmd: MAP CHECKDEP NOCLEARLOG
[2017.04.05-23.28.38:437][  0]MapCheck: Info Map check complete: 0 Error(s), 0 Warning(s), took 40.967ms to complete.
[2017.04.05-23.28.38:437][  0]LogFileHelpers: Loading map 'FirstPersonExampleMap' took 0.500
[2017.04.05-23.28.38:500][  0]LogWindowsTextInputMethodSystem:Display: IME system now deactivated.
[2017.04.05-23.28.38:571][  0]LogCollectionManager: Loaded 0 collections in 0.001999 seconds
[2017.04.05-23.28.38:646][  0]LogFileCache: Scanning file cache for directory 'C:/Users/SIG/Downloads/final-project-magic-muffin-master/final-project-magic-muffin-master/Saved/Collections/' took 0.01s
[2017.04.05-23.28.38:646][  0]LogFileCache: Scanning file cache for directory 'C:/Users/SIG/Downloads/final-project-magic-muffin-master/final-project-magic-muffin-master/Content/Developers/SIG/Collections/' took 0.01s
[2017.04.05-23.28.38:646][  0]LogFileCache: Scanning file cache for directory 'C:/Users/SIG/Downloads/final-project-magic-muffin-master/final-project-magic-muffin-master/Content/Collections/' took 0.01s
[2017.04.05-23.28.38:646][  0]LogCollectionManager: Rebuilt the GUID cache for 0 collections in 0.000001 seconds
[2017.04.05-23.28.38:654][  0]LogContentBrowser: Native class hierarchy populated in 0.0076 seconds. Added 2204 classes and 434 folders.
[2017.04.05-23.28.38:692][  0]LogStats: UGameplayTagsManager::ConstructGameplayTagTree: Construct from data asset -  0.000 s
[2017.04.05-23.28.38:692][  0]LogStats: UGameplayTagsManager::ConstructGameplayTagTree: GameplayTagTreeChangedEvent.Broadcast -  0.000 s
[2017.04.05-23.28.38:693][  0]LogContentBrowser: Native class hierarchy updated for 'GameplayTags' in 0.0005 seconds. Added 13 classes and 0 folders.
[2017.04.05-23.28.38:751][  0]LogContentBrowser: Native class hierarchy updated for 'WidgetCarousel' in 0.0005 seconds. Added 0 classes and 0 folders.
[2017.04.05-23.28.38:783][  0]LogContentBrowser: Native class hierarchy updated for 'AddContentDialog' in 0.0005 seconds. Added 0 classes and 0 folders.
[2017.04.05-23.28.38:823][  0]LogContentBrowser: Native class hierarchy updated for 'SceneOutliner' in 0.0005 seconds. Added 1 classes and 2 folders.
[2017.04.05-23.28.38:856][  0]LogCrashTracker: Crashtracker disabled due to settings.
[2017.04.05-23.28.38:860][  0]LogUObjectGlobals:Warning: Failed to find object 'Class None.'
[2017.04.05-23.28.38:922][  0]LogContentBrowser: Native class hierarchy updated for 'HierarchicalLODOutliner' in 0.0005 seconds. Added 1 classes and 2 folders.
[2017.04.05-23.28.38:923][  0]LogLoad: (Engine Initialization) Total time: 13.36 seconds
[2017.04.05-23.28.38:923][  0]LogLoad: (Engine Initialization) Total Blueprint compile time: 0.17 seconds
[2017.04.05-23.28.38:923][  0]LogExternalProfiler: Found external profiler: VSPerf
[2017.04.05-23.28.38:923][  0]LogExternalProfiler: Using external profiler: VSPerf
[2017.04.05-23.28.38:932][  0]LogOcInput: OculusInput pre-init called
[2017.04.05-23.28.38:942][  0]LogOcInput: OculusInput is initialized. Init status 0. Runtime version: 1.13.0
[2017.04.05-23.28.38:961][  0]LogContentStreaming: Texture pool size now 1000 MB
[2017.04.05-23.28.39:074][  1]LogAssetRegistry: Asset discovery search completed in 7.6510 seconds
[2017.04.05-23.28.39:074][  1]LogCollectionManager: Rebuilt the object cache for 0 collections in 0.000001 seconds (found 0 objects)
[2017.04.05-23.28.39:074][  1]LogCollectionManager: Fixed up redirectors for 0 collections in 0.000016 seconds (updated 0 objects)
[2017.04.05-23.28.39:092][  2]LogRenderer: Reallocating scene render targets to support 1048x392 NumSamples 1 (Frame:2).
[2017.04.05-23.28.44:030][536]LogContentBrowser: Native class hierarchy updated for 'BlueprintGraph' in 0.0008 seconds. Added 111 classes and 0 folders.
[2017.04.05-23.28.48:694][836]LogAIModule: Creating AISystem for world MainRoom
[2017.04.05-23.28.48:725][836]LightingResults: New page: Lighting Build
[2017.04.05-23.28.48:726][836]LoadErrors: New page: Loading map: MainRoom.umap
[2017.04.05-23.28.48:726][836]MapCheck: New page: Map Check
[2017.04.05-23.28.48:726][836]LightingResults: New page: Lighting Build
[2017.04.05-23.28.48:742][836]LogEditorServer: Finished looking for orphan Actors (0.000 secs)
[2017.04.05-23.28.48:762][836]Cmd: MAP CHECKDEP NOCLEARLOG
[2017.04.05-23.28.48:808][836]MapCheck: Info Map check complete: 0 Error(s), 0 Warning(s), took 45.797ms to complete.
[2017.04.05-23.28.48:808][836]LogFileHelpers: Loading map 'MainRoom' took 0.084
[2017.04.05-23.28.51:642][ 82]LogTemp: Repeting last play command: VR Preview
[2017.04.05-23.28.51:657][ 82]LogPlayLevel: PlayLevel: No blueprints needed recompiling
[2017.04.05-23.28.51:658][ 82]PIE: New page: PIE session: MainRoom (Apr 5, 2017, 3:28:51 PM)
[2017.04.05-23.28.51:658][ 82]LogPlayLevel: Creating play world package: /Game/FirstPersonBP/Maps/UEDPIE_0_MainRoom
[2017.04.05-23.28.51:662][ 82]LogPlayLevel: PIE: StaticDuplicateObject took: (0.003930s)
[2017.04.05-23.28.51:662][ 82]LogAIModule: Creating AISystem for world MainRoom
[2017.04.05-23.28.51:662][ 82]LogPlayLevel: PIE: World Init took: (0.000521s)
[2017.04.05-23.28.51:662][ 82]LogPlayLevel: PIE: Created PIE world by copying editor world from /Game/FirstPersonBP/Maps/MainRoom.MainRoom to /Game/FirstPersonBP/Maps/UEDPIE_0_MainRoom.MainRoom (0.004658s)
[2017.04.05-23.28.51:690][ 82]LogInit: XAudio2 using 'Speakers / Headphones (Realtek Audio)' : 2 channels at 48 kHz using 32 bits per sample (channel mask 0x3)
[2017.04.05-23.28.51:702][ 82]LogInit: FAudioDevice initialized.
[2017.04.05-23.28.51:832][ 82]LogLoad: Game class is 'FirstPersonGameMode_C'
[2017.04.05-23.28.51:834][ 82]LogWorld: Bringing World /Game/FirstPersonBP/Maps/UEDPIE_0_MainRoom.MainRoom up for play (max tick rate 0) at 2017.04.05-19.28.51
[2017.04.05-23.28.51:834][ 82]LogWorld: Bringing up level for play took: 0.001123
[2017.04.05-23.28.51:873][ 82]LogContentBrowser: Native class hierarchy updated for 'MovieSceneCapture' in 0.0005 seconds. Added 11 classes and 0 folders.
[2017.04.05-23.28.51:891][ 82]PIE: Info Play in editor start time for /Game/FirstPersonBP/Maps/UEDPIE_0_MainRoom 1.213
[2017.04.05-23.28.51:933][ 83]LogRenderer: Reallocating scene render targets to support 3024x1680 NumSamples 1 (Frame:1400).
[2017.04.05-23.29.26:857][208]LogScript:Warning: Accessed None trying to read property heldObject
	FirstPersonCharacter_C /Game/FirstPersonBP/Maps/UEDPIE_0_MainRoom.MainRoom:PersistentLevel.FirstPersonCharacter_C_0
	Function /Game/FirstPersonBP/Blueprints/FirstPersonCharacter.FirstPersonCharacter_C:ExecuteUbergraph_FirstPersonCharacter:0276
[2017.04.05-23.29.26:857][208]PIE:Error: Error Blueprint Runtime Error: Accessed None trying to read property heldObject from function: 'ExecuteUbergraph_FirstPersonCharacter' from node: DetachFromActor in graph: EventGraph in object: FirstPersonCharacter with description: Accessed None trying to read property heldObject
[2017.04.05-23.29.28:264][334]LogScript:Warning: Accessed None trying to read property heldObject
	FirstPersonCharacter_C /Game/FirstPersonBP/Maps/UEDPIE_0_MainRoom.MainRoom:PersistentLevel.FirstPersonCharacter_C_0
	Function /Game/FirstPersonBP/Blueprints/FirstPersonCharacter.FirstPersonCharacter_C:ExecuteUbergraph_FirstPersonCharacter:0276
[2017.04.05-23.29.28:264][334]PIE:Error: Error Blueprint Runtime Error: Accessed None trying to read property heldObject from function: 'ExecuteUbergraph_FirstPersonCharacter' from node: DetachFromActor in graph: EventGraph in object: FirstPersonCharacter with description: Accessed None trying to read property heldObject
[2017.04.05-23.29.30:174][505]LogScript:Warning: Accessed None trying to read property heldObject
	FirstPersonCharacter_C /Game/FirstPersonBP/Maps/UEDPIE_0_MainRoom.MainRoom:PersistentLevel.FirstPersonCharacter_C_0
	Function /Game/FirstPersonBP/Blueprints/FirstPersonCharacter.FirstPersonCharacter_C:ExecuteUbergraph_FirstPersonCharacter:0276
[2017.04.05-23.29.30:174][505]PIE:Error: Error Blueprint Runtime Error: Accessed None trying to read property heldObject from function: 'ExecuteUbergraph_FirstPersonCharacter' from node: DetachFromActor in graph: EventGraph in object: FirstPersonCharacter with description: Accessed None trying to read property heldObject
[2017.04.05-23.29.38:211][297]LogTemp: Repeting last play command: VR Preview
[2017.04.05-23.29.38:224][297]LogPlayLevel: PlayLevel: No blueprints needed recompiling
[2017.04.05-23.29.38:224][297]PIE: New page: PIE session: MainRoom (Apr 5, 2017, 3:29:38 PM)
[2017.04.05-23.29.38:224][297]LogPlayLevel: Creating play world package: /Game/FirstPersonBP/Maps/UEDPIE_0_MainRoom
[2017.04.05-23.29.38:228][297]LogPlayLevel: PIE: StaticDuplicateObject took: (0.004047s)
[2017.04.05-23.29.38:229][297]LogAIModule: Creating AISystem for world MainRoom
[2017.04.05-23.29.38:229][297]LogPlayLevel: PIE: World Init took: (0.000541s)
[2017.04.05-23.29.38:229][297]LogPlayLevel: PIE: Created PIE world by copying editor world from /Game/FirstPersonBP/Maps/MainRoom.MainRoom to /Game/FirstPersonBP/Maps/UEDPIE_0_MainRoom.MainRoom (0.004796s)
[2017.04.05-23.29.38:260][297]LogInit: XAudio2 using 'Speakers / Headphones (Realtek Audio)' : 2 channels at 48 kHz using 32 bits per sample (channel mask 0x3)
[2017.04.05-23.29.38:271][297]LogInit: FAudioDevice initialized.
[2017.04.05-23.29.38:387][297]LogLoad: Game class is 'FirstPersonGameMode_C'
[2017.04.05-23.29.38:388][297]LogWorld: Bringing World /Game/FirstPersonBP/Maps/UEDPIE_0_MainRoom.MainRoom up for play (max tick rate 0) at 2017.04.05-19.29.38
[2017.04.05-23.29.38:389][297]LogWorld: Bringing up level for play took: 0.000953
[2017.04.05-23.29.38:404][297]PIE: Info Play in editor start time for /Game/FirstPersonBP/Maps/UEDPIE_0_MainRoom -0.273
[2017.04.05-23.29.38:641][315]LogBlueprintDebug:Warning: Hit breakpoint on node 'K2Node_Event', from offset 919
[2017.04.05-23.29.38:641][315]LogBlueprintDebug: 
Script call stack:
	Function /Game/FirstPersonBP/Blueprints/FirstPersonCharacter.FirstPersonCharacter_C:ReceiveHit
	Function /Game/FirstPersonBP/Blueprints/FirstPersonCharacter.FirstPersonCharacter_C:ExecuteUbergraph_FirstPersonCharacter

[2017.04.05-23.29.56:736][699]BlueprintLog: New page: Compile FirstPersonCharacter
[2017.04.05-23.29.58:407][858]LogTemp: Repeting last play command: VR Preview
[2017.04.05-23.29.58:421][858]LogPlayLevel: PlayLevel: No blueprints needed recompiling
[2017.04.05-23.29.58:422][858]PIE: New page: PIE session: MainRoom (Apr 5, 2017, 3:29:58 PM)
[2017.04.05-23.29.58:422][858]LogPlayLevel: Creating play world package: /Game/FirstPersonBP/Maps/UEDPIE_0_MainRoom
[2017.04.05-23.29.58:425][858]LogPlayLevel: PIE: StaticDuplicateObject took: (0.003537s)
[2017.04.05-23.29.58:426][858]LogAIModule: Creating AISystem for world MainRoom
[2017.04.05-23.29.58:426][858]LogPlayLevel: PIE: World Init took: (0.000545s)
[2017.04.05-23.29.58:426][858]LogPlayLevel: PIE: Created PIE world by copying editor world from /Game/FirstPersonBP/Maps/MainRoom.MainRoom to /Game/FirstPersonBP/Maps/UEDPIE_0_MainRoom.MainRoom (0.004284s)
[2017.04.05-23.29.58:454][858]LogInit: XAudio2 using 'Speakers / Headphones (Realtek Audio)' : 2 channels at 48 kHz using 32 bits per sample (channel mask 0x3)
[2017.04.05-23.29.58:465][858]LogInit: FAudioDevice initialized.
[2017.04.05-23.29.58:579][858]LogLoad: Game class is 'FirstPersonGameMode_C'
[2017.04.05-23.29.58:581][858]LogWorld: Bringing World /Game/FirstPersonBP/Maps/UEDPIE_0_MainRoom.MainRoom up for play (max tick rate 0) at 2017.04.05-19.29.58
[2017.04.05-23.29.58:581][858]LogWorld: Bringing up level for play took: 0.000893
[2017.04.05-23.29.58:597][858]PIE: Info Play in editor start time for /Game/FirstPersonBP/Maps/UEDPIE_0_MainRoom -0.08
[2017.04.05-23.30.56:070][  0]LogScript:Warning: Accessed None trying to read property heldObject
	FirstPersonCharacter_C /Game/FirstPersonBP/Maps/UEDPIE_0_MainRoom.MainRoom:PersistentLevel.FirstPersonCharacter_C_0
	Function /Game/FirstPersonBP/Blueprints/FirstPersonCharacter.FirstPersonCharacter_C:ExecuteUbergraph_FirstPersonCharacter:0276
[2017.04.05-23.30.56:070][  0]PIE:Error: Error Blueprint Runtime Error: Accessed None trying to read property heldObject from function: 'ExecuteUbergraph_FirstPersonCharacter' from node: DetachFromActor in graph: EventGraph in object: FirstPersonCharacter with description: Accessed None trying to read property heldObject
[2017.04.05-23.30.59:577][314]LogScript:Warning: Accessed None trying to read property heldObject
	FirstPersonCharacter_C /Game/FirstPersonBP/Maps/UEDPIE_0_MainRoom.MainRoom:PersistentLevel.FirstPersonCharacter_C_0
	Function /Game/FirstPersonBP/Blueprints/FirstPersonCharacter.FirstPersonCharacter_C:ExecuteUbergraph_FirstPersonCharacter:0276
[2017.04.05-23.30.59:577][314]PIE:Error: Error Blueprint Runtime Error: Accessed None trying to read property heldObject from function: 'ExecuteUbergraph_FirstPersonCharacter' from node: DetachFromActor in graph: EventGraph in object: FirstPersonCharacter with description: Accessed None trying to read property heldObject
[2017.04.05-23.31.01:174][457]LogScript:Warning: Accessed None trying to read property heldObject
	FirstPersonCharacter_C /Game/FirstPersonBP/Maps/UEDPIE_0_MainRoom.MainRoom:PersistentLevel.FirstPersonCharacter_C_0
	Function /Game/FirstPersonBP/Blueprints/FirstPersonCharacter.FirstPersonCharacter_C:ExecuteUbergraph_FirstPersonCharacter:0276
[2017.04.05-23.31.01:175][457]PIE:Error: Error Blueprint Runtime Error: Accessed None trying to read property heldObject from function: 'ExecuteUbergraph_FirstPersonCharacter' from node: DetachFromActor in graph: EventGraph in object: FirstPersonCharacter with description: Accessed None trying to read property heldObject
[2017.04.05-23.31.02:459][572]LogScript:Warning: Accessed None trying to read property heldObject
	FirstPersonCharacter_C /Game/FirstPersonBP/Maps/UEDPIE_0_MainRoom.MainRoom:PersistentLevel.FirstPersonCharacter_C_0
	Function /Game/FirstPersonBP/Blueprints/FirstPersonCharacter.FirstPersonCharacter_C:ExecuteUbergraph_FirstPersonCharacter:0276
[2017.04.05-23.31.02:459][572]PIE:Error: Error Blueprint Runtime Error: Accessed None trying to read property heldObject from function: 'ExecuteUbergraph_FirstPersonCharacter' from node: DetachFromActor in graph: EventGraph in object: FirstPersonCharacter with description: Accessed None trying to read property heldObject
[2017.04.05-23.31.11:614][467]LogEditorViewport: Clicking on Actor (LMB): StaticMeshActor (old_wooden_table)
[2017.04.05-23.31.21:776][409]LogEditorViewport: Clicking on Actor (LMB): StaticMeshActor (old_wooden_table)
[2017.04.05-23.31.22:998][520]LogEditorViewport: Clicking on Actor (LMB): StaticMeshActor (Floor)
[2017.04.05-23.31.34:584][600]LogAIModule: Creating AISystem for world FirstPersonExampleMap
[2017.04.05-23.31.49:192][765]LogSavePackage: Save=7.93ms
[2017.04.05-23.31.49:192][765]LogSavePackage: Moving '../../../../../../Users/SIG/Downloads/final-project-magic-muffin-master/final-project-magic-muffin-master/Saved/MusicRoomCD06BFDA422E76046CF442A411FBDA1F.tmp' to '../../../../../../Users/SIG/Downloads/final-project-magic-muffin-master/final-project-magic-muffin-master/Content/FirstPersonBP/Maps/MusicRoom.umap'
[2017.04.05-23.31.49:194][765]LogSavePackage:Display: Finished SavePackage ../../../../../../Users/SIG/Downloads/final-project-magic-muffin-master/final-project-magic-muffin-master/Content/FirstPersonBP/Maps/MusicRoom.umap
[2017.04.05-23.31.49:194][765]LogFileHelpers: Saving map 'MusicRoom' took 0.071
[2017.04.05-23.31.49:196][765]LightingResults: New page: Lighting Build
[2017.04.05-23.31.49:197][765]LoadErrors: New page: Loading map: MusicRoom.umap
[2017.04.05-23.31.49:198][765]MapCheck: New page: Map Check
[2017.04.05-23.31.49:198][765]LightingResults: New page: Lighting Build
[2017.04.05-23.31.49:245][765]LogEditorServer: Finished looking for orphan Actors (0.000 secs)
[2017.04.05-23.31.49:246][765]LogAIModule: Creating AISystem for world MusicRoom
[2017.04.05-23.31.49:271][765]Cmd: MAP CHECKDEP NOCLEARLOG
[2017.04.05-23.31.49:319][765]MapCheck: Info Map check complete: 0 Error(s), 0 Warning(s), took 47.469ms to complete.
[2017.04.05-23.31.49:319][765]LogFileHelpers: Loading map 'MusicRoom' took 0.124
[2017.04.05-23.32.01:607][722]LightingResults: New page: Lighting Build
[2017.04.05-23.32.01:608][722]MapCheck: New page: Map Check
[2017.04.05-23.32.01:608][722]LightingResults: New page: Lighting Build
[2017.04.05-23.32.01:622][722]LogAIModule: Creating AISystem for world Untitled
[2017.04.05-23.32.01:631][722]LoadErrors: New page: New Map
[2017.04.05-23.32.01:635][722]LogAIModule: Creating AISystem for world MusicRoom
[2017.04.05-23.32.04:006][883]LogAIModule: Creating AISystem for world FirstPersonExampleMap
[2017.04.05-23.32.12:061][578]LogSpawn:Warning: UWorld::DestroyActor: World has no context! World: MusicRoom, Actor: /Game/FirstPersonBP/Maps/MusicRoom.MusicRoom:PersistentLevel.FirstPersonExampleMap_C_1
[2017.04.05-23.32.12:120][578]LogAIModule: Creating AISystem for world MusicRoom
[2017.04.05-23.32.16:639][759]LightingResults: New page: Lighting Build
[2017.04.05-23.32.16:640][759]LoadErrors: New page: Loading map: MusicRoom.umap
[2017.04.05-23.32.16:640][759]MapCheck: New page: Map Check
[2017.04.05-23.32.16:640][759]LightingResults: New page: Lighting Build
[2017.04.05-23.32.16:683][759]LogEditorServer: Finished looking for orphan Actors (0.000 secs)
[2017.04.05-23.32.16:704][759]Cmd: MAP CHECKDEP NOCLEARLOG
[2017.04.05-23.32.16:753][759]MapCheck: Info Map check complete: 0 Error(s), 0 Warning(s), took 48.972ms to complete.
[2017.04.05-23.32.16:758][759]LogFileHelpers: Loading map 'MusicRoom' took 0.121
[2017.04.05-23.32.18:862][  9]LogEditorViewport: Clicking on Actor (LMB): StaticMeshActor (EditorCube20)
[2017.04.05-23.32.20:256][173]Cmd: DELETE
[2017.04.05-23.32.20:256][173]Cmd: ACTOR DELETE
[2017.04.05-23.32.20:257][173]LogEditorActor: Deleted Actor: StaticMeshActor
[2017.04.05-23.32.20:270][173]LogEditorActor: Deleted 1 Actors (0.014 secs)
[2017.04.05-23.32.20:749][230]LogEditorViewport: Clicking on Actor (LMB): StaticMeshActor (Floor)
[2017.04.05-23.32.21:241][285]LogEditorViewport: Clicking on Actor (LMB): StaticMeshActor (EditorCube21)
[2017.04.05-23.32.21:480][310]Cmd: DELETE
[2017.04.05-23.32.21:480][310]Cmd: ACTOR DELETE
[2017.04.05-23.32.21:481][310]LogEditorActor: Deleted Actor: StaticMeshActor
[2017.04.05-23.32.21:492][310]LogEditorActor: Deleted 1 Actors (0.012 secs)
[2017.04.05-23.32.21:815][349]LogEditorViewport: Clicking on Actor (LMB): StaticMeshActor (EditorCube19)
[2017.04.05-23.32.21:989][367]Cmd: DELETE
[2017.04.05-23.32.21:989][367]Cmd: ACTOR DELETE
[2017.04.05-23.32.21:989][367]LogEditorActor: Deleted Actor: StaticMeshActor
[2017.04.05-23.32.22:001][367]LogEditorActor: Deleted 1 Actors (0.012 secs)
[2017.04.05-23.32.22:482][425]LogEditorViewport: Clicking on Actor (LMB): StaticMeshActor (EditorCube16)
[2017.04.05-23.32.23:051][490]Cmd: DELETE
[2017.04.05-23.32.23:051][490]Cmd: ACTOR DELETE
[2017.04.05-23.32.23:051][490]LogEditorActor: Deleted Actor: StaticMeshActor
[2017.04.05-23.32.23:063][490]LogEditorActor: Deleted 1 Actors (0.012 secs)
[2017.04.05-23.32.23:877][588]LogEditorViewport: Clicking on Actor (LMB): StaticMeshActor (EditorCube18)
[2017.04.05-23.32.24:034][604]Cmd: DELETE
[2017.04.05-23.32.24:034][604]Cmd: ACTOR DELETE
[2017.04.05-23.32.24:034][604]LogEditorActor: Deleted Actor: StaticMeshActor
[2017.04.05-23.32.24:046][604]LogEditorActor: Deleted 1 Actors (0.013 secs)
[2017.04.05-23.32.24:621][673]LogEditorViewport: Clicking on Actor (LMB): StaticMeshActor (Wall1)
[2017.04.05-23.32.24:906][704]Cmd: DELETE
[2017.04.05-23.32.24:906][704]Cmd: ACTOR DELETE
[2017.04.05-23.32.24:907][704]LogEditorActor: Deleted Actor: StaticMeshActor
[2017.04.05-23.32.24:920][704]LogEditorActor: Deleted 1 Actors (0.014 secs)
[2017.04.05-23.32.25:282][747]LogEditorViewport: Clicking on Actor (LMB): StaticMeshActor (Wall3)
[2017.04.05-23.32.25:622][785]Cmd: DELETE
[2017.04.05-23.32.25:622][785]Cmd: ACTOR DELETE
[2017.04.05-23.32.25:623][785]LogEditorActor: Deleted Actor: StaticMeshActor
[2017.04.05-23.32.25:634][785]LogEditorActor: Deleted 1 Actors (0.012 secs)
[2017.04.05-23.32.26:307][866]LogEditorViewport: Clicking on Actor (LMB): StaticMeshActor (Wall4)
[2017.04.05-23.32.26:498][886]Cmd: DELETE
[2017.04.05-23.32.26:498][886]Cmd: ACTOR DELETE
[2017.04.05-23.32.26:498][886]LogEditorActor: Deleted Actor: StaticMeshActor
[2017.04.05-23.32.26:509][886]LogEditorActor: Deleted 1 Actors (0.012 secs)
[2017.04.05-23.32.28:282][ 99]LogEditorViewport: Clicking on Actor (LMB): StaticMeshActor (Wall2)
[2017.04.05-23.32.28:640][139]Cmd: DELETE
[2017.04.05-23.32.28:640][139]Cmd: ACTOR DELETE
[2017.04.05-23.32.28:640][139]LogEditorActor: Deleted Actor: StaticMeshActor
[2017.04.05-23.32.28:652][139]LogEditorActor: Deleted 1 Actors (0.012 secs)
[2017.04.05-23.32.29:541][246]LogEditorViewport: Clicking on Actor (LMB): BP_Sky_Sphere_C (SkySphereBlueprint)
[2017.04.05-23.32.34:710][862]LogEditorViewport: Clicking on Actor (LMB): BP_Sky_Sphere_C (SkySphereBlueprint)
[2017.04.05-23.32.35:152][914]LogEditorViewport: Clicking on Actor (LMB): BP_Sky_Sphere_C (SkySphereBlueprint)
[2017.04.05-23.32.38:189][275]LogBlueprintUserMessages: Early PlayInEditor Detection: Level '/Game/FirstPersonBP/Maps/MusicRoom.MusicRoom:PersistentLevel' has LevelScriptBlueprint '/Game/FirstPersonBP/Maps/MusicRoom.MusicRoom:PersistentLevel.MusicRoom' with GeneratedClass '/Game/FirstPersonBP/Maps/MusicRoom.MusicRoom_C' with ClassGeneratedBy '/Game/FirstPersonBP/Maps/MusicRoom.MusicRoom:PersistentLevel.MusicRoom'
[2017.04.05-23.32.38:189][275]LogPlayLevel: PlayLevel: No blueprints needed recompiling
[2017.04.05-23.32.38:190][275]PIE: New page: PIE session: MusicRoom (Apr 5, 2017, 3:32:38 PM)
[2017.04.05-23.32.38:190][275]LogPlayLevel: Creating play world package: /Game/FirstPersonBP/Maps/UEDPIE_0_MusicRoom
[2017.04.05-23.32.38:208][275]LogPlayLevel: PIE: StaticDuplicateObject took: (0.018555s)
[2017.04.05-23.32.38:209][275]LogAIModule: Creating AISystem for world MusicRoom
[2017.04.05-23.32.38:209][275]LogPlayLevel: PIE: World Init took: (0.000784s)
[2017.04.05-23.32.38:209][275]LogPlayLevel: PIE: Created PIE world by copying editor world from /Game/FirstPersonBP/Maps/MusicRoom.MusicRoom to /Game/FirstPersonBP/Maps/UEDPIE_0_MusicRoom.MusicRoom (0.019613s)
[2017.04.05-23.32.38:240][275]LogInit: XAudio2 using 'Speakers / Headphones (Realtek Audio)' : 2 channels at 48 kHz using 32 bits per sample (channel mask 0x3)
[2017.04.05-23.32.38:250][275]LogInit: FAudioDevice initialized.
[2017.04.05-23.32.38:285][275]LogLoad: Game class is 'FirstPersonGameMode_C'
[2017.04.05-23.32.38:287][275]LogWorld: Bringing World /Game/FirstPersonBP/Maps/UEDPIE_0_MusicRoom.MusicRoom up for play (max tick rate 0) at 2017.04.05-19.32.38
[2017.04.05-23.32.38:287][275]LogWorld: Bringing up level for play took: 0.001254
[2017.04.05-23.32.38:288][275]PIE: Info Play in editor start time for /Game/FirstPersonBP/Maps/UEDPIE_0_MusicRoom -0.389
[2017.04.05-23.32.38:288][275]LogBlueprintUserMessages: Late PlayInEditor Detection: Level '/Game/FirstPersonBP/Maps/MusicRoom.MusicRoom:PersistentLevel' has LevelScriptBlueprint '/Game/FirstPersonBP/Maps/MusicRoom.MusicRoom:PersistentLevel.MusicRoom' with GeneratedClass '/Game/FirstPersonBP/Maps/MusicRoom.MusicRoom_C' with ClassGeneratedBy '/Game/FirstPersonBP/Maps/MusicRoom.MusicRoom:PersistentLevel.MusicRoom'
[2017.04.05-23.32.44:833][ 57]LogBlueprintUserMessages: Early EndPlayMap Detection: Level '/Game/FirstPersonBP/Maps/MusicRoom.MusicRoom:PersistentLevel' has LevelScriptBlueprint '/Game/FirstPersonBP/Maps/MusicRoom.MusicRoom:PersistentLevel.MusicRoom' with GeneratedClass '/Game/FirstPersonBP/Maps/MusicRoom.MusicRoom_C' with ClassGeneratedBy '/Game/FirstPersonBP/Maps/MusicRoom.MusicRoom:PersistentLevel.MusicRoom'
[2017.04.05-23.32.44:874][ 57]LogBlueprintUserMessages: Late EndPlayMap Detection: Level '/Game/FirstPersonBP/Maps/MusicRoom.MusicRoom:PersistentLevel' has LevelScriptBlueprint '/Game/FirstPersonBP/Maps/MusicRoom.MusicRoom:PersistentLevel.MusicRoom' with GeneratedClass '/Game/FirstPersonBP/Maps/MusicRoom.MusicRoom_C' with ClassGeneratedBy '/Game/FirstPersonBP/Maps/MusicRoom.MusicRoom:PersistentLevel.MusicRoom'
[2017.04.05-23.32.46:236][216]MapCheck: New page: Map Check
[2017.04.05-23.32.46:245][216]Cmd: MAP REBUILD ALLVISIBLE
[2017.04.05-23.32.46:245][216]LogEditorServer: Rebuildmap Clear paths rebuilt
[2017.04.05-23.32.46:293][216]LightingResults: New page: Lighting Build - Apr 5, 2017, 3:32:46 PM
[2017.04.05-23.32.46:320][216]LogSwarmInterface: [OpenConnection] Registering TCP channel ...
[2017.04.05-23.32.46:362][216]LogSwarmInterface: [OpenConnection] Connecting to agent ...
[2017.04.05-23.32.46:369][216]LogSwarmInterface: [TryOpenConnection] Testing the Agent
[2017.04.05-23.32.46:877][216]LogSwarmInterface: [TryOpenConnection] Opening Connection to Agent
[2017.04.05-23.32.46:877][216]LogSwarmInterface: [TryOpenConnection] Local Process ID is 10912
[2017.04.05-23.32.49:417][216]LogStaticLightingSystem: Running Lightmass w/ ImmediateImport mode ENABLED
[2017.04.05-23.32.49:417][216]LogStaticLightingSystem: Running Lightmass w/ ImmediateProcess mode ENABLED
[2017.04.05-23.32.49:417][216]LogStaticLightingSystem: Running Lightmass w/ Sorting mode ENABLED
[2017.04.05-23.32.49:417][216]LogStaticLightingSystem: Running Lightmass w/ Mapping paddings ENABLED
[2017.04.05-23.32.49:417][216]LogStaticLightingSystem: Running Lightmass w/ Mapping debug paddings DISABLED
[2017.04.05-23.32.49:529][216]Cmd: MAP CHECK DONTDISPLAYDIALOG
[2017.04.05-23.32.49:529][216]MapCheck: New page: MusicRoom - Apr 5, 2017, 3:32:49 PM
[2017.04.05-23.32.49:578][216]MapCheck: Info Map check complete: 0 Error(s), 0 Warning(s), took 49.238ms to complete.
[2017.04.05-23.32.49:601][216]LogEditorBuildUtils: Build time 0:03
[2017.04.05-23.32.51:274][332]LogTemp: Repeting last play command: Selected Viewport
[2017.04.05-23.32.51:286][332]LogBlueprintUserMessages: Early PlayInEditor Detection: Level '/Game/FirstPersonBP/Maps/MusicRoom.MusicRoom:PersistentLevel' has LevelScriptBlueprint '/Game/FirstPersonBP/Maps/MusicRoom.MusicRoom:PersistentLevel.MusicRoom' with GeneratedClass '/Game/FirstPersonBP/Maps/MusicRoom.MusicRoom_C' with ClassGeneratedBy '/Game/FirstPersonBP/Maps/MusicRoom.MusicRoom:PersistentLevel.MusicRoom'
[2017.04.05-23.32.51:286][332]LogPlayLevel: PlayLevel: No blueprints needed recompiling
[2017.04.05-23.32.51:286][332]PIE: New page: PIE session: MusicRoom (Apr 5, 2017, 3:32:51 PM)
[2017.04.05-23.32.51:286][332]LogPlayLevel: Creating play world package: /Game/FirstPersonBP/Maps/UEDPIE_0_MusicRoom
[2017.04.05-23.32.51:308][332]LogPlayLevel: PIE: StaticDuplicateObject took: (0.021212s)
[2017.04.05-23.32.51:308][332]LogAIModule: Creating AISystem for world MusicRoom
[2017.04.05-23.32.51:309][332]LogPlayLevel: PIE: World Init took: (0.000734s)
[2017.04.05-23.32.51:309][332]LogPlayLevel: PIE: Created PIE world by copying editor world from /Game/FirstPersonBP/Maps/MusicRoom.MusicRoom to /Game/FirstPersonBP/Maps/UEDPIE_0_MusicRoom.MusicRoom (0.022232s)
[2017.04.05-23.32.51:341][332]LogInit: XAudio2 using 'Speakers / Headphones (Realtek Audio)' : 2 channels at 48 kHz using 32 bits per sample (channel mask 0x3)
[2017.04.05-23.32.51:352][332]LogInit: FAudioDevice initialized.
[2017.04.05-23.32.51:380][332]LogLoad: Game class is 'FirstPersonGameMode_C'
[2017.04.05-23.32.51:382][332]LogWorld: Bringing World /Game/FirstPersonBP/Maps/UEDPIE_0_MusicRoom.MusicRoom up for play (max tick rate 0) at 2017.04.05-19.32.51
[2017.04.05-23.32.51:382][332]LogWorld: Bringing up level for play took: 0.001401
[2017.04.05-23.32.51:383][332]PIE: Info Play in editor start time for /Game/FirstPersonBP/Maps/UEDPIE_0_MusicRoom 0.706
[2017.04.05-23.32.51:383][332]LogBlueprintUserMessages: Late PlayInEditor Detection: Level '/Game/FirstPersonBP/Maps/MusicRoom.MusicRoom:PersistentLevel' has LevelScriptBlueprint '/Game/FirstPersonBP/Maps/MusicRoom.MusicRoom:PersistentLevel.MusicRoom' with GeneratedClass '/Game/FirstPersonBP/Maps/MusicRoom.MusicRoom_C' with ClassGeneratedBy '/Game/FirstPersonBP/Maps/MusicRoom.MusicRoom:PersistentLevel.MusicRoom'
[2017.04.05-23.32.55:579][726]LogBlueprintUserMessages: Early EndPlayMap Detection: Level '/Game/FirstPersonBP/Maps/MusicRoom.MusicRoom:PersistentLevel' has LevelScriptBlueprint '/Game/FirstPersonBP/Maps/MusicRoom.MusicRoom:PersistentLevel.MusicRoom' with GeneratedClass '/Game/FirstPersonBP/Maps/MusicRoom.MusicRoom_C' with ClassGeneratedBy '/Game/FirstPersonBP/Maps/MusicRoom.MusicRoom:PersistentLevel.MusicRoom'
[2017.04.05-23.32.55:618][726]LogBlueprintUserMessages: Late EndPlayMap Detection: Level '/Game/FirstPersonBP/Maps/MusicRoom.MusicRoom:PersistentLevel' has LevelScriptBlueprint '/Game/FirstPersonBP/Maps/MusicRoom.MusicRoom:PersistentLevel.MusicRoom' with GeneratedClass '/Game/FirstPersonBP/Maps/MusicRoom.MusicRoom_C' with ClassGeneratedBy '/Game/FirstPersonBP/Maps/MusicRoom.MusicRoom:PersistentLevel.MusicRoom'
[2017.04.05-23.33.01:019][232]LogEditorViewport: Clicking on Actor (LMB): StaticMeshActor (Floor)
[2017.04.05-23.33.01:567][279]LogEditorViewport: Clicking on Actor (LMB): StaticMeshActor (Floor)
[2017.04.05-23.33.02:995][407]Job is a success!
[2017.04.05-23.33.03:626][408]LogTexture:Display: Building textures: SkyOcclusion1_1 (AutoDXT)
[2017.04.05-23.33.03:626][408]LogTexture:Display: Building textures: HQ_Lightmap1_1 (AutoDXT)
[2017.04.05-23.33.03:626][408]LogTexture:Display: Building textures: LQ_Lightmap_1_1 (DXT1)
[2017.04.05-23.33.03:626][408]LogTexture:Display: Building textures: SkyOcclusion1_2 (AutoDXT)
[2017.04.05-23.33.03:626][408]LogTexture:Display: Building textures: HQ_Lightmap1_2 (AutoDXT)
[2017.04.05-23.33.03:626][408]LogTexture:Display: Building textures: LQ_Lightmap_1_2 (DXT1)
[2017.04.05-23.33.04:078][408]LogTexture:Display: Building textures: ShadowMapTexture2D_8 (G8)
[2017.04.05-23.33.04:078][408]LogTexture:Display: Building textures: ShadowMapTexture2D_9 (G8)
[2017.04.05-23.33.04:092][408]Lightmass on SIGLAB-VR2: 13.9 sec total, 102 ms importing, 15 ms setup, 2.62 sec photons, 11.1 sec processing, 0 ms extra exporting [2/2 mappings]. Threads: 1:18 min total, 9.84 sec processing.
[2017.04.05-23.33.04:130][408]LogStaticLightingSystem: Illumination: 17.8 sec (525 ms encoding lightmaps, 448 ms encoding shadowmaps)
[2017.04.05-23.33.04:130][408]LogStaticLightingSystem: Lightmap texture memory:  10.7 MB (10.7 MB streaming, 0.0 MB non-streaming), 4 textures
[2017.04.05-23.33.04:130][408]LogStaticLightingSystem: Shadowmap texture memory: 2.7 MB (2.7 MB streaming, 0.0 MB non-streaming), 2 textures
[2017.04.05-23.33.04:423][408]DumpUnbuiltLightIteractions
[2017.04.05-23.33.04:423][408]Lights with unbuilt interactions: 0
[2017.04.05-23.33.04:423][408]
[2017.04.05-23.33.04:423][408]Primitives with unbuilt interactions: 0
[2017.04.05-23.33.04:430][409]Cmd: MAP CHECK NOTIFYRESULTS
[2017.04.05-23.33.04:430][409]MapCheck: New page: MusicRoom - Apr 5, 2017, 3:33:04 PM
[2017.04.05-23.33.04:484][409]MapCheck: Info Map check complete: 0 Error(s), 0 Warning(s), took 54.384ms to complete.
[2017.04.05-23.34.22:318][ 36]LogDirectoryWatcher:Warning: Failed to begin reading directory changes for ../../../../../../Users/SIG/Downloads/final-project-magic-muffin-master/final-project-magic-muffin-master/Plugins/. Error: The system cannot find the file specified. (0x00000002)
[2017.04.05-23.34.27:634][671]Cmd: CLOSE_SLATE_MAINFRAME
[2017.04.05-23.34.29:969][671]LogSavePackage: Save=112.08ms
[2017.04.05-23.34.29:969][671]LogSavePackage: Moving '../../../../../../Users/SIG/Downloads/final-project-magic-muffin-master/final-project-magic-muffin-master/Saved/MusicRoom14A85AF046499D6638FAA09B82FCA6E9.tmp' to '../../../../../../Users/SIG/Downloads/final-project-magic-muffin-master/final-project-magic-muffin-master/Content/FirstPersonBP/Maps/MusicRoom.umap'
[2017.04.05-23.34.29:971][671]LogSavePackage:Display: Finished SavePackage ../../../../../../Users/SIG/Downloads/final-project-magic-muffin-master/final-project-magic-muffin-master/Content/FirstPersonBP/Maps/MusicRoom.umap
[2017.04.05-23.34.30:002][671]LogFileHelpers: Saving map 'MusicRoom' took 0.207
[2017.04.05-23.34.30:151][671]LogSavePackage: Save=146.06ms
[2017.04.05-23.34.30:151][671]LogSavePackage: Moving '../../../../../../Users/SIG/Downloads/final-project-magic-muffin-master/final-project-magic-muffin-master/Saved/MusicRoom_BuiltData71B1ADFA4A9AF076ABD68D97C9F4093C.tmp' to '../../../../../../Users/SIG/Downloads/final-project-magic-muffin-master/final-project-magic-muffin-master/Content/FirstPersonBP/Maps/MusicRoom_BuiltData.uasset'
[2017.04.05-23.34.30:153][671]LogSavePackage:Display: Finished SavePackage ../../../../../../Users/SIG/Downloads/final-project-magic-muffin-master/final-project-magic-muffin-master/Content/FirstPersonBP/Maps/MusicRoom_BuiltData.uasset
[2017.04.05-23.34.30:211][671]LogDirectoryWatcher: A directory notification for '../../../Engine/Plugins/' was aborted.
[2017.04.05-23.34.30:212][671]LogWindowsTextInputMethodSystem:Display: IME system now deactivated.
[2017.04.05-23.34.30:383][672]Cmd: QUIT_EDITOR
[2017.04.05-23.34.30:949][672]LogExit: Preparing to exit.
[2017.04.05-23.34.31:220][672]LogDirectoryWatcher: A directory notification for 'C:/Users/SIG/Downloads/final-project-magic-muffin-master/final-project-magic-muffin-master/Content/' was aborted.
[2017.04.05-23.34.31:251][672]LogExit: Editor shut down
[2017.04.05-23.34.31:251][672]LogExit: Transaction tracking system shut down
[2017.04.05-23.34.31:424][672]LogObj: Freed 0b from 0 cluster array pools.
[2017.04.05-23.34.31:424][672]LogExit: Object subsystem successfully closed.
[2017.04.05-23.34.31:446][672]LogD3D11RHI: Shutdown
[2017.04.05-23.34.31:446][672]LogD3D11RHI: CleanupD3DDevice
[2017.04.05-23.34.31:448][672]LogD3D11RHI: ~FD3D11DynamicRHI
[2017.04.05-23.34.31:461][672]LogHttp:Display: Http module shutting down, but needs to wait on 1 outstanding Http requests:
[2017.04.05-23.34.31:461][672]LogHttp:Display: 	verb=[POST] url=[https://datarouter.ol.epicgames.com/datarouter/api/v1/public/data?SessionID=%7B88851A82-4197-E35C-34E8-07A932A8D770%7D&AppID=UEEditor.Rocket.Release&AppVersion=4.14.3-3249277%2B%2B%2BUE4%2BRelease-4.14&UserID=7e93ef12497a2351dc5eed8d87531828%7Cad677797066041ec8c4c12047a57927f%7C88a06740-65ed-4850-9d98-4b8996ea80b4&AppEnvironment=datacollector-binary&UploadType=eteventstream] status=Processing
[2017.04.05-23.34.31:491][672]LogModuleManager: Shutting down and abandoning module HierarchicalLODUtilities (247)
[2017.04.05-23.34.31:491][672]LogModuleManager: Shutting down and abandoning module MovieSceneCapture (246)
[2017.04.05-23.34.31:491][672]LogModuleManager: Shutting down and abandoning module BlueprintGraph (245)
[2017.04.05-23.34.31:491][672]LogModuleManager: Shutting down and abandoning module BlueprintProfiler (244)
[2017.04.05-23.34.31:491][672]LogModuleManager: Shutting down and abandoning module HierarchicalLODOutliner (243)
[2017.04.05-23.34.31:491][672]LogModuleManager: Shutting down and abandoning module CrashTracker (242)
[2017.04.05-23.34.31:491][672]LogModuleManager: Shutting down and abandoning module SceneOutliner (241)
[2017.04.05-23.34.31:491][672]LogModuleManager: Shutting down and abandoning module WidgetCarousel (240)
[2017.04.05-23.34.31:491][672]LogModuleManager: Shutting down and abandoning module AddContentDialog (239)
[2017.04.05-23.34.31:491][672]LogDirectoryWatcher: A directory notification for 'C:/Program Files/Epic Games/UE_4.14/FeaturePacks/' was aborted.
[2017.04.05-23.34.31:492][672]LogModuleManager: Shutting down and abandoning module GameplayTags (238)
[2017.04.05-23.34.31:492][672]LogModuleManager: Shutting down and abandoning module EditorWidgets (237)
[2017.04.05-23.34.31:492][672]LogModuleManager: Shutting down and abandoning module CollectionManager (236)
[2017.04.05-23.34.31:492][672]LogDirectoryWatcher: A directory notification for 'C:/Users/SIG/Downloads/final-project-magic-muffin-master/final-project-magic-muffin-master/Content/Collections/' was aborted.
[2017.04.05-23.34.31:492][672]LogDirectoryWatcher: A directory notification for 'C:/Users/SIG/Downloads/final-project-magic-muffin-master/final-project-magic-muffin-master/Content/Developers/SIG/Collections/' was aborted.
[2017.04.05-23.34.31:492][672]LogDirectoryWatcher: A directory notification for 'C:/Users/SIG/Downloads/final-project-magic-muffin-master/final-project-magic-muffin-master/Saved/Collections/' was aborted.
[2017.04.05-23.34.31:492][672]LogModuleManager: Shutting down and abandoning module StatsViewer (235)
[2017.04.05-23.34.31:492][672]LogModuleManager: Shutting down and abandoning module FoliageEdit (234)
[2017.04.05-23.34.31:492][672]LogModuleManager: Shutting down and abandoning module LandscapeEditor (233)
[2017.04.05-23.34.31:492][672]LogModuleManager: Shutting down and abandoning module SceneDepthPickerMode (232)
[2017.04.05-23.34.31:492][672]LogModuleManager: Shutting down and abandoning module ActorPickerMode (231)
[2017.04.05-23.34.31:492][672]LogModuleManager: Shutting down and abandoning module GeometryMode (230)
[2017.04.05-23.34.31:492][672]LogModuleManager: Shutting down and abandoning module TextureAlignMode (229)
[2017.04.05-23.34.31:492][672]LogModuleManager: Shutting down and abandoning module BspMode (228)
[2017.04.05-23.34.31:492][672]LogModuleManager: Shutting down and abandoning module HardwareSurvey (227)
[2017.04.05-23.34.31:492][672]LogModuleManager: Shutting down and abandoning module SequenceRecorderSections (226)
[2017.04.05-23.34.31:492][672]LogModuleManager: Shutting down and abandoning module AutomationWorker (225)
[2017.04.05-23.34.31:492][672]LogModuleManager: Shutting down and abandoning module MatineeToLevelSequence (224)
[2017.04.05-23.34.31:492][672]LogModuleManager: Shutting down and abandoning module PlacementMode (223)
[2017.04.05-23.34.31:492][672]LogModuleManager: Shutting down and abandoning module LevelSequenceEditor (222)
[2017.04.05-23.34.31:492][672]LogModuleManager: Shutting down and abandoning module WmfMediaFactory (221)
[2017.04.05-23.34.31:492][672]LogModuleManager: Shutting down and abandoning module WmfMediaEditor (220)
[2017.04.05-23.34.31:492][672]LogModuleManager: Shutting down and abandoning module AvfMediaFactory (219)
[2017.04.05-23.34.31:492][672]LogModuleManager: Shutting down and abandoning module AvfMediaEditor (218)
[2017.04.05-23.34.31:492][672]LogModuleManager: Shutting down and abandoning module Media (217)
[2017.04.05-23.34.31:492][672]LogModuleManager: Shutting down and abandoning module AndroidMediaFactory (216)
[2017.04.05-23.34.31:492][672]LogModuleManager: Shutting down and abandoning module AndroidMediaEditor (215)
[2017.04.05-23.34.31:492][672]LogModuleManager: Shutting down and abandoning module CharacterAI (214)
[2017.04.05-23.34.31:492][672]LogModuleManager: Shutting down and abandoning module SequenceRecorder (213)
[2017.04.05-23.34.31:492][672]LogModuleManager: Shutting down and abandoning module AudioCapture (212)
[2017.04.05-23.34.31:492][672]LogModuleManager: Shutting down and abandoning module SmartSnapping (211)
[2017.04.05-23.34.31:492][672]LogModuleManager: Shutting down and abandoning module SessionServices (210)
[2017.04.05-23.34.31:492][672]LogModuleManager: Shutting down and abandoning module ViewportSnapping (209)
[2017.04.05-23.34.31:492][672]LogModuleManager: Shutting down and abandoning module ViewportInteraction (208)
[2017.04.05-23.34.31:492][672]LogModuleManager: Shutting down and abandoning module LogVisualizer (207)
[2017.04.05-23.34.31:492][672]LogModuleManager: Shutting down and abandoning module GameProjectGeneration (206)
[2017.04.05-23.34.31:492][672]LogModuleManager: Shutting down and abandoning module IntroTutorials (205)
[2017.04.05-23.34.31:492][672]LogModuleManager: Shutting down and abandoning module EditorLiveStreaming (204)
[2017.04.05-23.34.31:492][672]LogModuleManager: Shutting down and abandoning module IOSPlatformEditor (203)
[2017.04.05-23.34.31:492][672]LogModuleManager: Shutting down and abandoning module HTML5PlatformEditor (202)
[2017.04.05-23.34.31:492][672]LogModuleManager: Shutting down and abandoning module AndroidDeviceDetection (201)
[2017.04.05-23.34.31:847][672]LogModuleManager: Shutting down and abandoning module AndroidPlatformEditor (200)
[2017.04.05-23.34.31:847][672]LogModuleManager: Shutting down and abandoning module IOSRuntimeSettings (199)
[2017.04.05-23.34.31:847][672]LogModuleManager: Shutting down and abandoning module AndroidRuntimeSettings (198)
[2017.04.05-23.34.31:847][672]LogModuleManager: Shutting down and abandoning module InputBindingEditor (197)
[2017.04.05-23.34.31:847][672]LogModuleManager: Shutting down and abandoning module NiagaraEditor (196)
[2017.04.05-23.34.31:847][672]LogModuleManager: Shutting down and abandoning module MergeActors (195)
[2017.04.05-23.34.31:847][672]LogModuleManager: Shutting down and abandoning module SizeMap (194)
[2017.04.05-23.34.31:847][672]LogModuleManager: Shutting down and abandoning module TreeMap (193)
[2017.04.05-23.34.31:847][672]LogModuleManager: Shutting down and abandoning module ReferenceViewer (192)
[2017.04.05-23.34.31:847][672]LogModuleManager: Shutting down and abandoning module LocalizationService (191)
[2017.04.05-23.34.31:847][672]LogModuleManager: Shutting down and abandoning module LocalizationDashboard (190)
[2017.04.05-23.34.31:847][672]LogModuleManager: Shutting down and abandoning module HardwareTargeting (189)
[2017.04.05-23.34.31:847][672]LogModuleManager: Shutting down and abandoning module DeviceProfileEditor (188)
[2017.04.05-23.34.31:847][672]LogModuleManager: Shutting down and abandoning module UndoHistory (187)
[2017.04.05-23.34.31:847][672]LogModuleManager: Shutting down and abandoning module UserFeedback (186)
[2017.04.05-23.34.31:847][672]LogModuleManager: Shutting down and abandoning module XmlParser (185)
[2017.04.05-23.34.31:847][672]LogModuleManager: Shutting down and abandoning module Blutility (184)
[2017.04.05-23.34.31:847][672]LogModuleManager: Shutting down and abandoning module ProjectTargetPlatformEditor (183)
[2017.04.05-23.34.31:848][672]LogModuleManager: Shutting down and abandoning module ProjectSettingsViewer (182)
[2017.04.05-23.34.31:848][672]LogModuleManager: Shutting down and abandoning module EditorSettingsViewer (181)
[2017.04.05-23.34.31:848][672]LogModuleManager: Shutting down and abandoning module SettingsEditor (180)
[2017.04.05-23.34.31:848][672]LogModuleManager: Shutting down and abandoning module ProjectLauncher (179)
[2017.04.05-23.34.31:848][672]LogModuleManager: Shutting down and abandoning module SessionFrontend (178)
[2017.04.05-23.34.31:848][672]LogModuleManager: Shutting down and abandoning module ProfilerClient (177)
[2017.04.05-23.34.31:848][672]LogModuleManager: Shutting down and abandoning module TargetDeviceServices (176)
[2017.04.05-23.34.31:848][672]LogModuleManager: Shutting down and abandoning module DeviceManager (175)
[2017.04.05-23.34.31:902][672]LogModuleManager: Shutting down and abandoning module AutomationController (174)
[2017.04.05-23.34.31:902][672]LogModuleManager: Shutting down and abandoning module AutomationWindow (173)
[2017.04.05-23.34.31:902][672]LogModuleManager: Shutting down and abandoning module Layers (172)
[2017.04.05-23.34.31:902][672]LogModuleManager: Shutting down and abandoning module ComponentVisualizers (171)
[2017.04.05-23.34.31:902][672]LogModuleManager: Shutting down and abandoning module DetailCustomizations (170)
[2017.04.05-23.34.31:902][672]LogModuleManager: Shutting down and abandoning module PackagesDialog (169)
[2017.04.05-23.34.31:902][672]LogModuleManager: Shutting down and abandoning module AnimGraph (168)
[2017.04.05-23.34.31:902][672]LogModuleManager: Shutting down and abandoning module Persona (167)
[2017.04.05-23.34.31:902][672]LogModuleManager: Shutting down and abandoning module Kismet (166)
[2017.04.05-23.34.31:907][672]LogModuleManager: Shutting down and abandoning module GraphEditor (165)
[2017.04.05-23.34.31:907][672]LogModuleManager: Shutting down and abandoning module ClassViewer (164)
[2017.04.05-23.34.31:907][672]LogModuleManager: Shutting down and abandoning module Toolbox (163)
[2017.04.05-23.34.31:907][672]LogModuleManager: Shutting down and abandoning module ModuleUI (162)
[2017.04.05-23.34.31:907][672]LogModuleManager: Shutting down and abandoning module MovieSceneTools (161)
[2017.04.05-23.34.31:907][672]LogModuleManager: Shutting down and abandoning module OutputLog (160)
[2017.04.05-23.34.31:907][672]LogModuleManager: Shutting down and abandoning module GammaUI (159)
[2017.04.05-23.34.31:907][672]LogModuleManager: Shutting down and abandoning module Documentation (158)
[2017.04.05-23.34.31:907][672]LogModuleManager: Shutting down and abandoning module Niagara (157)
[2017.04.05-23.34.31:907][672]LogModuleManager: Shutting down and abandoning module StreamingPauseRendering (156)
[2017.04.05-23.34.31:907][672]LogModuleManager: Shutting down and abandoning module AnalyticsET (155)
[2017.04.05-23.34.31:907][672]LogModuleManager: Shutting down and abandoning module PortalServices (154)
[2017.04.05-23.34.31:907][672]LogModuleManager: Shutting down and abandoning module PortalRpc (153)
[2017.04.05-23.34.31:907][672]LogModuleManager: Shutting down and abandoning module MessagingRpc (152)
[2017.04.05-23.34.31:907][672]LogModuleManager: Shutting down and abandoning module GameplayDebugger (151)
[2017.04.05-23.34.31:907][672]LogModuleManager: Shutting down and abandoning module AITestSuite (150)
[2017.04.05-23.34.31:907][672]LogModuleManager: Shutting down and abandoning module AIModule (149)
[2017.04.05-23.34.31:907][672]LogModuleManager: Shutting down and abandoning module ProfilerService (148)
[2017.04.05-23.34.32:055][672]LogModuleManager: Shutting down and abandoning module TaskGraph (147)
[2017.04.05-23.34.32:055][672]LogModuleManager: Shutting down and abandoning module SubstanceEditor (146)
[2017.04.05-23.34.32:055][672]LogModuleManager: Shutting down and abandoning module SlateRemote (145)
[2017.04.05-23.34.32:055][672]LogModuleManager: Shutting down and abandoning module SteamVRController (144)
[2017.04.05-23.34.32:055][672]LogModuleManager: Shutting down and abandoning module SteamVR (143)
[2017.04.05-23.34.32:055][672]LogModuleManager: Shutting down and abandoning module ProceduralMeshComponentEditor (142)
[2017.04.05-23.34.32:055][672]LogModuleManager: Shutting down and abandoning module ProceduralMeshComponent (141)
[2017.04.05-23.34.32:055][672]LogModuleManager: Shutting down and abandoning module OculusLibrary (140)
[2017.04.05-23.34.32:055][672]LogModuleManager: Shutting down and abandoning module OculusInput (139)
[2017.04.05-23.34.32:055][672]LogModuleManager: Shutting down and abandoning module MobilePatchingUtils (138)
[2017.04.05-23.34.32:055][672]LogModuleManager: Shutting down and abandoning module CustomMeshComponent (137)
[2017.04.05-23.34.32:055][672]LogModuleManager: Shutting down and abandoning module CableComponent (136)
[2017.04.05-23.34.32:055][672]LogModuleManager: Shutting down and abandoning module ArchVisCharacter (135)
[2017.04.05-23.34.32:055][672]LogModuleManager: Shutting down and abandoning module MediaPlayerEditor (133)
[2017.04.05-23.34.32:055][672]LogModuleManager: Shutting down and abandoning module HTML5Networking (132)
[2017.04.05-23.34.32:055][672]LogModuleManager: Shutting down and abandoning module GeometryCacheEd (131)
[2017.04.05-23.34.32:055][672]LogModuleManager: Shutting down and abandoning module GeometryCache (130)
[2017.04.05-23.34.32:055][672]LogModuleManager: Shutting down and abandoning module AlembicLibrary (129)
[2017.04.05-23.34.32:055][672]LogModuleManager: Shutting down and abandoning module AlembicImporter (128)
[2017.04.05-23.34.32:055][672]LogModuleManager: Shutting down and abandoning module SuperSearch (127)
[2017.04.05-23.34.32:056][672]LogModuleManager: Shutting down and abandoning module SuperSearchEditor (126)
[2017.04.05-23.34.32:056][672]LogModuleManager: Shutting down and abandoning module SpeedTreeImporter (125)
[2017.04.05-23.34.32:056][672]LogModuleManager: Shutting down and abandoning module PluginBrowser (124)
[2017.04.05-23.34.32:056][672]LogModuleManager: Shutting down and abandoning module MobileLauncherProfileWizard (123)
[2017.04.05-23.34.32:056][672]LogModuleManager: Shutting down and abandoning module EpicSurvey (122)
[2017.04.05-23.34.32:056][672]LogModuleManager: Shutting down and abandoning module DesktopPlatform (121)
[2017.04.05-23.34.32:056][672]LogModuleManager: Shutting down and abandoning module VisualStudioSourceCodeAccess (120)
[2017.04.05-23.34.32:056][672]LogModuleManager: Shutting down and abandoning module UObjectPlugin (119)
[2017.04.05-23.34.32:056][672]LogModuleManager: Shutting down and abandoning module SubversionSourceControl (118)
[2017.04.05-23.34.32:056][672]LogModuleManager: Shutting down and abandoning module PerforceSourceControl (117)
[2017.04.05-23.34.32:056][672]LogModuleManager: Shutting down and abandoning module SourceControl (116)
[2017.04.05-23.34.32:056][672]LogModuleManager: Shutting down and abandoning module GitSourceControl (115)
[2017.04.05-23.34.32:056][672]LogModuleManager: Shutting down and abandoning module LightPropagationVolumeEditor (114)
[2017.04.05-23.34.32:056][672]LogModuleManager: Shutting down and abandoning module PaperTiledImporter (113)
[2017.04.05-23.34.32:056][672]LogModuleManager: Shutting down and abandoning module PaperSpriteSheetImporter (112)
[2017.04.05-23.34.32:056][672]LogModuleManager: Shutting down and abandoning module MeshPaint (111)
[2017.04.05-23.34.32:056][672]LogModuleManager: Shutting down and abandoning module PixelInspectorModule (110)
[2017.04.05-23.34.32:056][672]LogModuleManager: Shutting down and abandoning module HotReload (109)
[2017.04.05-23.34.32:056][672]LogModuleManager: Shutting down and abandoning module MainFrame (108)
[2017.04.05-23.34.32:056][672]LogModuleManager: Shutting down and abandoning module LevelEditor (107)
[2017.04.05-23.34.32:057][672]LogModuleManager: Shutting down and abandoning module ContentBrowser (106)
[2017.04.05-23.34.32:058][672]LogModuleManager: Shutting down and abandoning module Paper2DEditor (105)
[2017.04.05-23.34.32:058][672]LogModuleManager: Shutting down and abandoning module UdpMessaging (104)
[2017.04.05-23.34.32:159][672]LogModuleManager: Shutting down and abandoning module TcpMessaging (103)
[2017.04.05-23.34.32:259][672]LogModuleManager: Shutting down and abandoning module SubstanceCore (102)
[2017.04.05-23.34.32:259][672]LogModuleManager: Shutting down and abandoning module LightPropagationVolumeRuntime (101)
[2017.04.05-23.34.32:259][672]LogModuleManager: Shutting down and abandoning module Paper2D (100)
[2017.04.05-23.34.32:259][672]LogModuleManager: Shutting down and abandoning module WindowsMoviePlayer (99)
[2017.04.05-23.34.32:259][672]LogModuleManager: Shutting down and abandoning module WmfMedia (98)
[2017.04.05-23.34.32:259][672]LogModuleManager: Shutting down and abandoning module MediaAssets (97)
[2017.04.05-23.34.32:259][672]LogModuleManager: Shutting down and abandoning module GameLiveStreaming (96)
[2017.04.05-23.34.32:259][672]LogModuleManager: Shutting down and abandoning module GameplayTagsEditor (95)
[2017.04.05-23.34.32:259][672]LogModuleManager: Shutting down and abandoning module VREditor (94)
[2017.04.05-23.34.32:259][672]LogModuleManager: Shutting down and abandoning module GameplayTasksEditor (93)
[2017.04.05-23.34.32:259][672]LogModuleManager: Shutting down and abandoning module BehaviorTreeEditor (92)
[2017.04.05-23.34.32:259][672]LogModuleManager: Shutting down and abandoning module FunctionalTesting (91)
[2017.04.05-23.34.32:259][672]LogModuleManager: Shutting down and abandoning module CollisionAnalyzer (90)
[2017.04.05-23.34.32:259][672]LogModuleManager: Shutting down and abandoning module Sequencer (89)
[2017.04.05-23.34.32:259][672]LogModuleManager: Shutting down and abandoning module WorkspaceMenuStructure (88)
[2017.04.05-23.34.32:259][672]LogModuleManager: Shutting down and abandoning module MessageLog (87)
[2017.04.05-23.34.32:259][672]LogModuleManager: Shutting down and abandoning module AssetTools (86)
[2017.04.05-23.34.32:260][672]LogModuleManager: Shutting down and abandoning module UMGEditor (85)
[2017.04.05-23.34.32:260][672]LogModuleManager: Shutting down and abandoning module UMG (84)
[2017.04.05-23.34.32:260][672]LogModuleManager: Shutting down and abandoning module SlateReflector (83)
[2017.04.05-23.34.32:260][672]LogModuleManager: Shutting down and abandoning module Slate (82)
[2017.04.05-23.34.32:260][672]LogModuleManager: Shutting down and abandoning module EditorStyle (81)
[2017.04.05-23.34.32:262][672]LogModuleManager: Shutting down and abandoning module SourceCodeAccess (80)
[2017.04.05-23.34.32:262][672]LogModuleManager: Shutting down and abandoning module HeadMountedDisplay (79)
[2017.04.05-23.34.32:262][672]LogModuleManager: Shutting down and abandoning module XAudio2 (78)
[2017.04.05-23.34.32:262][672]LogModuleManager: Shutting down and abandoning module Networking (76)
[2017.04.05-23.34.32:262][672]LogModuleManager: Shutting down and abandoning module Core (75)
[2017.04.05-23.34.32:262][672]LogModuleManager: Shutting down and abandoning module DirectoryWatcher (74)
[2017.04.05-23.34.32:262][672]LogDirectoryWatcher: A directory notification for '../../../Engine/Content/' was aborted.
[2017.04.05-23.34.32:262][672]LogDirectoryWatcher: A directory notification for '../../../../../../Users/SIG/Downloads/final-project-magic-muffin-master/final-project-magic-muffin-master/Content/' was aborted.
[2017.04.05-23.34.32:262][672]LogDirectoryWatcher: A directory notification for '../../../Engine/Plugins/2D/Paper2D/Content/' was aborted.
[2017.04.05-23.34.32:262][672]LogModuleManager: Shutting down and abandoning module AssetRegistry (73)
[2017.04.05-23.34.32:338][672]LogModuleManager: Shutting down and abandoning module KismetCompiler (72)
[2017.04.05-23.34.32:338][672]LogModuleManager: Shutting down and abandoning module PhysXFormats (71)
[2017.04.05-23.34.32:338][672]LogModuleManager: Shutting down and abandoning module SimplygonSwarm (70)
[2017.04.05-23.34.32:338][672]LogModuleManager: Shutting down and abandoning module SimplygonMeshReduction (69)
[2017.04.05-23.34.32:338][672]LogModuleManager: Shutting down and abandoning module QuadricMeshReduction (68)
[2017.04.05-23.34.32:338][672]LogModuleManager: Shutting down and abandoning module PropertyEditor (67)
[2017.04.05-23.34.32:338][672]LogModuleManager: Shutting down and abandoning module MeshUtilities (66)
[2017.04.05-23.34.32:338][672]LogModuleManager: Shutting down and abandoning module DerivedDataCache (65)
[2017.04.05-23.34.32:351][672]LogDerivedDataCache: Shutdown
[2017.04.05-23.34.32:351][672]LogModuleManager: Shutting down and abandoning module VulkanShaderFormat (64)
[2017.04.05-23.34.32:351][672]LogModuleManager: Shutting down and abandoning module ShaderFormatOpenGL (63)
[2017.04.05-23.34.32:351][672]LogModuleManager: Shutting down and abandoning module ShaderFormatD3D (62)
[2017.04.05-23.34.32:351][672]LogModuleManager: Shutting down and abandoning module MetalShaderFormat (61)
[2017.04.05-23.34.32:351][672]LogModuleManager: Shutting down and abandoning module TextureFormatUncompressed (60)
[2017.04.05-23.34.32:351][672]LogModuleManager: Shutting down and abandoning module TextureFormatPVR (59)
[2017.04.05-23.34.32:351][672]LogModuleManager: Shutting down and abandoning module TextureFormatDXT (58)
[2017.04.05-23.34.32:351][672]LogModuleManager: Shutting down and abandoning module TextureFormatIntelISPCTexComp (57)
[2017.04.05-23.34.32:351][672]LogModuleManager: Shutting down and abandoning module ImageWrapper (56)
[2017.04.05-23.34.32:351][672]LogModuleManager: Shutting down and abandoning module TextureFormatASTC (55)
[2017.04.05-23.34.32:351][672]LogModuleManager: Shutting down and abandoning module TextureFormatAndroid (54)
[2017.04.05-23.34.32:351][672]LogModuleManager: Shutting down and abandoning module AudioFormatOpus (53)
[2017.04.05-23.34.32:351][672]LogModuleManager: Shutting down and abandoning module AudioFormatOgg (52)
[2017.04.05-23.34.32:351][672]LogModuleManager: Shutting down and abandoning module AudioFormatADPCM (51)
[2017.04.05-23.34.32:351][672]LogModuleManager: Shutting down and abandoning module LinuxTargetPlatform (50)
[2017.04.05-23.34.32:351][672]LogModuleManager: Shutting down and abandoning module LinuxServerTargetPlatform (49)
[2017.04.05-23.34.32:351][672]LogModuleManager: Shutting down and abandoning module LinuxNoEditorTargetPlatform (48)
[2017.04.05-23.34.32:351][672]LogModuleManager: Shutting down and abandoning module LinuxClientTargetPlatform (47)
[2017.04.05-23.34.32:351][672]LogModuleManager: Shutting down and abandoning module TVOSTargetPlatform (46)
[2017.04.05-23.34.32:351][672]LogModuleManager: Shutting down and abandoning module Messaging (45)
[2017.04.05-23.34.32:351][672]LogModuleManager: Shutting down and abandoning module IOSTargetPlatform (44)
[2017.04.05-23.34.32:351][672]LogModuleManager: Shutting down and abandoning module HTML5TargetPlatform (43)
[2017.04.05-23.34.32:351][672]LogModuleManager: Shutting down and abandoning module Android_PVRTCTargetPlatform (42)
[2017.04.05-23.34.32:351][672]LogModuleManager: Shutting down and abandoning module Android_MultiTargetPlatform (41)
[2017.04.05-23.34.32:351][672]LogModuleManager: Shutting down and abandoning module Android_ETC2TargetPlatform (40)
[2017.04.05-23.34.32:351][672]LogModuleManager: Shutting down and abandoning module Android_ETC1TargetPlatform (39)
[2017.04.05-23.34.32:351][672]LogModuleManager: Shutting down and abandoning module Android_DXTTargetPlatform (38)
[2017.04.05-23.34.32:351][672]LogModuleManager: Shutting down and abandoning module Android_ATCTargetPlatform (37)
[2017.04.05-23.34.32:351][672]LogModuleManager: Shutting down and abandoning module Android_ASTCTargetPlatform (36)
[2017.04.05-23.34.32:351][672]LogModuleManager: Shutting down and abandoning module AndroidTargetPlatform (35)
[2017.04.05-23.34.32:351][672]LogModuleManager: Shutting down and abandoning module WindowsTargetPlatform (34)
[2017.04.05-23.34.32:351][672]LogModuleManager: Shutting down and abandoning module WindowsServerTargetPlatform (33)
[2017.04.05-23.34.32:351][672]LogModuleManager: Shutting down and abandoning module WindowsNoEditorTargetPlatform (32)
[2017.04.05-23.34.32:351][672]LogModuleManager: Shutting down and abandoning module WindowsClientTargetPlatform (31)
[2017.04.05-23.34.32:351][672]LogModuleManager: Shutting down and abandoning module MacTargetPlatform (30)
[2017.04.05-23.34.32:351][672]LogModuleManager: Shutting down and abandoning module MacServerTargetPlatform (29)
[2017.04.05-23.34.32:351][672]LogModuleManager: Shutting down and abandoning module MacNoEditorTargetPlatform (28)
[2017.04.05-23.34.32:351][672]LogModuleManager: Shutting down and abandoning module MacClientTargetPlatform (27)
[2017.04.05-23.34.32:351][672]LogModuleManager: Shutting down and abandoning module AllDesktopTargetPlatform (26)
[2017.04.05-23.34.32:351][672]LogModuleManager: Shutting down and abandoning module TargetPlatform (25)
[2017.04.05-23.34.32:351][672]LogModuleManager: Shutting down and abandoning module InputCore (24)
[2017.04.05-23.34.32:351][672]LogModuleManager: Shutting down and abandoning module Settings (23)
[2017.04.05-23.34.32:351][672]LogModuleManager: Shutting down and abandoning module OculusRift (22)
[2017.04.05-23.34.32:351][672]LogHMD: Oculus shutdown.
[2017.04.05-23.34.32:352][672]LogModuleManager: Shutting down and abandoning module ExampleDeviceProfileSelector (21)
[2017.04.05-23.34.32:352][672]LogModuleManager: Shutting down and abandoning module OnlineBlueprintSupport (20)
[2017.04.05-23.34.32:352][672]LogModuleManager: Shutting down and abandoning module OnlineSubsystem (18)
[2017.04.05-23.34.32:352][672]LogOnline:Display: Unloading online subsystem: NULL
[2017.04.05-23.34.32:352][672]LogModuleManager: Shutting down and abandoning module SSL (17)
[2017.04.05-23.34.32:353][672]LogModuleManager: Shutting down and abandoning module HTTP (16)
[2017.04.05-23.34.32:353][672]LogModuleManager: Shutting down and abandoning module XMPP (15)
[2017.04.05-23.34.32:353][672]LogModuleManager: Shutting down and abandoning module TextureCompressor (14)
[2017.04.05-23.34.32:353][672]LogModuleManager: Shutting down and abandoning module ShaderCore (13)
[2017.04.05-23.34.32:353][672]LogModuleManager: Shutting down and abandoning module Landscape (12)
[2017.04.05-23.34.32:353][672]LogModuleManager: Shutting down and abandoning module SlateRHIRenderer (11)
[2017.04.05-23.34.32:354][672]LogModuleManager: Shutting down and abandoning module OpenGLDrv (10)
[2017.04.05-23.34.32:354][672]LogModuleManager: Shutting down and abandoning module D3D11RHI (9)
[2017.04.05-23.34.32:354][672]LogModuleManager: Shutting down and abandoning module AnimGraphRuntime (8)
[2017.04.05-23.34.32:354][672]LogModuleManager: Shutting down and abandoning module Renderer (7)
[2017.04.05-23.34.32:354][672]LogModuleManager: Shutting down and abandoning module Engine (6)
[2017.04.05-23.34.32:354][672]LogModuleManager: Shutting down and abandoning module CoreUObject (5)
[2017.04.05-23.34.32:354][672]LogModuleManager: Shutting down and abandoning module NetworkFile (4)
[2017.04.05-23.34.32:354][672]LogModuleManager: Shutting down and abandoning module StreamingFile (3)
[2017.04.05-23.34.32:354][672]LogModuleManager: Shutting down and abandoning module SandboxFile (2)
[2017.04.05-23.34.32:354][672]LogModuleManager: Shutting down and abandoning module PakFile (1)
[2017.04.05-23.34.32:355][672]LogExit: Exiting.
[2017.04.05-23.34.32:357][672]Log file closed, 04/05/17 19:34:32
