Log file open, 04/19/17 13:56:28
LogInit:Display: Running engine for game: magic_muffin
LogPlatformFile: Not using cached read wrapper
LogInit:Display: RandInit(1697558147) SRandInit(1697558148).
LogTaskGraph: Started task graph with 5 named threads and 8 total threads with 1 sets of task threads.
LogStats: Stats thread started at 0.080931
LogPluginManager: Loaded Plugin Paper2D, From C:/Program Files (x86)/Epic Games/4.14/Engine/Plugins/2D/Paper2D/Paper2D.uplugin
LogPluginManager: Loaded Plugin LightPropagationVolume, From C:/Program Files (x86)/Epic Games/4.14/Engine/Plugins/Blendables/LightPropagationVolume/LightPropagationVolume.uplugin
LogPluginManager: Loaded Plugin BlankPlugin, From C:/Program Files (x86)/Epic Games/4.14/Engine/Plugins/Developer/BlankPlugin/BlankPlugin.uplugin
LogPluginManager: Loaded Plugin CodeLiteSourceCodeAccess, From C:/Program Files (x86)/Epic Games/4.14/Engine/Plugins/Developer/CodeLiteSourceCodeAccess/CodeLiteSourceCodeAccess.uplugin
LogPluginManager: Loaded Plugin GitSourceControl, From C:/Program Files (x86)/Epic Games/4.14/Engine/Plugins/Developer/GitSourceControl/GitSourceControl.uplugin
LogPluginManager: Loaded Plugin KDevelopSourceCodeAccess, From C:/Program Files (x86)/Epic Games/4.14/Engine/Plugins/Developer/KDevelopSourceCodeAccess/KDevelopSourceCodeAccess.uplugin
LogPluginManager: Loaded Plugin NullSourceCodeAccess, From C:/Program Files (x86)/Epic Games/4.14/Engine/Plugins/Developer/NullSourceCodeAccess/NullSourceCodeAccess.uplugin
LogPluginManager: Loaded Plugin OneSkyLocalizationService, From C:/Program Files (x86)/Epic Games/4.14/Engine/Plugins/Developer/OneSkyLocalizationService/OneSkyLocalizationService.uplugin
LogPluginManager: Loaded Plugin PerforceSourceControl, From C:/Program Files (x86)/Epic Games/4.14/Engine/Plugins/Developer/PerforceSourceControl/PerforceSourceControl.uplugin
LogPluginManager: Loaded Plugin SubversionSourceControl, From C:/Program Files (x86)/Epic Games/4.14/Engine/Plugins/Developer/SubversionSourceControl/SubversionSourceControl.uplugin
LogPluginManager: Loaded Plugin UObjectPlugin, From C:/Program Files (x86)/Epic Games/4.14/Engine/Plugins/Developer/UObjectPlugin/UObjectPlugin.uplugin
LogPluginManager: Loaded Plugin VisualStudioSourceCodeAccess, From C:/Program Files (x86)/Epic Games/4.14/Engine/Plugins/Developer/VisualStudioSourceCodeAccess/VisualStudioSourceCodeAccess.uplugin
LogPluginManager: Loaded Plugin XCodeSourceCodeAccess, From C:/Program Files (x86)/Epic Games/4.14/Engine/Plugins/Developer/XCodeSourceCodeAccess/XCodeSourceCodeAccess.uplugin
LogPluginManager: Loaded Plugin AudioCapture, From C:/Program Files (x86)/Epic Games/4.14/Engine/Plugins/Editor/AudioCapture/AudioCapture.uplugin
LogPluginManager: Loaded Plugin EpicSurvey, From C:/Program Files (x86)/Epic Games/4.14/Engine/Plugins/Editor/EpicSurvey/EpicSurvey.uplugin
LogPluginManager: Loaded Plugin MacGraphicsSwitching, From C:/Program Files (x86)/Epic Games/4.14/Engine/Plugins/Editor/MacGraphicsSwitching/MacGraphicsSwitching.uplugin
LogPluginManager: Loaded Plugin MobileLauncherProfileWizard, From C:/Program Files (x86)/Epic Games/4.14/Engine/Plugins/Editor/MobileLauncherProfileWizard/MobileLauncherProfileWizard.uplugin
LogPluginManager: Loaded Plugin PluginBrowser, From C:/Program Files (x86)/Epic Games/4.14/Engine/Plugins/Editor/PluginBrowser/PluginBrowser.uplugin
LogPluginManager: Loaded Plugin SpeedTreeImporter, From C:/Program Files (x86)/Epic Games/4.14/Engine/Plugins/Editor/SpeedTreeImporter/SpeedTreeImporter.uplugin
LogPluginManager: Loaded Plugin SuperSearchEditor, From C:/Program Files (x86)/Epic Games/4.14/Engine/Plugins/Editor/SuperSearchEditor/SuperSearchEditor.uplugin
LogPluginManager: Loaded Plugin AlembicImporter, From C:/Program Files (x86)/Epic Games/4.14/Engine/Plugins/Experimental/AlembicImporter/AlembicImporter.uplugin
LogPluginManager: Loaded Plugin BlueprintStats, From C:/Program Files (x86)/Epic Games/4.14/Engine/Plugins/Experimental/BlueprintStats/BlueprintStats.uplugin
LogPluginManager: Loaded Plugin CharacterAI, From C:/Program Files (x86)/Epic Games/4.14/Engine/Plugins/Experimental/CharacterAI/CharacterAI.uplugin
LogPluginManager: Loaded Plugin CodeEditor, From C:/Program Files (x86)/Epic Games/4.14/Engine/Plugins/Experimental/CodeEditor/CodeEditor.uplugin
LogPluginManager: Loaded Plugin CodeView, From C:/Program Files (x86)/Epic Games/4.14/Engine/Plugins/Experimental/CodeView/CodeView.uplugin
LogPluginManager: Loaded Plugin HTML5Networking, From C:/Program Files (x86)/Epic Games/4.14/Engine/Plugins/Experimental/HTML5Networking/HTML5Networking.uplugin
LogPluginManager: Loaded Plugin OSVR, From C:/Program Files (x86)/Epic Games/4.14/Engine/Plugins/Experimental/OSVR/OSVR.uplugin
LogPluginManager: Loaded Plugin Phya, From C:/Program Files (x86)/Epic Games/4.14/Engine/Plugins/Experimental/Phya/Phya.uplugin
LogPluginManager: Loaded Plugin SignificanceManager, From C:/Program Files (x86)/Epic Games/4.14/Engine/Plugins/Experimental/SignificanceManager/SignificanceManager.uplugin
LogPluginManager: Loaded Plugin SimpleHMD, From C:/Program Files (x86)/Epic Games/4.14/Engine/Plugins/Experimental/SimpleHMD/SimpleHMD.uplugin
LogPluginManager: Loaded Plugin StereoPanorama, From C:/Program Files (x86)/Epic Games/4.14/Engine/Plugins/Experimental/StereoPanorama/StereoPanorama.uplugin
LogPluginManager: Loaded Plugin StructBox, From C:/Program Files (x86)/Epic Games/4.14/Engine/Plugins/Experimental/StructBox/StructBox.uplugin
LogPluginManager: Loaded Plugin Substance, From C:/Program Files (x86)/Epic Games/4.14/Engine/Plugins/Marketplace/Substance/Substance.uplugin
LogPluginManager: Loaded Plugin AndroidMedia, From C:/Program Files (x86)/Epic Games/4.14/Engine/Plugins/Media/AndroidMedia/AndroidMedia.uplugin
LogPluginManager: Loaded Plugin AvfMedia, From C:/Program Files (x86)/Epic Games/4.14/Engine/Plugins/Media/AvfMedia/AvfMedia.uplugin
LogPluginManager: Loaded Plugin MediaPlayerEditor, From C:/Program Files (x86)/Epic Games/4.14/Engine/Plugins/Media/MediaPlayerEditor/MediaPlayerEditor.uplugin
LogPluginManager: Loaded Plugin WmfMedia, From C:/Program Files (x86)/Epic Games/4.14/Engine/Plugins/Media/WmfMedia/WmfMedia.uplugin
LogPluginManager: Loaded Plugin MessagingDebugger, From C:/Program Files (x86)/Epic Games/4.14/Engine/Plugins/Messaging/MessagingDebugger/MessagingDebugger.uplugin
LogPluginManager: Loaded Plugin TcpMessaging, From C:/Program Files (x86)/Epic Games/4.14/Engine/Plugins/Messaging/TcpMessaging/TcpMessaging.uplugin
LogPluginManager: Loaded Plugin UdpMessaging, From C:/Program Files (x86)/Epic Games/4.14/Engine/Plugins/Messaging/UdpMessaging/UdpMessaging.uplugin
LogPluginManager: Loaded Plugin LevelSequenceEditor, From C:/Program Files (x86)/Epic Games/4.14/Engine/Plugins/MovieScene/LevelSequenceEditor/LevelSequenceEditor.uplugin
LogPluginManager: Loaded Plugin MatineeToLevelSequence, From C:/Program Files (x86)/Epic Games/4.14/Engine/Plugins/MovieScene/MatineeToLevelSequence/MatineeToLevelSequence.uplugin
LogPluginManager: Loaded Plugin NetcodeUnitTest, From C:/Program Files (x86)/Epic Games/4.14/Engine/Plugins/NetcodeUnitTest/NetcodeUnitTest/NetcodeUnitTest.uplugin
LogPluginManager: Loaded Plugin NUTUnrealEngine4, From C:/Program Files (x86)/Epic Games/4.14/Engine/Plugins/NetcodeUnitTest/NUTUnrealEngine4/NUTUnrealEngine4.uplugin
LogPluginManager: Loaded Plugin OnlineSubsystemGameCircle, From C:/Program Files (x86)/Epic Games/4.14/Engine/Plugins/Online/Android/OnlineSubsystemGameCircle/OnlineSubsystemGameCircle.uplugin
LogPluginManager: Loaded Plugin OnlineSubsystemGooglePlay, From C:/Program Files (x86)/Epic Games/4.14/Engine/Plugins/Online/Android/OnlineSubsystemGooglePlay/OnlineSubsystemGooglePlay.uplugin
LogPluginManager: Loaded Plugin OnlineSubsystemIOS, From C:/Program Files (x86)/Epic Games/4.14/Engine/Plugins/Online/IOS/OnlineSubsystemIOS/OnlineSubsystemIOS.uplugin
LogPluginManager: Loaded Plugin OnlineFramework, From C:/Program Files (x86)/Epic Games/4.14/Engine/Plugins/Online/OnlineFramework/OnlineFramework.uplugin
LogPluginManager: Loaded Plugin OnlineSubsystem, From C:/Program Files (x86)/Epic Games/4.14/Engine/Plugins/Online/OnlineSubsystem/OnlineSubsystem.uplugin
LogPluginManager: Loaded Plugin OnlineSubsystemAmazon, From C:/Program Files (x86)/Epic Games/4.14/Engine/Plugins/Online/OnlineSubsystemAmazon/OnlineSubsystemAmazon.uplugin
LogPluginManager: Loaded Plugin OnlineSubsystemFacebook, From C:/Program Files (x86)/Epic Games/4.14/Engine/Plugins/Online/OnlineSubsystemFacebook/OnlineSubsystemFacebook.uplugin
LogPluginManager: Loaded Plugin OnlineSubsystemNull, From C:/Program Files (x86)/Epic Games/4.14/Engine/Plugins/Online/OnlineSubsystemNull/OnlineSubsystemNull.uplugin
LogPluginManager: Loaded Plugin OnlineSubsystemOculus, From C:/Program Files (x86)/Epic Games/4.14/Engine/Plugins/Online/OnlineSubsystemOculus/OnlineSubsystemOculus.uplugin
LogPluginManager: Loaded Plugin OnlineSubsystemSteam, From C:/Program Files (x86)/Epic Games/4.14/Engine/Plugins/Online/OnlineSubsystemSteam/OnlineSubsystemSteam.uplugin
LogPluginManager: Loaded Plugin OnlineSubsystemUtils, From C:/Program Files (x86)/Epic Games/4.14/Engine/Plugins/Online/OnlineSubsystemUtils/OnlineSubsystemUtils.uplugin
LogPluginManager: Loaded Plugin IOSTapJoy, From C:/Program Files (x86)/Epic Games/4.14/Engine/Plugins/Runtime/Advertising/IOSTapJoy/IOSTapJoy.uplugin
LogPluginManager: Loaded Plugin AnalyticsBlueprintLibrary, From C:/Program Files (x86)/Epic Games/4.14/Engine/Plugins/Runtime/Analytics/AnalyticsBlueprintLibrary/AnalyticsBlueprintLibrary.uplugin
LogPluginManager: Loaded Plugin AnalyticsMulticast, From C:/Program Files (x86)/Epic Games/4.14/Engine/Plugins/Runtime/Analytics/AnalyticsMulticast/AnalyticsMulticast.uplugin
LogPluginManager: Loaded Plugin Apsalar, From C:/Program Files (x86)/Epic Games/4.14/Engine/Plugins/Runtime/Analytics/Apsalar/Apsalar.uplugin
LogPluginManager: Loaded Plugin FileLogging, From C:/Program Files (x86)/Epic Games/4.14/Engine/Plugins/Runtime/Analytics/FileLogging/FileLogging.uplugin
LogPluginManager: Loaded Plugin Flurry, From C:/Program Files (x86)/Epic Games/4.14/Engine/Plugins/Runtime/Analytics/Flurry/Flurry.uplugin
LogPluginManager: Loaded Plugin AndroidDeviceProfileSelector, From C:/Program Files (x86)/Epic Games/4.14/Engine/Plugins/Runtime/AndroidDeviceProfileSelector/AndroidDeviceProfileSelector.uplugin
LogPluginManager: Loaded Plugin AndroidMoviePlayer, From C:/Program Files (x86)/Epic Games/4.14/Engine/Plugins/Runtime/AndroidMoviePlayer/AndroidMoviePlayer.uplugin
LogPluginManager: Loaded Plugin AppleMoviePlayer, From C:/Program Files (x86)/Epic Games/4.14/Engine/Plugins/Runtime/AppleMoviePlayer/AppleMoviePlayer.uplugin
LogPluginManager: Loaded Plugin ArchVisCharacter, From C:/Program Files (x86)/Epic Games/4.14/Engine/Plugins/Runtime/ArchVisCharacter/ArchVisCharacter.uplugin
LogPluginManager: Loaded Plugin CableComponent, From C:/Program Files (x86)/Epic Games/4.14/Engine/Plugins/Runtime/CableComponent/CableComponent.uplugin
LogPluginManager: Loaded Plugin CustomMeshComponent, From C:/Program Files (x86)/Epic Games/4.14/Engine/Plugins/Runtime/CustomMeshComponent/CustomMeshComponent.uplugin
LogPluginManager: Loaded Plugin ExampleDeviceProfileSelector, From C:/Program Files (x86)/Epic Games/4.14/Engine/Plugins/Runtime/ExampleDeviceProfileSelector/ExampleDeviceProfileSelector.uplugin
LogPluginManager: Loaded Plugin GearVR, From C:/Program Files (x86)/Epic Games/4.14/Engine/Plugins/Runtime/GearVR/GearVR.uplugin
LogPluginManager: Loaded Plugin GoogleVRController, From C:/Program Files (x86)/Epic Games/4.14/Engine/Plugins/Runtime/GoogleVR/GoogleVRController/GoogleVRController.uplugin
LogPluginManager: Loaded Plugin GoogleVRHMD, From C:/Program Files (x86)/Epic Games/4.14/Engine/Plugins/Runtime/GoogleVR/GoogleVRHMD/GoogleVRHMD.uplugin
LogPluginManager: Loaded Plugin IOSDeviceProfileSelector, From C:/Program Files (x86)/Epic Games/4.14/Engine/Plugins/Runtime/IOSDeviceProfileSelector/IOSDeviceProfileSelector.uplugin
LogPluginManager: Loaded Plugin LeapMotion, From C:/Program Files (x86)/Epic Games/4.14/Engine/Plugins/Runtime/LeapMotion/LeapMotion.uplugin
LogPluginManager: Loaded Plugin LinuxDeviceProfileSelector, From C:/Program Files (x86)/Epic Games/4.14/Engine/Plugins/Runtime/LinuxDeviceProfileSelector/LinuxDeviceProfileSelector.uplugin
LogPluginManager: Loaded Plugin MIDIDevice, From C:/Program Files (x86)/Epic Games/4.14/Engine/Plugins/Runtime/MIDIDevice/MIDIDevice.uplugin
LogPluginManager: Loaded Plugin MobilePatchingUtils, From C:/Program Files (x86)/Epic Games/4.14/Engine/Plugins/Runtime/MobilePatchingUtils/MobilePatchingUtils.uplugin
LogPluginManager: Loaded Plugin Ansel, From C:/Program Files (x86)/Epic Games/4.14/Engine/Plugins/Runtime/Nvidia/Ansel/Ansel.uplugin
LogPluginManager: Loaded Plugin OculusAudio, From C:/Program Files (x86)/Epic Games/4.14/Engine/Plugins/Runtime/OculusAudio/OculusAudio.uplugin
LogPluginManager: Loaded Plugin OculusInput, From C:/Program Files (x86)/Epic Games/4.14/Engine/Plugins/Runtime/OculusInput/OculusInput.uplugin
LogPluginManager: Loaded Plugin OculusLibrary, From C:/Program Files (x86)/Epic Games/4.14/Engine/Plugins/Runtime/OculusLibrary/OculusLibrary.uplugin
LogPluginManager: Loaded Plugin OculusRift, From C:/Program Files (x86)/Epic Games/4.14/Engine/Plugins/Runtime/OculusRift/OculusRift.uplugin
LogPluginManager: Loaded Plugin Oodle, From C:/Program Files (x86)/Epic Games/4.14/Engine/Plugins/Runtime/PacketHandlers/CompressionComponents/Oodle/Oodle.uplugin
LogPluginManager: Loaded Plugin ProceduralMeshComponent, From C:/Program Files (x86)/Epic Games/4.14/Engine/Plugins/Runtime/ProceduralMeshComponent/ProceduralMeshComponent.uplugin
LogPluginManager: Loaded Plugin SoundMod, From C:/Program Files (x86)/Epic Games/4.14/Engine/Plugins/Runtime/SoundMod/SoundMod.uplugin
LogPluginManager: Loaded Plugin SoundVisualizations, From C:/Program Files (x86)/Epic Games/4.14/Engine/Plugins/Runtime/SoundVisualizations/SoundVisualizations.uplugin
LogPluginManager: Loaded Plugin SteamController, From C:/Program Files (x86)/Epic Games/4.14/Engine/Plugins/Runtime/Steam/SteamController/SteamController.uplugin
LogPluginManager: Loaded Plugin SteamVR, From C:/Program Files (x86)/Epic Games/4.14/Engine/Plugins/Runtime/Steam/SteamVR/SteamVR.uplugin
LogPluginManager: Loaded Plugin WebBrowserWidget, From C:/Program Files (x86)/Epic Games/4.14/Engine/Plugins/Runtime/WebBrowserWidget/WebBrowserWidget.uplugin
LogPluginManager: Loaded Plugin WindowsDeviceProfileSelector, From C:/Program Files (x86)/Epic Games/4.14/Engine/Plugins/Runtime/WindowsDeviceProfileSelector/WindowsDeviceProfileSelector.uplugin
LogPluginManager: Loaded Plugin WindowsMoviePlayer, From C:/Program Files (x86)/Epic Games/4.14/Engine/Plugins/Runtime/WindowsMoviePlayer/WindowsMoviePlayer.uplugin
LogPluginManager: Loaded Plugin ScriptPlugin, From C:/Program Files (x86)/Epic Games/4.14/Engine/Plugins/ScriptPlugin/ScriptPlugin.uplugin
LogPluginManager: Loaded Plugin SlateRemote, From C:/Program Files (x86)/Epic Games/4.14/Engine/Plugins/Slate/SlateRemote/SlateRemote.uplugin
LogPluginManager: Loaded Plugin EditorTests, From C:/Program Files (x86)/Epic Games/4.14/Engine/Plugins/Tests/EditorTests/EditorTests.uplugin
LogPluginManager: Loaded Plugin FbxAutomationTestBuilder, From C:/Program Files (x86)/Epic Games/4.14/Engine/Plugins/Tests/FbxAutomationTestBuilder/FbxAutomationTestBuilder.uplugin
LogPluginManager: Loaded Plugin FunctionalTestingEditor, From C:/Program Files (x86)/Epic Games/4.14/Engine/Plugins/Tests/FunctionalTestingEditor/FunctionalTestingEditor.uplugin
LogPluginManager: Loaded Plugin RuntimeTests, From C:/Program Files (x86)/Epic Games/4.14/Engine/Plugins/Tests/RuntimeTests/RuntimeTests.uplugin
LogPluginManager: Loaded Plugin ScreenshotTools, From C:/Program Files (x86)/Epic Games/4.14/Engine/Plugins/Tests/ScreenshotTools/ScreenshotTools.uplugin
LogInit: Using libcurl 7.47.1
LogInit:  - built for x86_64-pc-win32
LogInit:  - supports SSL with OpenSSL/1.0.2g
LogInit:  - supports HTTP deflate (compression) using libz 1.2.8
LogInit:  - other features:
LogInit:      CURL_VERSION_SSL
LogInit:      CURL_VERSION_LIBZ
LogInit:      CURL_VERSION_IPV6
LogInit:      CURL_VERSION_ASYNCHDNS
LogInit:      CURL_VERSION_LARGEFILE
LogInit:      CURL_VERSION_IDN
LogInit:  CurlRequestOptions (configurable via config and command line):
LogInit:  - bVerifyPeer = false  - Libcurl will NOT verify peer certificate
LogInit:  - bUseHttpProxy = false  - Libcurl will NOT use HTTP proxy
LogInit:  - bDontReuseConnections = false  - Libcurl will reuse connections
LogInit:  - CertBundlePath = nullptr  - Libcurl will use whatever was configured at build time.
OCULUS: Info: [CAPI] LibOVR module is located at C:\Program Files\Oculus\Support\oculus-runtime\LibOVRRT64_1.dll
OCULUS: Info: [HMDState] Requested to SetForegroundWindow(407b4ll)
OCULUS: Debug: Connected to the server running version (prod = 1).1.13.0(build = 361842) feature version = 0. Client runs version (prod = 1).1.13.0(build = 361842) feature version = 0
LogInit: Build: ++UE4+Release-4.14-CL-3249277
LogInit: Engine Version: 4.14.3-3249277+++UE4+Release-4.14
LogInit: Compatible Engine Version: 4.14.0-3195953+++UE4+Release-4.14
LogInit: Net CL: 3195953
LogDevObjectVersion: Number of dev versions registered: 13
LogDevObjectVersion:   Dev-Blueprints (B0D832E4-1F89-4F0D-ACCF-7EB736FD4AA2): 7
LogDevObjectVersion:   Dev-Build (E1C64328-A22C-4D53-A36C-8E866417BD8C): 0
LogDevObjectVersion:   Dev-Core (375EC13C-06E4-48FB-B500-84F0262A717E): 1
LogDevObjectVersion:   Dev-Editor (E4B068ED-F494-42E9-A231-DA0B2E46BB41): 8
LogDevObjectVersion:   Dev-Framework (CFFC743F-43B0-4480-9391-14DF171D2073): 17
LogDevObjectVersion:   Dev-Mobile (B02B49B5-BB20-44E9-A304-32B752E40360): 0
LogDevObjectVersion:   Dev-Networking (A4E4105C-59A1-49B5-A7C5-40C4547EDFEE): 0
LogDevObjectVersion:   Dev-Online (39C831C9-5AE6-47DC-9A44-9C173E1C8E7C): 0
LogDevObjectVersion:   Dev-Physics (78F01B33-EBEA-4F98-B9B4-84EACCB95AA2): 0
LogDevObjectVersion:   Dev-Platform (6631380F-2D4D-43E0-8009-CF276956A95A): 0
LogDevObjectVersion:   Dev-Rendering (12F88B9F-8875-4AFC-A67C-D90C383ABD29): 12
LogDevObjectVersion:   Dev-Sequencer (7B5AE74C-D270-4C10-A958-57980B212A5A): 1
LogDevObjectVersion:   Dev-VR (D7296918-1DD6-4BDD-9DE2-64A83CC13884): 0
LogInit: Compiled (64-bit): Jan  6 2017 10:49:43
LogInit: Compiled with Visual C++: 19.00.23026.00
LogInit: Build Configuration: Development
LogInit: Branch Name: ++UE4+Release-4.14
LogInit: Command line:  
LogInit: Base directory: C:/Program Files (x86)/Epic Games/4.14/Engine/Binaries/Win64/
LogInit: Installed Engine Build: 1
LogInit: Presizing for max 8388607 objects, including 0 objects not considered by GC, pre-allocating 0 bytes for permanent pool.
LogInit: Object subsystem initialized
[2017.04.19-17.56.29:663][  0]LogInit: Selected Device Profile: [Windows]
[2017.04.19-17.56.29:663][  0]LogInit: Applying CVar settings loaded from the selected device profile: [Windows]
[2017.04.19-17.56.29:674][  0]LogInit: Computer: SIGLAB-VR5
[2017.04.19-17.56.29:674][  0]LogInit: User: SIGStudent
[2017.04.19-17.56.29:674][  0]LogInit: CPU Page size=65536, Cores=4
[2017.04.19-17.56.29:674][  0]LogInit: High frequency timer resolution =3.604927 MHz
[2017.04.19-17.56.29:674][  0]LogMemory: Memory total: Physical=31.9GB (32GB approx)
[2017.04.19-17.56.29:674][  0]LogMemory: Platform Memory Stats for Windows
[2017.04.19-17.56.29:674][  0]LogMemory: Process Physical Memory: 269.29 MB used, 269.29 MB peak
[2017.04.19-17.56.29:674][  0]LogMemory: Process Virtual Memory: 265.80 MB used, 265.80 MB peak
[2017.04.19-17.56.29:674][  0]LogMemory: Physical Memory: 5193.97 MB used,  27496.33 MB free, 32690.30 MB total
[2017.04.19-17.56.29:674][  0]LogMemory: Virtual Memory: 717.85 MB used,  27496.33 MB free, 134217728.00 MB total
[2017.04.19-17.56.29:697][  0]LogTextLocalizationManager: No specific translations for ('en-US') exist, so ('en') translations will be used.
[2017.04.19-17.56.30:265][  0]LogD3D11RHI: D3D11 adapters:
[2017.04.19-17.56.30:296][  0]LogD3D11RHI:    0. 'NVIDIA GeForce GTX 1070' (Feature Level 11_0)
[2017.04.19-17.56.30:296][  0]LogD3D11RHI:       8120/0/16345 MB DedicatedVideo/DedicatedSystem/SharedSystem, Outputs:2, VendorId:0x10de
[2017.04.19-17.56.30:297][  0]LogD3D11RHI:    1. 'Microsoft Basic Render Driver' (Feature Level 11_0)
[2017.04.19-17.56.30:297][  0]LogD3D11RHI:       0/0/16345 MB DedicatedVideo/DedicatedSystem/SharedSystem, Outputs:0, VendorId:0x1414
[2017.04.19-17.56.30:297][  0]LogD3D11RHI: Chosen D3D11 Adapter: 0
[2017.04.19-17.56.30:301][  0]LogD3D11RHI: Creating new Direct3DDevice
[2017.04.19-17.56.30:301][  0]LogD3D11RHI:     GPU DeviceId: 0x1b81 (for the marketing name, search the web for "GPU Device Id")
[2017.04.19-17.56.30:301][  0]LogWindows: EnumDisplayDevices:
[2017.04.19-17.56.30:301][  0]LogWindows:    0. 'NVIDIA GeForce GTX 1070' (P:0 D:1)
[2017.04.19-17.56.30:302][  0]LogWindows:    1. 'NVIDIA GeForce GTX 1070' (P:1 D:1)
[2017.04.19-17.56.30:302][  0]LogWindows:    2. 'NVIDIA GeForce GTX 1070' (P:0 D:0)
[2017.04.19-17.56.30:302][  0]LogWindows:    3. 'NVIDIA GeForce GTX 1070' (P:0 D:0)
[2017.04.19-17.56.30:302][  0]LogWindows: DebugString: FoundDriverCount:4 
[2017.04.19-17.56.30:302][  0]LogD3D11RHI:     Adapter Name: NVIDIA GeForce GTX 1070
[2017.04.19-17.56.30:302][  0]LogD3D11RHI:   Driver Version: 378.49 (internal:21.21.13.7849, unified:378.49)
[2017.04.19-17.56.30:302][  0]LogD3D11RHI:      Driver Date: 1-20-2017
[2017.04.19-17.56.30:302][  0]LogRHI: Texture pool is 1361 MB (70% of 1945 MB)
[2017.04.19-17.56.30:319][  0]LogD3D11RHI: Async texture creation enabled
[2017.04.19-17.56.30:330][  0]LogD3D11RHI: GPU Timing Frequency: 1000.000000 (Debug: 2 1)
[2017.04.19-17.56.30:330][  0]LogShaderCompilers: Guid format shader working directory is -18 characters bigger than the processId version (../../../../../../Users/SIG Student/Desktop/final-project-magic-muffin/Intermediate/Shaders/WorkingDirectory/5896/).
[2017.04.19-17.56.30:331][  0]LogShaderCompilers: Cleaned the shader compiler working directory 'C:/Users/SIG Student/AppData/Local/Temp/UnrealShaderWorkingDir/57FD03B84BDD2542E131B7B387A3C7E5/'.
[2017.04.19-17.56.30:331][  0]LogShaderCompilers:Display: Using Local Shader Compiler.
[2017.04.19-17.56.31:342][  0]LogTemp:Display: Loaded TP AllDesktopTargetPlatform
[2017.04.19-17.56.31:396][  0]LogTemp:Display: Loaded TP MacClientTargetPlatform
[2017.04.19-17.56.31:449][  0]LogTemp:Display: Loaded TP MacNoEditorTargetPlatform
[2017.04.19-17.56.31:508][  0]LogTemp:Display: Loaded TP MacServerTargetPlatform
[2017.04.19-17.56.31:565][  0]LogTemp:Display: Loaded TP MacTargetPlatform
[2017.04.19-17.56.31:624][  0]LogTemp:Display: Loaded TP WindowsClientTargetPlatform
[2017.04.19-17.56.31:681][  0]LogTemp:Display: Loaded TP WindowsNoEditorTargetPlatform
[2017.04.19-17.56.31:749][  0]LogTemp:Display: Loaded TP WindowsServerTargetPlatform
[2017.04.19-17.56.31:820][  0]LogTemp:Display: Loaded TP WindowsTargetPlatform
[2017.04.19-17.56.31:880][  0]LogTemp:Display: Loaded TP AndroidTargetPlatform
[2017.04.19-17.56.31:932][  0]LogTemp:Display: Loaded TP Android_ASTCTargetPlatform
[2017.04.19-17.56.31:984][  0]LogTemp:Display: Loaded TP Android_ATCTargetPlatform
[2017.04.19-17.56.32:037][  0]LogTemp:Display: Loaded TP Android_DXTTargetPlatform
[2017.04.19-17.56.32:089][  0]LogTemp:Display: Loaded TP Android_ETC1TargetPlatform
[2017.04.19-17.56.32:141][  0]LogTemp:Display: Loaded TP Android_ETC2TargetPlatform
[2017.04.19-17.56.32:247][  0]LogTemp:Display: Loaded TP Android_MultiTargetPlatform
[2017.04.19-17.56.32:247][  0]LogTemp:Display: Loaded TP Android_PVRTCTargetPlatform
[2017.04.19-17.56.32:288][  0]LogTemp:Display: Loaded TP HTML5TargetPlatform
[2017.04.19-17.56.32:372][  0]LogTemp:Display: Loaded TP IOSTargetPlatform
[2017.04.19-17.56.32:409][  0]LogTemp:Display: Loaded TP TVOSTargetPlatform
[2017.04.19-17.56.32:462][  0]LogTemp:Display: Loaded TP LinuxClientTargetPlatform
[2017.04.19-17.56.32:517][  0]LogTemp:Display: Loaded TP LinuxNoEditorTargetPlatform
[2017.04.19-17.56.32:574][  0]LogTemp:Display: Loaded TP LinuxServerTargetPlatform
[2017.04.19-17.56.32:622][  0]LogTemp:Display: Loaded TP LinuxTargetPlatform
[2017.04.19-17.56.32:622][  0]LogTargetPlatformManager:Display: Building Assets For Windows
[2017.04.19-17.56.33:025][  0]LogDerivedDataCache:Display: Max Cache Size: 512 MB
[2017.04.19-17.56.33:079][  0]LogDerivedDataCache: Loaded boot cache 0.05s 50MB C:/Users/SIG Student/AppData/Local/UnrealEngine/4.14/DerivedDataCache/Boot.ddc.
[2017.04.19-17.56.33:079][  0]LogDerivedDataCache:Display: Loaded Boot cache: C:/Users/SIG Student/AppData/Local/UnrealEngine/4.14/DerivedDataCache/Boot.ddc
[2017.04.19-17.56.33:079][  0]LogDerivedDataCache: FDerivedDataBackendGraph:  Pak pak cache file ../../../../../../Users/SIG Student/Desktop/final-project-magic-muffin/DerivedDataCache/DDC.ddp not found, will not use a pak cache.
[2017.04.19-17.56.33:079][  0]LogDerivedDataCache: Unable to find inner node Pak for hierarchical cache Hierarchy.
[2017.04.19-17.56.33:079][  0]LogDerivedDataCache: FDerivedDataBackendGraph:  CompressedPak pak cache file ../../../../../../Users/SIG Student/Desktop/final-project-magic-muffin/DerivedDataCache/Compressed.ddp not found, will not use a pak cache.
[2017.04.19-17.56.33:079][  0]LogDerivedDataCache: Unable to find inner node CompressedPak for hierarchical cache Hierarchy.
[2017.04.19-17.56.33:094][  0]LogDerivedDataCache:Display: Pak cache opened for reading ../../../Engine/DerivedDataCache/Compressed.ddp.
[2017.04.19-17.56.33:106][  0]LogDerivedDataCache: Using Local data cache path C:/Users/SIG Student/AppData/Local/UnrealEngine/Common/DerivedDataCache: Writable
[2017.04.19-17.56.33:287][  0]LogInit: Selected Device Profile: [Windows]
[2017.04.19-17.56.33:290][  0]LogContentStreaming: Texture pool size is 0.00 MB
[2017.04.19-17.56.33:493][  0]LogMeshUtilities: Using QuadricMeshReduction for automatic static mesh reduction
[2017.04.19-17.56.33:533][  0]LogSimplygon: Simplygon DLL not present - disabling.
[2017.04.19-17.56.33:582][  0]LogMeshUtilities: Using SimplygonSwarm for distributed automatic mesh merging
[2017.04.19-17.56.33:582][  0]LogMeshUtilities: No automatic skeletal mesh reduction module available
[2017.04.19-17.56.33:582][  0]LogMeshUtilities: No automatic mesh merging module available
[2017.04.19-17.56.34:067][  0]LogNetVersion: GetLocalNetworkVersion: CL: 3195953, ProjectName: magic_muffin, ProjectVersion: , EngineNetworkVersion: 2, GameNetworkVersion: 0, NetworkChecksum: 3102453254
[2017.04.19-17.56.34:125][  0]LogAssetRegistry: FAssetRegistry took 0.0216 seconds to start up
[2017.04.19-17.56.34:178][  0]LogPackageLocalizationCache: Processed 3 localized package path(s) for 2 prioritized culture(s) in 0.028252 seconds
[2017.04.19-17.56.34:183][  0]LogUObjectArray: 31946 objects as part of root set at end of initial load.
[2017.04.19-17.56.34:183][  0]LogUObjectAllocator: 6935848 out of 0 bytes used by permanent object pool.
[2017.04.19-17.56.34:183][  0]LogUObjectArray: CloseDisregardForGC: 0/0 objects in disregard for GC pool
[2017.04.19-17.56.34:251][  0]LogInit: WinSock: version 1.1 (2.2), MaxSocks=32767, MaxUdp=65467
[2017.04.19-17.56.35:083][  0]LogSlate: Using Freetype 2.6.0
[2017.04.19-17.56.35:083][  0]LogSlate: SlateFontCache - WITH_FREETYPE: 1, WITH_HARFBUZZ: 1
[2017.04.19-17.56.35:083][  0]LogSlate: SlateFontCache - WITH_FREETYPE: 1, WITH_HARFBUZZ: 1
[2017.04.19-17.56.35:713][  0]OCULUS: Info: [HMDState] Requested to SetForegroundWindow(407b4ll)
[2017.04.19-17.56.35:872][  0]LogSubstanceCoreModule: Substance [CPU] Engine Loaded, Max Texture Size = 2048
[2017.04.19-17.56.35:900][  0]LogTcpMessaging: Initializing TcpMessaging bridge
[2017.04.19-17.56.35:938][  0]LogUdpMessaging: Initializing bridge on interface 0.0.0.0:0 to multicast group 230.0.0.1:6666.
[2017.04.19-17.56.36:228][  0]LogMaterial: Uniform references updated for custom material expression Custom.
[2017.04.19-17.56.36:614][  0]OCULUS: Info: [HMDState] Requested to SetForegroundWindow(407b4ll)
[2017.04.19-17.56.36:614][  0]SourceControl: Info Source control is disabled
[2017.04.19-17.56.36:641][  0]SourceControl: Info Source control is disabled
[2017.04.19-17.56.36:693][  0]SourceControl: Info Source control is disabled
[2017.04.19-17.56.36:743][  0]SourceControl: Info Source control is disabled
[2017.04.19-17.56.38:192][  0]LogEngine: Initializing Engine...
[2017.04.19-17.56.38:952][  0]OCULUS: Info: [HMDState] Requested to SetForegroundWindow(407b4ll)
[2017.04.19-17.56.38:952][  0]LogHMD: Failed to initialize OpenVR with code 108
[2017.04.19-17.56.38:952][  0]LogHMD: Oculus plugin initialized. Version: 4.14.3-3249277+++UE4+Release-4.14, LibOVR: 1.13.0, SDK: 1.8.0, built Jan  6 2017, 10:50:26
[2017.04.19-17.56.39:076][  0]OCULUS: Info: [HMDState] Requested to SetForegroundWindow(407b4ll)
[2017.04.19-17.56.39:210][  0]LogAIModule: Creating AISystem for world Untitled
[2017.04.19-17.56.39:224][  0]LogInit: XAudio2 using 'Speakers / Headphones (Realtek High Definition Audio)' : 2 channels at 48 kHz using 32 bits per sample (channel mask 0x3)
[2017.04.19-17.56.39:239][  0]LogInit: FAudioDevice initialized.
[2017.04.19-17.56.39:264][  0]LogDerivedDataCache: Saved boot cache 0.02s 50MB C:/Users/SIG Student/AppData/Local/UnrealEngine/4.14/DerivedDataCache/Boot.ddc.
[2017.04.19-17.56.39:272][  0]LogInit: Texture streaming: Enabled
[2017.04.19-17.56.39:461][  0]LogInit: Transaction tracking system initialized
[2017.04.19-17.56.39:835][  0]BlueprintLog: New page: Editor Load
[2017.04.19-17.56.40:784][  0]LocalizationService: Info Localization service is disabled
[2017.04.19-17.56.41:421][  0]LogConsoleResponse:Display: 
[2017.04.19-17.56.41:552][  0]LogCook:Display: Max memory allowance for cook 16384mb min free memory 0mb
[2017.04.19-17.56.41:552][  0]LogCook:Display: Mobile HDR setting 1
[2017.04.19-17.56.42:419][  0]LogFileCache: Scanning file cache for directory 'C:/Users/SIG Student/Desktop/final-project-magic-muffin/Content/' took 0.02s
[2017.04.19-17.56.42:462][  0]SourceControl: Info Source control is disabled
[2017.04.19-17.56.42:462][  0]Cmd: MAP LOAD FILE="../../../../../../Users/SIG Student/Desktop/final-project-magic-muffin/Content/FirstPersonBP/Maps/FirstPersonExampleMap.umap" TEMPLATE=0 SHOWPROGRESS=1 FEATURELEVEL=3
[2017.04.19-17.56.42:462][  0]LightingResults: New page: Lighting Build
[2017.04.19-17.56.42:502][  0]MapCheck: New page: Map Check
[2017.04.19-17.56.42:502][  0]LightingResults: New page: Lighting Build
[2017.04.19-17.56.42:958][  0]LogAIModule: Creating AISystem for world FirstPersonExampleMap
[2017.04.19-17.56.42:965][  0]LogEditorServer: Finished looking for orphan Actors (0.000 secs)
[2017.04.19-17.56.42:966][  0]Cmd: MAP CHECKDEP NOCLEARLOG
[2017.04.19-17.56.43:006][  0]MapCheck: Info Map check complete: 0 Error(s), 0 Warning(s), took 39.993ms to complete.
[2017.04.19-17.56.43:006][  0]LogFileHelpers: Loading map 'FirstPersonExampleMap' took 0.544
[2017.04.19-17.56.43:134][  0]LogCollectionManager: Loaded 0 collections in 0.002155 seconds
[2017.04.19-17.56.43:210][  0]LogFileCache: Scanning file cache for directory 'C:/Users/SIG Student/Desktop/final-project-magic-muffin/Saved/Collections/' took 0.01s
[2017.04.19-17.56.43:210][  0]LogFileCache: Scanning file cache for directory 'C:/Users/SIG Student/Desktop/final-project-magic-muffin/Content/Developers/SIGStudent/Collections/' took 0.01s
[2017.04.19-17.56.43:210][  0]LogFileCache: Scanning file cache for directory 'C:/Users/SIG Student/Desktop/final-project-magic-muffin/Content/Collections/' took 0.01s
[2017.04.19-17.56.43:210][  0]LogCollectionManager: Rebuilt the GUID cache for 0 collections in 0.000001 seconds
[2017.04.19-17.56.43:218][  0]LogContentBrowser: Native class hierarchy populated in 0.0074 seconds. Added 2205 classes and 437 folders.
[2017.04.19-17.56.43:256][  0]LogStats: UGameplayTagsManager::ConstructGameplayTagTree: Construct from data asset -  0.000 s
[2017.04.19-17.56.43:256][  0]LogStats: UGameplayTagsManager::ConstructGameplayTagTree: GameplayTagTreeChangedEvent.Broadcast -  0.000 s
[2017.04.19-17.56.43:257][  0]LogContentBrowser: Native class hierarchy updated for 'GameplayTags' in 0.0005 seconds. Added 13 classes and 0 folders.
[2017.04.19-17.56.43:314][  0]LogContentBrowser: Native class hierarchy updated for 'WidgetCarousel' in 0.0005 seconds. Added 0 classes and 0 folders.
[2017.04.19-17.56.43:347][  0]LogContentBrowser: Native class hierarchy updated for 'AddContentDialog' in 0.0005 seconds. Added 0 classes and 0 folders.
[2017.04.19-17.56.43:387][  0]LogContentBrowser: Native class hierarchy updated for 'SceneOutliner' in 0.0004 seconds. Added 1 classes and 2 folders.
[2017.04.19-17.56.43:422][  0]LogCrashTracker: Crashtracker disabled due to settings.
[2017.04.19-17.56.43:426][  0]LogUObjectGlobals:Warning: Failed to find object 'Class None.'
[2017.04.19-17.56.43:490][  0]LogContentBrowser: Native class hierarchy updated for 'HierarchicalLODOutliner' in 0.0006 seconds. Added 1 classes and 2 folders.
[2017.04.19-17.56.43:490][  0]LogLoad: (Engine Initialization) Total time: 15.85 seconds
[2017.04.19-17.56.43:490][  0]LogLoad: (Engine Initialization) Total Blueprint compile time: 0.19 seconds
[2017.04.19-17.56.43:490][  0]LogExternalProfiler: Found external profiler: VSPerf
[2017.04.19-17.56.43:490][  0]LogExternalProfiler: Using external profiler: VSPerf
[2017.04.19-17.56.43:830][  0]LogOcInput: OculusInput pre-init called
[2017.04.19-17.56.43:840][  0]LogOcInput: OculusInput is initialized. Init status 0. Runtime version: 1.13.0
[2017.04.19-17.56.43:857][  0]LogContentStreaming: Texture pool size now 1000 MB
[2017.04.19-17.56.43:974][  0]LogRenderer: Reallocating scene render targets to support 1232x564 NumSamples 1 (Frame:2).
[2017.04.19-17.56.44:175][  1]LogAssetRegistry: Asset discovery search completed in 10.0711 seconds
[2017.04.19-17.56.44:175][  1]LogCollectionManager: Rebuilt the object cache for 0 collections in 0.000001 seconds (found 0 objects)
[2017.04.19-17.56.44:175][  1]LogCollectionManager: Fixed up redirectors for 0 collections in 0.000012 seconds (updated 0 objects)
[2017.04.19-17.56.59:662][297]LogBlueprint:Warning: [Compiler Viz_Cylinder_BP] Warning Node  K2Node_EaseFunction_0 . The node won't be pruned as isolated one. The node is not pure, but it has no exec pin(s). Verify IsNodePure implementation in K2Node Ease Function.
[2017.04.19-17.56.59:662][297]LogBlueprint:Warning: [Compiler Viz_Cylinder_BP] Warning Node  K2Node_EaseFunction_0 . The node won't be pruned as isolated one. The node is not pure, but it has no exec pin(s). Verify IsNodePure implementation in K2Node Ease Function.
[2017.04.19-17.56.59:664][297]LogBlueprint:Warning: [Compiler Viz_Cylinder_BP] Warning [0032.03] Compile of Viz_Cylinder_BP successful, but with 2 Warning(s) [in 3 ms] (/Game/FirstPersonBP/Blueprints/Viz_Cylinder_BP.Viz_Cylinder_BP)
[2017.04.19-17.56.59:664][297]LogBlueprint:Warning: [Compiler Viz_Cylinder_BP] Warning [0032.03] Compile of Viz_Cylinder_BP successful, but with 3 Warning(s) [in 0 ms] (/Game/FirstPersonBP/Blueprints/Viz_Cylinder_BP.Viz_Cylinder_BP)
[2017.04.19-17.56.59:664][297]LogBlueprint:Warning: [Compiler Viz_Cylinder_BP] Warning [0032.03] Compile of Viz_Cylinder_BP successful, but with 4 Warning(s) [in 0 ms] (/Game/FirstPersonBP/Blueprints/Viz_Cylinder_BP.Viz_Cylinder_BP)
[2017.04.19-17.56.59:682][297]LogBlueprint:Warning: [Compiler Viz_Cylinder_BP] Warning Node  K2Node_EaseFunction_0 . The node won't be pruned as isolated one. The node is not pure, but it has no exec pin(s). Verify IsNodePure implementation in K2Node Ease Function.
[2017.04.19-17.56.59:682][297]LogBlueprint:Warning: [Compiler Viz_Cylinder_BP] Warning Node  K2Node_EaseFunction_0 . The node won't be pruned as isolated one. The node is not pure, but it has no exec pin(s). Verify IsNodePure implementation in K2Node Ease Function.
[2017.04.19-17.56.59:684][297]LogBlueprint:Warning: [Compiler Viz_Cylinder_BP] Warning [0032.05] Compile of Viz_Cylinder_BP successful, but with 2 Warning(s) [in 3 ms] (/Game/FirstPersonBP/Blueprints/Viz_Cylinder_BP.Viz_Cylinder_BP)
[2017.04.19-17.56.59:684][297]LogBlueprint:Warning: [Compiler Viz_Cylinder_BP] Warning [0032.05] Compile of Viz_Cylinder_BP successful, but with 3 Warning(s) [in 0 ms] (/Game/FirstPersonBP/Blueprints/Viz_Cylinder_BP.Viz_Cylinder_BP)
[2017.04.19-17.56.59:684][297]LogBlueprint:Warning: [Compiler Viz_Cylinder_BP] Warning [0032.05] Compile of Viz_Cylinder_BP successful, but with 4 Warning(s) [in 0 ms] (/Game/FirstPersonBP/Blueprints/Viz_Cylinder_BP.Viz_Cylinder_BP)
[2017.04.19-17.57.00:239][297]LogAIModule: Creating AISystem for world TestRoom
[2017.04.19-17.57.00:290][297]Cmd: MAP LOAD FILE="../../../../../../Users/SIG Student/Desktop/final-project-magic-muffin/Content/FirstPersonBP/Maps/TestRoom.umap" TEMPLATE=0 SHOWPROGRESS=1 FEATURELEVEL=3
[2017.04.19-17.57.00:290][297]LightingResults: New page: Lighting Build
[2017.04.19-17.57.00:290][297]LoadErrors: New page: Loading map: TestRoom.umap
[2017.04.19-17.57.00:291][297]MapCheck: New page: Map Check
[2017.04.19-17.57.00:291][297]LightingResults: New page: Lighting Build
[2017.04.19-17.57.00:359][297]LogEditorServer: Finished looking for orphan Actors (0.000 secs)
[2017.04.19-17.57.00:387][297]Cmd: MAP CHECKDEP NOCLEARLOG
[2017.04.19-17.57.00:450][297]MapCheck: Info Map check complete: 0 Error(s), 0 Warning(s), took 63.07ms to complete.
[2017.04.19-17.57.00:450][297]LogFileHelpers: Loading map 'TestRoom' took 0.161
[2017.04.19-17.57.12:713][472]LogTemp: Repeting last play command: Selected Viewport
[2017.04.19-17.57.12:727][472]LogBlueprintUserMessages: Early PlayInEditor Detection: Level '/Game/FirstPersonBP/Maps/TestRoom.TestRoom:PersistentLevel' has LevelScriptBlueprint '/Game/FirstPersonBP/Maps/TestRoom.TestRoom:PersistentLevel.TestRoom' with GeneratedClass '/Game/FirstPersonBP/Maps/TestRoom.TestRoom_C' with ClassGeneratedBy '/Game/FirstPersonBP/Maps/TestRoom.TestRoom:PersistentLevel.TestRoom'
[2017.04.19-17.57.12:727][472]LogPlayLevel: PlayLevel: No blueprints needed recompiling
[2017.04.19-17.57.12:727][472]PIE: New page: PIE session: TestRoom (Apr 19, 2017, 9:57:12 AM)
[2017.04.19-17.57.12:727][472]LogPlayLevel: Creating play world package: /Game/FirstPersonBP/Maps/UEDPIE_0_TestRoom
[2017.04.19-17.57.12:777][472]LogPlayLevel: PIE: StaticDuplicateObject took: (0.049360s)
[2017.04.19-17.57.12:778][472]LogAIModule: Creating AISystem for world TestRoom
[2017.04.19-17.57.12:778][472]LogPlayLevel: PIE: World Init took: (0.001180s)
[2017.04.19-17.57.12:778][472]LogPlayLevel: PIE: Created PIE world by copying editor world from /Game/FirstPersonBP/Maps/TestRoom.TestRoom to /Game/FirstPersonBP/Maps/UEDPIE_0_TestRoom.TestRoom (0.050906s)
[2017.04.19-17.57.12:800][472]LogInit: XAudio2 using 'Speakers / Headphones (Realtek High Definition Audio)' : 2 channels at 48 kHz using 32 bits per sample (channel mask 0x3)
[2017.04.19-17.57.12:810][472]LogInit: FAudioDevice initialized.
[2017.04.19-17.57.12:856][472]LogLoad: Game class is 'FirstPersonGameMode_C'
[2017.04.19-17.57.12:865][472]LogWorld: Bringing World /Game/FirstPersonBP/Maps/UEDPIE_0_TestRoom.TestRoom up for play (max tick rate 0) at 2017.04.19-13.57.12
[2017.04.19-17.57.12:866][472]LogWorld: Bringing up level for play took: 0.008884
[2017.04.19-17.57.12:906][472]LogContentBrowser: Native class hierarchy updated for 'MovieSceneCapture' in 0.0005 seconds. Added 11 classes and 0 folders.
[2017.04.19-17.57.12:907][472]PIE: Info Play in editor start time for /Game/FirstPersonBP/Maps/UEDPIE_0_TestRoom 0.941
[2017.04.19-17.57.12:907][472]LogBlueprintUserMessages: Late PlayInEditor Detection: Level '/Game/FirstPersonBP/Maps/TestRoom.TestRoom:PersistentLevel' has LevelScriptBlueprint '/Game/FirstPersonBP/Maps/TestRoom.TestRoom:PersistentLevel.TestRoom' with GeneratedClass '/Game/FirstPersonBP/Maps/TestRoom.TestRoom_C' with ClassGeneratedBy '/Game/FirstPersonBP/Maps/TestRoom.TestRoom:PersistentLevel.TestRoom'
[2017.04.19-17.57.16:495][894]LogBlueprintUserMessages: Early EndPlayMap Detection: Level '/Game/FirstPersonBP/Maps/TestRoom.TestRoom:PersistentLevel' has LevelScriptBlueprint '/Game/FirstPersonBP/Maps/TestRoom.TestRoom:PersistentLevel.TestRoom' with GeneratedClass '/Game/FirstPersonBP/Maps/TestRoom.TestRoom_C' with ClassGeneratedBy '/Game/FirstPersonBP/Maps/TestRoom.TestRoom:PersistentLevel.TestRoom'
[2017.04.19-17.57.16:531][894]LogBlueprintUserMessages: Late EndPlayMap Detection: Level '/Game/FirstPersonBP/Maps/TestRoom.TestRoom:PersistentLevel' has LevelScriptBlueprint '/Game/FirstPersonBP/Maps/TestRoom.TestRoom:PersistentLevel.TestRoom' with GeneratedClass '/Game/FirstPersonBP/Maps/TestRoom.TestRoom_C' with ClassGeneratedBy '/Game/FirstPersonBP/Maps/TestRoom.TestRoom:PersistentLevel.TestRoom'
[2017.04.19-17.57.23:720][402]LogTemp: Repeting last play command: Selected Viewport
[2017.04.19-17.57.23:735][402]LogBlueprintUserMessages: Early PlayInEditor Detection: Level '/Game/FirstPersonBP/Maps/TestRoom.TestRoom:PersistentLevel' has LevelScriptBlueprint '/Game/FirstPersonBP/Maps/TestRoom.TestRoom:PersistentLevel.TestRoom' with GeneratedClass '/Game/FirstPersonBP/Maps/TestRoom.TestRoom_C' with ClassGeneratedBy '/Game/FirstPersonBP/Maps/TestRoom.TestRoom:PersistentLevel.TestRoom'
[2017.04.19-17.57.23:735][402]LogPlayLevel: PlayLevel: No blueprints needed recompiling
[2017.04.19-17.57.23:735][402]PIE: New page: PIE session: TestRoom (Apr 19, 2017, 9:57:23 AM)
[2017.04.19-17.57.23:735][402]LogPlayLevel: Creating play world package: /Game/FirstPersonBP/Maps/UEDPIE_0_TestRoom
[2017.04.19-17.57.23:771][402]LogPlayLevel: PIE: StaticDuplicateObject took: (0.035998s)
[2017.04.19-17.57.23:772][402]LogAIModule: Creating AISystem for world TestRoom
[2017.04.19-17.57.23:772][402]LogPlayLevel: PIE: World Init took: (0.000874s)
[2017.04.19-17.57.23:773][402]LogPlayLevel: PIE: Created PIE world by copying editor world from /Game/FirstPersonBP/Maps/TestRoom.TestRoom to /Game/FirstPersonBP/Maps/UEDPIE_0_TestRoom.TestRoom (0.037464s)
[2017.04.19-17.57.23:792][402]LogInit: XAudio2 using 'Speakers / Headphones (Realtek High Definition Audio)' : 2 channels at 48 kHz using 32 bits per sample (channel mask 0x3)
[2017.04.19-17.57.23:802][402]LogInit: FAudioDevice initialized.
[2017.04.19-17.57.23:836][402]LogLoad: Game class is 'FirstPersonGameMode_C'
[2017.04.19-17.57.23:844][402]LogWorld: Bringing World /Game/FirstPersonBP/Maps/UEDPIE_0_TestRoom.TestRoom up for play (max tick rate 0) at 2017.04.19-13.57.23
[2017.04.19-17.57.23:846][402]LogWorld: Bringing up level for play took: 0.008892
[2017.04.19-17.57.23:847][402]PIE: Info Play in editor start time for /Game/FirstPersonBP/Maps/UEDPIE_0_TestRoom -0.119
[2017.04.19-17.57.23:847][402]LogBlueprintUserMessages: Late PlayInEditor Detection: Level '/Game/FirstPersonBP/Maps/TestRoom.TestRoom:PersistentLevel' has LevelScriptBlueprint '/Game/FirstPersonBP/Maps/TestRoom.TestRoom:PersistentLevel.TestRoom' with GeneratedClass '/Game/FirstPersonBP/Maps/TestRoom.TestRoom_C' with ClassGeneratedBy '/Game/FirstPersonBP/Maps/TestRoom.TestRoom:PersistentLevel.TestRoom'
[2017.04.19-17.57.31:351][299]LogBlueprintUserMessages: Early EndPlayMap Detection: Level '/Game/FirstPersonBP/Maps/TestRoom.TestRoom:PersistentLevel' has LevelScriptBlueprint '/Game/FirstPersonBP/Maps/TestRoom.TestRoom:PersistentLevel.TestRoom' with GeneratedClass '/Game/FirstPersonBP/Maps/TestRoom.TestRoom_C' with ClassGeneratedBy '/Game/FirstPersonBP/Maps/TestRoom.TestRoom:PersistentLevel.TestRoom'
[2017.04.19-17.57.31:384][299]LogBlueprintUserMessages: Late EndPlayMap Detection: Level '/Game/FirstPersonBP/Maps/TestRoom.TestRoom:PersistentLevel' has LevelScriptBlueprint '/Game/FirstPersonBP/Maps/TestRoom.TestRoom:PersistentLevel.TestRoom' with GeneratedClass '/Game/FirstPersonBP/Maps/TestRoom.TestRoom_C' with ClassGeneratedBy '/Game/FirstPersonBP/Maps/TestRoom.TestRoom:PersistentLevel.TestRoom'
[2017.04.19-18.07.11:572][525]LogEditorViewport: Clicking on Actor (LMB): FirstPersonCharacter_C (FirstPersonCharacter)
[2017.04.19-18.07.53:776][336]LogLinker:Warning: Can't find file '/Game/FirstPersonBP/Blueprints/SplineBP'
[2017.04.19-18.07.53:776][336]LogLinker:Warning: Can't find file for asset '/Game/FirstPersonBP/Blueprints/SplineBP' while loading ../../../../../../Users/SIG Student/Desktop/final-project-magic-muffin/Content/FirstPersonBP/Blueprints/Move_Cube_BP.uasset.
[2017.04.19-18.07.53:776][336]LoadErrors:Error: Error /Game/FirstPersonBP/Blueprints/Move_Cube_BP : Can't find file for asset. /Game/FirstPersonBP/Blueprints/SplineBP
[2017.04.19-18.07.53:778][336]LogLinker:Warning: Can't find file '/Game/FirstPersonBP/Blueprints/SplineBP'
[2017.04.19-18.07.53:778][336]LogLinker:Warning: Can't find file for asset '/Game/FirstPersonBP/Blueprints/SplineBP' while loading ../../../../../../Users/SIG Student/Desktop/final-project-magic-muffin/Content/FirstPersonBP/Blueprints/Move_Cube_BP.uasset.
[2017.04.19-18.07.53:779][336]LogLinker:Warning: Can't find file '/Game/FirstPersonBP/Blueprints/SplineBP'
[2017.04.19-18.07.53:780][336]LogLinker:Warning: Can't find file for asset '/Game/FirstPersonBP/Blueprints/SplineBP' while loading NULL.
[2017.04.19-18.07.53:780][336]LogLinker:Warning: Can't find file '/Game/FirstPersonBP/Blueprints/SplineBP'
[2017.04.19-18.07.53:780][336]LogLinker:Warning: Can't find file for asset '/Game/FirstPersonBP/Blueprints/SplineBP' while loading NULL.
[2017.04.19-18.07.53:780][336]LogLinker:Warning: Can't find file '/Game/FirstPersonBP/Blueprints/SplineBP'
[2017.04.19-18.07.53:780][336]LogLinker:Warning: Can't find file for asset '/Game/FirstPersonBP/Blueprints/SplineBP' while loading NULL.
[2017.04.19-18.07.53:780][336]LogLinker:Warning: Can't find file '/Game/FirstPersonBP/Blueprints/SplineBP'
[2017.04.19-18.07.53:780][336]LoadErrors: Info Failed to load /Game/FirstPersonBP/Blueprints/SplineBP.SplineBP_C Referenced by Move_Cube_BP
[2017.04.19-18.07.53:780][336]LogLinker:Warning: Can't find file for asset '/Game/FirstPersonBP/Blueprints/SplineBP' while loading NULL.
[2017.04.19-18.08.00:729][ 34]LogTemp: Repeting last play command: Selected Viewport
[2017.04.19-18.08.00:743][ 34]LogBlueprintUserMessages: Early PlayInEditor Detection: Level '/Game/FirstPersonBP/Maps/TestRoom.TestRoom:PersistentLevel' has LevelScriptBlueprint '/Game/FirstPersonBP/Maps/TestRoom.TestRoom:PersistentLevel.TestRoom' with GeneratedClass '/Game/FirstPersonBP/Maps/TestRoom.TestRoom_C' with ClassGeneratedBy '/Game/FirstPersonBP/Maps/TestRoom.TestRoom:PersistentLevel.TestRoom'
[2017.04.19-18.08.00:743][ 34]LogPlayLevel: PlayLevel: No blueprints needed recompiling
[2017.04.19-18.08.00:744][ 34]PIE: New page: PIE session: TestRoom (Apr 19, 2017, 10:08:00 AM)
[2017.04.19-18.08.00:744][ 34]LogPlayLevel: Creating play world package: /Game/FirstPersonBP/Maps/UEDPIE_0_TestRoom
[2017.04.19-18.08.00:781][ 34]LogPlayLevel: PIE: StaticDuplicateObject took: (0.037073s)
[2017.04.19-18.08.00:782][ 34]LogAIModule: Creating AISystem for world TestRoom
[2017.04.19-18.08.00:782][ 34]LogPlayLevel: PIE: World Init took: (0.001013s)
[2017.04.19-18.08.00:782][ 34]LogPlayLevel: PIE: Created PIE world by copying editor world from /Game/FirstPersonBP/Maps/TestRoom.TestRoom to /Game/FirstPersonBP/Maps/UEDPIE_0_TestRoom.TestRoom (0.038368s)
[2017.04.19-18.08.00:808][ 34]LogInit: XAudio2 using 'Speakers / Headphones (Realtek High Definition Audio)' : 2 channels at 48 kHz using 32 bits per sample (channel mask 0x3)
[2017.04.19-18.08.00:819][ 34]LogInit: FAudioDevice initialized.
[2017.04.19-18.08.00:849][ 34]LogLoad: Game class is 'FirstPersonGameMode_C'
[2017.04.19-18.08.00:861][ 34]LogWorld: Bringing World /Game/FirstPersonBP/Maps/UEDPIE_0_TestRoom.TestRoom up for play (max tick rate 0) at 2017.04.19-14.08.00
[2017.04.19-18.08.00:864][ 34]LogWorld: Bringing up level for play took: 0.014304
[2017.04.19-18.08.00:866][ 34]LogBlueprintUserMessages: [Move_Cube_BP_494] 1944.828979
[2017.04.19-18.08.00:866][ 34]PIE: Info Play in editor start time for /Game/FirstPersonBP/Maps/UEDPIE_0_TestRoom 0.9
[2017.04.19-18.08.00:866][ 34]LogBlueprintUserMessages: Late PlayInEditor Detection: Level '/Game/FirstPersonBP/Maps/TestRoom.TestRoom:PersistentLevel' has LevelScriptBlueprint '/Game/FirstPersonBP/Maps/TestRoom.TestRoom:PersistentLevel.TestRoom' with GeneratedClass '/Game/FirstPersonBP/Maps/TestRoom.TestRoom_C' with ClassGeneratedBy '/Game/FirstPersonBP/Maps/TestRoom.TestRoom:PersistentLevel.TestRoom'
[2017.04.19-18.09.44:822][497]LogBlueprintUserMessages: Early EndPlayMap Detection: Level '/Game/FirstPersonBP/Maps/TestRoom.TestRoom:PersistentLevel' has LevelScriptBlueprint '/Game/FirstPersonBP/Maps/TestRoom.TestRoom:PersistentLevel.TestRoom' with GeneratedClass '/Game/FirstPersonBP/Maps/TestRoom.TestRoom_C' with ClassGeneratedBy '/Game/FirstPersonBP/Maps/TestRoom.TestRoom:PersistentLevel.TestRoom'
[2017.04.19-18.09.44:871][497]LogBlueprintUserMessages: Late EndPlayMap Detection: Level '/Game/FirstPersonBP/Maps/TestRoom.TestRoom:PersistentLevel' has LevelScriptBlueprint '/Game/FirstPersonBP/Maps/TestRoom.TestRoom:PersistentLevel.TestRoom' with GeneratedClass '/Game/FirstPersonBP/Maps/TestRoom.TestRoom_C' with ClassGeneratedBy '/Game/FirstPersonBP/Maps/TestRoom.TestRoom:PersistentLevel.TestRoom'
[2017.04.19-18.10.42:911][467]LogSavePackage: Save=342.90ms
[2017.04.19-18.10.42:911][467]LogSavePackage: Moving '../../../../../../Users/SIG Student/Desktop/final-project-magic-muffin/Saved/TestRoom_Auto19E5831E9436CCC9082E90CB8F35D7D1C.tmp' to '../../../../../../Users/SIG Student/Desktop/final-project-magic-muffin/Saved/Autosaves/Game/FirstPersonBP/Maps/TestRoom_Auto1.umap'
[2017.04.19-18.10.42:913][467]LogSavePackage:Display: Finished SavePackage ../../../../../../Users/SIG Student/Desktop/final-project-magic-muffin/Saved/Autosaves/Game/FirstPersonBP/Maps/TestRoom_Auto1.umap
[2017.04.19-18.10.42:917][467]LogFileHelpers: Editor autosave (incl. sublevels) for '/Game/FirstPersonBP/Maps/TestRoom' took 0.374
[2017.04.19-18.10.42:917][467]LogFileHelpers: Editor autosave (incl. sublevels) for all levels took 0.374
[2017.04.19-18.26.59:341][397]LogEditorViewport: Clicking on Actor (LMB): BP_Sky_Sphere_C (SkySphereBlueprint2)
[2017.04.19-18.31.37:609][352]LogActorFactory: Actor Factory created SM_Rock07
[2017.04.19-18.31.37:896][378]LogActorFactory: Actor Factory created SM_Rock07
[2017.04.19-18.31.45:127][219]LogEditorViewport: Clicking on Actor (LMB): Landscape (Landscape1)
[2017.04.19-18.31.54:721][299]LogEditorViewport: Clicking on Actor (LMB): Viz_Cylinder_BP_C (Viz_Cylinder_BP)
[2017.04.19-18.31.55:629][401]LogEditorViewport: Clicking on Actor (LMB): StaticMeshActor (SM_DecidiousTree03)
[2017.04.19-18.32.50:899][694]LogTemp: Repeting last play command: Selected Viewport
[2017.04.19-18.32.50:913][694]LogBlueprintUserMessages: Early PlayInEditor Detection: Level '/Game/FirstPersonBP/Maps/TestRoom.TestRoom:PersistentLevel' has LevelScriptBlueprint '/Game/FirstPersonBP/Maps/TestRoom.TestRoom:PersistentLevel.TestRoom' with GeneratedClass '/Game/FirstPersonBP/Maps/TestRoom.TestRoom_C' with ClassGeneratedBy '/Game/FirstPersonBP/Maps/TestRoom.TestRoom:PersistentLevel.TestRoom'
[2017.04.19-18.32.50:914][694]LogPlayLevel: PlayLevel: No blueprints needed recompiling
[2017.04.19-18.32.50:914][694]PIE: New page: PIE session: TestRoom (Apr 19, 2017, 10:32:50 AM)
[2017.04.19-18.32.50:914][694]LogPlayLevel: Creating play world package: /Game/FirstPersonBP/Maps/UEDPIE_0_TestRoom
[2017.04.19-18.32.50:951][694]LogPlayLevel: PIE: StaticDuplicateObject took: (0.037405s)
[2017.04.19-18.32.50:952][694]LogAIModule: Creating AISystem for world TestRoom
[2017.04.19-18.32.50:952][694]LogPlayLevel: PIE: World Init took: (0.000793s)
[2017.04.19-18.32.50:952][694]LogPlayLevel: PIE: Created PIE world by copying editor world from /Game/FirstPersonBP/Maps/TestRoom.TestRoom to /Game/FirstPersonBP/Maps/UEDPIE_0_TestRoom.TestRoom (0.038441s)
[2017.04.19-18.32.50:972][694]LogInit: XAudio2 using 'Speakers / Headphones (Realtek High Definition Audio)' : 2 channels at 48 kHz using 32 bits per sample (channel mask 0x3)
[2017.04.19-18.32.50:985][694]LogInit: FAudioDevice initialized.
[2017.04.19-18.32.51:019][694]LogLoad: Game class is 'FirstPersonGameMode_C'
[2017.04.19-18.32.51:027][694]LogWorld: Bringing World /Game/FirstPersonBP/Maps/UEDPIE_0_TestRoom.TestRoom up for play (max tick rate 0) at 2017.04.19-14.32.51
[2017.04.19-18.32.51:029][694]LogWorld: Bringing up level for play took: 0.008951
[2017.04.19-18.32.51:030][694]LogBlueprintUserMessages: [Move_Cube_BP_494] 1944.828979
[2017.04.19-18.32.51:030][694]PIE: Info Play in editor start time for /Game/FirstPersonBP/Maps/UEDPIE_0_TestRoom 1.064
[2017.04.19-18.32.51:030][694]LogBlueprintUserMessages: Late PlayInEditor Detection: Level '/Game/FirstPersonBP/Maps/TestRoom.TestRoom:PersistentLevel' has LevelScriptBlueprint '/Game/FirstPersonBP/Maps/TestRoom.TestRoom:PersistentLevel.TestRoom' with GeneratedClass '/Game/FirstPersonBP/Maps/TestRoom.TestRoom_C' with ClassGeneratedBy '/Game/FirstPersonBP/Maps/TestRoom.TestRoom:PersistentLevel.TestRoom'
[2017.04.19-18.36.37:933][903]LogCharacterMovement: FirstPersonCharacter_C_1 is stuck and failed to move! Velocity: X=-23.76 Y=45.36 Z=0.00 Location: X=-1200.68 Y=198.02 Z=324.58 Normal: X=0.80 Y=-0.60 Z=0.00 PenetrationDepth:32.909 Actor:RotatingFlowerBP Component:StaticMeshComponent0 BoneName:None (0 other events since notify)
[2017.04.19-18.36.39:706][115]LogBlueprintUserMessages: Early EndPlayMap Detection: Level '/Game/FirstPersonBP/Maps/TestRoom.TestRoom:PersistentLevel' has LevelScriptBlueprint '/Game/FirstPersonBP/Maps/TestRoom.TestRoom:PersistentLevel.TestRoom' with GeneratedClass '/Game/FirstPersonBP/Maps/TestRoom.TestRoom_C' with ClassGeneratedBy '/Game/FirstPersonBP/Maps/TestRoom.TestRoom:PersistentLevel.TestRoom'
[2017.04.19-18.36.39:753][115]LogBlueprintUserMessages: Late EndPlayMap Detection: Level '/Game/FirstPersonBP/Maps/TestRoom.TestRoom:PersistentLevel' has LevelScriptBlueprint '/Game/FirstPersonBP/Maps/TestRoom.TestRoom:PersistentLevel.TestRoom' with GeneratedClass '/Game/FirstPersonBP/Maps/TestRoom.TestRoom_C' with ClassGeneratedBy '/Game/FirstPersonBP/Maps/TestRoom.TestRoom:PersistentLevel.TestRoom'
[2017.04.19-18.36.52:928][660]LogRenderer: Reallocating scene render targets to support 1392x924 NumSamples 1 (Frame:59601).
[2017.04.19-18.37.27:758][725]LogMaterial: Missing cached shader map for material M_Dissolve_Gradient_Bubble, compiling. 
[2017.04.19-18.37.27:860][725]LogMaterial: Missing cached shader map for material M_Dissolve_Gradient_Bubble, compiling. 
[2017.04.19-18.37.27:876][725]LogMaterial: 0.00 seconds spent updating 1 materials, 1 interfaces, 0 instances, 0 with static permutations.
[2017.04.19-18.37.27:905][725]LogMaterial: Missing cached shader map for material FMatExpressionPreview MaterialExpressionMultiply_6, compiling. 
[2017.04.19-18.37.27:909][725]LogMaterial: Missing cached shader map for material FMatExpressionPreview MaterialExpressionComponentMask_0, compiling. 
[2017.04.19-18.37.27:913][725]LogMaterial: Missing cached shader map for material FMatExpressionPreview MaterialExpressionAppendVector_1, compiling. 
[2017.04.19-18.37.27:917][725]LogMaterial: Missing cached shader map for material FMatExpressionPreview MaterialExpressionClamp_0, compiling. 
[2017.04.19-18.37.27:921][725]LogMaterial: Missing cached shader map for material FMatExpressionPreview MaterialExpressionTextureSampleParameter2D_58, compiling. 
[2017.04.19-18.37.27:926][725]LogMaterial: Missing cached shader map for material FMatExpressionPreview MaterialExpressionVectorParameter_21, compiling. 
[2017.04.19-18.37.27:930][725]LogMaterial: Missing cached shader map for material FMatExpressionPreview MaterialExpressionNoise_1, compiling. 
[2017.04.19-18.37.27:934][725]LogMaterial: Missing cached shader map for material FMatExpressionPreview MaterialExpressionMultiply_11, compiling. 
[2017.04.19-18.37.27:938][725]LogMaterial: Missing cached shader map for material FMatExpressionPreview MaterialExpressionComponentMask_6, compiling. 
[2017.04.19-18.37.27:943][725]LogMaterial: Missing cached shader map for material FMatExpressionPreview MaterialExpressionVectorParameter_25, compiling. 
[2017.04.19-18.37.27:948][725]LogMaterial: Missing cached shader map for material FMatExpressionPreview MaterialExpressionVectorParameter_26, compiling. 
[2017.04.19-18.37.27:955][725]LogMaterial: Missing cached shader map for material FMatExpressionPreview MaterialExpressionVectorParameter_27, compiling. 
[2017.04.19-18.37.27:959][725]LogMaterial: Missing cached shader map for material FMatExpressionPreview MaterialExpressionVectorParameter_30, compiling. 
[2017.04.19-18.37.27:963][725]LogMaterial: Missing cached shader map for material FMatExpressionPreview MaterialExpressionTextureSampleParameter2D_1, compiling. 
[2017.04.19-18.37.27:967][725]LogMaterial: Missing cached shader map for material FMatExpressionPreview MaterialExpressionVectorParameter_7, compiling. 
[2017.04.19-18.37.27:971][725]LogMaterial: Missing cached shader map for material FMatExpressionPreview MaterialExpressionTextureSampleParameter2D_68, compiling. 
[2017.04.19-18.37.27:974][725]LogMaterial: Missing cached shader map for material FMatExpressionPreview MaterialExpressionTextureSampleParameter2D_67, compiling. 
[2017.04.19-18.37.27:978][725]LogMaterial: Missing cached shader map for material FMatExpressionPreview MaterialExpressionVectorParameter_1, compiling. 
[2017.04.19-18.37.27:981][725]LogMaterial: Missing cached shader map for material FMatExpressionPreview MaterialExpressionVectorParameter_2, compiling. 
[2017.04.19-18.37.27:985][725]LogMaterial: Missing cached shader map for material FMatExpressionPreview MaterialExpressionVectorParameter_12, compiling. 
[2017.04.19-18.37.27:989][725]LogMaterial: Missing cached shader map for material FMatExpressionPreview MaterialExpressionVectorParameter_13, compiling. 
[2017.04.19-18.37.27:993][725]LogMaterial: Missing cached shader map for material FMatExpressionPreview MaterialExpressionConstant3Vector_0, compiling. 
[2017.04.19-18.37.27:997][725]LogMaterial: Missing cached shader map for material FMatExpressionPreview MaterialExpressionVectorParameter_34, compiling. 
[2017.04.19-18.37.28:000][725]LogMaterial: Missing cached shader map for material FMatExpressionPreview MaterialExpressionVectorParameter_33, compiling. 
[2017.04.19-18.37.28:005][725]LogMaterial: Missing cached shader map for material FMatExpressionPreview MaterialExpressionVectorParameter_32, compiling. 
[2017.04.19-18.37.28:009][725]LogMaterial: Missing cached shader map for material FMatExpressionPreview MaterialExpressionVectorParameter_31, compiling. 
[2017.04.19-18.37.28:013][725]LogMaterial: Missing cached shader map for material FMatExpressionPreview MaterialExpressionTextureSampleParameter2D_4, compiling. 
[2017.04.19-18.37.28:016][725]LogMaterial: Missing cached shader map for material FMatExpressionPreview MaterialExpressionTextureSampleParameter2D_5, compiling. 
[2017.04.19-18.38.37:164][470]LogSavePackage: Save=340.23ms
[2017.04.19-18.38.37:164][470]LogSavePackage: Moving '../../../../../../Users/SIG Student/Desktop/final-project-magic-muffin/Saved/TestRoom_Auto24E303CA14E5A06E09D3D1097CE628ECB.tmp' to '../../../../../../Users/SIG Student/Desktop/final-project-magic-muffin/Saved/Autosaves/Game/FirstPersonBP/Maps/TestRoom_Auto2.umap'
[2017.04.19-18.38.37:167][470]LogSavePackage:Display: Finished SavePackage ../../../../../../Users/SIG Student/Desktop/final-project-magic-muffin/Saved/Autosaves/Game/FirstPersonBP/Maps/TestRoom_Auto2.umap
[2017.04.19-18.38.37:169][470]LogFileHelpers: Editor autosave (incl. sublevels) for '/Game/FirstPersonBP/Maps/TestRoom' took 0.371
[2017.04.19-18.38.37:169][470]LogFileHelpers: Editor autosave (incl. sublevels) for all levels took 0.371
[2017.04.19-18.46.39:400][ 80]OCULUS: Info: [HMDState] Requested to SetForegroundWindow(50618ll)
[2017.04.19-18.46.50:981][519]Cmd: QUIT_EDITOR
[2017.04.19-18.46.51:414][519]LogWindowsTextInputMethodSystem:Display: IME system now deactivated.
[2017.04.19-18.46.51:433][519]LogExit: Preparing to exit.
[2017.04.19-18.46.52:075][519]LogDirectoryWatcher: A directory notification for 'C:/Users/SIG Student/Desktop/final-project-magic-muffin/Content/' was aborted.
[2017.04.19-18.46.52:104][519]LogExit: Editor shut down
[2017.04.19-18.46.52:104][519]LogExit: Transaction tracking system shut down
[2017.04.19-18.46.52:177][519]LogObj: Freed 0b from 0 cluster array pools.
[2017.04.19-18.46.52:177][519]LogExit: Object subsystem successfully closed.
[2017.04.19-18.46.52:191][519]LogD3D11RHI: Shutdown
[2017.04.19-18.46.52:191][519]LogD3D11RHI: CleanupD3DDevice
[2017.04.19-18.46.52:306][519]LogD3D11RHI: ~FD3D11DynamicRHI
[2017.04.19-18.46.52:317][519]LogHttp:Display: Http module shutting down, but needs to wait on 1 outstanding Http requests:
[2017.04.19-18.46.52:317][519]LogHttp:Display: 	verb=[POST] url=[https://datarouter.ol.epicgames.com/datarouter/api/v1/public/data?SessionID=%7BB47B5812-489B-8EF8-734E-B9B628C394C5%7D&AppID=UEEditor.Rocket.Release&AppVersion=4.14.3-3249277%2B%2B%2BUE4%2BRelease-4.14&UserID=6f72a743426c7955c960b184e8d12e74%7Cacb44571abe94f89bbbde4b9f914ed22%7C0c9e8fbc-430d-4232-9a6e-cf58865a8fca&AppEnvironment=datacollector-binary&UploadType=eteventstream] status=Processing
[2017.04.19-18.46.52:320][519]LogModuleManager: Shutting down and abandoning module MaterialEditor (246)
[2017.04.19-18.46.52:320][519]LogModuleManager: Shutting down and abandoning module MovieSceneCapture (245)
[2017.04.19-18.46.52:320][519]LogModuleManager: Shutting down and abandoning module HierarchicalLODOutliner (244)
[2017.04.19-18.46.52:320][519]LogModuleManager: Shutting down and abandoning module CrashTracker (243)
[2017.04.19-18.46.52:320][519]LogModuleManager: Shutting down and abandoning module SceneOutliner (242)
[2017.04.19-18.46.52:320][519]LogModuleManager: Shutting down and abandoning module WidgetCarousel (241)
[2017.04.19-18.46.52:320][519]LogModuleManager: Shutting down and abandoning module AddContentDialog (240)
[2017.04.19-18.46.52:320][519]LogDirectoryWatcher: A directory notification for 'C:/Program Files (x86)/Epic Games/4.14/FeaturePacks/' was aborted.
[2017.04.19-18.46.52:321][519]LogModuleManager: Shutting down and abandoning module GameplayTags (239)
[2017.04.19-18.46.52:321][519]LogModuleManager: Shutting down and abandoning module EditorWidgets (238)
[2017.04.19-18.46.52:321][519]LogModuleManager: Shutting down and abandoning module CollectionManager (237)
[2017.04.19-18.46.52:321][519]LogDirectoryWatcher: A directory notification for 'C:/Users/SIG Student/Desktop/final-project-magic-muffin/Content/Collections/' was aborted.
[2017.04.19-18.46.52:321][519]LogDirectoryWatcher: A directory notification for 'C:/Users/SIG Student/Desktop/final-project-magic-muffin/Content/Developers/SIGStudent/Collections/' was aborted.
[2017.04.19-18.46.52:321][519]LogDirectoryWatcher: A directory notification for 'C:/Users/SIG Student/Desktop/final-project-magic-muffin/Saved/Collections/' was aborted.
[2017.04.19-18.46.52:321][519]LogModuleManager: Shutting down and abandoning module StatsViewer (236)
[2017.04.19-18.46.52:321][519]LogModuleManager: Shutting down and abandoning module FoliageEdit (235)
[2017.04.19-18.46.52:321][519]LogModuleManager: Shutting down and abandoning module LandscapeEditor (234)
[2017.04.19-18.46.52:321][519]LogModuleManager: Shutting down and abandoning module SceneDepthPickerMode (233)
[2017.04.19-18.46.52:321][519]LogModuleManager: Shutting down and abandoning module ActorPickerMode (232)
[2017.04.19-18.46.52:321][519]LogModuleManager: Shutting down and abandoning module GeometryMode (231)
[2017.04.19-18.46.52:321][519]LogModuleManager: Shutting down and abandoning module TextureAlignMode (230)
[2017.04.19-18.46.52:321][519]LogModuleManager: Shutting down and abandoning module BspMode (229)
[2017.04.19-18.46.52:321][519]LogModuleManager: Shutting down and abandoning module HardwareSurvey (228)
[2017.04.19-18.46.52:321][519]LogModuleManager: Shutting down and abandoning module SequenceRecorderSections (227)
[2017.04.19-18.46.52:321][519]LogModuleManager: Shutting down and abandoning module AutomationWorker (226)
[2017.04.19-18.46.52:321][519]LogModuleManager: Shutting down and abandoning module MatineeToLevelSequence (225)
[2017.04.19-18.46.52:321][519]LogModuleManager: Shutting down and abandoning module PlacementMode (224)
[2017.04.19-18.46.52:321][519]LogModuleManager: Shutting down and abandoning module LevelSequenceEditor (223)
[2017.04.19-18.46.52:321][519]LogModuleManager: Shutting down and abandoning module WmfMediaFactory (222)
[2017.04.19-18.46.52:321][519]LogModuleManager: Shutting down and abandoning module WmfMediaEditor (221)
[2017.04.19-18.46.52:321][519]LogModuleManager: Shutting down and abandoning module AvfMediaFactory (220)
[2017.04.19-18.46.52:321][519]LogModuleManager: Shutting down and abandoning module AvfMediaEditor (219)
[2017.04.19-18.46.52:321][519]LogModuleManager: Shutting down and abandoning module Media (218)
[2017.04.19-18.46.52:321][519]LogModuleManager: Shutting down and abandoning module AndroidMediaFactory (217)
[2017.04.19-18.46.52:321][519]LogModuleManager: Shutting down and abandoning module AndroidMediaEditor (216)
[2017.04.19-18.46.52:321][519]LogModuleManager: Shutting down and abandoning module CharacterAI (215)
[2017.04.19-18.46.52:321][519]LogModuleManager: Shutting down and abandoning module SequenceRecorder (214)
[2017.04.19-18.46.52:321][519]LogModuleManager: Shutting down and abandoning module AudioCapture (213)
[2017.04.19-18.46.52:321][519]LogModuleManager: Shutting down and abandoning module SmartSnapping (212)
[2017.04.19-18.46.52:321][519]LogModuleManager: Shutting down and abandoning module SessionServices (211)
[2017.04.19-18.46.52:321][519]LogModuleManager: Shutting down and abandoning module ViewportSnapping (210)
[2017.04.19-18.46.52:321][519]LogModuleManager: Shutting down and abandoning module ViewportInteraction (209)
[2017.04.19-18.46.52:321][519]LogModuleManager: Shutting down and abandoning module LogVisualizer (208)
[2017.04.19-18.46.52:321][519]LogModuleManager: Shutting down and abandoning module GameProjectGeneration (207)
[2017.04.19-18.46.52:321][519]LogModuleManager: Shutting down and abandoning module IntroTutorials (206)
[2017.04.19-18.46.52:321][519]LogModuleManager: Shutting down and abandoning module EditorLiveStreaming (205)
[2017.04.19-18.46.52:321][519]LogModuleManager: Shutting down and abandoning module IOSPlatformEditor (204)
[2017.04.19-18.46.52:321][519]LogModuleManager: Shutting down and abandoning module HTML5PlatformEditor (203)
[2017.04.19-18.46.52:321][519]LogModuleManager: Shutting down and abandoning module AndroidDeviceDetection (202)
[2017.04.19-18.46.52:675][519]LogModuleManager: Shutting down and abandoning module AndroidPlatformEditor (201)
[2017.04.19-18.46.52:675][519]LogModuleManager: Shutting down and abandoning module IOSRuntimeSettings (200)
[2017.04.19-18.46.52:675][519]LogModuleManager: Shutting down and abandoning module AndroidRuntimeSettings (199)
[2017.04.19-18.46.52:675][519]LogModuleManager: Shutting down and abandoning module InputBindingEditor (198)
[2017.04.19-18.46.52:675][519]LogModuleManager: Shutting down and abandoning module NiagaraEditor (197)
[2017.04.19-18.46.52:675][519]LogModuleManager: Shutting down and abandoning module MergeActors (196)
[2017.04.19-18.46.52:675][519]LogModuleManager: Shutting down and abandoning module SizeMap (195)
[2017.04.19-18.46.52:675][519]LogModuleManager: Shutting down and abandoning module TreeMap (194)
[2017.04.19-18.46.52:675][519]LogModuleManager: Shutting down and abandoning module ReferenceViewer (193)
[2017.04.19-18.46.52:675][519]LogModuleManager: Shutting down and abandoning module LocalizationService (192)
[2017.04.19-18.46.52:675][519]LogModuleManager: Shutting down and abandoning module LocalizationDashboard (191)
[2017.04.19-18.46.52:675][519]LogModuleManager: Shutting down and abandoning module HardwareTargeting (190)
[2017.04.19-18.46.52:675][519]LogModuleManager: Shutting down and abandoning module DeviceProfileEditor (189)
[2017.04.19-18.46.52:675][519]LogModuleManager: Shutting down and abandoning module UndoHistory (188)
[2017.04.19-18.46.52:675][519]LogModuleManager: Shutting down and abandoning module UserFeedback (187)
[2017.04.19-18.46.52:675][519]LogModuleManager: Shutting down and abandoning module XmlParser (186)
[2017.04.19-18.46.52:675][519]LogModuleManager: Shutting down and abandoning module Blutility (185)
[2017.04.19-18.46.52:676][519]LogModuleManager: Shutting down and abandoning module ProjectTargetPlatformEditor (184)
[2017.04.19-18.46.52:676][519]LogModuleManager: Shutting down and abandoning module ProjectSettingsViewer (183)
[2017.04.19-18.46.52:676][519]LogModuleManager: Shutting down and abandoning module EditorSettingsViewer (182)
[2017.04.19-18.46.52:676][519]LogModuleManager: Shutting down and abandoning module SettingsEditor (181)
[2017.04.19-18.46.52:676][519]LogModuleManager: Shutting down and abandoning module ProjectLauncher (180)
[2017.04.19-18.46.52:676][519]LogModuleManager: Shutting down and abandoning module SessionFrontend (179)
[2017.04.19-18.46.52:676][519]LogModuleManager: Shutting down and abandoning module ProfilerClient (178)
[2017.04.19-18.46.52:676][519]LogModuleManager: Shutting down and abandoning module TargetDeviceServices (177)
[2017.04.19-18.46.52:676][519]LogModuleManager: Shutting down and abandoning module DeviceManager (176)
[2017.04.19-18.46.52:720][519]LogModuleManager: Shutting down and abandoning module AutomationController (175)
[2017.04.19-18.46.52:720][519]LogModuleManager: Shutting down and abandoning module AutomationWindow (174)
[2017.04.19-18.46.52:720][519]LogModuleManager: Shutting down and abandoning module Layers (173)
[2017.04.19-18.46.52:720][519]LogModuleManager: Shutting down and abandoning module ComponentVisualizers (172)
[2017.04.19-18.46.52:720][519]LogModuleManager: Shutting down and abandoning module DetailCustomizations (171)
[2017.04.19-18.46.52:720][519]LogModuleManager: Shutting down and abandoning module PackagesDialog (170)
[2017.04.19-18.46.52:720][519]LogModuleManager: Shutting down and abandoning module AnimGraph (169)
[2017.04.19-18.46.52:720][519]LogModuleManager: Shutting down and abandoning module Persona (168)
[2017.04.19-18.46.52:720][519]LogModuleManager: Shutting down and abandoning module Kismet (167)
[2017.04.19-18.46.52:721][519]LogModuleManager: Shutting down and abandoning module GraphEditor (166)
[2017.04.19-18.46.52:721][519]LogModuleManager: Shutting down and abandoning module ClassViewer (165)
[2017.04.19-18.46.52:721][519]LogModuleManager: Shutting down and abandoning module Toolbox (164)
[2017.04.19-18.46.52:721][519]LogModuleManager: Shutting down and abandoning module ModuleUI (163)
[2017.04.19-18.46.52:721][519]LogModuleManager: Shutting down and abandoning module MovieSceneTools (162)
[2017.04.19-18.46.52:721][519]LogModuleManager: Shutting down and abandoning module OutputLog (161)
[2017.04.19-18.46.52:721][519]LogModuleManager: Shutting down and abandoning module GammaUI (160)
[2017.04.19-18.46.52:721][519]LogModuleManager: Shutting down and abandoning module Documentation (159)
[2017.04.19-18.46.52:721][519]LogModuleManager: Shutting down and abandoning module Niagara (158)
[2017.04.19-18.46.52:721][519]LogModuleManager: Shutting down and abandoning module StreamingPauseRendering (157)
[2017.04.19-18.46.52:721][519]LogModuleManager: Shutting down and abandoning module AnalyticsET (156)
[2017.04.19-18.46.52:721][519]LogModuleManager: Shutting down and abandoning module PortalServices (155)
[2017.04.19-18.46.52:721][519]LogModuleManager: Shutting down and abandoning module PortalRpc (154)
[2017.04.19-18.46.52:721][519]LogModuleManager: Shutting down and abandoning module MessagingRpc (153)
[2017.04.19-18.46.52:721][519]LogModuleManager: Shutting down and abandoning module GameplayDebugger (152)
[2017.04.19-18.46.52:721][519]LogModuleManager: Shutting down and abandoning module AITestSuite (151)
[2017.04.19-18.46.52:721][519]LogModuleManager: Shutting down and abandoning module AIModule (150)
[2017.04.19-18.46.52:721][519]LogModuleManager: Shutting down and abandoning module ProfilerService (149)
[2017.04.19-18.46.52:761][519]LogModuleManager: Shutting down and abandoning module TaskGraph (148)
[2017.04.19-18.46.52:761][519]LogModuleManager: Shutting down and abandoning module SubstanceEditor (147)
[2017.04.19-18.46.52:761][519]LogModuleManager: Shutting down and abandoning module SlateRemote (146)
[2017.04.19-18.46.52:761][519]LogModuleManager: Shutting down and abandoning module SteamVRController (145)
[2017.04.19-18.46.52:761][519]LogModuleManager: Shutting down and abandoning module SteamVR (144)
[2017.04.19-18.46.52:761][519]LogModuleManager: Shutting down and abandoning module SoundVisualizations (143)
[2017.04.19-18.46.52:761][519]LogModuleManager: Shutting down and abandoning module ProceduralMeshComponentEditor (142)
[2017.04.19-18.46.52:761][519]LogModuleManager: Shutting down and abandoning module ProceduralMeshComponent (141)
[2017.04.19-18.46.52:761][519]LogModuleManager: Shutting down and abandoning module OculusLibrary (140)
[2017.04.19-18.46.52:761][519]LogModuleManager: Shutting down and abandoning module OculusInput (139)
[2017.04.19-18.46.52:761][519]LogModuleManager: Shutting down and abandoning module MobilePatchingUtils (138)
[2017.04.19-18.46.52:761][519]LogModuleManager: Shutting down and abandoning module CustomMeshComponent (137)
[2017.04.19-18.46.52:761][519]LogModuleManager: Shutting down and abandoning module CableComponent (136)
[2017.04.19-18.46.52:761][519]LogModuleManager: Shutting down and abandoning module ArchVisCharacter (135)
[2017.04.19-18.46.52:761][519]LogModuleManager: Shutting down and abandoning module MediaPlayerEditor (133)
[2017.04.19-18.46.52:761][519]LogModuleManager: Shutting down and abandoning module HTML5Networking (132)
[2017.04.19-18.46.52:761][519]LogModuleManager: Shutting down and abandoning module GeometryCacheEd (131)
[2017.04.19-18.46.52:761][519]LogModuleManager: Shutting down and abandoning module GeometryCache (130)
[2017.04.19-18.46.52:761][519]LogModuleManager: Shutting down and abandoning module AlembicLibrary (129)
[2017.04.19-18.46.52:761][519]LogModuleManager: Shutting down and abandoning module AlembicImporter (128)
[2017.04.19-18.46.52:761][519]LogModuleManager: Shutting down and abandoning module SuperSearch (127)
[2017.04.19-18.46.52:761][519]LogModuleManager: Shutting down and abandoning module SuperSearchEditor (126)
[2017.04.19-18.46.52:761][519]LogModuleManager: Shutting down and abandoning module SpeedTreeImporter (125)
[2017.04.19-18.46.52:761][519]LogModuleManager: Shutting down and abandoning module PluginBrowser (124)
[2017.04.19-18.46.52:762][519]LogModuleManager: Shutting down and abandoning module MobileLauncherProfileWizard (123)
[2017.04.19-18.46.52:762][519]LogModuleManager: Shutting down and abandoning module EpicSurvey (122)
[2017.04.19-18.46.52:762][519]LogModuleManager: Shutting down and abandoning module DesktopPlatform (121)
[2017.04.19-18.46.52:762][519]LogModuleManager: Shutting down and abandoning module VisualStudioSourceCodeAccess (120)
[2017.04.19-18.46.52:762][519]LogModuleManager: Shutting down and abandoning module UObjectPlugin (119)
[2017.04.19-18.46.52:762][519]LogModuleManager: Shutting down and abandoning module SubversionSourceControl (118)
[2017.04.19-18.46.52:762][519]LogModuleManager: Shutting down and abandoning module PerforceSourceControl (117)
[2017.04.19-18.46.52:762][519]LogModuleManager: Shutting down and abandoning module SourceControl (116)
[2017.04.19-18.46.52:762][519]LogModuleManager: Shutting down and abandoning module GitSourceControl (115)
[2017.04.19-18.46.52:762][519]LogModuleManager: Shutting down and abandoning module LightPropagationVolumeEditor (114)
[2017.04.19-18.46.52:762][519]LogModuleManager: Shutting down and abandoning module PaperTiledImporter (113)
[2017.04.19-18.46.52:762][519]LogModuleManager: Shutting down and abandoning module PaperSpriteSheetImporter (112)
[2017.04.19-18.46.52:762][519]LogModuleManager: Shutting down and abandoning module MeshPaint (111)
[2017.04.19-18.46.52:762][519]LogModuleManager: Shutting down and abandoning module PixelInspectorModule (110)
[2017.04.19-18.46.52:762][519]LogModuleManager: Shutting down and abandoning module HotReload (109)
[2017.04.19-18.46.52:762][519]LogModuleManager: Shutting down and abandoning module MainFrame (108)
[2017.04.19-18.46.52:762][519]LogModuleManager: Shutting down and abandoning module LevelEditor (107)
[2017.04.19-18.46.52:763][519]LogModuleManager: Shutting down and abandoning module ContentBrowser (106)
[2017.04.19-18.46.52:764][519]LogModuleManager: Shutting down and abandoning module Paper2DEditor (105)
[2017.04.19-18.46.52:764][519]LogModuleManager: Shutting down and abandoning module UdpMessaging (104)
[2017.04.19-18.46.52:864][519]LogModuleManager: Shutting down and abandoning module TcpMessaging (103)
[2017.04.19-18.46.52:965][519]LogModuleManager: Shutting down and abandoning module SubstanceCore (102)
[2017.04.19-18.46.52:965][519]LogModuleManager: Shutting down and abandoning module LightPropagationVolumeRuntime (101)
[2017.04.19-18.46.52:965][519]LogModuleManager: Shutting down and abandoning module Paper2D (100)
[2017.04.19-18.46.52:965][519]LogModuleManager: Shutting down and abandoning module WindowsMoviePlayer (99)
[2017.04.19-18.46.52:965][519]LogModuleManager: Shutting down and abandoning module WmfMedia (98)
[2017.04.19-18.46.52:965][519]LogModuleManager: Shutting down and abandoning module MediaAssets (97)
[2017.04.19-18.46.52:965][519]LogModuleManager: Shutting down and abandoning module GameLiveStreaming (96)
[2017.04.19-18.46.52:965][519]LogModuleManager: Shutting down and abandoning module GameplayTagsEditor (95)
[2017.04.19-18.46.52:965][519]LogModuleManager: Shutting down and abandoning module VREditor (94)
[2017.04.19-18.46.52:965][519]LogModuleManager: Shutting down and abandoning module GameplayTasksEditor (93)
[2017.04.19-18.46.52:965][519]LogModuleManager: Shutting down and abandoning module BehaviorTreeEditor (92)
[2017.04.19-18.46.52:965][519]LogModuleManager: Shutting down and abandoning module FunctionalTesting (91)
[2017.04.19-18.46.52:965][519]LogModuleManager: Shutting down and abandoning module CollisionAnalyzer (90)
[2017.04.19-18.46.52:965][519]LogModuleManager: Shutting down and abandoning module Sequencer (89)
[2017.04.19-18.46.52:965][519]LogModuleManager: Shutting down and abandoning module WorkspaceMenuStructure (88)
[2017.04.19-18.46.52:965][519]LogModuleManager: Shutting down and abandoning module MessageLog (87)
[2017.04.19-18.46.52:965][519]LogModuleManager: Shutting down and abandoning module AssetTools (86)
[2017.04.19-18.46.52:965][519]LogModuleManager: Shutting down and abandoning module UMGEditor (85)
[2017.04.19-18.46.52:965][519]LogModuleManager: Shutting down and abandoning module UMG (84)
[2017.04.19-18.46.52:965][519]LogModuleManager: Shutting down and abandoning module SlateReflector (83)
[2017.04.19-18.46.52:965][519]LogModuleManager: Shutting down and abandoning module Slate (82)
[2017.04.19-18.46.52:965][519]LogModuleManager: Shutting down and abandoning module EditorStyle (81)
[2017.04.19-18.46.52:967][519]LogModuleManager: Shutting down and abandoning module SourceCodeAccess (80)
[2017.04.19-18.46.52:967][519]LogModuleManager: Shutting down and abandoning module HeadMountedDisplay (79)
[2017.04.19-18.46.52:967][519]LogModuleManager: Shutting down and abandoning module XAudio2 (78)
[2017.04.19-18.46.52:967][519]LogModuleManager: Shutting down and abandoning module Networking (76)
[2017.04.19-18.46.52:967][519]LogModuleManager: Shutting down and abandoning module Core (75)
[2017.04.19-18.46.52:967][519]LogModuleManager: Shutting down and abandoning module DirectoryWatcher (74)
[2017.04.19-18.46.52:967][519]LogDirectoryWatcher: A directory notification for '../../../Engine/Content/' was aborted.
[2017.04.19-18.46.52:967][519]LogDirectoryWatcher: A directory notification for '../../../../../../Users/SIG Student/Desktop/final-project-magic-muffin/Content/' was aborted.
[2017.04.19-18.46.52:967][519]LogDirectoryWatcher: A directory notification for '../../../Engine/Plugins/2D/Paper2D/Content/' was aborted.
[2017.04.19-18.46.52:968][519]LogModuleManager: Shutting down and abandoning module AssetRegistry (73)
[2017.04.19-18.46.53:060][519]LogModuleManager: Shutting down and abandoning module KismetCompiler (72)
[2017.04.19-18.46.53:060][519]LogModuleManager: Shutting down and abandoning module PhysXFormats (71)
[2017.04.19-18.46.53:060][519]LogModuleManager: Shutting down and abandoning module SimplygonSwarm (70)
[2017.04.19-18.46.53:060][519]LogModuleManager: Shutting down and abandoning module SimplygonMeshReduction (69)
[2017.04.19-18.46.53:060][519]LogModuleManager: Shutting down and abandoning module QuadricMeshReduction (68)
[2017.04.19-18.46.53:060][519]LogModuleManager: Shutting down and abandoning module PropertyEditor (67)
[2017.04.19-18.46.53:060][519]LogModuleManager: Shutting down and abandoning module MeshUtilities (66)
[2017.04.19-18.46.53:060][519]LogModuleManager: Shutting down and abandoning module DerivedDataCache (65)
[2017.04.19-18.46.53:064][519]LogDerivedDataCache: Shutdown
[2017.04.19-18.46.53:064][519]LogModuleManager: Shutting down and abandoning module VulkanShaderFormat (64)
[2017.04.19-18.46.53:064][519]LogModuleManager: Shutting down and abandoning module ShaderFormatOpenGL (63)
[2017.04.19-18.46.53:064][519]LogModuleManager: Shutting down and abandoning module ShaderFormatD3D (62)
[2017.04.19-18.46.53:064][519]LogModuleManager: Shutting down and abandoning module MetalShaderFormat (61)
[2017.04.19-18.46.53:064][519]LogModuleManager: Shutting down and abandoning module TextureFormatUncompressed (60)
[2017.04.19-18.46.53:064][519]LogModuleManager: Shutting down and abandoning module TextureFormatPVR (59)
[2017.04.19-18.46.53:064][519]LogModuleManager: Shutting down and abandoning module TextureFormatDXT (58)
[2017.04.19-18.46.53:064][519]LogModuleManager: Shutting down and abandoning module TextureFormatIntelISPCTexComp (57)
[2017.04.19-18.46.53:064][519]LogModuleManager: Shutting down and abandoning module ImageWrapper (56)
[2017.04.19-18.46.53:064][519]LogModuleManager: Shutting down and abandoning module TextureFormatASTC (55)
[2017.04.19-18.46.53:064][519]LogModuleManager: Shutting down and abandoning module TextureFormatAndroid (54)
[2017.04.19-18.46.53:064][519]LogModuleManager: Shutting down and abandoning module AudioFormatOpus (53)
[2017.04.19-18.46.53:064][519]LogModuleManager: Shutting down and abandoning module AudioFormatOgg (52)
[2017.04.19-18.46.53:064][519]LogModuleManager: Shutting down and abandoning module AudioFormatADPCM (51)
[2017.04.19-18.46.53:064][519]LogModuleManager: Shutting down and abandoning module LinuxTargetPlatform (50)
[2017.04.19-18.46.53:064][519]LogModuleManager: Shutting down and abandoning module LinuxServerTargetPlatform (49)
[2017.04.19-18.46.53:064][519]LogModuleManager: Shutting down and abandoning module LinuxNoEditorTargetPlatform (48)
[2017.04.19-18.46.53:064][519]LogModuleManager: Shutting down and abandoning module LinuxClientTargetPlatform (47)
[2017.04.19-18.46.53:064][519]LogModuleManager: Shutting down and abandoning module TVOSTargetPlatform (46)
[2017.04.19-18.46.53:064][519]LogModuleManager: Shutting down and abandoning module Messaging (45)
[2017.04.19-18.46.53:064][519]LogModuleManager: Shutting down and abandoning module IOSTargetPlatform (44)
[2017.04.19-18.46.53:064][519]LogModuleManager: Shutting down and abandoning module HTML5TargetPlatform (43)
[2017.04.19-18.46.53:064][519]LogModuleManager: Shutting down and abandoning module Android_PVRTCTargetPlatform (42)
[2017.04.19-18.46.53:064][519]LogModuleManager: Shutting down and abandoning module Android_MultiTargetPlatform (41)
[2017.04.19-18.46.53:064][519]LogModuleManager: Shutting down and abandoning module Android_ETC2TargetPlatform (40)
[2017.04.19-18.46.53:064][519]LogModuleManager: Shutting down and abandoning module Android_ETC1TargetPlatform (39)
[2017.04.19-18.46.53:064][519]LogModuleManager: Shutting down and abandoning module Android_DXTTargetPlatform (38)
[2017.04.19-18.46.53:064][519]LogModuleManager: Shutting down and abandoning module Android_ATCTargetPlatform (37)
[2017.04.19-18.46.53:064][519]LogModuleManager: Shutting down and abandoning module Android_ASTCTargetPlatform (36)
[2017.04.19-18.46.53:064][519]LogModuleManager: Shutting down and abandoning module AndroidTargetPlatform (35)
[2017.04.19-18.46.53:064][519]LogModuleManager: Shutting down and abandoning module WindowsTargetPlatform (34)
[2017.04.19-18.46.53:064][519]LogModuleManager: Shutting down and abandoning module WindowsServerTargetPlatform (33)
[2017.04.19-18.46.53:064][519]LogModuleManager: Shutting down and abandoning module WindowsNoEditorTargetPlatform (32)
[2017.04.19-18.46.53:064][519]LogModuleManager: Shutting down and abandoning module WindowsClientTargetPlatform (31)
[2017.04.19-18.46.53:064][519]LogModuleManager: Shutting down and abandoning module MacTargetPlatform (30)
[2017.04.19-18.46.53:064][519]LogModuleManager: Shutting down and abandoning module MacServerTargetPlatform (29)
[2017.04.19-18.46.53:064][519]LogModuleManager: Shutting down and abandoning module MacNoEditorTargetPlatform (28)
[2017.04.19-18.46.53:064][519]LogModuleManager: Shutting down and abandoning module MacClientTargetPlatform (27)
[2017.04.19-18.46.53:064][519]LogModuleManager: Shutting down and abandoning module AllDesktopTargetPlatform (26)
[2017.04.19-18.46.53:064][519]LogModuleManager: Shutting down and abandoning module TargetPlatform (25)
[2017.04.19-18.46.53:064][519]LogModuleManager: Shutting down and abandoning module InputCore (24)
[2017.04.19-18.46.53:064][519]LogModuleManager: Shutting down and abandoning module Settings (23)
[2017.04.19-18.46.53:064][519]LogModuleManager: Shutting down and abandoning module OculusRift (22)
[2017.04.19-18.46.53:065][519]LogHMD: Oculus shutdown.
[2017.04.19-18.46.53:065][519]LogModuleManager: Shutting down and abandoning module ExampleDeviceProfileSelector (21)
[2017.04.19-18.46.53:065][519]LogModuleManager: Shutting down and abandoning module OnlineBlueprintSupport (20)
[2017.04.19-18.46.53:065][519]LogModuleManager: Shutting down and abandoning module OnlineSubsystem (18)
[2017.04.19-18.46.53:065][519]LogOnline:Display: Unloading online subsystem: NULL
[2017.04.19-18.46.53:065][519]LogModuleManager: Shutting down and abandoning module SSL (17)
[2017.04.19-18.46.53:067][519]LogModuleManager: Shutting down and abandoning module HTTP (16)
[2017.04.19-18.46.53:067][519]LogModuleManager: Shutting down and abandoning module XMPP (15)
[2017.04.19-18.46.53:067][519]LogModuleManager: Shutting down and abandoning module TextureCompressor (14)
[2017.04.19-18.46.53:067][519]LogModuleManager: Shutting down and abandoning module ShaderCore (13)
[2017.04.19-18.46.53:067][519]LogModuleManager: Shutting down and abandoning module Landscape (12)
[2017.04.19-18.46.53:067][519]LogModuleManager: Shutting down and abandoning module SlateRHIRenderer (11)
[2017.04.19-18.46.53:070][519]LogModuleManager: Shutting down and abandoning module OpenGLDrv (10)
[2017.04.19-18.46.53:070][519]LogModuleManager: Shutting down and abandoning module D3D11RHI (9)
[2017.04.19-18.46.53:070][519]LogModuleManager: Shutting down and abandoning module AnimGraphRuntime (8)
[2017.04.19-18.46.53:070][519]LogModuleManager: Shutting down and abandoning module Renderer (7)
[2017.04.19-18.46.53:070][519]LogModuleManager: Shutting down and abandoning module Engine (6)
[2017.04.19-18.46.53:070][519]LogModuleManager: Shutting down and abandoning module CoreUObject (5)
[2017.04.19-18.46.53:070][519]LogModuleManager: Shutting down and abandoning module NetworkFile (4)
[2017.04.19-18.46.53:070][519]LogModuleManager: Shutting down and abandoning module StreamingFile (3)
[2017.04.19-18.46.53:070][519]LogModuleManager: Shutting down and abandoning module SandboxFile (2)
[2017.04.19-18.46.53:070][519]LogModuleManager: Shutting down and abandoning module PakFile (1)
[2017.04.19-18.46.53:071][519]LogExit: Exiting.
[2017.04.19-18.46.53:090][519]Log file closed, 04/19/17 14:46:53
