Log file open, 04/20/17 01:15:50
LogInit:Display: Running engine for game: magic_muffin
LogPlatformFile: Not using cached read wrapper
LogInit:Display: RandInit(1906263913) SRandInit(1906263913).
LogTaskGraph: Started task graph with 5 named threads and 8 total threads with 1 sets of task threads.
LogStats: Stats thread started at 0.076296
LogPluginManager: Loaded Plugin Paper2D, From C:/Program Files/Epic Games/UE_4.14/Engine/Plugins/2D/Paper2D/Paper2D.uplugin
LogPluginManager: Loaded Plugin LightPropagationVolume, From C:/Program Files/Epic Games/UE_4.14/Engine/Plugins/Blendables/LightPropagationVolume/LightPropagationVolume.uplugin
LogPluginManager: Loaded Plugin BlankPlugin, From C:/Program Files/Epic Games/UE_4.14/Engine/Plugins/Developer/BlankPlugin/BlankPlugin.uplugin
LogPluginManager: Loaded Plugin CodeLiteSourceCodeAccess, From C:/Program Files/Epic Games/UE_4.14/Engine/Plugins/Developer/CodeLiteSourceCodeAccess/CodeLiteSourceCodeAccess.uplugin
LogPluginManager: Loaded Plugin GitSourceControl, From C:/Program Files/Epic Games/UE_4.14/Engine/Plugins/Developer/GitSourceControl/GitSourceControl.uplugin
LogPluginManager: Loaded Plugin KDevelopSourceCodeAccess, From C:/Program Files/Epic Games/UE_4.14/Engine/Plugins/Developer/KDevelopSourceCodeAccess/KDevelopSourceCodeAccess.uplugin
LogPluginManager: Loaded Plugin NullSourceCodeAccess, From C:/Program Files/Epic Games/UE_4.14/Engine/Plugins/Developer/NullSourceCodeAccess/NullSourceCodeAccess.uplugin
LogPluginManager: Loaded Plugin OneSkyLocalizationService, From C:/Program Files/Epic Games/UE_4.14/Engine/Plugins/Developer/OneSkyLocalizationService/OneSkyLocalizationService.uplugin
LogPluginManager: Loaded Plugin PerforceSourceControl, From C:/Program Files/Epic Games/UE_4.14/Engine/Plugins/Developer/PerforceSourceControl/PerforceSourceControl.uplugin
LogPluginManager: Loaded Plugin SubversionSourceControl, From C:/Program Files/Epic Games/UE_4.14/Engine/Plugins/Developer/SubversionSourceControl/SubversionSourceControl.uplugin
LogPluginManager: Loaded Plugin UObjectPlugin, From C:/Program Files/Epic Games/UE_4.14/Engine/Plugins/Developer/UObjectPlugin/UObjectPlugin.uplugin
LogPluginManager: Loaded Plugin VisualStudioSourceCodeAccess, From C:/Program Files/Epic Games/UE_4.14/Engine/Plugins/Developer/VisualStudioSourceCodeAccess/VisualStudioSourceCodeAccess.uplugin
LogPluginManager: Loaded Plugin XCodeSourceCodeAccess, From C:/Program Files/Epic Games/UE_4.14/Engine/Plugins/Developer/XCodeSourceCodeAccess/XCodeSourceCodeAccess.uplugin
LogPluginManager: Loaded Plugin AudioCapture, From C:/Program Files/Epic Games/UE_4.14/Engine/Plugins/Editor/AudioCapture/AudioCapture.uplugin
LogPluginManager: Loaded Plugin EpicSurvey, From C:/Program Files/Epic Games/UE_4.14/Engine/Plugins/Editor/EpicSurvey/EpicSurvey.uplugin
LogPluginManager: Loaded Plugin MacGraphicsSwitching, From C:/Program Files/Epic Games/UE_4.14/Engine/Plugins/Editor/MacGraphicsSwitching/MacGraphicsSwitching.uplugin
LogPluginManager: Loaded Plugin MobileLauncherProfileWizard, From C:/Program Files/Epic Games/UE_4.14/Engine/Plugins/Editor/MobileLauncherProfileWizard/MobileLauncherProfileWizard.uplugin
LogPluginManager: Loaded Plugin PluginBrowser, From C:/Program Files/Epic Games/UE_4.14/Engine/Plugins/Editor/PluginBrowser/PluginBrowser.uplugin
LogPluginManager: Loaded Plugin SpeedTreeImporter, From C:/Program Files/Epic Games/UE_4.14/Engine/Plugins/Editor/SpeedTreeImporter/SpeedTreeImporter.uplugin
LogPluginManager: Loaded Plugin SuperSearchEditor, From C:/Program Files/Epic Games/UE_4.14/Engine/Plugins/Editor/SuperSearchEditor/SuperSearchEditor.uplugin
LogPluginManager: Loaded Plugin AlembicImporter, From C:/Program Files/Epic Games/UE_4.14/Engine/Plugins/Experimental/AlembicImporter/AlembicImporter.uplugin
LogPluginManager: Loaded Plugin BlueprintStats, From C:/Program Files/Epic Games/UE_4.14/Engine/Plugins/Experimental/BlueprintStats/BlueprintStats.uplugin
LogPluginManager: Loaded Plugin CharacterAI, From C:/Program Files/Epic Games/UE_4.14/Engine/Plugins/Experimental/CharacterAI/CharacterAI.uplugin
LogPluginManager: Loaded Plugin CodeEditor, From C:/Program Files/Epic Games/UE_4.14/Engine/Plugins/Experimental/CodeEditor/CodeEditor.uplugin
LogPluginManager: Loaded Plugin CodeView, From C:/Program Files/Epic Games/UE_4.14/Engine/Plugins/Experimental/CodeView/CodeView.uplugin
LogPluginManager: Loaded Plugin HTML5Networking, From C:/Program Files/Epic Games/UE_4.14/Engine/Plugins/Experimental/HTML5Networking/HTML5Networking.uplugin
LogPluginManager: Loaded Plugin OSVR, From C:/Program Files/Epic Games/UE_4.14/Engine/Plugins/Experimental/OSVR/OSVR.uplugin
LogPluginManager: Loaded Plugin Phya, From C:/Program Files/Epic Games/UE_4.14/Engine/Plugins/Experimental/Phya/Phya.uplugin
LogPluginManager: Loaded Plugin SignificanceManager, From C:/Program Files/Epic Games/UE_4.14/Engine/Plugins/Experimental/SignificanceManager/SignificanceManager.uplugin
LogPluginManager: Loaded Plugin SimpleHMD, From C:/Program Files/Epic Games/UE_4.14/Engine/Plugins/Experimental/SimpleHMD/SimpleHMD.uplugin
LogPluginManager: Loaded Plugin StereoPanorama, From C:/Program Files/Epic Games/UE_4.14/Engine/Plugins/Experimental/StereoPanorama/StereoPanorama.uplugin
LogPluginManager: Loaded Plugin StructBox, From C:/Program Files/Epic Games/UE_4.14/Engine/Plugins/Experimental/StructBox/StructBox.uplugin
LogPluginManager: Loaded Plugin Substance, From C:/Program Files/Epic Games/UE_4.14/Engine/Plugins/Marketplace/Substance/Substance.uplugin
LogPluginManager: Loaded Plugin AndroidMedia, From C:/Program Files/Epic Games/UE_4.14/Engine/Plugins/Media/AndroidMedia/AndroidMedia.uplugin
LogPluginManager: Loaded Plugin AvfMedia, From C:/Program Files/Epic Games/UE_4.14/Engine/Plugins/Media/AvfMedia/AvfMedia.uplugin
LogPluginManager: Loaded Plugin MediaPlayerEditor, From C:/Program Files/Epic Games/UE_4.14/Engine/Plugins/Media/MediaPlayerEditor/MediaPlayerEditor.uplugin
LogPluginManager: Loaded Plugin WmfMedia, From C:/Program Files/Epic Games/UE_4.14/Engine/Plugins/Media/WmfMedia/WmfMedia.uplugin
LogPluginManager: Loaded Plugin MessagingDebugger, From C:/Program Files/Epic Games/UE_4.14/Engine/Plugins/Messaging/MessagingDebugger/MessagingDebugger.uplugin
LogPluginManager: Loaded Plugin TcpMessaging, From C:/Program Files/Epic Games/UE_4.14/Engine/Plugins/Messaging/TcpMessaging/TcpMessaging.uplugin
LogPluginManager: Loaded Plugin UdpMessaging, From C:/Program Files/Epic Games/UE_4.14/Engine/Plugins/Messaging/UdpMessaging/UdpMessaging.uplugin
LogPluginManager: Loaded Plugin LevelSequenceEditor, From C:/Program Files/Epic Games/UE_4.14/Engine/Plugins/MovieScene/LevelSequenceEditor/LevelSequenceEditor.uplugin
LogPluginManager: Loaded Plugin MatineeToLevelSequence, From C:/Program Files/Epic Games/UE_4.14/Engine/Plugins/MovieScene/MatineeToLevelSequence/MatineeToLevelSequence.uplugin
LogPluginManager: Loaded Plugin NetcodeUnitTest, From C:/Program Files/Epic Games/UE_4.14/Engine/Plugins/NetcodeUnitTest/NetcodeUnitTest/NetcodeUnitTest.uplugin
LogPluginManager: Loaded Plugin NUTUnrealEngine4, From C:/Program Files/Epic Games/UE_4.14/Engine/Plugins/NetcodeUnitTest/NUTUnrealEngine4/NUTUnrealEngine4.uplugin
LogPluginManager: Loaded Plugin OnlineSubsystemGameCircle, From C:/Program Files/Epic Games/UE_4.14/Engine/Plugins/Online/Android/OnlineSubsystemGameCircle/OnlineSubsystemGameCircle.uplugin
LogPluginManager: Loaded Plugin OnlineSubsystemGooglePlay, From C:/Program Files/Epic Games/UE_4.14/Engine/Plugins/Online/Android/OnlineSubsystemGooglePlay/OnlineSubsystemGooglePlay.uplugin
LogPluginManager: Loaded Plugin OnlineSubsystemIOS, From C:/Program Files/Epic Games/UE_4.14/Engine/Plugins/Online/IOS/OnlineSubsystemIOS/OnlineSubsystemIOS.uplugin
LogPluginManager: Loaded Plugin OnlineFramework, From C:/Program Files/Epic Games/UE_4.14/Engine/Plugins/Online/OnlineFramework/OnlineFramework.uplugin
LogPluginManager: Loaded Plugin OnlineSubsystem, From C:/Program Files/Epic Games/UE_4.14/Engine/Plugins/Online/OnlineSubsystem/OnlineSubsystem.uplugin
LogPluginManager: Loaded Plugin OnlineSubsystemAmazon, From C:/Program Files/Epic Games/UE_4.14/Engine/Plugins/Online/OnlineSubsystemAmazon/OnlineSubsystemAmazon.uplugin
LogPluginManager: Loaded Plugin OnlineSubsystemFacebook, From C:/Program Files/Epic Games/UE_4.14/Engine/Plugins/Online/OnlineSubsystemFacebook/OnlineSubsystemFacebook.uplugin
LogPluginManager: Loaded Plugin OnlineSubsystemNull, From C:/Program Files/Epic Games/UE_4.14/Engine/Plugins/Online/OnlineSubsystemNull/OnlineSubsystemNull.uplugin
LogPluginManager: Loaded Plugin OnlineSubsystemOculus, From C:/Program Files/Epic Games/UE_4.14/Engine/Plugins/Online/OnlineSubsystemOculus/OnlineSubsystemOculus.uplugin
LogPluginManager: Loaded Plugin OnlineSubsystemSteam, From C:/Program Files/Epic Games/UE_4.14/Engine/Plugins/Online/OnlineSubsystemSteam/OnlineSubsystemSteam.uplugin
LogPluginManager: Loaded Plugin OnlineSubsystemUtils, From C:/Program Files/Epic Games/UE_4.14/Engine/Plugins/Online/OnlineSubsystemUtils/OnlineSubsystemUtils.uplugin
LogPluginManager: Loaded Plugin IOSTapJoy, From C:/Program Files/Epic Games/UE_4.14/Engine/Plugins/Runtime/Advertising/IOSTapJoy/IOSTapJoy.uplugin
LogPluginManager: Loaded Plugin AnalyticsBlueprintLibrary, From C:/Program Files/Epic Games/UE_4.14/Engine/Plugins/Runtime/Analytics/AnalyticsBlueprintLibrary/AnalyticsBlueprintLibrary.uplugin
LogPluginManager: Loaded Plugin AnalyticsMulticast, From C:/Program Files/Epic Games/UE_4.14/Engine/Plugins/Runtime/Analytics/AnalyticsMulticast/AnalyticsMulticast.uplugin
LogPluginManager: Loaded Plugin Apsalar, From C:/Program Files/Epic Games/UE_4.14/Engine/Plugins/Runtime/Analytics/Apsalar/Apsalar.uplugin
LogPluginManager: Loaded Plugin FileLogging, From C:/Program Files/Epic Games/UE_4.14/Engine/Plugins/Runtime/Analytics/FileLogging/FileLogging.uplugin
LogPluginManager: Loaded Plugin Flurry, From C:/Program Files/Epic Games/UE_4.14/Engine/Plugins/Runtime/Analytics/Flurry/Flurry.uplugin
LogPluginManager: Loaded Plugin AndroidDeviceProfileSelector, From C:/Program Files/Epic Games/UE_4.14/Engine/Plugins/Runtime/AndroidDeviceProfileSelector/AndroidDeviceProfileSelector.uplugin
LogPluginManager: Loaded Plugin AndroidMoviePlayer, From C:/Program Files/Epic Games/UE_4.14/Engine/Plugins/Runtime/AndroidMoviePlayer/AndroidMoviePlayer.uplugin
LogPluginManager: Loaded Plugin AppleMoviePlayer, From C:/Program Files/Epic Games/UE_4.14/Engine/Plugins/Runtime/AppleMoviePlayer/AppleMoviePlayer.uplugin
LogPluginManager: Loaded Plugin ArchVisCharacter, From C:/Program Files/Epic Games/UE_4.14/Engine/Plugins/Runtime/ArchVisCharacter/ArchVisCharacter.uplugin
LogPluginManager: Loaded Plugin CableComponent, From C:/Program Files/Epic Games/UE_4.14/Engine/Plugins/Runtime/CableComponent/CableComponent.uplugin
LogPluginManager: Loaded Plugin CustomMeshComponent, From C:/Program Files/Epic Games/UE_4.14/Engine/Plugins/Runtime/CustomMeshComponent/CustomMeshComponent.uplugin
LogPluginManager: Loaded Plugin ExampleDeviceProfileSelector, From C:/Program Files/Epic Games/UE_4.14/Engine/Plugins/Runtime/ExampleDeviceProfileSelector/ExampleDeviceProfileSelector.uplugin
LogPluginManager: Loaded Plugin GearVR, From C:/Program Files/Epic Games/UE_4.14/Engine/Plugins/Runtime/GearVR/GearVR.uplugin
LogPluginManager: Loaded Plugin GoogleVRController, From C:/Program Files/Epic Games/UE_4.14/Engine/Plugins/Runtime/GoogleVR/GoogleVRController/GoogleVRController.uplugin
LogPluginManager: Loaded Plugin GoogleVRHMD, From C:/Program Files/Epic Games/UE_4.14/Engine/Plugins/Runtime/GoogleVR/GoogleVRHMD/GoogleVRHMD.uplugin
LogPluginManager: Loaded Plugin IOSDeviceProfileSelector, From C:/Program Files/Epic Games/UE_4.14/Engine/Plugins/Runtime/IOSDeviceProfileSelector/IOSDeviceProfileSelector.uplugin
LogPluginManager: Loaded Plugin LeapMotion, From C:/Program Files/Epic Games/UE_4.14/Engine/Plugins/Runtime/LeapMotion/LeapMotion.uplugin
LogPluginManager: Loaded Plugin LinuxDeviceProfileSelector, From C:/Program Files/Epic Games/UE_4.14/Engine/Plugins/Runtime/LinuxDeviceProfileSelector/LinuxDeviceProfileSelector.uplugin
LogPluginManager: Loaded Plugin MIDIDevice, From C:/Program Files/Epic Games/UE_4.14/Engine/Plugins/Runtime/MIDIDevice/MIDIDevice.uplugin
LogPluginManager: Loaded Plugin MobilePatchingUtils, From C:/Program Files/Epic Games/UE_4.14/Engine/Plugins/Runtime/MobilePatchingUtils/MobilePatchingUtils.uplugin
LogPluginManager: Loaded Plugin Ansel, From C:/Program Files/Epic Games/UE_4.14/Engine/Plugins/Runtime/Nvidia/Ansel/Ansel.uplugin
LogPluginManager: Loaded Plugin OculusAudio, From C:/Program Files/Epic Games/UE_4.14/Engine/Plugins/Runtime/OculusAudio/OculusAudio.uplugin
LogPluginManager: Loaded Plugin OculusInput, From C:/Program Files/Epic Games/UE_4.14/Engine/Plugins/Runtime/OculusInput/OculusInput.uplugin
LogPluginManager: Loaded Plugin OculusLibrary, From C:/Program Files/Epic Games/UE_4.14/Engine/Plugins/Runtime/OculusLibrary/OculusLibrary.uplugin
LogPluginManager: Loaded Plugin OculusRift, From C:/Program Files/Epic Games/UE_4.14/Engine/Plugins/Runtime/OculusRift/OculusRift.uplugin
LogPluginManager: Loaded Plugin Oodle, From C:/Program Files/Epic Games/UE_4.14/Engine/Plugins/Runtime/PacketHandlers/CompressionComponents/Oodle/Oodle.uplugin
LogPluginManager: Loaded Plugin ProceduralMeshComponent, From C:/Program Files/Epic Games/UE_4.14/Engine/Plugins/Runtime/ProceduralMeshComponent/ProceduralMeshComponent.uplugin
LogPluginManager: Loaded Plugin SoundMod, From C:/Program Files/Epic Games/UE_4.14/Engine/Plugins/Runtime/SoundMod/SoundMod.uplugin
LogPluginManager: Loaded Plugin SoundVisualizations, From C:/Program Files/Epic Games/UE_4.14/Engine/Plugins/Runtime/SoundVisualizations/SoundVisualizations.uplugin
LogPluginManager: Loaded Plugin SteamController, From C:/Program Files/Epic Games/UE_4.14/Engine/Plugins/Runtime/Steam/SteamController/SteamController.uplugin
LogPluginManager: Loaded Plugin SteamVR, From C:/Program Files/Epic Games/UE_4.14/Engine/Plugins/Runtime/Steam/SteamVR/SteamVR.uplugin
LogPluginManager: Loaded Plugin WebBrowserWidget, From C:/Program Files/Epic Games/UE_4.14/Engine/Plugins/Runtime/WebBrowserWidget/WebBrowserWidget.uplugin
LogPluginManager: Loaded Plugin WindowsDeviceProfileSelector, From C:/Program Files/Epic Games/UE_4.14/Engine/Plugins/Runtime/WindowsDeviceProfileSelector/WindowsDeviceProfileSelector.uplugin
LogPluginManager: Loaded Plugin WindowsMoviePlayer, From C:/Program Files/Epic Games/UE_4.14/Engine/Plugins/Runtime/WindowsMoviePlayer/WindowsMoviePlayer.uplugin
LogPluginManager: Loaded Plugin ScriptPlugin, From C:/Program Files/Epic Games/UE_4.14/Engine/Plugins/ScriptPlugin/ScriptPlugin.uplugin
LogPluginManager: Loaded Plugin SlateRemote, From C:/Program Files/Epic Games/UE_4.14/Engine/Plugins/Slate/SlateRemote/SlateRemote.uplugin
LogPluginManager: Loaded Plugin EditorTests, From C:/Program Files/Epic Games/UE_4.14/Engine/Plugins/Tests/EditorTests/EditorTests.uplugin
LogPluginManager: Loaded Plugin FbxAutomationTestBuilder, From C:/Program Files/Epic Games/UE_4.14/Engine/Plugins/Tests/FbxAutomationTestBuilder/FbxAutomationTestBuilder.uplugin
LogPluginManager: Loaded Plugin FunctionalTestingEditor, From C:/Program Files/Epic Games/UE_4.14/Engine/Plugins/Tests/FunctionalTestingEditor/FunctionalTestingEditor.uplugin
LogPluginManager: Loaded Plugin RuntimeTests, From C:/Program Files/Epic Games/UE_4.14/Engine/Plugins/Tests/RuntimeTests/RuntimeTests.uplugin
LogPluginManager: Loaded Plugin ScreenshotTools, From C:/Program Files/Epic Games/UE_4.14/Engine/Plugins/Tests/ScreenshotTools/ScreenshotTools.uplugin
LogInit: Using libcurl 7.47.1
LogInit:  - built for x86_64-pc-win32
LogInit:  - supports SSL with OpenSSL/1.0.2g
LogInit:  - supports HTTP deflate (compression) using libz 1.2.8
LogInit:  - other features:
LogInit:      CURL_VERSION_SSL
LogInit:      CURL_VERSION_LIBZ
LogInit:      CURL_VERSION_IPV6
LogInit:      CURL_VERSION_ASYNCHDNS
LogInit:      CURL_VERSION_LARGEFILE
LogInit:      CURL_VERSION_IDN
LogInit:  CurlRequestOptions (configurable via config and command line):
LogInit:  - bVerifyPeer = false  - Libcurl will NOT verify peer certificate
LogInit:  - bUseHttpProxy = false  - Libcurl will NOT use HTTP proxy
LogInit:  - bDontReuseConnections = false  - Libcurl will reuse connections
LogInit:  - CertBundlePath = nullptr  - Libcurl will use whatever was configured at build time.
LogInit: Build: ++UE4+Release-4.14-CL-3249277
LogInit: Engine Version: 4.14.3-3249277+++UE4+Release-4.14
LogInit: Compatible Engine Version: 4.14.0-3195953+++UE4+Release-4.14
LogInit: Net CL: 3195953
LogDevObjectVersion: Number of dev versions registered: 13
LogDevObjectVersion:   Dev-Blueprints (B0D832E4-1F89-4F0D-ACCF-7EB736FD4AA2): 7
LogDevObjectVersion:   Dev-Build (E1C64328-A22C-4D53-A36C-8E866417BD8C): 0
LogDevObjectVersion:   Dev-Core (375EC13C-06E4-48FB-B500-84F0262A717E): 1
LogDevObjectVersion:   Dev-Editor (E4B068ED-F494-42E9-A231-DA0B2E46BB41): 8
LogDevObjectVersion:   Dev-Framework (CFFC743F-43B0-4480-9391-14DF171D2073): 17
LogDevObjectVersion:   Dev-Mobile (B02B49B5-BB20-44E9-A304-32B752E40360): 0
LogDevObjectVersion:   Dev-Networking (A4E4105C-59A1-49B5-A7C5-40C4547EDFEE): 0
LogDevObjectVersion:   Dev-Online (39C831C9-5AE6-47DC-9A44-9C173E1C8E7C): 0
LogDevObjectVersion:   Dev-Physics (78F01B33-EBEA-4F98-B9B4-84EACCB95AA2): 0
LogDevObjectVersion:   Dev-Platform (6631380F-2D4D-43E0-8009-CF276956A95A): 0
LogDevObjectVersion:   Dev-Rendering (12F88B9F-8875-4AFC-A67C-D90C383ABD29): 12
LogDevObjectVersion:   Dev-Sequencer (7B5AE74C-D270-4C10-A958-57980B212A5A): 1
LogDevObjectVersion:   Dev-VR (D7296918-1DD6-4BDD-9DE2-64A83CC13884): 0
LogInit: Compiled (64-bit): Jan  6 2017 10:49:43
LogInit: Compiled with Visual C++: 19.00.23026.00
LogInit: Build Configuration: Development
LogInit: Branch Name: ++UE4+Release-4.14
LogInit: Command line:  
LogInit: Base directory: C:/Program Files/Epic Games/UE_4.14/Engine/Binaries/Win64/
LogInit: Installed Engine Build: 1
LogInit: Presizing for max 8388607 objects, including 0 objects not considered by GC, pre-allocating 0 bytes for permanent pool.
LogInit: Object subsystem initialized
[2017.04.20-05.15.50:578][  0]LogInit: Selected Device Profile: [Windows]
[2017.04.20-05.15.50:578][  0]LogInit: Applying CVar settings loaded from the selected device profile: [Windows]
[2017.04.20-05.15.50:588][  0]LogInit: Computer: SIGLAB-VR2
[2017.04.20-05.15.50:588][  0]LogInit: User: SIG
[2017.04.20-05.15.50:588][  0]LogInit: CPU Page size=65536, Cores=4
[2017.04.20-05.15.50:588][  0]LogInit: High frequency timer resolution =3.604936 MHz
[2017.04.20-05.15.50:589][  0]LogMemory: Memory total: Physical=31.9GB (32GB approx)
[2017.04.20-05.15.50:589][  0]LogMemory: Platform Memory Stats for Windows
[2017.04.20-05.15.50:589][  0]LogMemory: Process Physical Memory: 264.34 MB used, 264.34 MB peak
[2017.04.20-05.15.50:589][  0]LogMemory: Process Virtual Memory: 262.75 MB used, 262.75 MB peak
[2017.04.20-05.15.50:589][  0]LogMemory: Physical Memory: 6581.08 MB used,  26109.32 MB free, 32690.41 MB total
[2017.04.20-05.15.50:589][  0]LogMemory: Virtual Memory: 676.63 MB used,  26109.32 MB free, 134217728.00 MB total
[2017.04.20-05.15.50:611][  0]LogTextLocalizationManager: No specific translations for ('en-US') exist, so ('en') translations will be used.
[2017.04.20-05.15.51:168][  0]LogD3D11RHI: D3D11 adapters:
[2017.04.20-05.15.51:198][  0]LogD3D11RHI:    0. 'NVIDIA GeForce GTX 1070' (Feature Level 11_0)
[2017.04.20-05.15.51:198][  0]LogD3D11RHI:       8120/0/16345 MB DedicatedVideo/DedicatedSystem/SharedSystem, Outputs:2, VendorId:0x10de
[2017.04.20-05.15.51:200][  0]LogD3D11RHI:    1. 'Microsoft Basic Render Driver' (Feature Level 11_0)
[2017.04.20-05.15.51:200][  0]LogD3D11RHI:       0/0/16345 MB DedicatedVideo/DedicatedSystem/SharedSystem, Outputs:0, VendorId:0x1414
[2017.04.20-05.15.51:200][  0]LogD3D11RHI: Chosen D3D11 Adapter: 0
[2017.04.20-05.15.51:203][  0]LogD3D11RHI: Creating new Direct3DDevice
[2017.04.20-05.15.51:203][  0]LogD3D11RHI:     GPU DeviceId: 0x1b81 (for the marketing name, search the web for "GPU Device Id")
[2017.04.20-05.15.51:203][  0]LogWindows: EnumDisplayDevices:
[2017.04.20-05.15.51:204][  0]LogWindows:    0. 'NVIDIA GeForce GTX 1070' (P:1 D:1)
[2017.04.20-05.15.51:204][  0]LogWindows:    1. 'NVIDIA GeForce GTX 1070' (P:0 D:1)
[2017.04.20-05.15.51:204][  0]LogWindows:    2. 'NVIDIA GeForce GTX 1070' (P:0 D:0)
[2017.04.20-05.15.51:204][  0]LogWindows:    3. 'NVIDIA GeForce GTX 1070' (P:0 D:0)
[2017.04.20-05.15.51:204][  0]LogWindows: DebugString: FoundDriverCount:4 
[2017.04.20-05.15.51:204][  0]LogD3D11RHI:     Adapter Name: NVIDIA GeForce GTX 1070
[2017.04.20-05.15.51:204][  0]LogD3D11RHI:   Driver Version: 378.49 (internal:21.21.13.7849, unified:378.49)
[2017.04.20-05.15.51:204][  0]LogD3D11RHI:      Driver Date: 1-20-2017
[2017.04.20-05.15.51:204][  0]LogRHI: Texture pool is 1361 MB (70% of 1945 MB)
[2017.04.20-05.15.51:222][  0]LogD3D11RHI: Async texture creation enabled
[2017.04.20-05.15.51:232][  0]LogD3D11RHI: GPU Timing Frequency: 1000.000000 (Debug: 2 1)
[2017.04.20-05.15.51:233][  0]LogShaderCompilers: Guid format shader working directory is -18 characters bigger than the processId version (../../../../../../Users/SIG/Desktop/final-project-magic-muffin/Intermediate/Shaders/WorkingDirectory/2776/).
[2017.04.20-05.15.51:233][  0]LogShaderCompilers: Cleaned the shader compiler working directory 'C:/Users/SIG/AppData/Local/Temp/UnrealShaderWorkingDir/909F067F4641BD63FBEAC8BD5CB827CD/'.
[2017.04.20-05.15.51:233][  0]LogShaderCompilers:Display: Using Local Shader Compiler.
[2017.04.20-05.15.52:244][  0]LogTemp:Display: Loaded TP AllDesktopTargetPlatform
[2017.04.20-05.15.52:291][  0]LogTemp:Display: Loaded TP MacClientTargetPlatform
[2017.04.20-05.15.52:338][  0]LogTemp:Display: Loaded TP MacNoEditorTargetPlatform
[2017.04.20-05.15.52:387][  0]LogTemp:Display: Loaded TP MacServerTargetPlatform
[2017.04.20-05.15.52:435][  0]LogTemp:Display: Loaded TP MacTargetPlatform
[2017.04.20-05.15.52:485][  0]LogTemp:Display: Loaded TP WindowsClientTargetPlatform
[2017.04.20-05.15.52:533][  0]LogTemp:Display: Loaded TP WindowsNoEditorTargetPlatform
[2017.04.20-05.15.52:581][  0]LogTemp:Display: Loaded TP WindowsServerTargetPlatform
[2017.04.20-05.15.52:619][  0]LogTemp:Display: Loaded TP WindowsTargetPlatform
[2017.04.20-05.15.52:666][  0]LogTemp:Display: Loaded TP AndroidTargetPlatform
[2017.04.20-05.15.52:713][  0]LogTemp:Display: Loaded TP Android_ASTCTargetPlatform
[2017.04.20-05.15.52:760][  0]LogTemp:Display: Loaded TP Android_ATCTargetPlatform
[2017.04.20-05.15.52:806][  0]LogTemp:Display: Loaded TP Android_DXTTargetPlatform
[2017.04.20-05.15.52:853][  0]LogTemp:Display: Loaded TP Android_ETC1TargetPlatform
[2017.04.20-05.15.52:899][  0]LogTemp:Display: Loaded TP Android_ETC2TargetPlatform
[2017.04.20-05.15.52:993][  0]LogTemp:Display: Loaded TP Android_MultiTargetPlatform
[2017.04.20-05.15.52:993][  0]LogTemp:Display: Loaded TP Android_PVRTCTargetPlatform
[2017.04.20-05.15.53:026][  0]LogTemp:Display: Loaded TP HTML5TargetPlatform
[2017.04.20-05.15.53:103][  0]LogTemp:Display: Loaded TP IOSTargetPlatform
[2017.04.20-05.15.53:133][  0]LogTemp:Display: Loaded TP TVOSTargetPlatform
[2017.04.20-05.15.53:181][  0]LogTemp:Display: Loaded TP LinuxClientTargetPlatform
[2017.04.20-05.15.53:226][  0]LogTemp:Display: Loaded TP LinuxNoEditorTargetPlatform
[2017.04.20-05.15.53:275][  0]LogTemp:Display: Loaded TP LinuxServerTargetPlatform
[2017.04.20-05.15.53:322][  0]LogTemp:Display: Loaded TP LinuxTargetPlatform
[2017.04.20-05.15.53:322][  0]LogTargetPlatformManager:Display: Building Assets For Windows
[2017.04.20-05.15.53:682][  0]LogDerivedDataCache:Display: Max Cache Size: 512 MB
[2017.04.20-05.15.53:734][  0]LogDerivedDataCache: Loaded boot cache 0.05s 50MB C:/Users/SIG/AppData/Local/UnrealEngine/4.14/DerivedDataCache/Boot.ddc.
[2017.04.20-05.15.53:734][  0]LogDerivedDataCache:Display: Loaded Boot cache: C:/Users/SIG/AppData/Local/UnrealEngine/4.14/DerivedDataCache/Boot.ddc
[2017.04.20-05.15.53:734][  0]LogDerivedDataCache: FDerivedDataBackendGraph:  Pak pak cache file ../../../../../../Users/SIG/Desktop/final-project-magic-muffin/DerivedDataCache/DDC.ddp not found, will not use a pak cache.
[2017.04.20-05.15.53:734][  0]LogDerivedDataCache: Unable to find inner node Pak for hierarchical cache Hierarchy.
[2017.04.20-05.15.53:734][  0]LogDerivedDataCache: FDerivedDataBackendGraph:  CompressedPak pak cache file ../../../../../../Users/SIG/Desktop/final-project-magic-muffin/DerivedDataCache/Compressed.ddp not found, will not use a pak cache.
[2017.04.20-05.15.53:734][  0]LogDerivedDataCache: Unable to find inner node CompressedPak for hierarchical cache Hierarchy.
[2017.04.20-05.15.53:749][  0]LogDerivedDataCache:Display: Pak cache opened for reading ../../../Engine/DerivedDataCache/Compressed.ddp.
[2017.04.20-05.15.53:761][  0]LogDerivedDataCache: Using Local data cache path C:/Users/SIG/AppData/Local/UnrealEngine/Common/DerivedDataCache: Writable
[2017.04.20-05.15.53:935][  0]LogInit: Selected Device Profile: [Windows]
[2017.04.20-05.15.53:938][  0]LogContentStreaming: Texture pool size is 0.00 MB
[2017.04.20-05.15.54:117][  0]LogMeshUtilities: Using QuadricMeshReduction for automatic static mesh reduction
[2017.04.20-05.15.54:154][  0]LogSimplygon: Simplygon DLL not present - disabling.
[2017.04.20-05.15.54:195][  0]LogMeshUtilities: Using SimplygonSwarm for distributed automatic mesh merging
[2017.04.20-05.15.54:195][  0]LogMeshUtilities: No automatic skeletal mesh reduction module available
[2017.04.20-05.15.54:195][  0]LogMeshUtilities: No automatic mesh merging module available
[2017.04.20-05.15.54:631][  0]LogNetVersion: GetLocalNetworkVersion: CL: 3195953, ProjectName: magic_muffin, ProjectVersion: , EngineNetworkVersion: 2, GameNetworkVersion: 0, NetworkChecksum: 3102453254
[2017.04.20-05.15.54:684][  0]LogAssetRegistry: FAssetRegistry took 0.0210 seconds to start up
[2017.04.20-05.15.54:729][  0]LogPackageLocalizationCache: Processed 3 localized package path(s) for 2 prioritized culture(s) in 0.023552 seconds
[2017.04.20-05.15.54:735][  0]LogUObjectArray: 31946 objects as part of root set at end of initial load.
[2017.04.20-05.15.54:735][  0]LogUObjectAllocator: 6935848 out of 0 bytes used by permanent object pool.
[2017.04.20-05.15.54:735][  0]LogUObjectArray: CloseDisregardForGC: 0/0 objects in disregard for GC pool
[2017.04.20-05.15.54:789][  0]LogInit: WinSock: version 1.1 (2.2), MaxSocks=32767, MaxUdp=65467
[2017.04.20-05.15.55:465][  0]LogSlate: Using Freetype 2.6.0
[2017.04.20-05.15.55:466][  0]LogSlate: SlateFontCache - WITH_FREETYPE: 1, WITH_HARFBUZZ: 1
[2017.04.20-05.15.55:466][  0]LogSlate: SlateFontCache - WITH_FREETYPE: 1, WITH_HARFBUZZ: 1
[2017.04.20-05.15.56:168][  0]LogSubstanceCoreModule: Substance [CPU] Engine Loaded, Max Texture Size = 2048
[2017.04.20-05.15.56:195][  0]LogTcpMessaging: Initializing TcpMessaging bridge
[2017.04.20-05.15.56:232][  0]LogUdpMessaging: Initializing bridge on interface 0.0.0.0:0 to multicast group 230.0.0.1:6666.
[2017.04.20-05.15.56:501][  0]LogMaterial: Uniform references updated for custom material expression Custom.
[2017.04.20-05.15.56:834][  0]SourceControl: Info Source control is disabled
[2017.04.20-05.15.56:856][  0]SourceControl: Info Source control is disabled
[2017.04.20-05.15.56:896][  0]SourceControl: Info Source control is disabled
[2017.04.20-05.15.56:936][  0]SourceControl: Info Source control is disabled
[2017.04.20-05.15.58:139][  0]LogEngine: Initializing Engine...
[2017.04.20-05.15.58:159][  0]LogHMD: SteamVR initialized.  Driver: lighthouse  Display: LHR-8813B57A
[2017.04.20-05.15.58:369][  0]LogAIModule: Creating AISystem for world Untitled
[2017.04.20-05.15.58:393][  0]LogInit: XAudio2 using 'Speakers / Headphones (Realtek Audio)' : 2 channels at 48 kHz using 32 bits per sample (channel mask 0x3)
[2017.04.20-05.15.58:406][  0]LogInit: FAudioDevice initialized.
[2017.04.20-05.15.58:431][  0]LogDerivedDataCache: Saved boot cache 0.02s 50MB C:/Users/SIG/AppData/Local/UnrealEngine/4.14/DerivedDataCache/Boot.ddc.
[2017.04.20-05.15.58:439][  0]LogInit: Texture streaming: Enabled
[2017.04.20-05.15.58:602][  0]LogWindowsTextInputMethodSystem:Display: IME system now deactivated.
[2017.04.20-05.15.58:628][  0]LogInit: Transaction tracking system initialized
[2017.04.20-05.15.58:939][  0]BlueprintLog: New page: Editor Load
[2017.04.20-05.15.59:779][  0]LocalizationService: Info Localization service is disabled
[2017.04.20-05.16.00:418][  0]LogConsoleResponse:Display: 
[2017.04.20-05.16.00:550][  0]LogCook:Display: Max memory allowance for cook 16384mb min free memory 0mb
[2017.04.20-05.16.00:550][  0]LogCook:Display: Mobile HDR setting 1
[2017.04.20-05.16.00:768][  0]LogFileCache: Scanning file cache for directory 'C:/Users/SIG/Desktop/final-project-magic-muffin/Content/' took 0.02s
[2017.04.20-05.16.01:574][  0]SourceControl: Info Source control is disabled
[2017.04.20-05.16.01:574][  0]Cmd: MAP LOAD FILE="../../../../../../Users/SIG/Desktop/final-project-magic-muffin/Content/FirstPersonBP/Maps/OfficeRoom.umap" TEMPLATE=0 SHOWPROGRESS=1 FEATURELEVEL=3
[2017.04.20-05.16.01:575][  0]LightingResults: New page: Lighting Build
[2017.04.20-05.16.01:617][  0]MapCheck: New page: Map Check
[2017.04.20-05.16.01:617][  0]LightingResults: New page: Lighting Build
[2017.04.20-05.16.01:677][  0]LogAIModule: Creating AISystem for world OfficeRoom
[2017.04.20-05.16.01:682][  0]LogEditorServer: Finished looking for orphan Actors (0.000 secs)
[2017.04.20-05.16.01:682][  0]Cmd: MAP CHECKDEP NOCLEARLOG
[2017.04.20-05.16.01:719][  0]MapCheck: Info Map check complete: 0 Error(s), 0 Warning(s), took 36.865ms to complete.
[2017.04.20-05.16.01:719][  0]LogFileHelpers: Loading map 'OfficeRoom' took 0.145
[2017.04.20-05.16.01:850][  0]LogCollectionManager: Loaded 0 collections in 0.002158 seconds
[2017.04.20-05.16.01:929][  0]LogFileCache: Scanning file cache for directory 'C:/Users/SIG/Desktop/final-project-magic-muffin/Saved/Collections/' took 0.01s
[2017.04.20-05.16.01:929][  0]LogFileCache: Scanning file cache for directory 'C:/Users/SIG/Desktop/final-project-magic-muffin/Content/Developers/SIG/Collections/' took 0.01s
[2017.04.20-05.16.01:929][  0]LogFileCache: Scanning file cache for directory 'C:/Users/SIG/Desktop/final-project-magic-muffin/Content/Collections/' took 0.01s
[2017.04.20-05.16.01:929][  0]LogCollectionManager: Rebuilt the GUID cache for 0 collections in 0.000001 seconds
[2017.04.20-05.16.01:937][  0]LogContentBrowser: Native class hierarchy populated in 0.0078 seconds. Added 2205 classes and 437 folders.
[2017.04.20-05.16.01:974][  0]LogStats: UGameplayTagsManager::ConstructGameplayTagTree: Construct from data asset -  0.000 s
[2017.04.20-05.16.01:974][  0]LogStats: UGameplayTagsManager::ConstructGameplayTagTree: GameplayTagTreeChangedEvent.Broadcast -  0.000 s
[2017.04.20-05.16.01:974][  0]LogContentBrowser: Native class hierarchy updated for 'GameplayTags' in 0.0005 seconds. Added 13 classes and 0 folders.
[2017.04.20-05.16.02:030][  0]LogContentBrowser: Native class hierarchy updated for 'WidgetCarousel' in 0.0004 seconds. Added 0 classes and 0 folders.
[2017.04.20-05.16.02:062][  0]LogContentBrowser: Native class hierarchy updated for 'AddContentDialog' in 0.0004 seconds. Added 0 classes and 0 folders.
[2017.04.20-05.16.02:098][  0]LogContentBrowser: Native class hierarchy updated for 'SceneOutliner' in 0.0005 seconds. Added 1 classes and 2 folders.
[2017.04.20-05.16.02:133][  0]LogCrashTracker: Crashtracker disabled due to settings.
[2017.04.20-05.16.02:137][  0]LogUObjectGlobals:Warning: Failed to find object 'Class None.'
[2017.04.20-05.16.02:197][  0]LogContentBrowser: Native class hierarchy updated for 'HierarchicalLODOutliner' in 0.0005 seconds. Added 1 classes and 2 folders.
[2017.04.20-05.16.02:197][  0]LogLoad: (Engine Initialization) Total time: 13.08 seconds
[2017.04.20-05.16.02:197][  0]LogLoad: (Engine Initialization) Total Blueprint compile time: 0.04 seconds
[2017.04.20-05.16.02:197][  0]LogExternalProfiler: Found external profiler: VSPerf
[2017.04.20-05.16.02:197][  0]LogExternalProfiler: Using external profiler: VSPerf
[2017.04.20-05.16.02:206][  0]LogOcInput: OculusInput pre-init called
[2017.04.20-05.16.02:236][  0]LogContentStreaming: Texture pool size now 1000 MB
[2017.04.20-05.16.02:360][  0]LogRenderer: Reallocating scene render targets to support 1216x568 NumSamples 1 (Frame:2).
[2017.04.20-05.16.02:410][  1]LogFileCache: Retrieving MD5 hashes for directory 'C:/Users/SIG/Desktop/final-project-magic-muffin/Content/' took 0.19s
[2017.04.20-05.16.02:428][  1]LogAssetRegistry: Asset discovery search completed in 7.7653 seconds
[2017.04.20-05.16.02:428][  1]LogCollectionManager: Rebuilt the object cache for 0 collections in 0.000001 seconds (found 0 objects)
[2017.04.20-05.16.02:428][  1]LogCollectionManager: Fixed up redirectors for 0 collections in 0.000012 seconds (updated 0 objects)
[2017.04.20-05.16.16:598][663]LogBlueprint:Warning: [Compiler Viz_Cylinder_BP] Warning Node  K2Node_EaseFunction_0 . The node won't be pruned as isolated one. The node is not pure, but it has no exec pin(s). Verify IsNodePure implementation in K2Node Ease Function.
[2017.04.20-05.16.16:599][663]LogBlueprint:Warning: [Compiler Viz_Cylinder_BP] Warning Node  K2Node_EaseFunction_0 . The node won't be pruned as isolated one. The node is not pure, but it has no exec pin(s). Verify IsNodePure implementation in K2Node Ease Function.
[2017.04.20-05.16.16:600][663]LogBlueprint:Warning: [Compiler Viz_Cylinder_BP] Warning [0027.48] Compile of Viz_Cylinder_BP successful, but with 2 Warning(s) [in 3 ms] (/Game/FirstPersonBP/Blueprints/Viz_Cylinder_BP.Viz_Cylinder_BP)
[2017.04.20-05.16.16:600][663]LogBlueprint:Warning: [Compiler Viz_Cylinder_BP] Warning [0027.48] Compile of Viz_Cylinder_BP successful, but with 3 Warning(s) [in 0 ms] (/Game/FirstPersonBP/Blueprints/Viz_Cylinder_BP.Viz_Cylinder_BP)
[2017.04.20-05.16.16:600][663]LogBlueprint:Warning: [Compiler Viz_Cylinder_BP] Warning [0027.48] Compile of Viz_Cylinder_BP successful, but with 4 Warning(s) [in 0 ms] (/Game/FirstPersonBP/Blueprints/Viz_Cylinder_BP.Viz_Cylinder_BP)
[2017.04.20-05.16.16:619][663]LogBlueprint:Warning: [Compiler Viz_Cylinder_BP] Warning Node  K2Node_EaseFunction_0 . The node won't be pruned as isolated one. The node is not pure, but it has no exec pin(s). Verify IsNodePure implementation in K2Node Ease Function.
[2017.04.20-05.16.16:620][663]LogBlueprint:Warning: [Compiler Viz_Cylinder_BP] Warning Node  K2Node_EaseFunction_0 . The node won't be pruned as isolated one. The node is not pure, but it has no exec pin(s). Verify IsNodePure implementation in K2Node Ease Function.
[2017.04.20-05.16.16:621][663]LogBlueprint:Warning: [Compiler Viz_Cylinder_BP] Warning [0027.50] Compile of Viz_Cylinder_BP successful, but with 2 Warning(s) [in 3 ms] (/Game/FirstPersonBP/Blueprints/Viz_Cylinder_BP.Viz_Cylinder_BP)
[2017.04.20-05.16.16:621][663]LogBlueprint:Warning: [Compiler Viz_Cylinder_BP] Warning [0027.50] Compile of Viz_Cylinder_BP successful, but with 3 Warning(s) [in 0 ms] (/Game/FirstPersonBP/Blueprints/Viz_Cylinder_BP.Viz_Cylinder_BP)
[2017.04.20-05.16.16:621][663]LogBlueprint:Warning: [Compiler Viz_Cylinder_BP] Warning [0027.50] Compile of Viz_Cylinder_BP successful, but with 4 Warning(s) [in 0 ms] (/Game/FirstPersonBP/Blueprints/Viz_Cylinder_BP.Viz_Cylinder_BP)
[2017.04.20-05.16.17:504][663]LogAIModule: Creating AISystem for world TestRoom
[2017.04.20-05.16.17:564][663]Cmd: MAP LOAD FILE="../../../../../../Users/SIG/Desktop/final-project-magic-muffin/Content/FirstPersonBP/Maps/TestRoom.umap" TEMPLATE=0 SHOWPROGRESS=1 FEATURELEVEL=3
[2017.04.20-05.16.17:564][663]LightingResults: New page: Lighting Build
[2017.04.20-05.16.17:565][663]LoadErrors: New page: Loading map: TestRoom.umap
[2017.04.20-05.16.17:565][663]MapCheck: New page: Map Check
[2017.04.20-05.16.17:565][663]LightingResults: New page: Lighting Build
[2017.04.20-05.16.17:606][663]LogEditorServer: Finished looking for orphan Actors (0.000 secs)
[2017.04.20-05.16.17:636][663]Cmd: MAP CHECKDEP NOCLEARLOG
[2017.04.20-05.16.17:696][663]MapCheck: Info Map check complete: 0 Error(s), 0 Warning(s), took 60.065ms to complete.
[2017.04.20-05.16.17:696][663]LogFileHelpers: Loading map 'TestRoom' took 0.133
[2017.04.20-05.16.20:950][ 45]LogEditorViewport: Clicking on Actor (LMB): Landscape (Landscape1)
[2017.04.20-05.16.21:648][123]LogEditorViewport: Clicking on Actor (LMB): Landscape (Landscape1)
[2017.04.20-05.16.22:869][265]LogEditorViewport: Clicking on Actor (LMB): BP_Sky_Sphere_C (SkySphereBlueprint3)
[2017.04.20-05.16.23:490][335]LogEditorViewport: Clicking on Actor (LMB): BP_Sky_Sphere_C (SkySphereBlueprint3)
[2017.04.20-05.16.24:181][416]LogEditorViewport: Clicking on Actor (LMB): BP_Sky_Sphere_C (SkySphereBlueprint3)
[2017.04.20-05.16.24:838][493]LogEditorViewport: Clicking on Actor (LMB): BP_Sky_Sphere_C (SkySphereBlueprint3)
[2017.04.20-05.16.26:315][668]LogEditorViewport: Clicking on Actor (LMB): Spline_Monitor_BP_C (MonitorSplineBP2)
[2017.04.20-05.16.28:610][933]LogEditorViewport: Clicking on Actor (LMB): Landscape (Landscape1)
[2017.04.20-05.16.29:831][ 75]LogEditorViewport: Clicking on Actor (LMB): StaticMeshActor (Floor)
[2017.04.20-05.16.31:363][247]LogEditorViewport: Clicking on Actor (LMB): StaticMeshActor (SM_Mountain)
[2017.04.20-05.16.32:758][409]LogEditorViewport: Clicking on Actor (LMB): BP_Sky_Sphere_C (SkySphereBlueprint3)
[2017.04.20-05.16.33:691][517]LogEditorViewport: Clicking on Actor (LMB): BP_Sky_Sphere_C (SkySphereBlueprint3)
[2017.04.20-05.16.34:375][597]LogEditorViewport: Clicking on Actor (LMB): BP_Sky_Sphere_C (SkySphereBlueprint3)
[2017.04.20-05.17.02:496][955]LogEditorViewport: Clicking on Actor (LMB): BP_Sky_Sphere_C (SkySphereBlueprint3)
[2017.04.20-05.17.03:433][ 59]LogEditorViewport: Clicking on Actor (LMB): StaticMeshActor (Floor)
[2017.04.20-05.18.21:686][931]LogRenderer: Reallocating scene render targets to support 1228x568 NumSamples 1 (Frame:866).
[2017.04.20-05.18.21:737][932]LogRenderer: Reallocating scene render targets to support 1232x568 NumSamples 1 (Frame:868).
[2017.04.20-05.18.21:791][933]LogRenderer: Reallocating scene render targets to support 1240x568 NumSamples 1 (Frame:870).
[2017.04.20-05.18.21:943][940]LogRenderer: Reallocating scene render targets to support 1244x568 NumSamples 1 (Frame:874).
[2017.04.20-05.18.22:009][941]LogRenderer: Reallocating scene render targets to support 1268x568 NumSamples 1 (Frame:876).
[2017.04.20-05.18.22:061][942]LogRenderer: Reallocating scene render targets to support 1276x568 NumSamples 1 (Frame:878).
[2017.04.20-05.18.24:849][186]Cmd: CAMERA ALIGN ACTIVEVIEWPORTONLY
[2017.04.20-05.18.36:756][544]Cmd: EDIT COPY
[2017.04.20-05.18.36:973][569]Cmd: EDIT PASTE
[2017.04.20-05.18.46:632][692]LogEditorViewport: Clicking on Actor (LMB): Landscape (Landscape1)
[2017.04.20-05.18.51:771][302]Cmd: EDIT COPY
[2017.04.20-05.18.52:508][390]Cmd: EDIT PASTE
[2017.04.20-05.18.57:436][957]Cmd: EDIT PASTE
[2017.04.20-05.19.02:857][587]Cmd: EDIT PASTE
[2017.04.20-05.19.12:417][661]Cmd: CAMERA ALIGN ACTIVEVIEWPORTONLY
[2017.04.20-05.19.50:280][  6]Cmd: EDIT COPY
[2017.04.20-05.19.50:522][ 34]Cmd: EDIT PASTE
[2017.04.20-05.19.56:134][678]Cmd: EDIT PASTE
[2017.04.20-05.20.14:419][810]Cmd: CAMERA ALIGN ACTIVEVIEWPORTONLY
[2017.04.20-05.21.14:838][764]LogBlueprintUserMessages: Early PlayInEditor Detection: Level '/Game/FirstPersonBP/Maps/TestRoom.TestRoom:PersistentLevel' has LevelScriptBlueprint '/Game/FirstPersonBP/Maps/TestRoom.TestRoom:PersistentLevel.TestRoom' with GeneratedClass '/Game/FirstPersonBP/Maps/TestRoom.TestRoom_C' with ClassGeneratedBy '/Game/FirstPersonBP/Maps/TestRoom.TestRoom:PersistentLevel.TestRoom'
[2017.04.20-05.21.14:838][764]LogPlayLevel: PlayLevel: No blueprints needed recompiling
[2017.04.20-05.21.14:838][764]PIE: New page: PIE session: TestRoom (Apr 19, 2017, 9:21:14 PM)
[2017.04.20-05.21.14:838][764]LogPlayLevel: Creating play world package: /Game/FirstPersonBP/Maps/UEDPIE_0_TestRoom
[2017.04.20-05.21.14:867][764]LogPlayLevel: PIE: StaticDuplicateObject took: (0.029457s)
[2017.04.20-05.21.14:868][764]LogAIModule: Creating AISystem for world TestRoom
[2017.04.20-05.21.14:868][764]LogPlayLevel: PIE: World Init took: (0.000816s)
[2017.04.20-05.21.14:869][764]LogPlayLevel: PIE: Created PIE world by copying editor world from /Game/FirstPersonBP/Maps/TestRoom.TestRoom to /Game/FirstPersonBP/Maps/UEDPIE_0_TestRoom.TestRoom (0.030597s)
[2017.04.20-05.21.14:906][764]LogInit: XAudio2 using 'Speakers / Headphones (Realtek Audio)' : 2 channels at 48 kHz using 32 bits per sample (channel mask 0x3)
[2017.04.20-05.21.14:918][764]LogInit: FAudioDevice initialized.
[2017.04.20-05.21.14:963][764]LogLoad: Game class is 'FirstPersonGameMode_C'
[2017.04.20-05.21.14:970][764]LogWorld: Bringing World /Game/FirstPersonBP/Maps/UEDPIE_0_TestRoom.TestRoom up for play (max tick rate 0) at 2017.04.20-01.21.14
[2017.04.20-05.21.14:972][764]LogWorld: Bringing up level for play took: 0.007687
[2017.04.20-05.21.15:008][764]LogContentBrowser: Native class hierarchy updated for 'MovieSceneCapture' in 0.0005 seconds. Added 11 classes and 0 folders.
[2017.04.20-05.21.15:389][764]LogScript:Warning: Runaway loop detected (over 1,000,000 iterations) - see log for stack trace
	Drift_To_Player_Buuble_2_C /Game/FirstPersonBP/Maps/UEDPIE_0_TestRoom.TestRoom:PersistentLevel.Drift_To_Player_Buuble_51
	Function /Game/Drift_To_Player_Buuble_2.Drift_To_Player_Buuble_2_C:ExecuteUbergraph_Drift_To_Player_Buuble_2:02E6
[2017.04.20-05.21.15:389][764]PIE:Error: Error Infinite Loop detected in  Drift_To_Player_Buuble_2 , asserted during  WhileLoop with the following  Call Stack
[2017.04.20-05.21.15:771][764]LogScript:Warning: Runaway loop detected (over 1,000,000 iterations) - see log for stack trace
	Drift_To_Player_Buuble_2_C /Game/FirstPersonBP/Maps/UEDPIE_0_TestRoom.TestRoom:PersistentLevel.Drift_To_Player_Buuble_3
	Function /Game/Drift_To_Player_Buuble_2.Drift_To_Player_Buuble_2_C:ExecuteUbergraph_Drift_To_Player_Buuble_2:0306
[2017.04.20-05.21.15:771][764]PIE:Error: Error Infinite Loop detected in  Drift_To_Player_Buuble_2 , asserted during  Cast To FirstPersonCharacter with the following  Call Stack
[2017.04.20-05.21.16:150][764]LogScript:Warning: Runaway loop detected (over 1,000,000 iterations) - see log for stack trace
	Drift_To_Player_Buuble_2_C /Game/FirstPersonBP/Maps/UEDPIE_0_TestRoom.TestRoom:PersistentLevel.Drift_To_Player_Buuble_4
	Function /Game/Drift_To_Player_Buuble_2.Drift_To_Player_Buuble_2_C:ExecuteUbergraph_Drift_To_Player_Buuble_2:0306
[2017.04.20-05.21.16:150][764]PIE:Error: Error Infinite Loop detected in  Drift_To_Player_Buuble_2 , asserted during  Cast To FirstPersonCharacter with the following  Call Stack
[2017.04.20-05.21.16:151][764]PIE: Info Play in editor start time for /Game/FirstPersonBP/Maps/UEDPIE_0_TestRoom 1.095
[2017.04.20-05.21.16:151][764]LogBlueprintUserMessages: Late PlayInEditor Detection: Level '/Game/FirstPersonBP/Maps/TestRoom.TestRoom:PersistentLevel' has LevelScriptBlueprint '/Game/FirstPersonBP/Maps/TestRoom.TestRoom:PersistentLevel.TestRoom' with GeneratedClass '/Game/FirstPersonBP/Maps/TestRoom.TestRoom_C' with ClassGeneratedBy '/Game/FirstPersonBP/Maps/TestRoom.TestRoom:PersistentLevel.TestRoom'
[2017.04.20-05.21.16:200][764]LogRenderer: Reallocating scene render targets to support 1632x796 NumSamples 1 (Frame:4254).
[2017.04.20-05.21.16:200][764]LogBlueprintUserMessages: Early EndPlayMap Detection: Level '/Game/FirstPersonBP/Maps/TestRoom.TestRoom:PersistentLevel' has LevelScriptBlueprint '/Game/FirstPersonBP/Maps/TestRoom.TestRoom:PersistentLevel.TestRoom' with GeneratedClass '/Game/FirstPersonBP/Maps/TestRoom.TestRoom_C' with ClassGeneratedBy '/Game/FirstPersonBP/Maps/TestRoom.TestRoom:PersistentLevel.TestRoom'
[2017.04.20-05.21.16:256][764]LogBlueprintUserMessages: Late EndPlayMap Detection: Level '/Game/FirstPersonBP/Maps/TestRoom.TestRoom:PersistentLevel' has LevelScriptBlueprint '/Game/FirstPersonBP/Maps/TestRoom.TestRoom:PersistentLevel.TestRoom' with GeneratedClass '/Game/FirstPersonBP/Maps/TestRoom.TestRoom_C' with ClassGeneratedBy '/Game/FirstPersonBP/Maps/TestRoom.TestRoom:PersistentLevel.TestRoom'
[2017.04.20-05.21.17:234][869]LogEditorViewport: Clicking on Actor (LMB): BP_Sky_Sphere_C (SkySphereBlueprint3)
[2017.04.20-05.21.34:172][732]LogTemp: Repeting last play command: Selected Viewport
[2017.04.20-05.21.34:188][732]LogBlueprintUserMessages: Early PlayInEditor Detection: Level '/Game/FirstPersonBP/Maps/TestRoom.TestRoom:PersistentLevel' has LevelScriptBlueprint '/Game/FirstPersonBP/Maps/TestRoom.TestRoom:PersistentLevel.TestRoom' with GeneratedClass '/Game/FirstPersonBP/Maps/TestRoom.TestRoom_C' with ClassGeneratedBy '/Game/FirstPersonBP/Maps/TestRoom.TestRoom:PersistentLevel.TestRoom'
[2017.04.20-05.21.34:188][732]LogPlayLevel: PlayLevel: No blueprints needed recompiling
[2017.04.20-05.21.34:188][732]PIE: New page: PIE session: TestRoom (Apr 19, 2017, 9:21:34 PM)
[2017.04.20-05.21.34:188][732]LogPlayLevel: Creating play world package: /Game/FirstPersonBP/Maps/UEDPIE_0_TestRoom
[2017.04.20-05.21.34:217][732]LogPlayLevel: PIE: StaticDuplicateObject took: (0.028272s)
[2017.04.20-05.21.34:217][732]LogAIModule: Creating AISystem for world TestRoom
[2017.04.20-05.21.34:218][732]LogPlayLevel: PIE: World Init took: (0.000728s)
[2017.04.20-05.21.34:218][732]LogPlayLevel: PIE: Created PIE world by copying editor world from /Game/FirstPersonBP/Maps/TestRoom.TestRoom to /Game/FirstPersonBP/Maps/UEDPIE_0_TestRoom.TestRoom (0.029301s)
[2017.04.20-05.21.34:248][732]LogInit: XAudio2 using 'Speakers / Headphones (Realtek Audio)' : 2 channels at 48 kHz using 32 bits per sample (channel mask 0x3)
[2017.04.20-05.21.34:258][732]LogInit: FAudioDevice initialized.
[2017.04.20-05.21.34:285][732]LogLoad: Game class is 'FirstPersonGameMode_C'
[2017.04.20-05.21.34:291][732]LogWorld: Bringing World /Game/FirstPersonBP/Maps/UEDPIE_0_TestRoom.TestRoom up for play (max tick rate 0) at 2017.04.20-01.21.34
[2017.04.20-05.21.34:292][732]LogWorld: Bringing up level for play took: 0.006846
[2017.04.20-05.21.34:669][732]LogScript:Warning: Runaway loop detected (over 1,000,000 iterations) - see log for stack trace
	Drift_To_Player_Buuble_2_C /Game/FirstPersonBP/Maps/UEDPIE_0_TestRoom.TestRoom:PersistentLevel.Drift_To_Player_Buuble_51
	Function /Game/Drift_To_Player_Buuble_2.Drift_To_Player_Buuble_2_C:ExecuteUbergraph_Drift_To_Player_Buuble_2:02E6
[2017.04.20-05.21.34:670][732]PIE:Error: Error Infinite Loop detected in  Drift_To_Player_Buuble_2 , asserted during  WhileLoop with the following  Call Stack
[2017.04.20-05.21.35:054][732]LogScript:Warning: Runaway loop detected (over 1,000,000 iterations) - see log for stack trace
	Drift_To_Player_Buuble_2_C /Game/FirstPersonBP/Maps/UEDPIE_0_TestRoom.TestRoom:PersistentLevel.Drift_To_Player_Buuble_3
	Function /Game/Drift_To_Player_Buuble_2.Drift_To_Player_Buuble_2_C:ExecuteUbergraph_Drift_To_Player_Buuble_2:0306
[2017.04.20-05.21.35:054][732]PIE:Error: Error Infinite Loop detected in  Drift_To_Player_Buuble_2 , asserted during  Cast To FirstPersonCharacter with the following  Call Stack
[2017.04.20-05.21.35:432][732]LogScript:Warning: Runaway loop detected (over 1,000,000 iterations) - see log for stack trace
	Drift_To_Player_Buuble_2_C /Game/FirstPersonBP/Maps/UEDPIE_0_TestRoom.TestRoom:PersistentLevel.Drift_To_Player_Buuble_4
	Function /Game/Drift_To_Player_Buuble_2.Drift_To_Player_Buuble_2_C:ExecuteUbergraph_Drift_To_Player_Buuble_2:0306
[2017.04.20-05.21.35:432][732]PIE:Error: Error Infinite Loop detected in  Drift_To_Player_Buuble_2 , asserted during  Cast To FirstPersonCharacter with the following  Call Stack
[2017.04.20-05.21.35:433][732]PIE: Info Play in editor start time for /Game/FirstPersonBP/Maps/UEDPIE_0_TestRoom 0.377
[2017.04.20-05.21.35:433][732]LogBlueprintUserMessages: Late PlayInEditor Detection: Level '/Game/FirstPersonBP/Maps/TestRoom.TestRoom:PersistentLevel' has LevelScriptBlueprint '/Game/FirstPersonBP/Maps/TestRoom.TestRoom:PersistentLevel.TestRoom' with GeneratedClass '/Game/FirstPersonBP/Maps/TestRoom.TestRoom_C' with ClassGeneratedBy '/Game/FirstPersonBP/Maps/TestRoom.TestRoom:PersistentLevel.TestRoom'
[2017.04.20-05.21.35:435][732]LogBlueprintUserMessages: Early EndPlayMap Detection: Level '/Game/FirstPersonBP/Maps/TestRoom.TestRoom:PersistentLevel' has LevelScriptBlueprint '/Game/FirstPersonBP/Maps/TestRoom.TestRoom:PersistentLevel.TestRoom' with GeneratedClass '/Game/FirstPersonBP/Maps/TestRoom.TestRoom_C' with ClassGeneratedBy '/Game/FirstPersonBP/Maps/TestRoom.TestRoom:PersistentLevel.TestRoom'
[2017.04.20-05.21.35:497][732]LogBlueprintUserMessages: Late EndPlayMap Detection: Level '/Game/FirstPersonBP/Maps/TestRoom.TestRoom:PersistentLevel' has LevelScriptBlueprint '/Game/FirstPersonBP/Maps/TestRoom.TestRoom:PersistentLevel.TestRoom' with GeneratedClass '/Game/FirstPersonBP/Maps/TestRoom.TestRoom_C' with ClassGeneratedBy '/Game/FirstPersonBP/Maps/TestRoom.TestRoom:PersistentLevel.TestRoom'
[2017.04.20-05.21.36:466][841]LogEditorViewport: Clicking on Actor (LMB): BP_Sky_Sphere_C (SkySphereBlueprint3)
[2017.04.20-05.22.08:349][601]LogContentBrowser: Native class hierarchy updated for 'BlueprintGraph' in 0.0008 seconds. Added 111 classes and 0 folders.
[2017.04.20-05.22.21:134][345]BlueprintLog: New page: Compile Drift_To_Player_Buuble_2
[2017.04.20-05.22.26:043][663]LogSavePackage: Save=231.89ms
[2017.04.20-05.22.26:043][663]LogSavePackage: Moving '../../../../../../Users/SIG/Desktop/final-project-magic-muffin/Saved/UEDPCTestRoomCA3A21064ECEA9D9743106BDBA823239.tmp' to '../../../../../../Users/SIG/Desktop/final-project-magic-muffin/Saved/Autosaves/Game/FirstPersonBP/Maps/UEDPCTestRoom.umap'
[2017.04.20-05.22.26:045][663]LogSavePackage:Display: Finished SavePackage ../../../../../../Users/SIG/Desktop/final-project-magic-muffin/Saved/Autosaves/Game/FirstPersonBP/Maps/UEDPCTestRoom.umap
[2017.04.20-05.22.27:413][663]LogSavePackage: Save=1333.65ms
[2017.04.20-05.22.27:413][663]LogSavePackage: Moving '../../../../../../Users/SIG/Desktop/final-project-magic-muffin/Saved/TestRoom_BuiltData125B69BD41BC296F18C8FE9AB7E34AB1.tmp' to '../../../../../../Users/SIG/Desktop/final-project-magic-muffin/Content/FirstPersonBP/Maps/TestRoom_BuiltData.uasset'
[2017.04.20-05.22.27:418][663]LogSavePackage:Display: Finished SavePackage ../../../../../../Users/SIG/Desktop/final-project-magic-muffin/Content/FirstPersonBP/Maps/TestRoom_BuiltData.uasset
[2017.04.20-05.22.27:423][663]LogEditorTransaction: Undo Spawn Play From Here Start
[2017.04.20-05.22.27:423][663]LogHMD:Warning: Standalone game VR not supported, please use VR Preview.
[2017.04.20-05.22.28:782][755]LogEditorViewport: Clicking on Actor (LMB): Landscape (Landscape1)
[2017.04.20-05.22.33:027][ 37]LogTemp: Repeting last play command: Standalone Game
[2017.04.20-05.22.33:407][ 37]LogSavePackage: Save=228.75ms
[2017.04.20-05.22.33:407][ 37]LogSavePackage: Moving '../../../../../../Users/SIG/Desktop/final-project-magic-muffin/Saved/UEDPCTestRoom9B15BFC04BA6C093F04CDEBAA9FADCDC.tmp' to '../../../../../../Users/SIG/Desktop/final-project-magic-muffin/Saved/Autosaves/Game/FirstPersonBP/Maps/UEDPCTestRoom.umap'
[2017.04.20-05.22.33:409][ 37]LogSavePackage:Display: Finished SavePackage ../../../../../../Users/SIG/Desktop/final-project-magic-muffin/Saved/Autosaves/Game/FirstPersonBP/Maps/UEDPCTestRoom.umap
[2017.04.20-05.22.34:361][ 37]LogSavePackage: Save=945.37ms
[2017.04.20-05.22.34:361][ 37]LogSavePackage: Moving '../../../../../../Users/SIG/Desktop/final-project-magic-muffin/Saved/TestRoom_BuiltDataB1FDCB1C4DC858A13541DB872601A458.tmp' to '../../../../../../Users/SIG/Desktop/final-project-magic-muffin/Content/FirstPersonBP/Maps/TestRoom_BuiltData.uasset'
[2017.04.20-05.22.34:367][ 37]LogSavePackage:Display: Finished SavePackage ../../../../../../Users/SIG/Desktop/final-project-magic-muffin/Content/FirstPersonBP/Maps/TestRoom_BuiltData.uasset
[2017.04.20-05.22.34:371][ 37]LogEditorTransaction: Undo Spawn Play From Here Start
[2017.04.20-05.22.34:372][ 37]LogHMD:Warning: Standalone game VR not supported, please use VR Preview.
[2017.04.20-05.24.40:036][989]BlueprintLog: New page: Compile Drift_To_Player_Buuble_2
[2017.04.20-05.25.18:617][557]Cmd: EDIT COPY
[2017.04.20-05.25.18:972][581]Cmd: EDIT PASTE
[2017.04.20-05.25.23:951][898]Cmd: EDIT PASTE
[2017.04.20-05.25.28:801][203]Cmd: EDIT PASTE
[2017.04.20-05.25.31:766][396]Cmd: EDIT PASTE
[2017.04.20-05.25.45:375][289]Cmd: CAMERA ALIGN ACTIVEVIEWPORTONLY
[2017.04.20-05.25.59:651][191]Cmd: EDIT PASTE
[2017.04.20-05.26.07:701][715]Cmd: EDIT COPY
[2017.04.20-05.26.07:896][728]Cmd: EDIT PASTE
[2017.04.20-05.26.15:150][194]Cmd: EDIT PASTE
[2017.04.20-05.26.21:424][581]LogSavePackage: Save=241.76ms
[2017.04.20-05.26.21:424][581]LogSavePackage: Moving '../../../../../../Users/SIG/Desktop/final-project-magic-muffin/Saved/TestRoomDDE382F54D25A371FEF06DB270945852.tmp' to '../../../../../../Users/SIG/Desktop/final-project-magic-muffin/Content/FirstPersonBP/Maps/TestRoom.umap'
[2017.04.20-05.26.21:427][581]LogSavePackage:Display: Finished SavePackage ../../../../../../Users/SIG/Desktop/final-project-magic-muffin/Content/FirstPersonBP/Maps/TestRoom.umap
[2017.04.20-05.26.22:393][581]LogSavePackage: Save=929.79ms
[2017.04.20-05.26.22:393][581]LogSavePackage: Moving '../../../../../../Users/SIG/Desktop/final-project-magic-muffin/Saved/TestRoom_BuiltDataE911A4804A935AE13FE1038B02C6B24C.tmp' to '../../../../../../Users/SIG/Desktop/final-project-magic-muffin/Content/FirstPersonBP/Maps/TestRoom_BuiltData.uasset'
[2017.04.20-05.26.22:397][581]LogSavePackage:Display: Finished SavePackage ../../../../../../Users/SIG/Desktop/final-project-magic-muffin/Content/FirstPersonBP/Maps/TestRoom_BuiltData.uasset
[2017.04.20-05.26.29:958][973]Cmd: OBJ SAVEPACKAGE PACKAGE="/Game/Drift_To_Player_Buuble_2" FILE="../../../../../../Users/SIG/Desktop/final-project-magic-muffin/Content/Drift_To_Player_Buuble_2.uasset" SILENT=true
[2017.04.20-05.26.29:993][973]LogSavePackage: Save=28.25ms
[2017.04.20-05.26.29:993][973]LogSavePackage: Moving '../../../../../../Users/SIG/Desktop/final-project-magic-muffin/Saved/Drift_To_Player_Buuble_299852CF44327031E86744DB6FFDC7C62.tmp' to '../../../../../../Users/SIG/Desktop/final-project-magic-muffin/Content/Drift_To_Player_Buuble_2.uasset'
[2017.04.20-05.26.29:996][973]LogSavePackage:Display: Finished SavePackage ../../../../../../Users/SIG/Desktop/final-project-magic-muffin/Content/Drift_To_Player_Buuble_2.uasset
[2017.04.20-05.26.30:265][973]LogSavePackage: Save=235.76ms
[2017.04.20-05.26.30:265][973]LogSavePackage: Moving '../../../../../../Users/SIG/Desktop/final-project-magic-muffin/Saved/UEDPCTestRoom8548D5A344FD50EF9821E492344192E7.tmp' to '../../../../../../Users/SIG/Desktop/final-project-magic-muffin/Saved/Autosaves/Game/FirstPersonBP/Maps/UEDPCTestRoom.umap'
[2017.04.20-05.26.30:267][973]LogSavePackage:Display: Finished SavePackage ../../../../../../Users/SIG/Desktop/final-project-magic-muffin/Saved/Autosaves/Game/FirstPersonBP/Maps/UEDPCTestRoom.umap
[2017.04.20-05.26.31:181][973]LogSavePackage: Save=908.73ms
[2017.04.20-05.26.31:181][973]LogSavePackage: Moving '../../../../../../Users/SIG/Desktop/final-project-magic-muffin/Saved/TestRoom_BuiltData92A8B00A414E850CA2E18EABE4AEDB63.tmp' to '../../../../../../Users/SIG/Desktop/final-project-magic-muffin/Content/FirstPersonBP/Maps/TestRoom_BuiltData.uasset'
[2017.04.20-05.26.31:186][973]LogSavePackage:Display: Finished SavePackage ../../../../../../Users/SIG/Desktop/final-project-magic-muffin/Content/FirstPersonBP/Maps/TestRoom_BuiltData.uasset
[2017.04.20-05.26.31:191][973]LogEditorTransaction: Undo Spawn Play From Here Start
[2017.04.20-05.26.31:191][973]LogHMD:Warning: Standalone game VR not supported, please use VR Preview.
[2017.04.20-05.28.11:585][155]BlueprintLog: New page: Compile Drift_To_Player_Buuble_2
[2017.04.20-05.28.18:905][693]BlueprintLog: New page: Compile Drift_To_Player_Bubble
[2017.04.20-05.29.16:257][563]BlueprintLog: New page: Compile FirstPersonCharacter
[2017.04.20-05.29.16:909][588]LogTemp: Repeting last play command: Standalone Game
[2017.04.20-05.29.19:176][588]Cmd: OBJ SAVEPACKAGE PACKAGE="/Game/Drift_To_Player_Buuble_2" FILE="../../../../../../Users/SIG/Desktop/final-project-magic-muffin/Content/Drift_To_Player_Buuble_2.uasset" SILENT=true
[2017.04.20-05.29.19:207][588]LogSavePackage: Save=27.79ms
[2017.04.20-05.29.19:207][588]LogSavePackage: Moving '../../../../../../Users/SIG/Desktop/final-project-magic-muffin/Saved/Drift_To_Player_Buuble_2B213A93A488D302F508768993AAB9DF6.tmp' to '../../../../../../Users/SIG/Desktop/final-project-magic-muffin/Content/Drift_To_Player_Buuble_2.uasset'
[2017.04.20-05.29.19:210][588]LogSavePackage:Display: Finished SavePackage ../../../../../../Users/SIG/Desktop/final-project-magic-muffin/Content/Drift_To_Player_Buuble_2.uasset
[2017.04.20-05.29.19:258][588]LogSavePackage: Save=26.06ms
[2017.04.20-05.29.19:258][588]LogSavePackage: Moving '../../../../../../Users/SIG/Desktop/final-project-magic-muffin/Saved/Drift_To_Player_Bubble1520D90B482728370FA67AB9ED7B43B3.tmp' to '../../../../../../Users/SIG/Desktop/final-project-magic-muffin/Content/FirstPersonBP/Blueprints/Drift_To_Player_Bubble.uasset'
[2017.04.20-05.29.19:261][588]LogSavePackage:Display: Finished SavePackage ../../../../../../Users/SIG/Desktop/final-project-magic-muffin/Content/FirstPersonBP/Blueprints/Drift_To_Player_Bubble.uasset
[2017.04.20-05.29.19:386][588]LogSavePackage: Save=105.79ms
[2017.04.20-05.29.19:386][588]LogSavePackage: Moving '../../../../../../Users/SIG/Desktop/final-project-magic-muffin/Saved/FirstPersonCharacter3FB1A05842553C3F5E36149527033068.tmp' to '../../../../../../Users/SIG/Desktop/final-project-magic-muffin/Content/FirstPersonBP/Blueprints/FirstPersonCharacter.uasset'
[2017.04.20-05.29.19:389][588]LogSavePackage:Display: Finished SavePackage ../../../../../../Users/SIG/Desktop/final-project-magic-muffin/Content/FirstPersonBP/Blueprints/FirstPersonCharacter.uasset
[2017.04.20-05.29.19:667][588]LogSavePackage: Save=233.33ms
[2017.04.20-05.29.19:667][588]LogSavePackage: Moving '../../../../../../Users/SIG/Desktop/final-project-magic-muffin/Saved/UEDPCTestRoom793B36E14BFD48AB00650880EF73FFA6.tmp' to '../../../../../../Users/SIG/Desktop/final-project-magic-muffin/Saved/Autosaves/Game/FirstPersonBP/Maps/UEDPCTestRoom.umap'
[2017.04.20-05.29.19:669][588]LogSavePackage:Display: Finished SavePackage ../../../../../../Users/SIG/Desktop/final-project-magic-muffin/Saved/Autosaves/Game/FirstPersonBP/Maps/UEDPCTestRoom.umap
[2017.04.20-05.29.20:661][588]LogSavePackage: Save=958.34ms
[2017.04.20-05.29.20:661][588]LogSavePackage: Moving '../../../../../../Users/SIG/Desktop/final-project-magic-muffin/Saved/TestRoom_BuiltData0D9AD4594FDF12A713A77AA3C25CEF31.tmp' to '../../../../../../Users/SIG/Desktop/final-project-magic-muffin/Content/FirstPersonBP/Maps/TestRoom_BuiltData.uasset'
[2017.04.20-05.29.20:665][588]LogSavePackage:Display: Finished SavePackage ../../../../../../Users/SIG/Desktop/final-project-magic-muffin/Content/FirstPersonBP/Maps/TestRoom_BuiltData.uasset
[2017.04.20-05.29.20:671][588]LogEditorTransaction: Undo Spawn Play From Here Start
[2017.04.20-05.29.20:671][588]LogHMD:Warning: Standalone game VR not supported, please use VR Preview.
[2017.04.20-05.29.52:362][797]LogEditorTransaction: Undo Break Pin Links
[2017.04.20-05.29.53:451][846]LogEditorTransaction: Undo Move Node
[2017.04.20-05.29.54:344][884]LogEditorTransaction: Undo Create Pin Link
[2017.04.20-05.29.55:111][914]LogEditorTransaction: Undo Create Pin Link
[2017.04.20-05.29.55:993][951]LogEditorTransaction: Undo Move Node
[2017.04.20-05.29.56:745][980]LogEditorTransaction: Undo Create Pin Link
[2017.04.20-05.29.57:463][  7]LogEditorTransaction: Undo Add Node
[2017.04.20-05.29.58:938][ 75]LogSavePackage: Save=102.81ms
[2017.04.20-05.29.58:938][ 75]LogSavePackage: Moving '../../../../../../Users/SIG/Desktop/final-project-magic-muffin/Saved/FirstPersonCharacter78191046475B11101B9BAA86BE8EAF03.tmp' to '../../../../../../Users/SIG/Desktop/final-project-magic-muffin/Content/FirstPersonBP/Blueprints/FirstPersonCharacter.uasset'
[2017.04.20-05.29.58:941][ 75]LogSavePackage:Display: Finished SavePackage ../../../../../../Users/SIG/Desktop/final-project-magic-muffin/Content/FirstPersonBP/Blueprints/FirstPersonCharacter.uasset
[2017.04.20-05.29.59:212][ 92]BlueprintLog: New page: Compile FirstPersonCharacter
[2017.04.20-05.29.59:939][121]LogTemp: Repeting last play command: Standalone Game
[2017.04.20-05.30.00:337][121]LogSavePackage: Save=245.71ms
[2017.04.20-05.30.00:337][121]LogSavePackage: Moving '../../../../../../Users/SIG/Desktop/final-project-magic-muffin/Saved/UEDPCTestRoom282247FF44CB905BB4C7C99D99F5562E.tmp' to '../../../../../../Users/SIG/Desktop/final-project-magic-muffin/Saved/Autosaves/Game/FirstPersonBP/Maps/UEDPCTestRoom.umap'
[2017.04.20-05.30.00:339][121]LogSavePackage:Display: Finished SavePackage ../../../../../../Users/SIG/Desktop/final-project-magic-muffin/Saved/Autosaves/Game/FirstPersonBP/Maps/UEDPCTestRoom.umap
[2017.04.20-05.30.01:222][121]LogSavePackage: Save=877.15ms
[2017.04.20-05.30.01:222][121]LogSavePackage: Moving '../../../../../../Users/SIG/Desktop/final-project-magic-muffin/Saved/TestRoom_BuiltDataAD8FDA62448DE2C05850D28016018F62.tmp' to '../../../../../../Users/SIG/Desktop/final-project-magic-muffin/Content/FirstPersonBP/Maps/TestRoom_BuiltData.uasset'
